\BOOKMARK [0][-]{chapter*.1}{\376\377\136\217\212\000}{}% 1
\BOOKMARK [0][-]{chapter*.2}{\376\377\122\115\212\000}{}% 2
\BOOKMARK [0][-]{chapter.4}{\376\377\146\172\200\375\227\151\124\175\377\032\131\047\152\041\127\213\166\204\142\030\165\145\127\060\117\115}{}% 3
\BOOKMARK [1][-]{section.5}{\376\377\123\206\123\362\140\047\166\204\142\200\147\057\217\154\142\230\160\271}{chapter.4}% 4
\BOOKMARK [1][-]{section.6}{\376\377\220\032\165\050\166\356\166\204\142\200\147\057\377\032\131\047\152\041\127\213\166\204\147\054\215\050\162\171\137\201}{chapter.4}% 5
\BOOKMARK [1][-]{section.10}{\376\377\121\150\164\003\000A\000I\172\336\116\211\150\074\134\100}{chapter.4}% 6
\BOOKMARK [1][-]{section.11}{\376\377\147\054\116\146\166\204\150\070\137\303\124\174\124\001}{chapter.4}% 7
\BOOKMARK [0][-]{chapter.15}{\376\377\221\315\130\121\116\000\122\007\377\032\131\047\152\041\127\213\133\371\126\375\133\266\123\321\134\125\166\204\116\003\131\047\137\161\124\315}{}% 8
\BOOKMARK [1][-]{section.16}{\376\377\176\317\155\116\230\206\127\337\377\032\165\037\116\247\122\233\227\151\124\175\116\016\116\247\116\032\221\315\147\204}{chapter.15}% 9
\BOOKMARK [1][-]{section.17}{\376\377\171\321\142\200\122\033\145\260\377\032\000A\000I\000\040\000f\000o\000r\000\040\000S\000c\000i\000e\000n\000c\000e\116\016\170\024\123\321\203\003\137\017\123\330\227\151}{chapter.15}% 10
\BOOKMARK [1][-]{section.18}{\376\377\171\076\117\032\154\273\164\006\377\032\121\154\121\161\147\015\122\241\146\172\200\375\123\026\116\016\154\273\164\006\163\260\116\343\123\026}{chapter.15}% 11
\BOOKMARK [1][-]{section.19}{\376\377\145\131\200\262\230\206\127\337\377\032\133\146\116\140\227\151\124\175\116\016\116\272\142\115\127\371\121\173}{chapter.15}% 12
\BOOKMARK [1][-]{section.20}{\376\377\123\073\165\227\120\145\136\267\377\032\174\276\121\306\123\073\165\227\116\016\120\145\136\267\173\241\164\006}{chapter.15}% 13
\BOOKMARK [1][-]{section.21}{\376\377\145\207\123\026\116\016\141\017\213\306\137\142\140\001\377\032\213\335\213\355\147\103\116\016\116\367\120\074\211\302\117\040\144\255}{chapter.15}% 14
\BOOKMARK [1][-]{section.22}{\376\377\126\375\133\266\133\211\121\150\377\032\117\040\176\337\133\211\121\150\116\016\145\260\127\213\133\211\121\150\116\244\176\307}{chapter.15}% 15
\BOOKMARK [1][-]{section.23}{\376\377\134\017\176\323\377\032\116\003\131\047\230\206\127\337\166\204\174\373\176\337\140\047\137\161\124\315}{chapter.15}% 16
\BOOKMARK [0][-]{chapter.26}{\376\377\121\150\164\003\172\336\116\211\377\032\116\073\211\201\126\375\133\266\000A\000I\142\030\165\145\153\324\217\203}{}% 17
\BOOKMARK [1][-]{section.27}{\376\377\177\216\126\375\377\032\142\200\147\057\230\206\121\110\116\016\165\037\140\001\116\073\133\374}{chapter.26}% 18
\BOOKMARK [1][-]{section.28}{\376\377\153\047\166\337\377\032\166\321\173\241\137\025\230\206\116\016\116\367\120\074\133\374\124\021}{chapter.26}% 19
\BOOKMARK [1][-]{section.29}{\376\377\121\166\116\326\221\315\211\201\123\302\116\016\200\005}{chapter.26}% 20
\BOOKMARK [1][-]{section.30}{\376\377\116\073\211\201\126\375\133\266\000A\000I\142\030\165\145\133\371\153\324}{chapter.26}% 21
\BOOKMARK [1][-]{section.33}{\376\377\116\055\126\375\166\204\153\324\217\203\117\030\122\277\116\016\167\355\147\177}{chapter.26}% 22
\BOOKMARK [2][-]{subsection.34}{\376\377\153\324\217\203\117\030\122\277}{section.33}% 23
\BOOKMARK [2][-]{subsection.35}{\376\377\227\000\211\201\153\143\211\306\166\204\167\355\147\177}{section.33}% 24
\BOOKMARK [1][-]{section.36}{\376\377\122\115\154\277\171\321\170\024\116\016\121\233\116\213\152\041\127\213\203\267\123\326\123\327\226\120}{chapter.26}% 25
\BOOKMARK [2][-]{subsection.37}{\376\377\171\321\170\024\116\023\165\050\152\041\127\213\377\032\226\220\205\317\166\204\200\375\122\233\122\115\154\277}{section.36}% 26
\BOOKMARK [2][-]{subsection.38}{\376\377\121\233\116\213\230\206\127\337\152\041\127\213\377\032\176\335\133\371\166\204\142\200\147\057\236\321\173\261}{section.36}% 27
\BOOKMARK [2][-]{subsection.39}{\376\377\133\371\142\021\126\375\166\204\142\030\165\145\124\057\171\072}{section.36}% 28
\BOOKMARK [1][-]{section.40}{\376\377\142\030\165\145\172\227\123\343\147\037\166\204\122\044\145\255}{chapter.26}% 29
\BOOKMARK [0][-]{chapter.41}{\376\377\230\316\226\151\121\150\146\157\377\032\131\047\152\041\127\213\145\366\116\343\166\204\133\211\121\150\143\021\142\030}{}% 30
\BOOKMARK [1][-]{section.42}{\376\377\230\316\226\151\213\304\117\060\150\106\147\266}{chapter.41}% 31
\BOOKMARK [2][-]{subsection.43}{\376\377\230\316\226\151\213\304\117\060\145\271\154\325\213\364\146\016}{section.42}% 32
\BOOKMARK [2][-]{subsection.44}{\376\377\142\200\147\057\135\356\215\335\124\021\133\211\121\150\230\316\226\151\166\204\117\040\133\374\147\072\122\066}{section.42}% 33
\BOOKMARK [1][-]{section.45}{\376\377\117\233\136\224\224\376\145\255\210\302\230\316\226\151}{chapter.41}% 34
\BOOKMARK [2][-]{subsection.46}{\376\377\230\316\226\151\147\145\156\220}{section.45}% 35
\BOOKMARK [2][-]{subsection.47}{\376\377\137\161\124\315\213\304\117\060}{section.45}% 36
\BOOKMARK [2][-]{subsection.48}{\376\377\123\357\143\247\140\047\122\006\147\220}{section.45}% 37
\BOOKMARK [1][-]{section.49}{\376\377\177\121\176\334\133\211\121\150\145\260\132\001\200\301}{chapter.41}% 38
\BOOKMARK [2][-]{subsection.50}{\376\377\140\166\141\017\217\157\116\366\201\352\122\250\123\026\165\037\142\020}{section.49}% 39
\BOOKMARK [2][-]{subsection.51}{\376\377\157\017\155\036\201\352\122\250\143\026\143\230\116\016\122\051\165\050}{section.49}% 40
\BOOKMARK [2][-]{subsection.52}{\376\377\146\172\200\375\123\026\171\076\117\032\135\345\172\013\145\073\121\373}{section.49}% 41
\BOOKMARK [2][-]{subsection.53}{\376\377\145\073\226\062\136\163\210\141\166\204\123\330\123\026}{section.49}% 42
\BOOKMARK [1][-]{section.54}{\376\377\117\341\140\157\200\132\124\010\116\016\000"\232\154\215\133\121\113\145\110\136\224\000"}{chapter.41}% 43
\BOOKMARK [2][-]{subsection.55}{\376\377\230\316\226\151\174\173\127\213\122\006\147\220}{section.54}% 44
\BOOKMARK [2][-]{subsection.56}{\376\377\131\032\152\041\140\001\131\047\152\041\127\213\166\204\117\341\140\157\143\026\143\230\230\316\226\151}{section.54}% 45
\BOOKMARK [1][-]{section.57}{\376\377\213\244\167\345\133\211\121\150\116\016\155\361\136\246\117\052\220\040}{chapter.41}% 46
\BOOKMARK [2][-]{subsection.58}{\376\377\155\361\136\246\117\052\220\040\166\204\131\032\221\315\132\001\200\301}{section.57}% 47
\BOOKMARK [2][-]{subsection.59}{\376\377\136\224\133\371\142\113\153\265}{section.57}% 48
\BOOKMARK [1][-]{section.60}{\376\377\131\047\152\041\127\213\201\352\216\253\166\204\133\211\121\150\157\017\155\036}{chapter.41}% 49
\BOOKMARK [2][-]{subsection.61}{\376\377\143\320\171\072\213\315\154\350\121\145\145\073\121\373}{section.60}% 50
\BOOKMARK [2][-]{subsection.62}{\376\377\215\212\162\361\145\073\121\373}{section.60}% 51
\BOOKMARK [2][-]{subsection.63}{\376\377\124\016\225\350\145\073\121\373\116\016\145\160\143\156\142\225\153\322}{section.60}% 52
\BOOKMARK [2][-]{subsection.64}{\376\377\136\173\211\311\225\356\230\230\116\016\121\263\173\126\230\316\226\151}{section.60}% 53
\BOOKMARK [1][-]{section.65}{\376\377\230\316\226\151\167\351\226\065\116\016\117\030\121\110\176\247\143\222\136\217}{chapter.41}% 54
\BOOKMARK [1][-]{section.68}{\376\377\230\240\211\206\140\047\230\316\226\151\116\016\145\260\127\213\132\001\200\301}{chapter.41}% 55
\BOOKMARK [2][-]{subsection.69}{\376\377\153\072\232\227\116\016\173\126\165\145\140\047\210\114\116\072}{section.68}% 56
\BOOKMARK [2][-]{subsection.70}{\376\377\165\037\162\151\116\016\123\026\133\146\153\146\126\150\230\316\226\151}{section.68}% 57
\BOOKMARK [2][-]{subsection.71}{\376\377\230\316\226\151\213\304\117\060\134\017\176\323}{section.68}% 58
\BOOKMARK [0][-]{chapter.75}{\376\377\170\064\134\100\116\113\220\123\377\032\142\200\147\057\200\375\122\233\116\016\133\211\121\150\117\123\174\373\136\372\213\276}{}% 59
\BOOKMARK [1][-]{section.76}{\376\377\142\200\147\057\200\375\122\233\136\372\213\276\215\357\137\204}{chapter.75}% 60
\BOOKMARK [2][-]{subsection.77}{\376\377\131\057\133\236\173\227\122\233\116\016\145\160\143\156\127\372\170\100\213\276\145\275}{section.76}% 61
\BOOKMARK [2][-]{subsection.78}{\376\377\143\250\217\333\202\257\162\107\116\016\217\157\116\366\165\037\140\001\201\352\116\073\123\026}{section.76}% 62
\BOOKMARK [1][-]{section.79}{\376\377\173\227\122\233\127\372\170\100\213\276\145\275}{chapter.75}% 63
\BOOKMARK [2][-]{subsection.80}{\376\377\126\375\133\266\176\247\000A\000I\173\227\122\233\116\221\136\163\123\360}{section.79}% 64
\BOOKMARK [2][-]{subsection.81}{\376\377\200\375\156\220\221\115\131\127}{section.79}% 65
\BOOKMARK [1][-]{section.82}{\376\377\227\136\133\371\171\360\142\200\147\057\215\357\176\277}{chapter.75}% 66
\BOOKMARK [2][-]{subsection.83}{\376\377\155\367\124\010\116\023\133\266\152\041\127\213\377\010\000M\000o\000E\377\011}{section.82}% 67
\BOOKMARK [2][-]{subsection.84}{\376\377\217\157\170\154\116\366\123\117\124\014\117\030\123\026}{section.82}% 68
\BOOKMARK [2][-]{subsection.85}{\376\377\172\357\117\247\152\041\127\213}{section.82}% 69
\BOOKMARK [2][-]{subsection.86}{\376\377\146\377\116\343\215\357\137\204\213\304\117\060}{section.82}% 70
\BOOKMARK [1][-]{section.89}{\376\377\000"\173\227\154\325\142\322\153\142\000"\147\072\122\066}{chapter.75}% 71
\BOOKMARK [2][-]{subsection.90}{\376\377\151\202\137\365\133\232\116\111}{section.89}% 72
\BOOKMARK [2][-]{subsection.91}{\376\377\116\016\145\342\147\011\142\200\147\057\166\204\121\163\174\373}{section.89}% 73
\BOOKMARK [2][-]{subsection.92}{\376\377\132\001\200\301\152\041\127\213\116\016\213\304\117\060\176\364\136\246}{section.89}% 74
\BOOKMARK [1][-]{section.93}{\376\377\126\333\134\102\133\211\121\150\177\121\121\163\147\266\147\204}{chapter.75}% 75
\BOOKMARK [2][-]{subsection.94}{\376\377\147\000\134\017\123\357\210\114\171\072\117\213}{section.93}% 76
\BOOKMARK [1][-]{section.95}{\376\377\137\000\156\220\116\016\201\352\116\073\166\204\136\163\210\141}{chapter.75}% 77
\BOOKMARK [2][-]{subsection.96}{\376\377\137\000\156\220\166\204\133\211\121\150\116\367\120\074}{section.95}% 78
\BOOKMARK [2][-]{subsection.97}{\376\377\137\000\156\220\166\204\230\316\226\151}{section.95}% 79
\BOOKMARK [2][-]{subsection.98}{\376\377\136\163\210\141\173\126\165\145}{section.95}% 80
\BOOKMARK [1][-]{section.99}{\376\377\000A\000I\232\161\122\250\166\204\171\321\142\200\122\033\145\260}{chapter.75}% 81
\BOOKMARK [2][-]{subsection.100}{AI\040for\040Science}{section.99}% 82
\BOOKMARK [2][-]{subsection.101}{\376\377\136\372\213\276\121\205\220\350\117\335\133\306\131\047\152\041\127\213\117\123\174\373}{section.99}% 83
\BOOKMARK [1][-]{section.102}{\376\377\145\160\143\156\133\211\121\150\116\016\152\041\127\213\234\201\150\322\140\047\232\214\213\301}{chapter.75}% 84
\BOOKMARK [0][-]{chapter.103}{\376\377\122\066\136\246\142\244\202\052\377\032\116\272\142\115\060\001\154\273\164\006\116\016\126\375\226\105\124\010\117\134}{}% 85
\BOOKMARK [1][-]{section.104}{\376\377\116\272\142\115\127\371\121\173\117\123\174\373}{chapter.103}% 86
\BOOKMARK [2][-]{subsection.105}{\376\377\000A\000I\133\211\121\150\116\272\142\115\163\260\162\266\116\016\227\000\154\102}{section.104}% 87
\BOOKMARK [2][-]{subsection.106}{\376\377\127\371\121\173\221\315\160\271\145\271\124\021}{section.104}% 88
\BOOKMARK [2][-]{subsection.107}{\376\377\122\006\226\066\153\265\116\272\142\115\127\371\121\173\166\356\150\007}{section.104}% 89
\BOOKMARK [1][-]{section.108}{\376\377\213\304\116\367\147\072\122\066\145\071\227\151}{chapter.103}% 90
\BOOKMARK [2][-]{subsection.109}{\376\377\145\071\227\151\213\304\116\367\117\123\174\373}{section.108}% 91
\BOOKMARK [2][-]{subsection.110}{\376\377\232\330\134\102\153\041\116\272\142\115\145\077\173\126}{section.108}% 92
\BOOKMARK [1][-]{section.111}{\376\377\154\273\164\006\150\106\147\266\213\276\213\241}{chapter.103}% 93
\BOOKMARK [2][-]{subsection.112}{\376\377\136\372\172\313\000"\123\315\232\154\215\133\121\113\000"\145\160\143\156\122\006\174\173\122\006\176\247\122\066\136\246}{section.111}% 94
\BOOKMARK [2][-]{subsection.113}{\376\377\122\250\140\001\133\306\176\247\173\241\164\006}{section.111}% 95
\BOOKMARK [2][-]{subsection.114}{\376\377\171\321\142\200\145\207\163\056\116\016\133\146\147\057\123\321\210\150\173\241\164\006}{section.111}% 96
\BOOKMARK [2][-]{subsection.115}{\376\377\126\375\226\105\176\317\232\214\120\037\222\164}{section.111}% 97
\BOOKMARK [1][-]{section.120}{\376\377\126\375\226\105\124\010\117\134\173\126\165\145}{chapter.103}% 98
\BOOKMARK [2][-]{subsection.121}{\376\377\123\302\116\016\126\375\226\105\000A\000I\154\273\164\006\147\072\122\066}{section.120}% 99
\BOOKMARK [2][-]{subsection.122}{\376\377\143\250\122\250\121\154\136\163\166\204\126\375\226\105\000A\000I\171\351\136\217}{section.120}% 100
\BOOKMARK [2][-]{subsection.123}{\376\377\136\224\133\371\142\200\147\057\201\061\224\251\230\316\226\151}{section.120}% 101
\BOOKMARK [1][-]{section.124}{\376\377\210\114\122\250\215\357\176\277\126\376}{chapter.103}% 102
\BOOKMARK [2][-]{subsection.125}{\376\377\167\355\147\037\377\010\0001\000-\0002\136\164\377\011}{section.124}% 103
\BOOKMARK [2][-]{subsection.126}{\376\377\116\055\147\037\377\010\0002\000-\0003\136\164\377\011}{section.124}% 104
\BOOKMARK [2][-]{subsection.127}{\376\377\225\177\147\037\377\010\0003\000-\0005\136\164\377\011}{section.124}% 105
\BOOKMARK [2][-]{subsection.128}{\376\377\145\077\173\126\136\372\213\256\117\030\121\110\176\247}{section.124}% 106
\BOOKMARK [2][-]{subsection.131}{\376\377\215\350\220\350\225\350\123\117\214\003\147\072\122\066}{section.124}% 107
\BOOKMARK [0][-]{chapter.132}{\376\377\176\323\213\272\377\032\210\114\122\250\124\174\124\001}{}% 108
\BOOKMARK [1][-]{section.133}{\376\377\150\070\137\303\176\323\213\272}{chapter.132}% 109
\BOOKMARK [1][-]{section.137}{\376\377\133\242\211\302\213\244\213\306\137\142\122\277}{chapter.132}% 110
\BOOKMARK [1][-]{section.138}{\376\377\150\070\137\303\145\077\173\126\136\372\213\256}{chapter.132}% 111
\BOOKMARK [1][-]{section.145}{\376\377\133\236\145\275\123\237\122\031}{chapter.132}% 112
\BOOKMARK [1][-]{section.146}{\376\377\176\323\213\355}{chapter.132}% 113
\BOOKMARK [0][-]{chapter*.147}{\376\377\124\016\213\260}{}% 114
\BOOKMARK [0][-]{appendix*.148}{\376\377\000A\000I\133\211\121\150\230\316\226\151\213\304\117\060\150\106\147\266}{}% 115
\BOOKMARK [1][-]{section.149}{\376\377\230\316\226\151\213\306\122\053\176\364\136\246}{appendix*.148}% 116
\BOOKMARK [1][-]{section.150}{\376\377\230\316\226\151\213\304\117\060\143\007\150\007}{appendix*.148}% 117
\BOOKMARK [1][-]{section.151}{\376\377\221\317\123\026\142\123\122\006\176\306\122\031}{appendix*.148}% 118
\BOOKMARK [2][-]{subsection.152}{\376\377\213\304\122\006\146\040\134\004\210\150}{section.151}% 119
\BOOKMARK [2][-]{subsection.153}{\376\377\230\316\226\151\173\111\176\247\213\241\173\227\121\154\137\017}{section.151}% 120
\BOOKMARK [0][-]{appendix*.154}{\376\377\121\163\225\056\147\057\213\355\116\016\127\372\121\306\155\113\213\325\213\346\140\305}{}% 121
\BOOKMARK [1][-]{section.155}{\376\377\121\163\225\056\147\057\213\355\211\343\221\312}{appendix*.154}% 122
\BOOKMARK [1][-]{section.156}{\376\377\116\073\211\201\127\372\121\306\155\113\213\325\213\364\146\016}{appendix*.154}% 123
\BOOKMARK [0][-]{appendix*.159}{\376\377\116\023\133\266\124\250\213\342\213\346\176\306\117\341\140\157}{}% 124
\BOOKMARK [1][-]{section.160}{\376\377\116\023\133\266\127\372\147\054\117\341\140\157}{appendix*.159}% 125
\BOOKMARK [1][-]{section.161}{\376\377\225\356\123\167\150\070\137\303\121\205\133\271}{appendix*.159}% 126
\BOOKMARK [1][-]{section.162}{\376\377\116\000\201\364\140\047\150\300\232\214}{appendix*.159}% 127
\BOOKMARK [0][-]{appendix*.163}{\376\377\173\227\154\325\142\322\153\142\147\072\122\066\166\204\142\200\147\057\133\236\163\260}{}% 128
\BOOKMARK [1][-]{section.164}{\376\377\133\236\232\214\166\356\150\007}{appendix*.163}% 129
\BOOKMARK [1][-]{section.165}{\376\377\155\113\213\325\226\306\147\204\136\372}{appendix*.163}% 130
\BOOKMARK [1][-]{section.166}{\376\377\213\304\117\060\143\007\150\007\116\016\166\356\150\007\120\074}{appendix*.163}% 131
\BOOKMARK [1][-]{section.167}{\376\377\133\236\232\214\163\257\130\203\211\201\154\102}{appendix*.163}% 132
\BOOKMARK [0][-]{appendix*.168}{\376\377\123\302\200\003\145\207\163\056}{}% 133
