\BOOKMARK [1][-]{Doc-Start}{\376\377\147\057\213\355\116\016\177\051\165\145\213\355}{}% 1
\BOOKMARK [1][-]{table.1}{\376\377\170\024\172\166\145\271\154\325}{}% 2
\BOOKMARK [2][-]{subsection.1}{\376\377\170\024\172\166\150\106\147\266\151\202\211\310}{table.1}% 3
\BOOKMARK [1][-]{section.4}{\376\377\142\200\147\057\123\321\134\125\140\001\122\277\116\016\142\030\165\145\200\314\146\157}{}% 4
\BOOKMARK [2][-]{subsection.5}{\376\377\121\150\164\003\000A\000I\172\336\116\211\150\074\134\100}{section.4}% 5
\BOOKMARK [2][-]{subsection.8}{\376\377\116\055\126\375\000A\000I\123\321\134\125\166\204\153\324\217\203\117\030\122\277}{section.4}% 6
\BOOKMARK [2][-]{subsection.9}{\376\377\122\115\154\277\171\321\170\024\116\016\121\233\116\213\152\041\127\213\203\267\123\326\123\327\226\120\377\032\201\352\116\073\170\024\123\321\166\204\142\030\165\145\175\047\217\353\140\047}{section.4}% 7
\BOOKMARK [3][-]{subsubsection.10}{\376\377\171\321\170\024\116\023\165\050\152\041\127\213\377\032\226\220\205\317\166\204\200\375\122\233\122\115\154\277}{subsection.9}% 8
\BOOKMARK [3][-]{subsubsection.11}{\376\377\121\233\116\213\230\206\127\337\152\041\127\213\377\032\176\335\133\371\166\204\142\200\147\057\236\321\173\261}{subsection.9}% 9
\BOOKMARK [3][-]{subsubsection.12}{\376\377\142\030\165\145\117\335\133\306\215\213\122\277\166\204\122\240\122\147}{subsection.9}% 10
\BOOKMARK [3][-]{subsubsection.13}{\376\377\133\371\142\021\126\375\166\204\142\030\165\145\124\057\171\072}{subsection.9}% 11
\BOOKMARK [2][-]{subsection.14}{\376\377\146\172\200\375\123\026\133\371\121\233\116\213\116\016\177\121\176\334\133\211\121\150\166\204\137\161\124\315}{section.4}% 12
\BOOKMARK [2][-]{subsection.15}{\376\377\000A\000I\215\113\200\375\126\375\133\266\133\211\121\150\200\375\122\233\166\204\153\143\227\142\147\072\220\107}{section.4}% 13
\BOOKMARK [2][-]{subsection.16}{\376\377\137\000\156\220\152\041\127\213\116\016\000A\000I\133\211\121\150\133\371\237\120\377\010\000O\000p\000e\000n\000-\000S\000o\000u\000r\000c\000e\000\040\000M\000o\000d\000e\000l\000s\000\040\000a\000n\000d\000\040\000A\000I\000\040\000A\000l\000i\000g\000n\000m\000e\000n\000t\377\011}{section.4}% 14
\BOOKMARK [2][-]{subsection.18}{\376\377\145\077\173\126\136\372\213\256\166\204\221\317\123\026\000K\000P\000I\116\016\226\066\153\265\166\356\150\007}{section.4}% 15
\BOOKMARK [1][-]{section.21}{\376\377\126\375\226\105\153\324\217\203\377\032\116\073\211\201\126\375\133\266\000A\000I\142\030\165\145\136\003\134\100}{}% 16
\BOOKMARK [2][-]{subsection.22}{\376\377\177\216\126\375\377\032\142\200\147\057\230\206\121\110\116\016\165\037\140\001\116\073\133\374}{section.21}% 17
\BOOKMARK [2][-]{subsection.23}{\376\377\153\047\166\337\377\032\166\321\173\241\137\025\230\206\116\016\116\367\120\074\133\374\124\021}{section.21}% 18
\BOOKMARK [2][-]{subsection.24}{\376\377\121\166\116\326\221\315\211\201\123\302\116\016\200\005}{section.21}% 19
\BOOKMARK [2][-]{subsection.25}{\376\377\116\073\211\201\126\375\133\266\000A\000I\142\030\165\145\133\371\153\324}{section.21}% 20
\BOOKMARK [2][-]{table.27}{\376\377\126\375\226\105\124\010\117\134\147\072\122\066\166\204\121\167\117\123\123\302\116\016\215\357\137\204}{section.21}% 21
\BOOKMARK [1][-]{section.28}{\376\377\142\200\147\057\135\356\215\335\166\204\131\032\176\364\136\246\137\161\124\315\122\006\147\220}{}% 22
\BOOKMARK [2][-]{subsection.29}{\376\377\230\316\226\151\213\304\117\060\145\271\154\325\213\364\146\016}{section.28}% 23
\BOOKMARK [2][-]{subsection.30}{\376\377\142\200\147\057\135\356\215\335\124\021\133\211\121\150\230\316\226\151\166\204\117\040\133\374\147\072\122\066}{section.28}% 24
\BOOKMARK [2][-]{table.34}{\376\377\145\160\143\156\147\145\156\220\116\016\137\025\165\050\211\304\203\003\213\364\146\016}{section.28}% 25
\BOOKMARK [2][-]{subsection.35}{\376\377\121\233\116\213\116\016\177\121\176\334\133\211\121\150\230\206\127\337}{section.28}% 26
\BOOKMARK [3][-]{subsubsection.36}{\376\377\131\047\152\041\127\213\232\161\122\250\166\204\177\121\176\334\145\073\121\373\132\001\200\301}{subsection.35}% 27
\BOOKMARK [3][-]{subsubsection.37}{\376\377\155\361\136\246\117\052\220\040\116\016\000A\000I\165\037\142\020\121\205\133\271\166\204\133\211\121\150\132\001\200\301}{subsection.35}% 28
\BOOKMARK [3][-]{subsubsection.38}{\376\377\123\314\221\315\165\050\220\024\230\316\226\151\147\000\134\017\123\026\116\016\124\010\211\304\133\371\161\147}{subsection.35}% 29
\BOOKMARK [3][-]{subsubsection.39}{\376\377\131\047\152\041\127\213\201\352\216\253\166\204\133\211\121\150\157\017\155\036\116\016\145\073\121\373\227\142}{subsection.35}% 30
\BOOKMARK [3][-]{subsubsection.40}{\376\377\131\047\152\041\127\213\000"\136\173\211\311\000"\225\356\230\230\116\016\121\263\173\126\230\316\226\151}{subsection.35}% 31
\BOOKMARK [3][-]{subsubsection.41}{\376\377\136\173\211\311\166\204\210\150\163\260\137\142\137\017}{subsection.35}% 32
\BOOKMARK [3][-]{subsubsection.42}{\376\377\136\173\211\311\127\050\121\163\225\056\230\206\127\337\166\204\230\316\226\151}{subsection.35}% 33
\BOOKMARK [3][-]{subsubsection.43}{\376\377\131\047\152\041\127\213\166\204\230\240\211\206\140\047\230\316\226\151\116\016\145\260\127\213\133\211\121\150\132\001\200\301}{subsection.35}% 34
\BOOKMARK [2][-]{subsection.44}{\376\377\174\373\176\337\176\247\133\211\121\150\147\266\147\204}{section.28}% 35
\BOOKMARK [1][-]{section.47}{\376\377\116\272\142\115\116\016\213\304\116\367\117\123\174\373}{}% 36
\BOOKMARK [1][-]{section.48}{\376\377\170\024\123\321\116\016\155\113\213\304\122\240\220\037}{}% 37
\BOOKMARK [1][-]{section.49}{\376\377\154\273\164\006\150\106\147\266\116\016\122\066\136\246\136\372\213\276}{}% 38
\BOOKMARK [1][-]{section.50}{\376\377\126\375\226\105\124\010\117\134\116\016\131\026\220\350\123\117\214\003}{}% 39
\BOOKMARK [1][-]{section.51}{\376\377\210\114\122\250\215\357\176\277\116\016\000K\000P\000I}{}% 40
\BOOKMARK [2][-]{subsection.52}{\376\377\167\355\147\037\377\010\0006\040\023\0001\0002\116\052\147\010\377\011}{section.51}% 41
\BOOKMARK [2][-]{subsection.53}{\376\377\116\055\147\037\377\010\0001\040\023\0002\136\164\377\011}{section.51}% 42
\BOOKMARK [2][-]{subsection.54}{\376\377\225\177\147\037\377\010\0003\040\023\0005\136\164\377\011}{section.51}% 43
\BOOKMARK [1][-]{section.55}{\376\377\116\211\213\256\116\016\146\377\116\343\211\306\211\322}{}% 44
\BOOKMARK [2][-]{subsection.56}{\376\377\131\047\152\041\127\213\213\255\176\303\145\160\143\156\166\204\226\220\171\301\154\304\227\062\230\316\226\151}{section.55}% 45
\BOOKMARK [3][-]{subsubsection.57}{\376\377\213\260\137\306\116\016\154\304\227\062\147\072\122\066}{subsection.56}% 46
\BOOKMARK [3][-]{subsubsection.58}{\376\377\135\362\167\345\154\304\227\062\150\110\117\213}{subsection.56}% 47
\BOOKMARK [2][-]{subsection.59}{\376\377\176\317\155\116\116\016\171\076\117\032\230\206\127\337}{section.55}% 48
\BOOKMARK [1][-]{section.60}{\376\377\137\000\156\220\140\305\142\245\200\132\124\010\230\316\226\151}{}% 49
\BOOKMARK [2][-]{subsection.61}{\376\377\230\316\226\151\174\173\127\213\122\006\147\220}{section.60}% 50
\BOOKMARK [2][-]{subsection.62}{\376\377\121\170\127\213\150\110\117\213\122\006\147\220}{section.60}% 51
\BOOKMARK [2][-]{subsection.63}{\376\377\131\032\152\041\140\001\131\047\152\041\127\213\166\204\117\341\140\157\143\026\143\230\230\316\226\151}{section.60}% 52
\BOOKMARK [3][-]{subsubsection.64}{\376\377\126\376\120\317\122\006\147\220\166\204\140\305\142\245\116\367\120\074}{subsection.63}% 53
\BOOKMARK [3][-]{subsubsection.65}{\376\377\211\306\230\221\122\006\147\220\166\204\117\341\140\157\200\132\124\010}{subsection.63}% 54
\BOOKMARK [3][-]{subsubsection.66}{\376\377\131\032\152\041\140\001\207\215\124\010\166\204\000"\215\205\176\247\232\154\215\133\121\113\145\110\136\224\000"}{subsection.63}% 55
\BOOKMARK [3][-]{subsubsection.67}{\376\377\121\170\127\213\150\110\117\213}{subsection.63}% 56
\BOOKMARK [3][-]{subsubsection.68}{\376\377\136\224\133\371\136\372\213\256}{subsection.63}% 57
\BOOKMARK [2][-]{subsection.69}{\376\377\136\224\133\371\140\035\215\357}{section.60}% 58
\BOOKMARK [1][-]{section.70}{\376\377\136\224\133\371\173\126\165\145\377\032\142\200\147\057\201\352\116\073\116\016\133\211\121\150\226\062\142\244\136\166\221\315}{}% 59
\BOOKMARK [2][-]{subsection.71}{\376\377\131\057\133\236\173\227\122\233\116\016\145\160\143\156\127\372\170\100\213\276\145\275}{section.70}% 60
\BOOKMARK [2][-]{subsection.72}{\376\377\143\250\217\333\202\257\162\107\116\016\217\157\116\366\165\037\140\001\201\352\116\073\123\026}{section.70}% 61
\BOOKMARK [2][-]{subsection.73}{\376\377\133\236\145\275\227\136\133\371\171\360\142\200\147\057\215\357\176\277\116\016\146\377\116\343\145\271\150\110\213\304\117\060}{section.70}% 62
\BOOKMARK [3][-]{subsubsection.74}{\376\377\121\163\225\056\146\377\116\343\215\357\137\204\122\006\147\220}{subsection.73}% 63
\BOOKMARK [3][-]{subsubsection.75}{\376\377\146\377\116\343\145\271\150\110\166\204\230\316\226\151\145\066\166\312\213\304\117\060}{subsection.73}% 64
\BOOKMARK [2][-]{subsection.78}{\376\377\147\204\136\372\142\200\147\057\122\006\147\220\116\016\226\062\137\241\117\123\174\373}{section.70}% 65
\BOOKMARK [3][-]{subsubsection.79}{\376\377\143\320\123\107\142\200\147\057\122\006\147\220\200\375\122\233}{subsection.78}% 66
\BOOKMARK [3][-]{subsubsection.80}{\376\377\173\227\154\325\142\322\153\142\377\032\143\242\175\042\140\047\143\320\150\110\116\016\000P\000o\000C\213\276\213\241\150\106\147\266}{subsection.78}% 67
\BOOKMARK [3][-]{subsubsection.85}{\376\377\145\160\143\156\133\211\121\150\116\016\152\041\127\213\234\201\150\322\140\047\232\214\213\301}{subsection.78}% 68
\BOOKMARK [2][-]{subsection.86}{\376\377\000A\000I\232\161\122\250\166\204\171\321\142\200\122\033\145\260\377\010\000A\000I\000\040\000f\000o\000r\000\040\000S\000c\000i\000e\000n\000c\000e\377\011}{section.70}% 69
\BOOKMARK [2][-]{subsection.87}{\376\377\136\372\213\276\121\205\220\350\117\335\133\306\131\047\152\041\127\213\117\123\174\373}{section.70}% 70
\BOOKMARK [2][-]{subsection.88}{\376\377\221\315\162\171\131\047\230\316\226\151\140\305\146\157\116\016\154\273\164\006\133\371\173\126}{section.70}% 71
\BOOKMARK [1][-]{section.89}{\376\377\116\272\142\115\127\371\121\173\116\016\122\033\145\260\165\037\140\001\136\372\213\276}{}% 72
\BOOKMARK [2][-]{subsection.90}{\376\377\000A\000I\133\211\121\150\116\272\142\115\163\260\162\266\116\016\227\000\154\102}{section.89}% 73
\BOOKMARK [3][-]{subsubsection.91}{\376\377\116\272\142\115\177\072\123\343\122\006\147\220}{subsection.90}% 74
\BOOKMARK [3][-]{subsubsection.92}{\376\377\127\371\121\173\221\315\160\271\145\271\124\021}{subsection.90}% 75
\BOOKMARK [2][-]{subsection.93}{\376\377\116\272\142\115\127\371\121\173\136\372\213\256}{section.89}% 76
\BOOKMARK [3][-]{subsubsection.94}{\376\377\122\006\226\066\153\265\116\272\142\115\127\371\121\173\166\356\150\007\116\016\133\146\171\321\133\371\143\245\145\271\150\110}{subsection.93}% 77
\BOOKMARK [3][-]{subsubsection.95}{\376\377\232\330\150\041\145\131\200\262\116\016\126\375\226\105\116\244\155\101}{subsection.93}% 78
\BOOKMARK [3][-]{subsubsection.96}{\376\377\232\330\134\102\153\041\116\272\142\115\145\077\173\126\116\016\213\304\116\367\145\071\227\151}{subsection.93}% 79
\BOOKMARK [2][-]{subsection.97}{\376\377\137\000\156\220\165\037\140\001\116\016\000A\000I\133\211\121\150}{section.89}% 80
\BOOKMARK [3][-]{subsubsection.98}{\376\377\137\000\156\220\166\204\133\211\121\150\116\367\120\074}{subsection.97}% 81
\BOOKMARK [3][-]{subsubsection.99}{\376\377\137\000\156\220\166\204\230\316\226\151\116\016\136\163\210\141}{subsection.97}% 82
\BOOKMARK [1][-]{section.100}{\376\377\122\240\137\072\173\241\164\006\377\032\220\002\136\224\000A\000I\145\366\116\343\166\204\117\341\140\157\133\211\121\150\122\066\136\246\136\372\213\276}{}% 83
\BOOKMARK [2][-]{subsection.101}{\376\377\136\372\172\313\000"\123\315\232\154\215\133\121\113\000"\145\160\143\156\122\006\174\173\122\006\176\247\122\066\136\246}{section.100}% 84
\BOOKMARK [3][-]{subsubsection.102}{\376\377\213\276\172\313\000"\145\160\143\156\200\132\124\010\230\316\226\151\000"\213\304\117\060\147\072\122\066}{subsection.101}% 85
\BOOKMARK [3][-]{subsubsection.107}{\376\377\121\163\225\056\230\206\127\337\145\160\143\156\166\204\201\061\145\117\131\004\164\006}{subsection.101}% 86
\BOOKMARK [3][-]{subsubsection.108}{\376\377\122\250\140\001\133\306\176\247\173\241\164\006}{subsection.101}% 87
\BOOKMARK [2][-]{subsection.109}{\376\377\116\045\173\241\171\321\142\200\145\207\163\056\116\016\133\146\147\057\123\321\210\150}{section.100}% 88
\BOOKMARK [3][-]{subsubsection.110}{\376\377\133\236\145\275\145\117\141\037\230\206\127\337\123\321\210\150\122\115\177\156\133\241\147\345}{subsection.109}% 89
\BOOKMARK [3][-]{subsubsection.111}{\376\377\147\204\136\372\121\205\220\350\133\146\147\057\116\244\155\101\117\123\174\373}{subsection.109}% 90
\BOOKMARK [3][-]{subsubsection.112}{\376\377\136\163\210\141\137\000\145\076\116\016\133\211\121\150}{subsection.109}% 91
\BOOKMARK [2][-]{subsection.113}{\376\377\137\072\123\026\132\222\117\123\142\245\220\123\173\241\164\006\116\016\202\006\213\272\137\025\133\374}{section.100}% 92
\BOOKMARK [3][-]{subsubsection.114}{\376\377\122\066\133\232\000"\171\321\142\200\133\211\121\150\142\245\220\123\121\306\122\031\000"}{subsection.113}% 93
\BOOKMARK [3][-]{subsubsection.115}{\376\377\156\005\164\006\177\121\176\334\137\000\156\220\140\305\142\245\156\220}{subsection.113}% 94
\BOOKMARK [3][-]{subsubsection.116}{\376\377\143\320\123\107\121\150\154\021\117\341\140\157\133\211\121\150\141\017\213\306}{subsection.113}% 95
\BOOKMARK [1][-]{section.117}{\376\377\126\375\226\105\124\010\117\134\116\016\154\273\164\006\123\302\116\016}{}% 96
\BOOKMARK [2][-]{subsection.118}{\376\377\126\375\226\105\000A\000I\154\273\164\006\150\074\134\100}{section.117}% 97
\BOOKMARK [3][-]{subsubsection.119}{\376\377\116\073\211\201\154\273\164\006\147\072\122\066}{subsection.118}% 98
\BOOKMARK [3][-]{subsubsection.120}{\376\377\154\273\164\006\213\256\230\230\157\024\123\330}{subsection.118}% 99
\BOOKMARK [2][-]{subsection.121}{\376\377\123\302\116\016\126\375\226\105\000A\000I\154\273\164\006\147\072\122\066}{section.117}% 100
\BOOKMARK [3][-]{subsubsection.122}{\376\377\131\032\217\271\136\163\123\360\123\302\116\016}{subsection.121}% 101
\BOOKMARK [3][-]{subsubsection.123}{\376\377\123\314\217\271\124\010\117\134\147\072\122\066}{subsection.121}% 102
\BOOKMARK [3][-]{subsubsection.124}{\376\377\000A\000I\133\211\121\150\126\375\226\105\124\010\117\134}{subsection.121}% 103
\BOOKMARK [2][-]{subsection.125}{\376\377\143\250\122\250\121\154\136\163\166\204\126\375\226\105\000A\000I\171\351\136\217}{section.117}% 104
\BOOKMARK [3][-]{subsubsection.126}{\376\377\150\070\137\303\116\073\137\040}{subsection.125}% 105
\BOOKMARK [3][-]{subsubsection.127}{\376\377\116\055\126\375\145\271\150\110\166\204\126\375\226\105\143\250\136\177}{subsection.125}% 106
\BOOKMARK [2][-]{subsection.128}{\376\377\136\224\133\371\142\200\147\057\201\061\224\251\230\316\226\151}{section.117}% 107
\BOOKMARK [3][-]{subsubsection.129}{\376\377\230\316\226\151\213\304\117\060}{subsection.128}% 108
\BOOKMARK [3][-]{subsubsection.130}{\376\377\136\224\140\045\121\306\131\007}{subsection.128}% 109
\BOOKMARK [3][-]{subsubsection.131}{\376\377\117\335\143\001\137\000\145\076}{subsection.128}% 110
\BOOKMARK [1][-]{section.132}{\376\377\210\114\122\250\215\357\176\277\126\376}{}% 111
\BOOKMARK [2][-]{subsection.133}{\376\377\122\006\226\066\153\265\116\373\122\241\150\106\147\266}{section.132}% 112
\BOOKMARK [2][-]{subsection.136}{\376\377\122\250\140\001\213\304\117\060\147\072\122\066}{section.132}% 113
\BOOKMARK [1][-]{section.137}{\376\377\116\211\213\256\213\256\230\230\116\016\146\377\116\343\211\306\211\322}{}% 114
\BOOKMARK [2][-]{subsection.138}{\376\377\121\163\116\216\000"\142\200\147\057\135\356\215\335\000"\166\204\116\211\213\256}{section.137}% 115
\BOOKMARK [3][-]{subsubsection.139}{\376\377\211\302\160\271\116\000\377\032\135\356\215\335\146\076\204\127\116\024\121\167\147\011\142\030\165\145\140\047\377\010\147\054\142\245\124\112\116\073\155\101\211\302\160\271\377\011}{subsection.138}% 116
\BOOKMARK [3][-]{subsubsection.140}{\376\377\211\302\160\271\116\214\377\032\135\356\215\335\210\253\131\070\131\047\377\014\217\375\215\166\122\277\131\064\202\157\131\175\377\010\146\377\116\343\211\306\211\322\377\011}{subsection.138}% 117
\BOOKMARK [2][-]{subsection.141}{\376\377\121\163\116\216\000"\142\200\147\057\201\061\224\251\000"\166\204\116\211\213\256}{section.137}% 118
\BOOKMARK [3][-]{subsubsection.142}{\376\377\211\302\160\271\116\000\377\032\136\224\120\132\131\175\201\061\224\251\121\306\131\007\377\010\226\062\137\241\140\047\211\306\211\322\377\011}{subsection.141}% 119
\BOOKMARK [3][-]{subsubsection.143}{\376\377\211\302\160\271\116\214\377\032\201\061\224\251\147\011\133\263\116\024\116\015\163\260\133\236\377\010\124\010\117\134\140\047\211\306\211\322\377\011}{subsection.141}% 120
\BOOKMARK [2][-]{subsection.144}{\376\377\121\163\116\216\000"\000A\000I\133\211\121\150\132\001\200\301\000"\166\204\116\211\213\256}{section.137}% 121
\BOOKMARK [3][-]{subsubsection.145}{\376\377\211\302\160\271\116\000\377\032\000A\000I\136\046\147\145\221\315\131\047\133\211\121\150\143\021\142\030}{subsection.144}% 122
\BOOKMARK [3][-]{subsubsection.146}{\376\377\211\302\160\271\116\214\377\032\000A\000I\133\211\121\150\230\316\226\151\210\253\217\307\136\246\156\062\147\323\377\010\140\000\165\221\213\272\211\306\211\322\377\011}{subsection.144}% 123
\BOOKMARK [2][-]{subsection.147}{\376\377\121\163\116\216\000"\117\341\140\157\173\241\122\066\000"\166\204\116\211\213\256}{section.137}% 124
\BOOKMARK [3][-]{subsubsection.148}{\376\377\211\302\160\271\116\000\377\032\227\000\211\201\122\240\137\072\117\341\140\157\173\241\164\006\116\345\136\224\133\371\000A\000I\140\305\142\245\143\026\143\230}{subsection.147}% 125
\BOOKMARK [3][-]{subsubsection.149}{\376\377\211\302\160\271\116\214\377\032\217\307\136\246\173\241\122\066\123\357\200\375\137\012\131\047\116\216\122\051\377\010\201\352\165\061\116\073\116\111\211\306\211\322\377\011}{subsection.147}% 126
\BOOKMARK [2][-]{subsection.150}{\376\377\147\054\142\245\124\112\166\204\134\100\226\120\140\047\130\360\146\016}{section.137}% 127
\BOOKMARK [1][-]{section.151}{\376\377\176\323\213\272\116\016\136\372\213\256}{}% 128
\BOOKMARK [2][-]{subsection.152}{\376\377\133\242\211\302\213\244\213\306\137\142\122\277}{section.151}% 129
\BOOKMARK [2][-]{subsection.153}{\376\377\150\070\137\303\142\030\165\145\136\372\213\256}{section.151}% 130
\BOOKMARK [2][-]{subsection.168}{\376\377\145\077\173\126\136\372\213\256\166\204\117\030\121\110\176\247\116\016\123\357\210\114\140\047\122\006\147\220}{section.151}% 131
\BOOKMARK [3][-]{subsubsection.171}{\376\377\215\350\220\350\225\350\123\117\214\003\147\072\122\066\136\372\213\256}{subsection.168}% 132
\BOOKMARK [3][-]{subsubsection.172}{\376\377\133\236\145\275\215\357\137\204}{subsection.168}% 133
\BOOKMARK [2][-]{subsection.173}{\376\377\133\236\145\275\123\237\122\031}{section.151}% 134
\BOOKMARK [2][-]{subsection.174}{\376\377\176\323\213\355}{section.151}% 135
\BOOKMARK [1][-]{subsection.174}{\376\377\123\302\200\003\145\207\163\056}{}% 136
\BOOKMARK [1][-]{subsection.174}{\376\377\226\104\137\125\000A\377\032\000A\000I\133\211\121\150\230\316\226\151\213\304\117\060\150\106\147\266}{}% 137
\BOOKMARK [1][-]{subsection.174}{\376\377\226\104\137\125\000B\377\032\121\163\225\056\147\057\213\355\116\016\127\372\121\306\155\113\213\325\213\346\140\305}{}% 138
\BOOKMARK [1][-]{table.176}{\376\377\226\104\137\125\000C\377\032\116\023\133\266\124\250\213\342\213\346\176\306\117\341\140\157}{}% 139
\BOOKMARK [1][-]{table.176}{\376\377\226\104\137\125\000D\377\032\173\227\154\325\142\322\153\142\147\072\122\066\166\204\147\000\134\017\000P\000o\000C\133\236\232\214\213\276\213\241}{}% 140
