\BOOKMARK [1][-]{section.1}{\376\377\137\025\212\000}{}% 1
\BOOKMARK [1][-]{section.2}{\376\377\170\024\172\166\145\271\154\325}{}% 2
\BOOKMARK [2][-]{subsection.3}{\376\377\145\207\163\056\122\006\147\220}{section.2}% 3
\BOOKMARK [2][-]{subsection.4}{\376\377\116\023\133\266\124\250\213\342}{section.2}% 4
\BOOKMARK [2][-]{subsection.5}{\376\377\230\316\226\151\213\304\117\060\150\106\147\266}{section.2}% 5
\BOOKMARK [1][-]{section.6}{\376\377\131\047\127\213\213\355\212\000\152\041\127\213\133\211\121\150\132\001\200\301\122\006\147\220}{}% 6
\BOOKMARK [2][-]{subsection.7}{\376\377\145\073\121\373\227\142\151\202\217\360}{section.6}% 7
\BOOKMARK [2][-]{subsection.8}{\376\377\143\320\171\072\213\315\154\350\121\145\145\073\121\373}{section.6}% 8
\BOOKMARK [2][-]{subsection.9}{\376\377\215\212\162\361\145\073\121\373}{section.6}% 9
\BOOKMARK [2][-]{subsection.10}{\376\377\213\255\176\303\226\066\153\265\145\073\121\373}{section.6}% 10
\BOOKMARK [3][-]{subsubsection.11}{\376\377\145\160\143\156\142\225\153\322}{subsection.10}% 11
\BOOKMARK [3][-]{subsubsection.12}{\376\377\124\016\225\350\145\073\121\373}{subsection.10}% 12
\BOOKMARK [2][-]{subsection.13}{\376\377\152\041\127\213\172\203\123\326\116\016\220\006\124\021\135\345\172\013}{section.6}% 13
\BOOKMARK [2][-]{subsection.14}{\376\377\226\220\171\301\154\304\227\062\230\316\226\151}{section.6}% 14
\BOOKMARK [2][-]{subsection.15}{\376\377\155\361\136\246\117\052\220\040\132\001\200\301}{section.6}% 15
\BOOKMARK [2][-]{subsection.16}{\376\377\131\047\152\041\127\213\217\205\122\251\177\121\176\334\145\073\121\373}{section.6}% 16
\BOOKMARK [1][-]{section.17}{\376\377\133\211\121\150\230\316\226\151\213\304\117\060}{}% 17
\BOOKMARK [2][-]{subsection.18}{\376\377\230\316\226\151\213\304\117\060\167\351\226\065}{section.17}% 18
\BOOKMARK [2][-]{subsection.21}{\376\377\230\316\226\151\117\040\133\374\147\072\122\066}{section.17}% 19
\BOOKMARK [1][-]{section.24}{\376\377\126\333\134\102\133\211\121\150\226\062\142\244\147\266\147\204}{}% 20
\BOOKMARK [2][-]{subsection.25}{\376\377\147\266\147\204\213\276\213\241\164\006\137\365\116\016\122\033\145\260\160\271}{section.24}% 21
\BOOKMARK [2][-]{subsection.26}{\376\377\147\266\147\204\151\202\217\360}{section.24}% 22
\BOOKMARK [2][-]{subsection.29}{\376\377\173\054\116\000\134\102\377\032\174\373\176\337\143\320\171\072\170\154\123\026}{section.24}% 23
\BOOKMARK [2][-]{subsection.30}{\376\377\173\054\116\214\134\102\377\032\217\223\121\145\121\300\123\026}{section.24}% 24
\BOOKMARK [2][-]{subsection.31}{\376\377\173\054\116\011\134\102\377\032\135\345\121\167\226\224\171\273}{section.24}% 25
\BOOKMARK [2][-]{subsection.32}{\376\377\173\054\126\333\134\102\377\032\217\223\121\372\133\241\213\241}{section.24}% 26
\BOOKMARK [2][-]{subsection.33}{\376\377\213\304\117\060\143\007\150\007}{section.24}% 27
\BOOKMARK [1][-]{section.36}{\376\377\133\236\145\275\136\372\213\256}{}% 28
\BOOKMARK [2][-]{subsection.37}{\376\377\122\006\134\102\220\350\177\162\173\126\165\145}{section.36}% 29
\BOOKMARK [2][-]{subsection.38}{\376\377\176\242\226\037\155\113\213\325\147\072\122\066}{section.36}% 30
\BOOKMARK [2][-]{subsection.39}{\376\377\143\001\176\355\166\321\155\113\116\016\124\315\136\224}{section.36}% 31
\BOOKMARK [1][-]{section.40}{\376\377\213\250\213\272}{}% 32
\BOOKMARK [2][-]{subsection.41}{\376\377\170\024\172\166\123\321\163\260}{section.40}% 33
\BOOKMARK [2][-]{subsection.42}{\376\377\134\100\226\120\140\047}{section.40}% 34
\BOOKMARK [2][-]{subsection.43}{\376\377\147\052\147\145\170\024\172\166\145\271\124\021}{section.40}% 35
\BOOKMARK [1][-]{section.44}{\376\377\176\323\213\272}{}% 36
\BOOKMARK [1][-]{section.44}{\376\377\123\302\200\003\145\207\163\056}{}% 37
