This is pdfTeX, Version 3.141592653-2.6-1.40.25 (TeX Live 2023/Debian) (preloaded format=pdflatex 2025.11.26)  26 NOV 2025 14:17
entering extended mode
 restricted \write18 enabled.
 %&-line parsing enabled.
**quantum_blackhole_simulation/paper.tex
(./quantum_blackhole_simulation/paper.tex
LaTeX2e <2023-11-01> patch level 1
L3 programming layer <2024-01-22>
(/usr/share/texlive/texmf-dist/tex/latex/base/article.cls
Document Class: article 2023/05/17 v1.4n Standard LaTeX document class
(/usr/share/texlive/texmf-dist/tex/latex/base/size10.clo
File: size10.clo 2023/05/17 v1.4n Standard LaTeX file (size option)
)
\c@part=\count187
\c@section=\count188
\c@subsection=\count189
\c@subsubsection=\count190
\c@paragraph=\count191
\c@subparagraph=\count192
\c@figure=\count193
\c@table=\count194
\abovecaptionskip=\skip48
\belowcaptionskip=\skip49
\bibindent=\dimen140
)
(/usr/share/texlive/texmf-dist/tex/latex/amsmath/amsmath.sty
Package: amsmath 2023/05/13 v2.17o AMS math features
\@mathmargin=\skip50

For additional information on amsmath, use the `?' option.
(/usr/share/texlive/texmf-dist/tex/latex/amsmath/amstext.sty
Package: amstext 2021/08/26 v2.01 AMS text

(/usr/share/texlive/texmf-dist/tex/latex/amsmath/amsgen.sty
File: amsgen.sty 1999/11/30 v2.0 generic functions
\@emptytoks=\toks17
\ex@=\dimen141
))
(/usr/share/texlive/texmf-dist/tex/latex/amsmath/amsbsy.sty
Package: amsbsy 1999/11/29 v1.2d Bold Symbols
\pmbraise@=\dimen142
)
(/usr/share/texlive/texmf-dist/tex/latex/amsmath/amsopn.sty
Package: amsopn 2022/04/08 v2.04 operator names
)
\inf@bad=\count195
LaTeX Info: Redefining \frac on input line 234.
\uproot@=\count196
\leftroot@=\count197
LaTeX Info: Redefining \overline on input line 399.
LaTeX Info: Redefining \colon on input line 410.
\classnum@=\count198
\DOTSCASE@=\count199
LaTeX Info: Redefining \ldots on input line 496.
LaTeX Info: Redefining \dots on input line 499.
LaTeX Info: Redefining \cdots on input line 620.
\Mathstrutbox@=\box51
\strutbox@=\box52
LaTeX Info: Redefining \big on input line 722.
LaTeX Info: Redefining \Big on input line 723.
LaTeX Info: Redefining \bigg on input line 724.
LaTeX Info: Redefining \Bigg on input line 725.
\big@size=\dimen143
LaTeX Font Info:    Redeclaring font encoding OML on input line 743.
LaTeX Font Info:    Redeclaring font encoding OMS on input line 744.
\macc@depth=\count266
LaTeX Info: Redefining \bmod on input line 905.
LaTeX Info: Redefining \pmod on input line 910.
LaTeX Info: Redefining \smash on input line 940.
LaTeX Info: Redefining \relbar on input line 970.
LaTeX Info: Redefining \Relbar on input line 971.
\c@MaxMatrixCols=\count267
\dotsspace@=\muskip16
\c@parentequation=\count268
\dspbrk@lvl=\count269
\tag@help=\toks18
\row@=\count270
\column@=\count271
\maxfields@=\count272
\andhelp@=\toks19
\eqnshift@=\dimen144
\alignsep@=\dimen145
\tagshift@=\dimen146
\tagwidth@=\dimen147
\totwidth@=\dimen148
\lineht@=\dimen149
\@envbody=\toks20
\multlinegap=\skip51
\multlinetaggap=\skip52
\mathdisplay@stack=\toks21
LaTeX Info: Redefining \[ on input line 2953.
LaTeX Info: Redefining \] on input line 2954.
)
(/usr/share/texlive/texmf-dist/tex/latex/amsfonts/amssymb.sty
Package: amssymb 2013/01/14 v3.01 AMS font symbols

(/usr/share/texlive/texmf-dist/tex/latex/amsfonts/amsfonts.sty
Package: amsfonts 2013/01/14 v3.01 Basic AMSFonts support
\symAMSa=\mathgroup4
\symAMSb=\mathgroup5
LaTeX Font Info:    Redeclaring math symbol \hbar on input line 98.
LaTeX Font Info:    Overwriting math alphabet `\mathfrak' in version `bold'
(Font)                  U/euf/m/n --> U/euf/b/n on input line 106.
))
(/usr/share/texlive/texmf-dist/tex/latex/graphics/graphicx.sty
Package: graphicx 2021/09/16 v1.2d Enhanced LaTeX Graphics (DPC,SPQR)

(/usr/share/texlive/texmf-dist/tex/latex/graphics/keyval.sty
Package: keyval 2022/05/29 v1.15 key=value parser (DPC)
\KV@toks@=\toks22
)
(/usr/share/texlive/texmf-dist/tex/latex/graphics/graphics.sty
Package: graphics 2022/03/10 v1.4e Standard LaTeX Graphics (DPC,SPQR)

(/usr/share/texlive/texmf-dist/tex/latex/graphics/trig.sty
Package: trig 2021/08/11 v1.11 sin cos tan (DPC)
)
(/usr/share/texlive/texmf-dist/tex/latex/graphics-cfg/graphics.cfg
File: graphics.cfg 2016/06/04 v1.11 sample graphics configuration
)
Package graphics Info: Driver file: pdftex.def on input line 107.

(/usr/share/texlive/texmf-dist/tex/latex/graphics-def/pdftex.def
File: pdftex.def 2022/09/22 v1.2b Graphics/color driver for pdftex
))
\Gin@req@height=\dimen150
\Gin@req@width=\dimen151
)
(/usr/share/texlive/texmf-dist/tex/latex/geometry/geometry.sty
Package: geometry 2020/01/02 v5.9 Page Geometry

(/usr/share/texlive/texmf-dist/tex/generic/iftex/ifvtex.sty
Package: ifvtex 2019/10/25 v1.7 ifvtex legacy package. Use iftex instead.

(/usr/share/texlive/texmf-dist/tex/generic/iftex/iftex.sty
Package: iftex 2022/02/03 v1.0f TeX engine tests
))
\Gm@cnth=\count273
\Gm@cntv=\count274
\c@Gm@tempcnt=\count275
\Gm@bindingoffset=\dimen152
\Gm@wd@mp=\dimen153
\Gm@odd@mp=\dimen154
\Gm@even@mp=\dimen155
\Gm@layoutwidth=\dimen156
\Gm@layoutheight=\dimen157
\Gm@layouthoffset=\dimen158
\Gm@layoutvoffset=\dimen159
\Gm@dimlist=\toks23
)
(/usr/share/texlive/texmf-dist/tex/latex/tools/verbatim.sty
Package: verbatim 2023-11-06 v1.5v LaTeX2e package for verbatim enhancements
\every@verbatim=\toks24
\verbatim@line=\toks25
\verbatim@in@stream=\read2
)
(/usr/share/texlive/texmf-dist/tex/latex/l3backend/l3backend-pdftex.def
File: l3backend-pdftex.def 2024-01-04 L3 backend support: PDF output (pdfTeX)
\l__color_backend_stack_int=\count276
\l__pdf_internal_box=\box53
)
(./paper.aux
! Missing \endcsname inserted.
<to be read again>
                   \protect
l.35 ...reasing back to zero}{figure.caption.4}{}}
                                                  
The control sequence marked <to be read again> should
not appear between \csname and \endcsname.

! Missing \endcsname inserted.
<to be read again>
                   \protect
l.35 ...reasing back to zero}{figure.caption.4}{}}
                                                  
The control sequence marked <to be read again> should
not appear between \csname and \endcsname.

! Missing \endcsname inserted.
<to be read again>
                   \protect
l.36 ...o@cref}{{[figure][1][]1}{[1][3][]4}{}{}{}}
                                                  
The control sequence marked <to be read again> should
not appear between \csname and \endcsname.


! LaTeX Error: Missing \begin{document}.

See the LaTeX manual or LaTeX Companion for explanation.
Type  H <return>  for immediate help.
 ...                                              
                                                  
l.36 ...o@cref}{{[figure][1][]1}{[1][3][]4}{}{}{}}
                                                  
You're in trouble here.  Try typing  <return>  to proceed.
If that doesn't work, type  X <return>  to quit.

! Extra \endcsname.
\@ifundefined #1->\ifcsname #1\endcsname
                                         \@ifundefin@d@i \else \@ifundefin@d...
l.36 ...o@cref}{{[figure][1][]1}{[1][3][]4}{}{}{}}
                                                  
I'm ignoring this, since I wasn't doing a \csname.

! Missing \endcsname inserted.
<to be read again>
                   \protect
l.36 ...o@cref}{{[figure][1][]1}{[1][3][]4}{}{}{}}

The control sequence marked <to be read again> should
not appear between \csname and \endcsname.


LaTeX Warning: Label `fig:page\_curve\_intro@cref' multiply defined.

! Missing \endcsname inserted.
<to be read again>
                   \protect
l.36 ...o@cref}{{[figure][1][]1}{[1][3][]4}{}{}{}}
                                                  
The control sequence marked <to be read again> should
not appear between \csname and \endcsname.

! Missing \endcsname inserted.
<to be read again>
                   \protect
l.44 ...quently used notation}{table.caption.6}{}}
                                                  
The control sequence marked <to be read again> should
not appear between \csname and \endcsname.

! Extra \endcsname.
\@ifundefined #1->\ifcsname #1\endcsname
                                         \@ifundefin@d@i \else \@ifundefin@d...
l.44 ...quently used notation}{table.caption.6}{}}
                                                  
I'm ignoring this, since I wasn't doing a \csname.

! Missing \endcsname inserted.
<to be read again>
                   \protect
l.44 ...quently used notation}{table.caption.6}{}}
                                                  
The control sequence marked <to be read again> should
not appear between \csname and \endcsname.


LaTeX Warning: Label `tab:notation\_summary' multiply defined.

! Missing \endcsname inserted.
<to be read again>
                   \protect
l.44 ...quently used notation}{table.caption.6}{}}
                                                  
The control sequence marked <to be read again> should
not appear between \csname and \endcsname.

! Missing \endcsname inserted.
<to be read again>
                   \protect
l.45 ...ry@cref}{{[table][2][]2}{[1][5][]5}{}{}{}}
                                                  
The control sequence marked <to be read again> should
not appear between \csname and \endcsname.

! Extra \endcsname.
\@ifundefined #1->\ifcsname #1\endcsname
                                         \@ifundefin@d@i \else \@ifundefin@d...
l.45 ...ry@cref}{{[table][2][]2}{[1][5][]5}{}{}{}}
                                                  
I'm ignoring this, since I wasn't doing a \csname.

! Missing \endcsname inserted.
<to be read again>
                   \protect
l.45 ...ry@cref}{{[table][2][]2}{[1][5][]5}{}{}{}}
                                                  
The control sequence marked <to be read again> should
not appear between \csname and \endcsname.


LaTeX Warning: Label `tab:notation\_summary@cref' multiply defined.

! Missing \endcsname inserted.
<to be read again>
                   \protect
l.45 ...ry@cref}{{[table][2][]2}{[1][5][]5}{}{}{}}
                                                  
The control sequence marked <to be read again> should
not appear between \csname and \endcsname.

! Missing \endcsname inserted.
<to be read again>
                   \protect
l.47 ... Formalism and Consequences}{section.2}{}}
                                                  
The control sequence marked <to be read again> should
not appear between \csname and \endcsname.

! Missing \endcsname inserted.
<to be read again> 
                   \protect
l.47 ... Formalism and Consequences}{section.2}{}}
                                                  
The control sequence marked <to be read again> should
not appear between \csname and \endcsname.

! Missing \endcsname inserted.
<to be read again> 
                   \protect
l.48 ...@cref}{{[section][2][]2}{[1][5][]5}{}{}{}}
                                                  
The control sequence marked <to be read again> should
not appear between \csname and \endcsname.

! Extra \endcsname.
\@ifundefined #1->\ifcsname #1\endcsname
                                         \@ifundefin@d@i \else \@ifundefin@d...
l.48 ...@cref}{{[section][2][]2}{[1][5][]5}{}{}{}}
                                                  
I'm ignoring this, since I wasn't doing a \csname.

! Missing \endcsname inserted.
<to be read again>
                   \protect
l.48 ...@cref}{{[section][2][]2}{[1][5][]5}{}{}{}}
                                                  
The control sequence marked <to be read again> should
not appear between \csname and \endcsname.


LaTeX Warning: Label `sec:formalism\_consequences@cref' multiply defined.

! Missing \endcsname inserted.
<to be read again> 
                   \protect
l.48 ...@cref}{{[section][2][]2}{[1][5][]5}{}{}{}}
                                                  
The control sequence marked <to be read again> should
not appear between \csname and \endcsname.

! Missing \endcsname inserted.
<to be read again> 
                   \protect
l.62 ... depth $\ell _{\rm mem}$}{definition.2}{}}
                                                  
The control sequence marked <to be read again> should
not appear between \csname and \endcsname.

! Missing \endcsname inserted.
<to be read again>
                   \protect
l.62 ... depth $\ell _{\rm mem}$}{definition.2}{}}
                                                  
The control sequence marked <to be read again> should
not appear between \csname and \endcsname.

! Undefined control sequence.
<argument> r@def:\textsc {HMC}\xspace
                                      {}-memory-depth
l.62 ... depth $\ell _{\rm mem}$}{definition.2}{}}
                                                  
The control sequence at the end of the top line
of your error message was never \def'ed. If you have
misspelled it (e.g., `\hobx'), type `I' and the correct
spelling (e.g., `I\hbox'). Otherwise just continue,
and I'll forget about whatever was undefined.

! Extra \endcsname.
\@namedef ...xpandafter \def \csname #1\endcsname
                                                  
l.62 ... depth $\ell _{\rm mem}$}{definition.2}{}}
                                                  
I'm ignoring this, since I wasn't doing a \csname.

! Undefined control sequence.
<argument> {2}{7}{\HMC
                       {} with memory depth $\ell _{\rm mem}$}{definition.2}{}
l.62 ... depth $\ell _{\rm mem}$}{definition.2}{}}

The control sequence at the end of the top line
of your error message was never \def'ed. If you have
misspelled it (e.g., `\hobx'), type `I' and the correct
spelling (e.g., `I\hbox'). Otherwise just continue,
and I'll forget about whatever was undefined.

LaTeX Font Info:    Trying to load font information for U+msa on input line 62.

(/usr/share/texlive/texmf-dist/tex/latex/amsfonts/umsa.fd
File: umsa.fd 2013/01/14 v3.01 AMS symbols A
)
LaTeX Font Info:    Trying to load font information for U+msb on input line 62.


(/usr/share/texlive/texmf-dist/tex/latex/amsfonts/umsb.fd
File: umsb.fd 2013/01/14 v3.01 AMS symbols B
)
! Missing \endcsname inserted.
<to be read again>
                   \protect
l.63 ...ef}{{[definition][2][]2}{[1][7][]7}{}{}{}}
                                                  
The control sequence marked <to be read again> should
not appear between \csname and \endcsname.

! Undefined control sequence.
<recently read> \xspace

l.63 ...ef}{{[definition][2][]2}{[1][7][]7}{}{}{}}
                                                  
The control sequence at the end of the top line
of your error message was never \def'ed. If you have
misspelled it (e.g., `\hobx'), type `I' and the correct
spelling (e.g., `I\hbox'). Otherwise just continue,
and I'll forget about whatever was undefined.

! Extra \endcsname.
\@ifundefined #1->\ifcsname #1\endcsname
                                         \@ifundefin@d@i \else \@ifundefin@d...
l.63 ...ef}{{[definition][2][]2}{[1][7][]7}{}{}{}}
                                                  
I'm ignoring this, since I wasn't doing a \csname.

! Missing \endcsname inserted.
<to be read again>
                   \protect
l.63 ...ef}{{[definition][2][]2}{[1][7][]7}{}{}{}}
                                                  
The control sequence marked <to be read again> should
not appear between \csname and \endcsname.

! Undefined control sequence.
<write> ...rning: Label `def:\textsc {HMC}\xspace
                                                  {}-memory-depth@cref' mult...
l.63 ...ef}{{[definition][2][]2}{[1][7][]7}{}{}{}}

The control sequence at the end of the top line
of your error message was never \def'ed. If you have
misspelled it (e.g., `\hobx'), type `I' and the correct
spelling (e.g., `I\hbox'). Otherwise just continue,
and I'll forget about whatever was undefined.


LaTeX Warning: Label `def:\textsc {HMC}{}-memory-depth@cref' multiply defined.

! Missing \endcsname inserted.
<to be read again>
                   \protect
l.63 ...ef}{{[definition][2][]2}{[1][7][]7}{}{}{}}
                                                  
The control sequence marked <to be read again> should
not appear between \csname and \endcsname.

! Undefined control sequence.
<argument> r@def:\textsc {HMC}\xspace
                                      {}-memory-depth@cref
l.63 ...ef}{{[definition][2][]2}{[1][7][]7}{}{}{}}

The control sequence at the end of the top line
of your error message was never \def'ed. If you have
misspelled it (e.g., `\hobx'), type `I' and the correct
spelling (e.g., `I\hbox'). Otherwise just continue,
and I'll forget about whatever was undefined.

! Extra \endcsname.
\@namedef ...xpandafter \def \csname #1\endcsname
                                                  
l.63 ...ef}{{[definition][2][]2}{[1][7][]7}{}{}{}}
                                                  
I'm ignoring this, since I wasn't doing a \csname.

! Missing \endcsname inserted.
<to be read again>
                   \protect
l.70 ...end for \Ptwo /\PtwoPrime }{section*.9}{}}
                                                  
The control sequence marked <to be read again> should
not appear between \csname and \endcsname.

! Missing \endcsname inserted.
<to be read again>
                   \protect
l.70 ...end for \Ptwo /\PtwoPrime }{section*.9}{}}
                                                  
The control sequence marked <to be read again> should
not appear between \csname and \endcsname.

! Missing \endcsname inserted.
<to be read again>
                   \protect
l.71 ...ubsection][2][2,3]2.3.2}{[1][8][]8}{}{}{}}
                                                  
The control sequence marked <to be read again> should
not appear between \csname and \endcsname.

! Extra \endcsname.
\@ifundefined #1->\ifcsname #1\endcsname
                                         \@ifundefin@d@i \else \@ifundefin@d...
l.71 ...ubsection][2][2,3]2.3.2}{[1][8][]8}{}{}{}}
                                                  
I'm ignoring this, since I wasn't doing a \csname.

! Missing \endcsname inserted.
<to be read again>
                   \protect
l.71 ...ubsection][2][2,3]2.3.2}{[1][8][]8}{}{}{}}
                                                  
The control sequence marked <to be read again> should
not appear between \csname and \endcsname.


LaTeX Warning: Label `sec:derivations\_postulates@cref' multiply defined.

! Missing \endcsname inserted.
<to be read again>
                   \protect
l.71 ...ubsection][2][2,3]2.3.2}{[1][8][]8}{}{}{}}
                                                  
The control sequence marked <to be read again> should
not appear between \csname and \endcsname.

! Missing \endcsname inserted.
<to be read again>
                   \protect
l.81 ...of P0 and the constant $S_0$}{remark.3}{}}
                                                  
The control sequence marked <to be read again> should
not appear between \csname and \endcsname.

! Missing \endcsname inserted.
<to be read again>
                   \protect
l.81 ...of P0 and the constant $S_0$}{remark.3}{}}
                                                  
The control sequence marked <to be read again> should
not appear between \csname and \endcsname.

! Missing \endcsname inserted.
<to be read again>
                   \protect
l.82 ...0@cref}{{[remark][3][]3}{[1][9][]9}{}{}{}}
                                                  
The control sequence marked <to be read again> should
not appear between \csname and \endcsname.

! Extra \endcsname.
\@ifundefined #1->\ifcsname #1\endcsname
                                         \@ifundefin@d@i \else \@ifundefin@d...
l.82 ...0@cref}{{[remark][3][]3}{[1][9][]9}{}{}{}}
                                                  
I'm ignoring this, since I wasn't doing a \csname.

! Missing \endcsname inserted.
<to be read again>
                   \protect
l.82 ...0@cref}{{[remark][3][]3}{[1][9][]9}{}{}{}}

The control sequence marked <to be read again> should
not appear between \csname and \endcsname.


LaTeX Warning: Label `rem:scope\_P0@cref' multiply defined.

! Missing \endcsname inserted.
<to be read again>
                   \protect
l.82 ...0@cref}{{[remark][3][]3}{[1][9][]9}{}{}{}}

The control sequence marked <to be read again> should
not appear between \csname and \endcsname.

! Missing \endcsname inserted.
<to be read again>
                   \protect
l.99 ...icity window and consistency}{remark.4}{}}

The control sequence marked <to be read again> should
not appear between \csname and \endcsname.

! Missing \endcsname inserted.
<to be read again>
                   \protect
l.99 ...icity window and consistency}{remark.4}{}}

The control sequence marked <to be read again> should
not appear between \csname and \endcsname.

! Missing \endcsname inserted.
<to be read again>
                   \protect
l.100 ...ref}{{[remark][4][]4}{[1][11][]12}{}{}{}}

The control sequence marked <to be read again> should
not appear between \csname and \endcsname.

! Extra \endcsname.
\@ifundefined #1->\ifcsname #1\endcsname
                                         \@ifundefin@d@i \else \@ifundefin@d...
l.100 ...ref}{{[remark][4][]4}{[1][11][]12}{}{}{}}

I'm ignoring this, since I wasn't doing a \csname.

! Missing \endcsname inserted.
<to be read again>
                   \protect
l.100 ...ref}{{[remark][4][]4}{[1][11][]12}{}{}{}}

The control sequence marked <to be read again> should
not appear between \csname and \endcsname.


LaTeX Warning: Label `rem:adiabaticity\_window@cref' multiply defined.

! Missing \endcsname inserted.
<to be read again>
                   \protect
l.100 ...ref}{{[remark][4][]4}{[1][11][]12}{}{}{}}

The control sequence marked <to be read again> should
not appear between \csname and \endcsname.


LaTeX Warning: Label `sec:formalism' multiply defined.

! Missing \endcsname inserted.
<to be read again>
                   \protect
l.106 ...lity, and the Role of $E_n$}{remark.5}{}}

The control sequence marked <to be read again> should
not appear between \csname and \endcsname.

! Missing \endcsname inserted.
<to be read again>
                   \protect
l.106 ...lity, and the Role of $E_n$}{remark.5}{}}

The control sequence marked <to be read again> should
not appear between \csname and \endcsname.

! Missing \endcsname inserted.
<to be read again>
                   \protect
l.107 ...ref}{{[remark][5][]5}{[1][12][]12}{}{}{}}

The control sequence marked <to be read again> should
not appear between \csname and \endcsname.

! Extra \endcsname.
\@ifundefined #1->\ifcsname #1\endcsname
                                         \@ifundefin@d@i \else \@ifundefin@d...
l.107 ...ref}{{[remark][5][]5}{[1][12][]12}{}{}{}}

I'm ignoring this, since I wasn't doing a \csname.

! Missing \endcsname inserted.
<to be read again>
                   \protect
l.107 ...ref}{{[remark][5][]5}{[1][12][]12}{}{}{}}

The control sequence marked <to be read again> should
not appear between \csname and \endcsname.


LaTeX Warning: Label `rem:entropy\_target\_E\_n@cref' multiply defined.

! Missing \endcsname inserted.
<to be read again>
                   \protect
l.107 ...ref}{{[remark][5][]5}{[1][12][]12}{}{}{}}

The control sequence marked <to be read again> should
not appear between \csname and \endcsname.

! Missing \endcsname inserted.
<to be read again>
                   \protect
l.111 ...= R_k \otimes E_k$}{figure.caption.14}{}}

The control sequence marked <to be read again> should
not appear between \csname and \endcsname.

! Missing \endcsname inserted.
<to be read again>
                   \protect
l.111 ...= R_k \otimes E_k$}{figure.caption.14}{}}

The control sequence marked <to be read again> should
not appear between \csname and \endcsname.

! Missing \endcsname inserted.
<to be read again>
                   \protect
l.112 ...ref}{{[figure][2][]2}{[1][13][]14}{}{}{}}

The control sequence marked <to be read again> should
not appear between \csname and \endcsname.

! Extra \endcsname.
\@ifundefined #1->\ifcsname #1\endcsname
                                         \@ifundefin@d@i \else \@ifundefin@d...
l.112 ...ref}{{[figure][2][]2}{[1][13][]14}{}{}{}}

I'm ignoring this, since I wasn't doing a \csname.

! Missing \endcsname inserted.
<to be read again>
                   \protect
l.112 ...ref}{{[figure][2][]2}{[1][13][]14}{}{}{}}

The control sequence marked <to be read again> should
not appear between \csname and \endcsname.


LaTeX Warning: Label `fig:comb\_structure@cref' multiply defined.

! Missing \endcsname inserted.
<to be read again>
                   \protect
l.112 ...ref}{{[figure][2][]2}{[1][13][]14}{}{}{}}

The control sequence marked <to be read again> should
not appear between \csname and \endcsname.

! Missing \endcsname inserted.
<to be read again>
                   \protect
l.121 ...formal paraphrases)}{table.caption.17}{}}

The control sequence marked <to be read again> should
not appear between \csname and \endcsname.

! Missing \endcsname inserted.
<to be read again>
                   \protect
l.121 ...formal paraphrases)}{table.caption.17}{}}

The control sequence marked <to be read again> should
not appear between \csname and \endcsname.

! Missing \endcsname inserted.
<to be read again>
                   \protect
l.122 ...cref}{{[table][4][]4}{[1][16][]16}{}{}{}}

The control sequence marked <to be read again> should
not appear between \csname and \endcsname.

! Extra \endcsname.
\@ifundefined #1->\ifcsname #1\endcsname
                                         \@ifundefin@d@i \else \@ifundefin@d...
l.122 ...cref}{{[table][4][]4}{[1][16][]16}{}{}{}}

I'm ignoring this, since I wasn't doing a \csname.

! Missing \endcsname inserted.
<to be read again>
                   \protect
l.122 ...cref}{{[table][4][]4}{[1][16][]16}{}{}{}}

The control sequence marked <to be read again> should
not appear between \csname and \endcsname.


LaTeX Warning: Label `tab:postulates\_glance@cref' multiply defined.

! Missing \endcsname inserted.
<to be read again> 
                   \protect
l.122 ...cref}{{[table][4][]4}{[1][16][]16}{}{}{}}

The control sequence marked <to be read again> should
not appear between \csname and \endcsname.

! Missing \endcsname inserted.
<to be read again> 
                   \protect
l.139 ...m: Unitarity Restored}{subsection.2.6}{}}
                                                  
The control sequence marked <to be read again> should
not appear between \csname and \endcsname.

! Missing \endcsname inserted.
<to be read again> 
                   \protect
l.139 ...m: Unitarity Restored}{subsection.2.6}{}}
                                                  
The control sequence marked <to be read again> should
not appear between \csname and \endcsname.

! Missing \endcsname inserted.
<to be read again> 
                   \protect
l.140 ...subsection][6][2]2.6}{[1][18][]19}{}{}{}}
                                                  
The control sequence marked <to be read again> should
not appear between \csname and \endcsname.

! Extra \endcsname.
\@ifundefined #1->\ifcsname #1\endcsname
                                         \@ifundefin@d@i \else \@ifundefin@d...
l.140 ...subsection][6][2]2.6}{[1][18][]19}{}{}{}}
                                                  
I'm ignoring this, since I wasn't doing a \csname.

! Missing \endcsname inserted.
<to be read again> 
                   \protect
l.140 ...subsection][6][2]2.6}{[1][18][]19}{}{}{}}
                                                  
The control sequence marked <to be read again> should
not appear between \csname and \endcsname.


LaTeX Warning: Label `sec:page\_theorem@cref' multiply defined.

! Missing \endcsname inserted.
<to be read again> 
                   \protect
l.140 ...subsection][6][2]2.6}{[1][18][]19}{}{}{}}
                                                  
The control sequence marked <to be read again> should
not appear between \csname and \endcsname.

! Missing \endcsname inserted.
<to be read again> 
                   \protect
l.143 ...Page Theorem (summary)}{equation.2.12}{}}
                                                  
The control sequence marked <to be read again> should
not appear between \csname and \endcsname.

! Missing \endcsname inserted.
<to be read again> 
                   \protect
l.143 ...Page Theorem (summary)}{equation.2.12}{}}
                                                  
The control sequence marked <to be read again> should
not appear between \csname and \endcsname.

! Missing \endcsname inserted.
<to be read again> 
                   \protect
l.144 ...equation][12][2]2.12}{[1][18][]19}{}{}{}}
                                                  
The control sequence marked <to be read again> should
not appear between \csname and \endcsname.

! Extra \endcsname.
\@ifundefined #1->\ifcsname #1\endcsname
                                         \@ifundefin@d@i \else \@ifundefin@d...
l.144 ...equation][12][2]2.12}{[1][18][]19}{}{}{}}
                                                  
I'm ignoring this, since I wasn't doing a \csname.

! Missing \endcsname inserted.
<to be read again> 
                   \protect
l.144 ...equation][12][2]2.12}{[1][18][]19}{}{}{}}
                                                  
The control sequence marked <to be read again> should
not appear between \csname and \endcsname.


LaTeX Warning: Label `eq:comb\_min\_principle@cref' multiply defined.

! Missing \endcsname inserted.
<to be read again> 
                   \protect
l.144 ...equation][12][2]2.12}{[1][18][]19}{}{}{}}
                                                  
The control sequence marked <to be read again> should
not appear between \csname and \endcsname.

! Missing \endcsname inserted.
<to be read again> 
                   \protect
l.147 ...al \(O(1)\) factors}{table.caption.21}{}}
                                                  
The control sequence marked <to be read again> should
not appear between \csname and \endcsname.

! Missing \endcsname inserted.
<to be read again> 
                   \protect
l.147 ...al \(O(1)\) factors}{table.caption.21}{}}
                                                  
The control sequence marked <to be read again> should
not appear between \csname and \endcsname.

! Missing \endcsname inserted.
<to be read again> 
                   \protect
l.148 ...cref}{{[table][5][]5}{[1][19][]19}{}{}{}}
                                                  
The control sequence marked <to be read again> should
not appear between \csname and \endcsname.

! Extra \endcsname.
\@ifundefined #1->\ifcsname #1\endcsname
                                         \@ifundefin@d@i \else \@ifundefin@d...
l.148 ...cref}{{[table][5][]5}{[1][19][]19}{}{}{}}
                                                  
I'm ignoring this, since I wasn't doing a \csname.

! Missing \endcsname inserted.
<to be read again> 
                   \protect
l.148 ...cref}{{[table][5][]5}{[1][19][]19}{}{}{}}
                                                  
The control sequence marked <to be read again> should
not appear between \csname and \endcsname.


LaTeX Warning: Label `tab:error\_budget@cref' multiply defined.

! Missing \endcsname inserted.
<to be read again> 
                   \protect
l.148 ...cref}{{[table][5][]5}{[1][19][]19}{}{}{}}
                                                  
The control sequence marked <to be read again> should
not appear between \csname and \endcsname.

! Missing \endcsname inserted.
<to be read again> 
                   \protect
l.160 ... the Logarithmic Error Term}{remark.8}{}}
                                                  
The control sequence marked <to be read again> should
not appear between \csname and \endcsname.

! Missing \endcsname inserted.
<to be read again> 
                   \protect
l.160 ... the Logarithmic Error Term}{remark.8}{}}
                                                  
The control sequence marked <to be read again> should
not appear between \csname and \endcsname.

! Missing \endcsname inserted.
<to be read again> 
                   \protect
l.161 ...ref}{{[remark][8][]8}{[1][20][]21}{}{}{}}
                                                  
The control sequence marked <to be read again> should
not appear between \csname and \endcsname.

! Extra \endcsname.
\@ifundefined #1->\ifcsname #1\endcsname
                                         \@ifundefin@d@i \else \@ifundefin@d...
l.161 ...ref}{{[remark][8][]8}{[1][20][]21}{}{}{}}
                                                  
I'm ignoring this, since I wasn't doing a \csname.

! Missing \endcsname inserted.
<to be read again> 
                   \protect
l.161 ...ref}{{[remark][8][]8}{[1][20][]21}{}{}{}}
                                                  
The control sequence marked <to be read again> should
not appear between \csname and \endcsname.


LaTeX Warning: Label `rem:log\_error\_sources@cref' multiply defined.

! Missing \endcsname inserted.
<to be read again> 
                   \protect
l.161 ...ref}{{[remark][8][]8}{[1][20][]21}{}{}{}}
                                                  
The control sequence marked <to be read again> should
not appear between \csname and \endcsname.

! Missing \endcsname inserted.
<to be read again> 
                   \protect
l.179 ...a: Horizon Gentleness}{subsection.2.8}{}}
                                                  
The control sequence marked <to be read again> should
not appear between \csname and \endcsname.

! Missing \endcsname inserted.
<to be read again> 
                   \protect
l.179 ...a: Horizon Gentleness}{subsection.2.8}{}}
                                                  
The control sequence marked <to be read again> should
not appear between \csname and \endcsname.

! Missing \endcsname inserted.
<to be read again> 
                   \protect
l.180 ...subsection][8][2]2.8}{[1][25][]25}{}{}{}}
                                                  
The control sequence marked <to be read again> should
not appear between \csname and \endcsname.

! Extra \endcsname.
\@ifundefined #1->\ifcsname #1\endcsname
                                         \@ifundefin@d@i \else \@ifundefin@d...
l.180 ...subsection][8][2]2.8}{[1][25][]25}{}{}{}}
                                                  
I'm ignoring this, since I wasn't doing a \csname.

! Missing \endcsname inserted.
<to be read again> 
                   \protect
l.180 ...subsection][8][2]2.8}{[1][25][]25}{}{}{}}

The control sequence marked <to be read again> should
not appear between \csname and \endcsname.


LaTeX Warning: Label `sec:no\_firewall@cref' multiply defined.

! Missing \endcsname inserted.
<to be read again>
                   \protect
l.180 ...subsection][8][2]2.8}{[1][25][]25}{}{}{}}

The control sequence marked <to be read again> should
not appear between \csname and \endcsname.

! Missing \endcsname inserted.
<to be read again>
                   \protect
l.195 ...ion without Remnants}{subsection.2.10}{}}

The control sequence marked <to be read again> should
not appear between \csname and \endcsname.

! Missing \endcsname inserted.
<to be read again>
                   \protect
l.195 ...ion without Remnants}{subsection.2.10}{}}

The control sequence marked <to be read again> should
not appear between \csname and \endcsname.

! Missing \endcsname inserted.
<to be read again>
                   \protect
l.196 ...bsection][10][2]2.10}{[1][27][]27}{}{}{}}

(That makes 100 errors; please try again.)
Here is how much of TeX's memory you used:
 2812 strings out of 476182
 41206 string characters out of 5795594
 1923975 words of memory out of 5000000
 24826 multiletter control sequences out of 15000+600000
 560069 words of font info for 45 fonts, out of 8000000 for 9000
 14 hyphenation exceptions out of 8191
 57i,5n,65p,686b,133s stack positions out of 10000i,1000n,20000p,200000b,200000s

!  ==> Fatal error occurred, no output PDF file produced!
