\BOOKMARK [1][-]{section.1}{\376\377\000I\000n\000t\000r\000o\000d\000u\000c\000t\000i\000o\000n}{}% 1
\BOOKMARK [2][-]{subsection.1.1}{\376\377\000A\000n\000a\000l\000y\000t\000i\000c\000a\000l\000\040\000F\000r\000a\000m\000e\000w\000o\000r\000k}{section.1}% 2
\BOOKMARK [2][-]{subsection.1.2}{\376\377\000A\000n\000a\000l\000y\000t\000i\000c\000\040\000I\000n\000t\000e\000r\000f\000a\000c\000e\000s\000\040\000a\000n\000d\000\040\000P\000a\000r\000a\000m\000e\000t\000e\000r\000\040\000D\000e\000f\000i\000n\000i\000t\000i\000o\000n\000s}{section.1}% 3
\BOOKMARK [2][-]{subsection.1.3}{\376\377\000O\000r\000g\000a\000n\000i\000z\000a\000t\000i\000o\000n\000\040\000o\000f\000\040\000t\000h\000e\000\040\000P\000a\000p\000e\000r}{section.1}% 4
\BOOKMARK [2][-]{subsection.1.4}{\376\377\000V\000i\000s\000u\000a\000l\000\040\000A\000r\000c\000h\000i\000t\000e\000c\000t\000u\000r\000e\000\040\000o\000f\000\040\000t\000h\000e\000\040\000P\000r\000o\000o\000f}{section.1}% 5
\BOOKMARK [2][-]{subsection.1.5}{\376\377\000D\000e\000f\000i\000n\000i\000t\000i\000o\000n\000s\000\040\000a\000n\000d\000\040\000M\000a\000i\000n\000\040\000T\000h\000e\000o\000r\000e\000m}{section.1}% 6
\BOOKMARK [2][-]{subsection.1.6}{\376\377\000S\000t\000r\000a\000t\000e\000g\000y\000\040\000o\000f\000\040\000t\000h\000e\000\040\000P\000r\000o\000o\000f\000:\000\040\000A\000\040\000H\000e\000u\000r\000i\000s\000t\000i\000c\000\040\000R\000o\000a\000d\000m\000a\000p}{section.1}% 7
\BOOKMARK [2][-]{subsection.1.7}{\376\377\000O\000v\000e\000r\000v\000i\000e\000w\000\040\000o\000f\000\040\000t\000h\000e\000\040\000T\000e\000c\000h\000n\000i\000c\000a\000l\000\040\000A\000r\000g\000u\000m\000e\000n\000t}{section.1}% 8
\BOOKMARK [1][-]{section.2}{\376\377\000T\000h\000e\000\040\000p\000-\000H\000a\000r\000m\000o\000n\000i\000c\000\040\000L\000e\000v\000e\000l\000\040\000S\000e\000t\000\040\000M\000e\000t\000h\000o\000d\000\040\000\050\000A\000M\000O\000\040\000F\000r\000a\000m\000e\000w\000o\000r\000k\000\051}{}% 9
\BOOKMARK [1][-]{section.3}{\376\377\000T\000h\000e\000\040\000G\000e\000n\000e\000r\000a\000l\000i\000z\000e\000d\000\040\000J\000a\000n\000g\000\040\000R\000e\000d\000u\000c\000t\000i\000o\000n\000\040\000a\000n\000d\000\040\000A\000n\000a\000l\000y\000t\000i\000c\000a\000l\000\040\000O\000b\000s\000t\000r\000u\000c\000t\000i\000o\000n\000s}{}% 10
\BOOKMARK [2][-]{subsection.3.1}{\376\377\000L\000o\000c\000k\000h\000a\000r\000t\040\023\000M\000c\000O\000w\000e\000n\000\040\000W\000e\000i\000g\000h\000t\000e\000d\000\040\000S\000o\000b\000o\000l\000e\000v\000\040\000S\000p\000a\000c\000e\000s\000:\000\040\000A\000\040\000D\000e\000t\000a\000i\000l\000e\000d\000\040\000F\000r\000a\000m\000e\000w\000o\000r\000k}{section.3}% 11
\BOOKMARK [2][-]{subsection.3.2}{\376\377\000T\000h\000e\000\040\000G\000e\000o\000m\000e\000t\000r\000i\000c\000\040\000S\000e\000t\000u\000p\000\040\000o\000f\000\040\000t\000h\000e\000\040\000G\000J\000E}{section.3}% 12
\BOOKMARK [2][-]{subsection.3.3}{\376\377\000F\000r\000e\000d\000h\000o\000l\000m\000\040\000P\000r\000o\000p\000e\000r\000t\000i\000e\000s\000\040\000o\000n\000\040\000C\000y\000l\000i\000n\000d\000r\000i\000c\000a\000l\000\040\000E\000n\000d\000s}{section.3}% 13
\BOOKMARK [2][-]{subsection.3.4}{\376\377\000S\000c\000a\000l\000a\000r\000\040\000C\000u\000r\000v\000a\000t\000u\000r\000e\000\040\000I\000d\000e\000n\000t\000i\000t\000y\000\040\000a\000n\000d\000\040\000O\000b\000s\000t\000r\000u\000c\000t\000i\000o\000n\000s}{section.3}% 14
\BOOKMARK [1][-]{section.4}{\376\377\000A\000n\000a\000l\000y\000s\000i\000s\000\040\000o\000f\000\040\000t\000h\000e\000\040\000S\000i\000n\000g\000u\000l\000a\000r\000\040\000L\000i\000c\000h\000n\000e\000r\000o\000w\000i\000c\000z\000\040\000E\000q\000u\000a\000t\000i\000o\000n\000\040\000a\000n\000d\000\040\000M\000e\000t\000r\000i\000c\000\040\000D\000e\000f\000o\000r\000m\000a\000t\000i\000o\000n}{}% 15
\BOOKMARK [2][-]{subsection.4.1}{\376\377\000T\000h\000e\000\040\000"\000I\000n\000t\000e\000r\000n\000a\000l\000\040\000C\000o\000r\000n\000e\000r\000"\000\040\000S\000m\000o\000o\000t\000h\000i\000n\000g\000\040\000\050\000M\000i\000a\000o\000\040\000A\000d\000a\000p\000t\000a\000t\000i\000o\000n\000\051}{section.4}% 16
\BOOKMARK [2][-]{subsection.4.2}{\376\377\000L\000o\000c\000k\000h\000a\000r\000t\040\023\000M\000c\000O\000w\000e\000n\000\040\000F\000r\000e\000d\000h\000o\000l\000m\000\040\000T\000h\000e\000o\000r\000y\000\040\000o\000n\000\040\000C\000y\000l\000i\000n\000d\000r\000i\000c\000a\000l\000\040\000E\000n\000d\000s}{section.4}% 17
\BOOKMARK [2][-]{subsection.4.3}{\376\377\000T\000h\000e\000\040\000G\000l\000o\000b\000a\000l\000\040\000B\000o\000u\000n\000d\000\040\000v\000i\000a\000\040\000t\000h\000e\000\040\000I\000n\000t\000e\000g\000r\000a\000l\000\040\000M\000e\000t\000h\000o\000d}{section.4}% 18
\BOOKMARK [2][-]{subsection.4.4}{\376\377\000A\000d\000d\000i\000t\000i\000o\000n\000a\000l\000\040\000c\000l\000a\000r\000i\000f\000i\000c\000a\000t\000i\000o\000n\000s\000\040\000a\000n\000d\000\040\000t\000e\000c\000h\000n\000i\000c\000a\000l\000\040\000l\000e\000m\000m\000a\000s}{section.4}% 19
\BOOKMARK [2][-]{subsection.4.5}{\376\377\000M\000a\000s\000s\000\040\000C\000o\000n\000t\000i\000n\000u\000i\000t\000y\000\040\000a\000n\000d\000\040\000A\000s\000y\000m\000p\000t\000o\000t\000i\000c\000s}{section.4}% 20
\BOOKMARK [2][-]{subsection.4.6}{\376\377\000C\000o\000n\000s\000t\000r\000u\000c\000t\000i\000o\000n\000\040\000o\000f\000\040\000t\000h\000e\000\040\000C\000o\000n\000f\000o\000r\000m\000a\000l\000\040\000F\000a\000c\000t\000o\000r}{section.4}% 21
\BOOKMARK [2][-]{subsection.4.7}{\376\377\000F\000o\000r\000m\000a\000l\000\040\000D\000e\000f\000i\000n\000i\000t\000i\000o\000n\000\040\000o\000f\000\040\000t\000h\000e\000\040\000S\000m\000o\000o\000t\000h\000e\000d\000\040\000M\000a\000n\000i\000f\000o\000l\000d\000\040\000w\000i\000t\000h\000\040\000C\000o\000r\000n\000e\000r\000s}{section.4}% 22
\BOOKMARK [2][-]{subsection.4.8}{\376\377\000S\000t\000a\000b\000i\000l\000i\000t\000y\000\040\000o\000f\000\040\000t\000h\000e\000\040\000M\000i\000n\000i\000m\000a\000l\000\040\000S\000u\000r\000f\000a\000c\000e}{section.4}% 23
\BOOKMARK [2][-]{subsection.4.9}{\376\377\000A\000p\000p\000l\000i\000c\000a\000t\000i\000o\000n\000\040\000o\000f\000\040\000t\000h\000e\000\040\000A\000M\000O\000\040\000M\000o\000n\000o\000t\000o\000n\000i\000c\000i\000t\000y}{section.4}% 24
\BOOKMARK [1][-]{section.5}{\376\377\000S\000y\000n\000t\000h\000e\000s\000i\000s\000:\000\040\000L\000i\000m\000i\000t\000\040\000o\000f\000\040\000I\000n\000e\000q\000u\000a\000l\000i\000t\000i\000e\000s}{}% 25
\BOOKMARK [1][-]{section.6}{\376\377\000R\000i\000g\000i\000d\000i\000t\000y\000\040\000a\000n\000d\000\040\000t\000h\000e\000\040\000U\000n\000i\000q\000u\000e\000n\000e\000s\000s\000\040\000o\000f\000\040\000S\000c\000h\000w\000a\000r\000z\000s\000c\000h\000i\000l\000d}{}% 26
\BOOKMARK [1][-]{appendix.A}{\376\377\000G\000l\000o\000b\000a\000l\000\040\000L\000i\000p\000s\000c\000h\000i\000t\000z\000\040\000S\000t\000r\000u\000c\000t\000u\000r\000e\000\040\000o\000f\000\040\000t\000h\000e\000\040\000J\000a\000n\000g\000\040\000M\000e\000t\000r\000i\000c}{}% 27
\BOOKMARK [2][-]{subsection.A.1}{\376\377\000T\000h\000e\000\040\000C\000y\000l\000i\000n\000d\000r\000i\000c\000a\000l\000\040\000T\000r\000a\000n\000s\000f\000o\000r\000m\000a\000t\000i\000o\000n}{appendix.A}% 28
\BOOKMARK [2][-]{subsection.A.2}{\376\377\000T\000h\000e\000\040\000R\000e\000g\000u\000l\000a\000r\000i\000z\000e\000d\000\040\000A\000t\000l\000a\000s}{appendix.A}% 29
\BOOKMARK [2][-]{subsection.A.3}{\376\377\000I\000m\000p\000l\000i\000c\000a\000t\000i\000o\000n\000\040\000f\000o\000r\000\040\000S\000m\000o\000o\000t\000h\000i\000n\000g}{appendix.A}% 30
\BOOKMARK [1][-]{appendix.B}{\376\377\000I\000n\000d\000e\000x\000\040\000o\000f\000\040\000N\000o\000t\000a\000t\000i\000o\000n}{}% 31
\BOOKMARK [1][-]{appendix.C}{\376\377\000C\000o\000n\000c\000l\000u\000s\000i\000o\000n}{}% 32
\BOOKMARK [1][-]{appendix.D}{\376\377\000G\000e\000o\000m\000e\000t\000r\000i\000c\000\040\000M\000e\000a\000s\000u\000r\000e\000\040\000T\000h\000e\000o\000r\000y\000\040\000A\000n\000a\000l\000y\000s\000i\000s\000\040\000o\000f\000\040\000t\000h\000e\000\040\000S\000m\000o\000o\000t\000h\000i\000n\000g}{}% 33
\BOOKMARK [2][-]{subsection.D.1}{\376\377\000G\000e\000o\000m\000e\000t\000r\000y\000\040\000o\000f\000\040\000t\000h\000e\000\040\000S\000m\000o\000o\000t\000h\000i\000n\000g\000\040\000C\000o\000l\000l\000a\000r}{appendix.D}% 34
\BOOKMARK [2][-]{subsection.D.2}{\376\377\000U\000n\000i\000f\000o\000r\000m\000\040\000D\000e\000n\000s\000i\000t\000y\000\040\000E\000s\000t\000i\000m\000a\000t\000e\000s}{appendix.D}% 35
\BOOKMARK [2][-]{subsection.D.3}{\376\377\000I\000s\000o\000p\000e\000r\000i\000m\000e\000t\000r\000i\000c\000\040\000S\000t\000a\000b\000i\000l\000i\000t\000y\000\040\000v\000i\000a\000\040\000Q\000u\000a\000s\000i\000-\000C\000o\000n\000f\000o\000r\000m\000a\000l\000i\000t\000y}{appendix.D}% 36
\BOOKMARK [2][-]{subsection.D.4}{\376\377\000Q\000u\000a\000n\000t\000i\000t\000a\000t\000i\000v\000e\000\040\000H\000o\000m\000o\000l\000o\000g\000y\000\040\000\050\000T\000h\000e\000\040\000P\000i\000p\000e\000\040\000A\000r\000g\000u\000m\000e\000n\000t\000\051}{appendix.D}% 37
\BOOKMARK [2][-]{subsection.D.5}{\376\377\000V\000a\000r\000i\000f\000o\000l\000d\000\040\000C\000o\000n\000v\000e\000r\000g\000e\000n\000c\000e\000\040\000a\000n\000d\000\040\000R\000e\000g\000u\000l\000a\000r\000i\000t\000y}{appendix.D}% 38
\BOOKMARK [1][-]{appendix.E}{\376\377\000S\000p\000e\000c\000t\000r\000a\000l\000\040\000P\000o\000s\000i\000t\000i\000v\000i\000t\000y\000\040\000a\000n\000d\000\040\000R\000e\000m\000o\000v\000a\000b\000i\000l\000i\000t\000y\000\040\000o\000f\000\040\000S\000i\000n\000g\000u\000l\000a\000r\000i\000t\000i\000e\000s}{}% 39
\BOOKMARK [2][-]{subsection.E.1}{\376\377\000P\000o\000s\000i\000t\000i\000v\000i\000t\000y\000\040\000o\000f\000\040\000t\000h\000e\000\040\000D\000e\000c\000a\000y\000\040\000R\000a\000t\000e}{appendix.E}% 40
\BOOKMARK [2][-]{subsection.E.2}{\376\377\000C\000a\000p\000a\000c\000i\000t\000y\000\040\000Z\000e\000r\000o}{appendix.E}% 41
\BOOKMARK [2][-]{subsection.E.3}{\376\377\000A\000b\000s\000e\000n\000c\000e\000\040\000o\000f\000\040\000G\000h\000o\000s\000t\000\040\000C\000u\000r\000v\000a\000t\000u\000r\000e}{appendix.E}% 42
\BOOKMARK [1][-]{appendix.F}{\376\377\000C\000a\000p\000a\000c\000i\000t\000y\000\040\000o\000f\000\040\000S\000i\000n\000g\000u\000l\000a\000r\000i\000t\000i\000e\000s\000\040\000a\000n\000d\000\040\000F\000l\000u\000x\000\040\000E\000s\000t\000i\000m\000a\000t\000e\000s}{}% 43
\BOOKMARK [1][-]{appendix.G}{\376\377\000V\000a\000n\000i\000s\000h\000i\000n\000g\000\040\000F\000l\000u\000x\000\040\000a\000t\000\040\000T\000i\000p\000s\000\040\000\050\000C\000o\000r\000r\000e\000c\000t\000i\000o\000n\000\051}{}% 44
\BOOKMARK [1][-]{appendix.H}{\376\377\000D\000i\000s\000t\000r\000i\000b\000u\000t\000i\000o\000n\000a\000l\000\040\000I\000d\000e\000n\000t\000i\000t\000i\000e\000s\000\040\000a\000n\000d\000\040\000t\000h\000e\000\040\000B\000o\000c\000h\000n\000e\000r\000\040\000F\000o\000r\000m\000u\000l\000a}{}% 45
\BOOKMARK [1][-]{appendix.I}{\376\377\000L\000o\000c\000k\000h\000a\000r\000t\040\023\000M\000c\000O\000w\000e\000n\000\040\000F\000r\000e\000d\000h\000o\000l\000m\000\040\000T\000h\000e\000o\000r\000y\000\040\000o\000n\000\040\000M\000a\000n\000i\000f\000o\000l\000d\000s\000\040\000w\000i\000t\000h\000\040\000E\000n\000d\000s}{}% 46
\BOOKMARK [2][-]{subsection.I.1}{\376\377\000W\000e\000i\000g\000h\000t\000e\000d\000\040\000S\000o\000b\000o\000l\000e\000v\000\040\000S\000p\000a\000c\000e\000s\000\040\000o\000n\000\040\000t\000h\000e\000\040\000E\000n\000d\000s}{appendix.I}% 47
\BOOKMARK [2][-]{subsection.I.2}{\376\377\000C\000o\000m\000p\000a\000c\000t\000n\000e\000s\000s\000\040\000o\000f\000\040\000t\000h\000e\000\040\000P\000o\000t\000e\000n\000t\000i\000a\000l\000\040\000T\000e\000r\000m}{appendix.I}% 48
\BOOKMARK [2][-]{subsection.I.3}{\376\377\000F\000r\000e\000d\000h\000o\000l\000m\000\040\000P\000r\000o\000p\000e\000r\000t\000y\000\040\000a\000n\000d\000\040\000S\000o\000l\000v\000a\000b\000i\000l\000i\000t\000y}{appendix.I}% 49
\BOOKMARK [2][-]{subsection.I.4}{\376\377\000I\000n\000d\000i\000c\000i\000a\000l\000\040\000R\000o\000o\000t\000s\000\040\000a\000n\000d\000\040\000W\000e\000i\000g\000h\000t\000\040\000C\000h\000o\000i\000c\000e}{appendix.I}% 50
\BOOKMARK [1][-]{appendix.J}{\376\377\000E\000s\000t\000i\000m\000a\000t\000e\000s\000\040\000f\000o\000r\000\040\000t\000h\000e\000\040\000I\000n\000t\000e\000r\000n\000a\000l\000\040\000C\000o\000r\000n\000e\000r\000\040\000S\000m\000o\000o\000t\000h\000i\000n\000g}{}% 51
\BOOKMARK [2][-]{subsection.J.1}{\376\377\000S\000c\000a\000l\000a\000r\000\040\000C\000u\000r\000v\000a\000t\000u\000r\000e\000\040\000i\000n\000\040\000G\000a\000u\000s\000s\000i\000a\000n\000\040\000N\000o\000r\000m\000a\000l\000\040\000C\000o\000o\000r\000d\000i\000n\000a\000t\000e\000s}{appendix.J}% 52
\BOOKMARK [2][-]{subsection.J.2}{\376\377\000A\000n\000a\000l\000y\000s\000i\000s\000\040\000o\000f\000\040\000t\000h\000e\000\040\000Q\000u\000a\000d\000r\000a\000t\000i\000c\000\040\000E\000r\000r\000o\000r}{appendix.J}% 53
\BOOKMARK [2][-]{subsection.J.3}{\376\377\000E\000x\000p\000l\000i\000c\000i\000t\000\040\000S\000c\000a\000l\000a\000r\000\040\000C\000u\000r\000v\000a\000t\000u\000r\000e\000\040\000E\000x\000p\000a\000n\000s\000i\000o\000n}{appendix.J}% 54
\BOOKMARK [1][-]{appendix.K}{\376\377\000D\000e\000r\000i\000v\000a\000t\000i\000o\000n\000\040\000o\000f\000\040\000t\000h\000e\000\040\000B\000r\000a\000y\040\023\000K\000h\000u\000r\000i\000\040\000D\000i\000v\000e\000r\000g\000e\000n\000c\000e\000\040\000I\000d\000e\000n\000t\000i\000t\000y}{}% 55
\BOOKMARK [1][-]{appendix.L}{\376\377\000R\000i\000g\000o\000r\000o\000u\000s\000\040\000S\000c\000a\000l\000a\000r\000\040\000C\000u\000r\000v\000a\000t\000u\000r\000e\000\040\000E\000s\000t\000i\000m\000a\000t\000e\000s\000\040\000f\000o\000r\000\040\000t\000h\000e\000\040\000S\000m\000o\000o\000t\000h\000e\000d\000\040\000M\000e\000t\000r\000i\000c}{}% 56
\BOOKMARK [2][-]{subsection.L.1}{\376\377\000S\000e\000t\000u\000p\000\040\000a\000n\000d\000\040\000M\000e\000t\000r\000i\000c\000\040\000E\000x\000p\000a\000n\000s\000i\000o\000n}{appendix.L}% 57
\BOOKMARK [2][-]{subsection.L.2}{\376\377\000E\000x\000p\000l\000i\000c\000i\000t\000\040\000S\000c\000a\000l\000a\000r\000\040\000C\000u\000r\000v\000a\000t\000u\000r\000e\000\040\000E\000x\000p\000a\000n\000s\000i\000o\000n}{appendix.L}% 58
\BOOKMARK [2][-]{subsection.L.3}{\376\377\000P\000r\000o\000o\000f\000\040\000o\000f\000\040\000t\000h\000e\000\040\000L\0003\000/\0002\000\040\000B\000o\000u\000n\000d}{appendix.L}% 59
\BOOKMARK [1][-]{appendix.M}{\376\377\000T\000h\000e\000\040\000M\000a\000r\000g\000i\000n\000a\000l\000l\000y\000\040\000T\000r\000a\000p\000p\000e\000d\000\040\000L\000i\000m\000i\000t\000\040\000a\000n\000d\000\040\000F\000l\000u\000x\000\040\000C\000a\000n\000c\000e\000l\000l\000a\000t\000i\000o\000n}{}% 60
