This is pdfTeX, Version 3.141592653-2.6-1.40.27 (MiKTeX 25.4) (preloaded format=pdflatex 2025.11.16)  23 DEC 2025 20:39
entering extended mode
 restricted \write18 enabled.
 %&-line parsing enabled.
**./app122_giles_teper_rigorous.tex
(app122_giles_teper_rigorous.tex
LaTeX2e <2025-11-01>
L3 programming layer <2025-10-24>
! Undefined control sequence.
l.1 \section
            {Giles--T\'eper Inequality: From String Tension to a Spectral Ga...
The control sequence at the end of the top line
of your error message was never \def'ed. If you have
misspelled it (e.g., `\hobx'), type `I' and the correct
spelling (e.g., `I\hbox'). Otherwise just continue,
and I'll forget about whatever was undefined.

 
Here is how much of TeX's memory you used:
 16 strings out of 467871
 491 string characters out of 5417891
 433736 words of memory out of 5000000
 28995 multiletter control sequences out of 15000+600000
 627721 words of font info for 40 fonts, out of 8000000 for 9000
 1141 hyphenation exceptions out of 8191
 12i,0n,13p,161b,8s stack positions out of 10000i,1000n,20000p,200000b,200000s
!  ==> Fatal error occurred, no output PDF file produced!
