\BOOKMARK [1][-]{section.1}{\376\377\000I\000n\000t\000r\000o\000d\000u\000c\000t\000i\000o\000n}{}% 1
\BOOKMARK [2][-]{subsection.1.1}{\376\377\000M\000a\000i\000n\000\040\000R\000e\000s\000u\000l\000t\000s}{section.1}% 2
\BOOKMARK [2][-]{subsection.1.2}{\376\377\000O\000r\000g\000a\000n\000i\000z\000a\000t\000i\000o\000n}{section.1}% 3
\BOOKMARK [1][-]{section.2}{\376\377\000M\000a\000t\000h\000e\000m\000a\000t\000i\000c\000a\000l\000\040\000F\000r\000a\000m\000e\000w\000o\000r\000k}{}% 4
\BOOKMARK [2][-]{subsection.2.1}{\376\377\000T\000h\000e\000\040\000K\000a\000s\000n\000e\000r\000\040\000S\000o\000l\000u\000t\000i\000o\000n}{section.2}% 5
\BOOKMARK [2][-]{subsection.2.2}{\376\377\000T\000h\000e\000\040\000B\000K\000L\000\040\000M\000a\000p}{section.2}% 6
\BOOKMARK [2][-]{subsection.2.3}{\376\377\000T\000h\000e\000\040\000M\000i\000x\000m\000a\000s\000t\000e\000r\000\040\000U\000n\000i\000v\000e\000r\000s\000e}{section.2}% 7
\BOOKMARK [1][-]{section.3}{\376\377\000N\000u\000m\000b\000e\000r\000\040\000T\000h\000e\000o\000r\000y\000\040\000C\000o\000n\000n\000e\000c\000t\000i\000o\000n\000s}{}% 8
\BOOKMARK [2][-]{subsection.3.1}{\376\377\000P\000r\000o\000o\000f\000\040\000o\000f\000\040\000t\000h\000e\000\040\000B\000K\000L\000-\000G\000a\000u\000s\000s\000\040\000E\000q\000u\000i\000v\000a\000l\000e\000n\000c\000e}{section.3}% 9
\BOOKMARK [2][-]{subsection.3.2}{\376\377\000T\000h\000e\000\040\000B\000K\000L\000\040\000I\000n\000v\000a\000r\000i\000a\000n\000t\000\040\000M\000e\000a\000s\000u\000r\000e}{section.3}% 10
\BOOKMARK [2][-]{subsection.3.3}{\376\377\000P\000r\000o\000o\000f\000\040\000o\000f\000\040\000t\000h\000e\000\040\000B\000K\000L\000-\000Z\000e\000t\000a\000\040\000C\000o\000r\000r\000e\000s\000p\000o\000n\000d\000e\000n\000c\000e}{section.3}% 11
\BOOKMARK [2][-]{subsection.3.4}{\376\377\000M\000o\000d\000u\000l\000a\000r\000\040\000F\000o\000r\000m\000s\000\040\000C\000o\000n\000n\000e\000c\000t\000i\000o\000n}{section.3}% 12
\BOOKMARK [1][-]{section.4}{\376\377\000Q\000u\000a\000n\000t\000u\000m\000\040\000I\000n\000f\000o\000r\000m\000a\000t\000i\000o\000n\000\040\000F\000r\000a\000m\000e\000w\000o\000r\000k}{}% 13
\BOOKMARK [2][-]{subsection.4.1}{\376\377\000B\000K\000L\000\040\000a\000s\000\040\000S\000c\000r\000a\000m\000b\000l\000i\000n\000g\000\040\000D\000y\000n\000a\000m\000i\000c\000s}{section.4}% 14
\BOOKMARK [2][-]{subsection.4.2}{\376\377\000C\000i\000r\000c\000u\000i\000t\000\040\000C\000o\000m\000p\000l\000e\000x\000i\000t\000y}{section.4}% 15
\BOOKMARK [2][-]{subsection.4.3}{\376\377\000E\000n\000t\000a\000n\000g\000l\000e\000m\000e\000n\000t\000\040\000S\000t\000r\000u\000c\000t\000u\000r\000e}{section.4}% 16
\BOOKMARK [1][-]{section.5}{\376\377\000C\000r\000i\000t\000i\000c\000a\000l\000\040\000D\000i\000m\000e\000n\000s\000i\000o\000n\000\040\000a\000n\000d\000\040\000S\000t\000r\000i\000n\000g\000\040\000T\000h\000e\000o\000r\000y}{}% 17
\BOOKMARK [2][-]{subsection.5.1}{\376\377\000B\000i\000l\000l\000i\000a\000r\000d\000\040\000V\000o\000l\000u\000m\000e\000\040\000A\000n\000a\000l\000y\000s\000i\000s}{section.5}% 18
\BOOKMARK [2][-]{subsection.5.2}{\376\377\000C\000o\000n\000n\000e\000c\000t\000i\000o\000n\000\040\000t\000o\000\040\000S\000t\000r\000i\000n\000g\000\040\000T\000h\000e\000o\000r\000y}{section.5}% 19
\BOOKMARK [1][-]{section.6}{\376\377\000E\0001\0000\000\040\000K\000a\000c\000-\000M\000o\000o\000d\000y\000\040\000A\000l\000g\000e\000b\000r\000a}{}% 20
\BOOKMARK [2][-]{subsection.6.1}{\376\377\000T\000h\000e\000\040\000E\0001\0000\000\040\000C\000o\000n\000j\000e\000c\000t\000u\000r\000e}{section.6}% 21
\BOOKMARK [2][-]{subsection.6.2}{\376\377\000L\000e\000v\000e\000l\000\040\000D\000e\000c\000o\000m\000p\000o\000s\000i\000t\000i\000o\000n}{section.6}% 22
\BOOKMARK [1][-]{section.7}{\376\377\000N\000u\000m\000e\000r\000i\000c\000a\000l\000\040\000V\000a\000l\000i\000d\000a\000t\000i\000o\000n}{}% 23
\BOOKMARK [2][-]{subsection.7.1}{\376\377\000H\000i\000g\000h\000-\000P\000r\000e\000c\000i\000s\000i\000o\000n\000\040\000C\000o\000m\000p\000u\000t\000a\000t\000i\000o\000n\000s}{section.7}% 24
\BOOKMARK [2][-]{subsection.7.2}{\376\377\000C\000o\000n\000v\000e\000r\000g\000e\000n\000c\000e\000\040\000A\000n\000a\000l\000y\000s\000i\000s}{section.7}% 25
\BOOKMARK [1][-]{section.8}{\376\377\000D\000i\000s\000c\000u\000s\000s\000i\000o\000n\000\040\000a\000n\000d\000\040\000C\000o\000n\000c\000l\000u\000s\000i\000o\000n\000s}{}% 26
\BOOKMARK [2][-]{subsection.8.1}{\376\377\000S\000u\000m\000m\000a\000r\000y\000\040\000o\000f\000\040\000R\000e\000s\000u\000l\000t\000s}{section.8}% 27
\BOOKMARK [2][-]{subsection.8.2}{\376\377\000I\000m\000p\000l\000i\000c\000a\000t\000i\000o\000n\000s}{section.8}% 28
\BOOKMARK [2][-]{subsection.8.3}{\376\377\000O\000p\000e\000n\000\040\000P\000r\000o\000b\000l\000e\000m\000s}{section.8}% 29
\BOOKMARK [2][-]{subsection.8.4}{\376\377\000C\000o\000n\000c\000l\000u\000s\000i\000o\000n}{section.8}% 30
\BOOKMARK [1][-]{appendix.A}{\376\377\000P\000r\000o\000o\000f\000\040\000D\000e\000t\000a\000i\000l\000s\000\040\000f\000o\000r\000\040\000B\000K\000L\000-\000G\000a\000u\000s\000s\000\040\000C\000o\000n\000j\000u\000g\000a\000c\000y}{}% 31
\BOOKMARK [1][-]{appendix.B}{\376\377\000N\000u\000m\000e\000r\000i\000c\000a\000l\000\040\000M\000e\000t\000h\000o\000d\000s}{}% 32
\BOOKMARK [1][-]{appendix.C}{\376\377\000E\0001\0000\000\040\000C\000a\000r\000t\000a\000n\000\040\000M\000a\000t\000r\000i\000x}{}% 33
