\BOOKMARK [1][-]{section.1}{\376\377\000I\000n\000t\000r\000o\000d\000u\000c\000t\000i\000o\000n}{}% 1
\BOOKMARK [2][-]{subsection.1.1}{\376\377\000S\000t\000a\000t\000e\000m\000e\000n\000t\000\040\000o\000f\000\040\000M\000a\000i\000n\000\040\000R\000e\000s\000u\000l\000t\000s}{section.1}% 2
\BOOKMARK [1][-]{section.2}{\376\377\000T\000h\000e\000\040\000K\000a\000s\000n\000e\000r\000\040\000S\000o\000l\000u\000t\000i\000o\000n\000\040\000a\000n\000d\000\040\000B\000K\000L\000\040\000D\000y\000n\000a\000m\000i\000c\000s}{}% 3
\BOOKMARK [2][-]{subsection.2.1}{\376\377\000T\000h\000e\000\040\000K\000a\000s\000n\000e\000r\000\040\000M\000e\000t\000r\000i\000c}{section.2}% 4
\BOOKMARK [2][-]{subsection.2.2}{\376\377\000T\000h\000e\000\040\000B\000K\000L\000\040\000P\000a\000r\000a\000m\000e\000t\000r\000i\000z\000a\000t\000i\000o\000n}{section.2}% 5
\BOOKMARK [2][-]{subsection.2.3}{\376\377\000T\000h\000e\000\040\000B\000K\000L\000\040\000M\000a\000p}{section.2}% 6
\BOOKMARK [1][-]{section.3}{\376\377\000S\000p\000e\000c\000t\000r\000a\000l\000\040\000D\000u\000a\000l\000i\000t\000y\000:\000\040\000B\000K\000L\000\040\000a\000n\000d\000\040\000t\000h\000e\000\040\000M\000o\000d\000u\000l\000a\000r\000\040\000G\000r\000o\000u\000p}{}% 7
\BOOKMARK [2][-]{subsection.3.1}{\376\377\000T\000h\000e\000\040\000G\000a\000u\000s\000s\000\040\000M\000a\000p\000\040\000a\000n\000d\000\040\000C\000o\000n\000t\000i\000n\000u\000e\000d\000\040\000F\000r\000a\000c\000t\000i\000o\000n\000s}{section.3}% 8
\BOOKMARK [2][-]{subsection.3.2}{\376\377\000T\000h\000e\000\040\000M\000o\000d\000u\000l\000a\000r\000\040\000G\000r\000o\000u\000p\000\040\000A\000c\000t\000i\000o\000n}{section.3}% 9
\BOOKMARK [2][-]{subsection.3.3}{\376\377\000P\000e\000r\000i\000o\000d\000i\000c\000\040\000O\000r\000b\000i\000t\000s\000\040\000a\000n\000d\000\040\000C\000l\000o\000s\000e\000d\000\040\000G\000e\000o\000d\000e\000s\000i\000c\000s}{section.3}% 10
\BOOKMARK [1][-]{section.4}{\376\377\000T\000h\000e\000\040\000E\000n\000t\000r\000o\000p\000y\000\040\000T\000h\000e\000o\000r\000e\000m}{}% 11
\BOOKMARK [2][-]{subsection.4.1}{\376\377\000T\000r\000a\000n\000s\000f\000e\000r\000\040\000O\000p\000e\000r\000a\000t\000o\000r\000\040\000F\000r\000a\000m\000e\000w\000o\000r\000k}{section.4}% 12
\BOOKMARK [2][-]{subsection.4.2}{\376\377\000T\000o\000p\000o\000l\000o\000g\000i\000c\000a\000l\000\040\000a\000n\000d\000\040\000M\000e\000t\000r\000i\000c\000\040\000E\000n\000t\000r\000o\000p\000y}{section.4}% 13
\BOOKMARK [2][-]{subsection.4.3}{\376\377\000N\000u\000m\000e\000r\000i\000c\000a\000l\000\040\000V\000e\000r\000i\000f\000i\000c\000a\000t\000i\000o\000n}{section.4}% 14
\BOOKMARK [1][-]{section.5}{\376\377\000T\000h\000e\000\040\000Z\000e\000t\000a\000\040\000F\000u\000n\000c\000t\000i\000o\000n\000\040\000I\000d\000e\000n\000t\000i\000t\000y}{}% 15
\BOOKMARK [2][-]{subsection.5.1}{\376\377\000D\000i\000g\000i\000t\000\040\000D\000i\000s\000t\000r\000i\000b\000u\000t\000i\000o\000n\000\040\000a\000n\000d\000\040\000t\000h\000e\000\040\000P\000a\000r\000t\000i\000t\000i\000o\000n\000\040\000F\000u\000n\000c\000t\000i\000o\000n}{section.5}% 16
\BOOKMARK [2][-]{subsection.5.2}{\376\377\000T\000h\000e\000\040\000M\000a\000i\000n\000\040\000I\000d\000e\000n\000t\000i\000t\000y}{section.5}% 17
\BOOKMARK [1][-]{section.6}{\376\377\000D\000i\000m\000e\000n\000s\000i\000o\000n\000a\000l\000\040\000P\000h\000a\000s\000e\000\040\000T\000r\000a\000n\000s\000i\000t\000i\000o\000n\000\040\000a\000t\000\040\000D\000\040\000=\000\040\0001\0000}{}% 18
\BOOKMARK [2][-]{subsection.6.1}{\376\377\000T\000h\000e\000\040\000B\000K\000L\000\040\000B\000i\000l\000l\000i\000a\000r\000d\000\040\000i\000n\000\040\000H\000i\000g\000h\000e\000r\000\040\000D\000i\000m\000e\000n\000s\000i\000o\000n\000s}{section.6}% 19
\BOOKMARK [2][-]{subsection.6.2}{\376\377\000C\000o\000x\000e\000t\000e\000r\000\040\000G\000r\000o\000u\000p\000s\000\040\000a\000n\000d\000\040\000F\000i\000n\000i\000t\000e\000n\000e\000s\000s}{section.6}% 20
\BOOKMARK [2][-]{subsection.6.3}{\376\377\000T\000h\000e\000\040\000C\000r\000i\000t\000i\000c\000a\000l\000\040\000D\000i\000m\000e\000n\000s\000i\000o\000n\000\040\000T\000h\000e\000o\000r\000e\000m}{section.6}% 21
\BOOKMARK [2][-]{subsection.6.4}{\376\377\000C\000o\000n\000n\000e\000c\000t\000i\000o\000n\000\040\000t\000o\000\040\000S\000t\000r\000i\000n\000g\000\040\000T\000h\000e\000o\000r\000y}{section.6}% 22
\BOOKMARK [1][-]{section.7}{\376\377\000A\000l\000g\000e\000b\000r\000a\000i\000c\000\040\000B\000K\000L\000\040\000T\000r\000a\000j\000e\000c\000t\000o\000r\000i\000e\000s}{}% 23
\BOOKMARK [2][-]{subsection.7.1}{\376\377\000Q\000u\000a\000d\000r\000a\000t\000i\000c\000\040\000I\000r\000r\000a\000t\000i\000o\000n\000a\000l\000s\000\040\000a\000n\000d\000\040\000P\000e\000r\000i\000o\000d\000i\000c\000i\000t\000y}{section.7}% 24
\BOOKMARK [2][-]{subsection.7.2}{\376\377\000C\000l\000a\000s\000s\000i\000f\000i\000c\000a\000t\000i\000o\000n\000\040\000o\000f\000\040\000L\000o\000w\000-\000P\000e\000r\000i\000o\000d\000\040\000O\000r\000b\000i\000t\000s}{section.7}% 25
\BOOKMARK [2][-]{subsection.7.3}{\376\377\000T\000h\000e\000\040\000S\000p\000i\000k\000e\000-\000F\000r\000e\000e\000\040\000T\000h\000e\000o\000r\000e\000m}{section.7}% 26
\BOOKMARK [1][-]{section.8}{\376\377\000N\000u\000m\000b\000e\000r\000-\000T\000h\000e\000o\000r\000e\000t\000i\000c\000\040\000S\000t\000r\000u\000c\000t\000u\000r\000e}{}% 27
\BOOKMARK [2][-]{subsection.8.1}{\376\377\000U\000n\000i\000v\000e\000r\000s\000a\000l\000\040\000C\000o\000n\000s\000t\000a\000n\000t\000s}{section.8}% 28
\BOOKMARK [2][-]{subsection.8.2}{\376\377\000M\000o\000d\000u\000l\000a\000r\000\040\000F\000o\000r\000m\000s}{section.8}% 29
\BOOKMARK [1][-]{section.9}{\376\377\000I\000m\000p\000l\000i\000c\000a\000t\000i\000o\000n\000s\000\040\000f\000o\000r\000\040\000Q\000u\000a\000n\000t\000u\000m\000\040\000G\000r\000a\000v\000i\000t\000y}{}% 30
\BOOKMARK [2][-]{subsection.9.1}{\376\377\000I\000n\000f\000o\000r\000m\000a\000t\000i\000o\000n\000-\000T\000h\000e\000o\000r\000e\000t\000i\000c\000\040\000B\000o\000u\000n\000d\000s}{section.9}% 31
\BOOKMARK [2][-]{subsection.9.2}{\376\377\000H\000o\000l\000o\000g\000r\000a\000p\000h\000i\000c\000\040\000I\000n\000t\000e\000r\000p\000r\000e\000t\000a\000t\000i\000o\000n}{section.9}% 32
\BOOKMARK [2][-]{subsection.9.3}{\376\377\000T\000h\000e\000\040\000E\0001\0000\000\040\000C\000o\000n\000n\000e\000c\000t\000i\000o\000n}{section.9}% 33
\BOOKMARK [1][-]{section.10}{\376\377\000C\000o\000n\000c\000l\000u\000s\000i\000o\000n\000s\000\040\000a\000n\000d\000\040\000O\000p\000e\000n\000\040\000P\000r\000o\000b\000l\000e\000m\000s}{}% 34
\BOOKMARK [2][-]{subsection.10.1}{\376\377\000S\000u\000m\000m\000a\000r\000y\000\040\000o\000f\000\040\000R\000e\000s\000u\000l\000t\000s}{section.10}% 35
\BOOKMARK [2][-]{subsection.10.2}{\376\377\000O\000p\000e\000n\000\040\000P\000r\000o\000b\000l\000e\000m\000s}{section.10}% 36
\BOOKMARK [2][-]{subsection.10.3}{\376\377\000B\000r\000o\000a\000d\000e\000r\000\040\000S\000i\000g\000n\000i\000f\000i\000c\000a\000n\000c\000e}{section.10}% 37
