\BOOKMARK [1][-]{section.1}{\376\377\000I\000n\000t\000r\000o\000d\000u\000c\000t\000i\000o\000n}{}% 1
\BOOKMARK [2][-]{subsection.1.1}{\376\377\000M\000a\000i\000n\000\040\000R\000e\000s\000u\000l\000t\000s}{section.1}% 2
\BOOKMARK [1][-]{section.2}{\376\377\000M\000a\000t\000h\000e\000m\000a\000t\000i\000c\000a\000l\000\040\000P\000r\000e\000l\000i\000m\000i\000n\000a\000r\000i\000e\000s}{}% 3
\BOOKMARK [2][-]{subsection.2.1}{\376\377\000T\000h\000e\000\040\000K\000a\000s\000n\000e\000r\000\040\000S\000o\000l\000u\000t\000i\000o\000n\000\040\000a\000n\000d\000\040\000B\000K\000L\000\040\000P\000a\000r\000a\000m\000e\000t\000e\000r}{section.2}% 4
\BOOKMARK [2][-]{subsection.2.2}{\376\377\000T\000h\000e\000\040\000B\000K\000L\000\040\000M\000a\000p}{section.2}% 5
\BOOKMARK [1][-]{section.3}{\376\377\000S\000p\000e\000c\000t\000r\000a\000l\000\040\000D\000u\000a\000l\000i\000t\000y\000:\000\040\000B\000K\000L\000\040\000a\000n\000d\000\040\000t\000h\000e\000\040\000M\000o\000d\000u\000l\000a\000r\000\040\000G\000r\000o\000u\000p}{}% 6
\BOOKMARK [2][-]{subsection.3.1}{\376\377\000T\000h\000e\000\040\000M\000o\000d\000u\000l\000a\000r\000\040\000S\000u\000r\000f\000a\000c\000e}{section.3}% 7
\BOOKMARK [2][-]{subsection.3.2}{\376\377\000B\000K\000L\000-\000M\000o\000d\000u\000l\000a\000r\000\040\000C\000o\000r\000r\000e\000s\000p\000o\000n\000d\000e\000n\000c\000e}{section.3}% 8
\BOOKMARK [2][-]{subsection.3.3}{\376\377\000P\000e\000r\000i\000o\000d\000i\000c\000\040\000O\000r\000b\000i\000t\000s\000\040\000a\000n\000d\000\040\000C\000l\000o\000s\000e\000d\000\040\000G\000e\000o\000d\000e\000s\000i\000c\000s}{section.3}% 9
\BOOKMARK [1][-]{section.4}{\376\377\000T\000h\000e\000\040\000E\000n\000t\000r\000o\000p\000y\000\040\000T\000h\000e\000o\000r\000e\000m\000:\000\040\000A\000\040\000G\000e\000o\000m\000e\000t\000r\000i\000c\000\040\000P\000r\000o\000o\000f}{}% 10
\BOOKMARK [1][-]{section.5}{\376\377\000T\000h\000e\000\040\000Z\000e\000t\000a\000\040\000F\000u\000n\000c\000t\000i\000o\000n\000\040\000I\000d\000e\000n\000t\000i\000t\000y}{}% 11
\BOOKMARK [2][-]{subsection.5.1}{\376\377\000D\000e\000f\000i\000n\000i\000t\000i\000o\000n\000\040\000o\000f\000\040\000t\000h\000e\000\040\000B\000K\000L\000\040\000P\000a\000r\000t\000i\000t\000i\000o\000n\000\040\000F\000u\000n\000c\000t\000i\000o\000n}{section.5}% 12
\BOOKMARK [1][-]{section.6}{\376\377\000D\000i\000m\000e\000n\000s\000i\000o\000n\000a\000l\000\040\000P\000h\000a\000s\000e\000\040\000T\000r\000a\000n\000s\000i\000t\000i\000o\000n\000\040\000a\000t\000\040\000D\000\040\000=\000\040\0001\0000}{}% 13
\BOOKMARK [2][-]{subsection.6.1}{\376\377\000T\000h\000e\000\040\000B\000K\000L\000\040\000B\000i\000l\000l\000i\000a\000r\000d\000\040\000i\000n\000\040\000D\000\040\000D\000i\000m\000e\000n\000s\000i\000o\000n\000s}{section.6}% 14
\BOOKMARK [2][-]{subsection.6.2}{\376\377\000T\000h\000e\000\040\000C\000r\000i\000t\000i\000c\000a\000l\000\040\000D\000i\000m\000e\000n\000s\000i\000o\000n\000\040\000T\000h\000e\000o\000r\000e\000m}{section.6}% 15
\BOOKMARK [1][-]{section.7}{\376\377\000A\000l\000g\000e\000b\000r\000a\000i\000c\000\040\000B\000K\000L\000\040\000T\000r\000a\000j\000e\000c\000t\000o\000r\000i\000e\000s}{}% 16
\BOOKMARK [2][-]{subsection.7.1}{\376\377\000Q\000u\000a\000d\000r\000a\000t\000i\000c\000\040\000I\000r\000r\000a\000t\000i\000o\000n\000a\000l\000s\000\040\000a\000n\000d\000\040\000P\000e\000r\000i\000o\000d\000i\000c\000\040\000C\000o\000n\000t\000i\000n\000u\000e\000d\000\040\000F\000r\000a\000c\000t\000i\000o\000n\000s}{section.7}% 17
\BOOKMARK [2][-]{subsection.7.2}{\376\377\000C\000l\000a\000s\000s\000i\000f\000i\000c\000a\000t\000i\000o\000n\000\040\000o\000f\000\040\000P\000e\000r\000i\000o\000d\000i\000c\000\040\000O\000r\000b\000i\000t\000s}{section.7}% 18
\BOOKMARK [2][-]{subsection.7.3}{\376\377\000T\000h\000e\000\040\000S\000p\000i\000k\000e\000-\000F\000r\000e\000e\000\040\000T\000h\000e\000o\000r\000e\000m}{section.7}% 19
\BOOKMARK [1][-]{section.8}{\376\377\000N\000u\000m\000e\000r\000i\000c\000a\000l\000\040\000V\000e\000r\000i\000f\000i\000c\000a\000t\000i\000o\000n}{}% 20
\BOOKMARK [2][-]{subsection.8.1}{\376\377\000V\000e\000r\000i\000f\000i\000c\000a\000t\000i\000o\000n\000\040\000o\000f\000\040\000t\000h\000e\000\040\000E\000n\000t\000r\000o\000p\000y\000\040\000T\000h\000e\000o\000r\000e\000m}{section.8}% 21
\BOOKMARK [2][-]{subsection.8.2}{\376\377\000V\000e\000r\000i\000f\000i\000c\000a\000t\000i\000o\000n\000\040\000o\000f\000\040\000D\000i\000m\000e\000n\000s\000i\000o\000n\000a\000l\000\040\000T\000r\000a\000n\000s\000i\000t\000i\000o\000n}{section.8}% 22
\BOOKMARK [2][-]{subsection.8.3}{\376\377\000V\000e\000r\000i\000f\000i\000c\000a\000t\000i\000o\000n\000\040\000o\000f\000\040\000Z\000e\000t\000a\000\040\000F\000u\000n\000c\000t\000i\000o\000n\000\040\000I\000d\000e\000n\000t\000i\000t\000y}{section.8}% 23
\BOOKMARK [1][-]{section.9}{\376\377\000I\000m\000p\000l\000i\000c\000a\000t\000i\000o\000n\000s\000\040\000f\000o\000r\000\040\000Q\000u\000a\000n\000t\000u\000m\000\040\000G\000r\000a\000v\000i\000t\000y}{}% 24
\BOOKMARK [2][-]{subsection.9.1}{\376\377\000T\000h\000e\000\040\000D\000\040\000=\000\040\0001\0000\000\040\000C\000o\000i\000n\000c\000i\000d\000e\000n\000c\000e}{section.9}% 25
\BOOKMARK [2][-]{subsection.9.2}{\376\377\000I\000n\000f\000o\000r\000m\000a\000t\000i\000o\000n\000-\000T\000h\000e\000o\000r\000e\000t\000i\000c\000\040\000B\000o\000u\000n\000d\000s}{section.9}% 26
\BOOKMARK [1][-]{section.10}{\376\377\000C\000o\000n\000c\000l\000u\000s\000i\000o\000n}{}% 27
\BOOKMARK [2][-]{subsection.10.1}{\376\377\000O\000p\000e\000n\000\040\000P\000r\000o\000b\000l\000e\000m\000s}{section.10}% 28
