\BOOKMARK [1][-]{section.1}{\376\377\000I\000n\000t\000r\000o\000d\000u\000c\000t\000i\000o\000n}{}% 1
\BOOKMARK [1][-]{section.2}{\376\377\000B\000u\000d\000g\000e\000t\000e\000d\000\040\000d\000e\000l\000i\000b\000e\000r\000a\000t\000i\000o\000n\000:\000\040\000a\000\040\000f\000o\000r\000m\000a\000l\000i\000z\000a\000t\000i\000o\000n}{}% 2
\BOOKMARK [1][-]{section.3}{\376\377\000B\000e\000y\000o\000n\000d\000\040\000C\000o\000T\000:\000\040\000t\000e\000n\000\040\000a\000l\000g\000o\000r\000i\000t\000h\000m\000s\000\040\000f\000o\000r\000\040\000d\000e\000l\000i\000b\000e\000r\000a\000t\000i\000v\000e\000\040\000t\000e\000s\000t\000-\000t\000i\000m\000e\000\040\000c\000o\000m\000p\000u\000t\000e}{}% 3
\BOOKMARK [2][-]{subsection.3.1}{\376\377\000I\000n\000d\000e\000x\000-\000G\000u\000i\000d\000e\000d\000\040\000D\000e\000l\000i\000b\000e\000r\000a\000t\000i\000o\000n\000\040\000\050\000I\000G\000D\000\051}{section.3}% 4
\BOOKMARK [2][-]{subsection.3.2}{\376\377\000R\000i\000s\000k\000-\000S\000e\000n\000s\000i\000t\000i\000v\000e\000\040\000M\000o\000n\000t\000e\000\040\000C\000a\000r\000l\000o\000\040\000T\000r\000e\000e\000-\000o\000f\000-\000T\000h\000o\000u\000g\000h\000t\000\040\000\050\000R\000S\000-\000M\000C\000T\000T\000\051}{section.3}% 5
\BOOKMARK [2][-]{subsection.3.3}{\376\377\000A\000b\000d\000u\000c\000t\000i\000o\000n\040\023\000D\000e\000d\000u\000c\000t\000i\000o\000n\040\023\000R\000e\000f\000u\000t\000a\000t\000i\000o\000n\000\040\000\050\000A\000D\000R\000\051\000\040\000l\000o\000o\000p\000s}{section.3}% 6
\BOOKMARK [2][-]{subsection.3.4}{\376\377\000C\000o\000u\000n\000t\000e\000r\000f\000a\000c\000t\000u\000a\000l\000\040\000S\000e\000l\000f\000-\000C\000o\000n\000s\000i\000s\000t\000e\000n\000c\000y\000\040\000\050\000C\000S\000C\000\051}{section.3}% 7
\BOOKMARK [2][-]{subsection.3.5}{\376\377\000D\000e\000c\000o\000m\000p\000o\000s\000e\040\023\000R\000e\000c\000o\000m\000p\000o\000s\000e\000\040\000v\000i\000a\000\040\000S\000u\000b\000p\000r\000o\000b\000l\000e\000m\000\040\000M\000a\000r\000k\000e\000t\000s\000\040\000\050\000D\000R\000S\000M\000\051}{section.3}% 8
\BOOKMARK [2][-]{subsection.3.6}{\376\377\000B\000r\000a\000n\000c\000h\000-\000a\000n\000d\000-\000B\000o\000u\000n\000d\000\040\000w\000i\000t\000h\000\040\000L\000L\000M\000\040\000H\000e\000u\000r\000i\000s\000t\000i\000c\000s\000\040\000\050\000B\000B\000-\000L\000L\000M\000\051}{section.3}% 9
\BOOKMARK [2][-]{subsection.3.7}{\376\377\000A\000n\000n\000e\000a\000l\000e\000d\000\040\000P\000o\000p\000u\000l\000a\000t\000i\000o\000n\000\040\000o\000f\000\040\000T\000h\000o\000u\000g\000h\000t\000s\000\040\000\050\000A\000P\000T\000\051}{section.3}% 10
\BOOKMARK [2][-]{subsection.3.8}{\376\377\000D\000e\000l\000i\000b\000e\000r\000a\000t\000i\000v\000e\000\040\000E\000x\000t\000e\000r\000n\000a\000l\000\040\000M\000e\000m\000o\000r\000y\000\040\000w\000i\000t\000h\000\040\000E\000p\000h\000e\000m\000e\000r\000a\000l\000\040\000I\000n\000d\000e\000x\000i\000n\000g\000\040\000\050\000D\000E\000M\000I\000\051}{section.3}% 11
\BOOKMARK [2][-]{subsection.3.9}{\376\377\000P\000r\000o\000b\000a\000b\000i\000l\000i\000s\000t\000i\000c\000\040\000S\000e\000l\000f\000-\000V\000e\000r\000i\000f\000i\000c\000a\000t\000i\000o\000n\000\040\000\050\000P\000S\000V\000\051}{section.3}% 12
\BOOKMARK [2][-]{subsection.3.10}{\376\377\000D\000u\000a\000l\000-\000P\000r\000o\000c\000e\000s\000s\000\040\000G\000a\000t\000i\000n\000g\000\040\000\050\000D\000P\000G\000\051}{section.3}% 13
\BOOKMARK [1][-]{section.4}{\376\377\000S\000t\000o\000p\000p\000i\000n\000g\000\040\000r\000u\000l\000e\000s\000\040\000a\000n\000d\000\040\000c\000o\000m\000p\000u\000t\000e\000\040\000a\000l\000l\000o\000c\000a\000t\000i\000o\000n}{}% 14
\BOOKMARK [2][-]{subsection.4.1}{\376\377\000S\000i\000n\000g\000l\000e\000-\000t\000h\000r\000e\000a\000d\000\040\000o\000p\000t\000i\000m\000a\000l\000\040\000s\000t\000o\000p\000p\000i\000n\000g}{section.4}% 15
\BOOKMARK [2][-]{subsection.4.2}{\376\377\000M\000u\000l\000t\000i\000-\000t\000h\000r\000e\000a\000d\000\040\000s\000c\000h\000e\000d\000u\000l\000i\000n\000g\000\040\000a\000s\000\040\000W\000h\000i\000t\000t\000l\000e\000-\000s\000t\000y\000l\000e\000\040\000i\000n\000d\000e\000x\000a\000b\000i\000l\000i\000t\000y}{section.4}% 16
\BOOKMARK [1][-]{section.5}{\376\377\000P\000s\000y\000c\000h\000o\000l\000o\000g\000y\000\040\000a\000n\000d\000\040\000n\000e\000u\000r\000o\000s\000c\000i\000e\000n\000c\000e\000\040\000l\000i\000n\000k\000s}{}% 17
\BOOKMARK [1][-]{section.6}{\376\377\000E\000v\000a\000l\000u\000a\000t\000i\000o\000n\000\040\000w\000i\000t\000h\000o\000u\000t\000\040\000e\000x\000p\000e\000r\000i\000m\000e\000n\000t\000s\000:\000\040\000w\000h\000a\000t\000\040\000t\000o\000\040\000m\000e\000a\000s\000u\000r\000e}{}% 18
\BOOKMARK [1][-]{section.7}{\376\377\000R\000e\000l\000a\000t\000e\000d\000\040\000w\000o\000r\000k}{}% 19
\BOOKMARK [1][-]{section.8}{\376\377\000L\000i\000m\000i\000t\000a\000t\000i\000o\000n\000s\000\040\000a\000n\000d\000\040\000s\000o\000c\000i\000e\000t\000a\000l\000\040\000c\000o\000n\000s\000i\000d\000e\000r\000a\000t\000i\000o\000n\000s}{}% 20
\BOOKMARK [1][-]{section.9}{\376\377\000C\000o\000n\000c\000l\000u\000s\000i\000o\000n}{}% 21
\BOOKMARK [1][-]{section.10}{\376\377\000S\000c\000o\000p\000e\000\040\000a\000n\000d\000\040\000p\000o\000s\000i\000t\000i\000o\000n\000i\000n\000g\000\040\000r\000e\000l\000a\000t\000i\000v\000e\000\040\000t\000o\000\040\000c\000o\000n\000c\000u\000r\000r\000e\000n\000t\000\040\000w\000o\000r\000k}{}% 22
\BOOKMARK [1][-]{section.11}{\376\377\000T\000h\000r\000e\000a\000t\000s\000\040\000t\000o\000\040\000v\000a\000l\000i\000d\000i\000t\000y\000\040\000a\000n\000d\000\040\000r\000e\000p\000r\000o\000d\000u\000c\000i\000b\000i\000l\000i\000t\000y}{}% 23
