\BOOKMARK [1][-]{section.1}{\376\377\000T\000h\000e\000\040\000E\000q\000u\000i\000v\000a\000l\000e\000n\000c\000e\000\040\000S\000t\000r\000a\000t\000e\000g\000y}{}% 1
\BOOKMARK [2][-]{subsection.1.1}{\376\377\000T\000h\000e\000\040\000T\000w\000o\000\040\000C\000o\000n\000s\000t\000r\000u\000c\000t\000i\000o\000n\000s}{section.1}% 2
\BOOKMARK [2][-]{subsection.1.2}{\376\377\000P\000r\000o\000o\000f\000\040\000S\000t\000r\000a\000t\000e\000g\000y}{section.1}% 3
\BOOKMARK [1][-]{section.2}{\376\377\000T\000h\000e\000\040\000U\000n\000i\000v\000e\000r\000s\000a\000l\000\040\000P\000r\000o\000p\000e\000r\000t\000y\000\040\000o\000f\000\040\000Y\000a\000n\000g\000-\000M\000i\000l\000l\000s}{}% 4
\BOOKMARK [2][-]{subsection.2.1}{\376\377\000A\000x\000i\000o\000m\000a\000t\000i\000c\000\040\000C\000h\000a\000r\000a\000c\000t\000e\000r\000i\000z\000a\000t\000i\000o\000n}{section.2}% 5
\BOOKMARK [2][-]{subsection.2.2}{\376\377\000U\000n\000i\000q\000u\000e\000n\000e\000s\000s\000\040\000T\000h\000e\000o\000r\000e\000m}{section.2}% 6
\BOOKMARK [1][-]{section.3}{\376\377\000V\000e\000r\000i\000f\000i\000c\000a\000t\000i\000o\000n\000\040\000o\000f\000\040\000A\000x\000i\000o\000m\000s}{}% 7
\BOOKMARK [2][-]{subsection.3.1}{\376\377\000L\000a\000t\000t\000i\000c\000e\000\040\000C\000o\000n\000s\000t\000r\000u\000c\000t\000i\000o\000n\000\040\000S\000a\000t\000i\000s\000f\000i\000e\000s\000\040\000A\000x\000i\000o\000m\000s}{section.3}% 8
\BOOKMARK [2][-]{subsection.3.2}{\376\377\000F\000a\000c\000t\000o\000r\000i\000z\000a\000t\000i\000o\000n\000\040\000C\000o\000n\000s\000t\000r\000u\000c\000t\000i\000o\000n\000\040\000S\000a\000t\000i\000s\000f\000i\000e\000s\000\040\000A\000x\000i\000o\000m\000s}{section.3}% 9
\BOOKMARK [1][-]{section.4}{\376\377\000P\000r\000o\000o\000f\000\040\000o\000f\000\040\000M\000a\000i\000n\000\040\000E\000q\000u\000i\000v\000a\000l\000e\000n\000c\000e}{}% 10
\BOOKMARK [1][-]{section.5}{\376\377\000T\000h\000e\000\040\000E\000x\000i\000s\000t\000e\000n\000c\000e\000\040\000P\000r\000o\000b\000l\000e\000m\000:\000\040\000T\000i\000g\000h\000t\000n\000e\000s\000s}{}% 11
\BOOKMARK [2][-]{subsection.5.1}{\376\377\000R\000e\000f\000o\000r\000m\000u\000l\000a\000t\000i\000o\000n}{section.5}% 12
\BOOKMARK [2][-]{subsection.5.2}{\376\377\000T\000i\000g\000h\000t\000n\000e\000s\000s\000\040\000C\000r\000i\000t\000e\000r\000i\000a}{section.5}% 13
\BOOKMARK [1][-]{section.6}{\376\377\000P\000r\000o\000v\000i\000n\000g\000\040\000T\000i\000g\000h\000t\000n\000e\000s\000s\000:\000\040\000N\000e\000w\000\040\000M\000e\000t\000h\000o\000d\000s}{}% 14
\BOOKMARK [2][-]{subsection.6.1}{\376\377\000T\000h\000e\000\040\000R\000e\000f\000l\000e\000c\000t\000i\000o\000n\000\040\000P\000o\000s\000i\000t\000i\000v\000i\000t\000y\000\040\000B\000o\000u\000n\000d}{section.6}% 15
\BOOKMARK [2][-]{subsection.6.2}{\376\377\000T\000h\000e\000\040\000I\000n\000t\000e\000g\000r\000a\000b\000i\000l\000i\000t\000y\000\040\000B\000o\000u\000n\000d}{section.6}% 16
\BOOKMARK [2][-]{subsection.6.3}{\376\377\000T\000h\000e\000\040\000C\000o\000r\000r\000e\000l\000a\000t\000i\000o\000n\000\040\000D\000e\000c\000a\000y\000\040\000B\000o\000u\000n\000d}{section.6}% 17
\BOOKMARK [1][-]{section.7}{\376\377\000T\000h\000e\000\040\000C\000o\000m\000p\000l\000e\000t\000e\000\040\000A\000r\000g\000u\000m\000e\000n\000t}{}% 18
\BOOKMARK [2][-]{subsection.7.1}{\376\377\000T\000h\000e\000o\000r\000e\000m\000\040\000S\000t\000a\000t\000e\000m\000e\000n\000t}{section.7}% 19
\BOOKMARK [2][-]{subsection.7.2}{\376\377\000E\000x\000t\000e\000n\000s\000i\000o\000n\000\040\000t\000o\000\040\000S\000m\000a\000l\000l\000\040\000N}{section.7}% 20
\BOOKMARK [1][-]{section.8}{\376\377\000N\000e\000w\000\040\000A\000t\000t\000a\000c\000k\000\040\000o\000n\000\040\000S\000m\000a\000l\000l\000\040\000N}{}% 21
\BOOKMARK [2][-]{subsection.8.1}{\376\377\000T\000h\000e\000\040\000E\000f\000f\000e\000c\000t\000i\000v\000e\000\040\000L\000a\000r\000g\000e\000\040\000N\000\040\000A\000r\000g\000u\000m\000e\000n\000t}{section.8}% 22
\BOOKMARK [2][-]{subsection.8.2}{\376\377\000I\000n\000t\000e\000r\000p\000o\000l\000a\000t\000i\000o\000n\000\040\000A\000r\000g\000u\000m\000e\000n\000t}{section.8}% 23
\BOOKMARK [2][-]{subsection.8.3}{\376\377\000C\000l\000o\000s\000i\000n\000g\000\040\000t\000h\000e\000\040\000G\000a\000p\000\040\000f\000o\000r\000\040\000S\000U\000\050\0002\000\051\000\040\000a\000n\000d\000\040\000S\000U\000\050\0003\000\051}{section.8}% 24
\BOOKMARK [1][-]{section.9}{\376\377\000S\000t\000a\000t\000u\000s\000\040\000a\000n\000d\000\040\000C\000o\000n\000c\000l\000u\000s\000i\000o\000n\000s}{}% 25
\BOOKMARK [2][-]{subsection.9.1}{\376\377\000W\000h\000a\000t\000\040\000W\000e\000\040\000H\000a\000v\000e\000\040\000P\000r\000o\000v\000e\000n\000\040\000U\000n\000c\000o\000n\000d\000i\000t\000i\000o\000n\000a\000l\000l\000y}{section.9}% 26
\BOOKMARK [2][-]{subsection.9.2}{\376\377\000W\000h\000a\000t\000\040\000R\000e\000m\000a\000i\000n\000s\000\040\000C\000o\000n\000d\000i\000t\000i\000o\000n\000a\000l}{section.9}% 27
\BOOKMARK [2][-]{subsection.9.3}{\376\377\000T\000h\000e\000\040\000F\000i\000n\000a\000l\000\040\000G\000a\000p}{section.9}% 28
