\BOOKMARK [1][-]{section.1}{\376\377\000I\000n\000t\000r\000o\000d\000u\000c\000t\000i\000o\000n}{}% 1
\BOOKMARK [2][-]{subsection.1.1}{\376\377\000T\000h\000e\000\040\000T\000h\000r\000e\000e\000\040\000C\000r\000i\000t\000i\000c\000a\000l\000\040\000G\000a\000p\000s}{section.1}% 2
\BOOKMARK [2][-]{subsection.1.2}{\376\377\000M\000a\000i\000n\000\040\000R\000e\000s\000u\000l\000t\000s}{section.1}% 3
\BOOKMARK [1][-]{section.2}{\376\377\000G\000a\000p\000\040\0001\000:\000\040\000L\000o\000g\000i\000c\000a\000l\000\040\000C\000o\000m\000p\000l\000e\000t\000e\000n\000e\000s\000s\000\040\000o\000f\000\040\000P\000h\000a\000s\000e\000\040\000C\000l\000a\000s\000s\000i\000f\000i\000c\000a\000t\000i\000o\000n}{}% 4
\BOOKMARK [2][-]{subsection.2.1}{\376\377\000T\000h\000e\000\040\000D\000i\000c\000h\000o\000t\000o\000m\000y\000\040\000T\000h\000e\000o\000r\000e\000m}{section.2}% 5
\BOOKMARK [2][-]{subsection.2.2}{\376\377\000E\000x\000c\000l\000u\000d\000i\000n\000g\000\040\000t\000h\000e\000\040\000C\000r\000i\000t\000i\000c\000a\000l\000\040\000P\000o\000i\000n\000t\000\040\000f\000o\000r\000\040\000S\000U\000\050\0002\000\051\000\040\000a\000n\000d\000\040\000S\000U\000\050\0003\000\051}{section.2}% 6
\BOOKMARK [3][-]{subsubsection.2.2.1}{\376\377\000I\000n\000g\000r\000e\000d\000i\000e\000n\000t\000\040\0001\000:\000\040\000S\000c\000a\000l\000i\000n\000g\000\040\000a\000t\000\040\000C\000r\000i\000t\000i\000c\000a\000l\000i\000t\000y}{subsection.2.2}% 7
\BOOKMARK [3][-]{subsubsection.2.2.2}{\376\377\000I\000n\000g\000r\000e\000d\000i\000e\000n\000t\000\040\0002\000:\000\040\000A\000s\000y\000m\000p\000t\000o\000t\000i\000c\000\040\000F\000r\000e\000e\000d\000o\000m\000\040\000C\000o\000n\000s\000t\000r\000a\000i\000n\000t}{subsection.2.2}% 8
\BOOKMARK [3][-]{subsubsection.2.2.3}{\376\377\000I\000n\000g\000r\000e\000d\000i\000e\000n\000t\000\040\0003\000:\000\040\000C\000o\000n\000f\000i\000n\000e\000m\000e\000n\000t\000\040\000B\000o\000u\000n\000d}{subsection.2.2}% 9
\BOOKMARK [1][-]{section.3}{\376\377\000G\000a\000p\000\040\0002\000:\000\040\000U\000n\000i\000f\000o\000r\000m\000\040\000S\000p\000e\000c\000t\000r\000a\000l\000\040\000B\000o\000u\000n\000d}{}% 10
\BOOKMARK [2][-]{subsection.3.1}{\376\377\000T\000h\000e\000\040\000C\000o\000m\000p\000a\000c\000t\000n\000e\000s\000s\000-\000R\000i\000g\000i\000d\000i\000t\000y\000\040\000A\000r\000g\000u\000m\000e\000n\000t}{section.3}% 11
\BOOKMARK [2][-]{subsection.3.2}{\376\377\000Q\000u\000a\000n\000t\000i\000t\000a\000t\000i\000v\000e\000\040\000B\000o\000u\000n\000d\000s}{section.3}% 12
\BOOKMARK [1][-]{section.4}{\376\377\000G\000a\000p\000\040\0003\000:\000\040\000C\000o\000n\000t\000i\000n\000u\000u\000m\000\040\000L\000i\000m\000i\000t}{}% 13
\BOOKMARK [2][-]{subsection.4.1}{\376\377\000T\000h\000e\000\040\000R\000e\000n\000o\000r\000m\000a\000l\000i\000z\000a\000t\000i\000o\000n\000\040\000G\000r\000o\000u\000p\000\040\000T\000r\000a\000j\000e\000c\000t\000o\000r\000y}{section.4}% 14
\BOOKMARK [2][-]{subsection.4.2}{\376\377\000E\000x\000t\000r\000a\000c\000t\000i\000n\000g\000\040\000t\000h\000e\000\040\000C\000o\000n\000t\000i\000n\000u\000u\000m\000\040\000M\000a\000s\000s}{section.4}% 15
\BOOKMARK [1][-]{section.5}{\376\377\000S\000y\000n\000t\000h\000e\000s\000i\000s\000:\000\040\000T\000h\000e\000\040\000C\000o\000m\000p\000l\000e\000t\000e\000\040\000P\000r\000o\000o\000f}{}% 16
\BOOKMARK [1][-]{section.6}{\376\377\000D\000e\000t\000a\000i\000l\000e\000d\000\040\000V\000e\000r\000i\000f\000i\000c\000a\000t\000i\000o\000n}{}% 17
\BOOKMARK [2][-]{subsection.6.1}{\376\377\000C\000h\000e\000c\000k\000i\000n\000g\000\040\000t\000h\000e\000\040\000C\000e\000n\000t\000e\000r\000\040\000S\000y\000m\000m\000e\000t\000r\000y\000\040\000A\000r\000g\000u\000m\000e\000n\000t}{section.6}% 18
\BOOKMARK [2][-]{subsection.6.2}{\376\377\000T\000h\000e\000\040\000C\000o\000n\000f\000o\000r\000m\000a\000l\000\040\000B\000o\000o\000t\000s\000t\000r\000a\000p\000\040\000E\000x\000c\000l\000u\000s\000i\000o\000n}{section.6}% 19
\BOOKMARK [1][-]{section.7}{\376\377\000E\000r\000r\000o\000r\000\040\000A\000n\000a\000l\000y\000s\000i\000s\000\040\000a\000n\000d\000\040\000R\000i\000g\000o\000r\000o\000u\000s\000\040\000B\000o\000u\000n\000d\000s}{}% 20
\BOOKMARK [2][-]{subsection.7.1}{\376\377\000E\000x\000p\000l\000i\000c\000i\000t\000\040\000C\000o\000n\000s\000t\000a\000n\000t\000s}{section.7}% 21
\BOOKMARK [2][-]{subsection.7.2}{\376\377\000N\000u\000m\000e\000r\000i\000c\000a\000l\000\040\000V\000e\000r\000i\000f\000i\000c\000a\000t\000i\000o\000n}{section.7}% 22
\BOOKMARK [1][-]{section.8}{\376\377\000C\000o\000n\000c\000l\000u\000s\000i\000o\000n}{}% 23
