\BOOKMARK [1][-]{section.1}{\376\377\000T\000h\000e\000\040\000C\000e\000n\000t\000r\000a\000l\000\040\000P\000r\000o\000b\000l\000e\000m}{}% 1
\BOOKMARK [2][-]{subsection.1.1}{\376\377\000F\000r\000e\000e\000\040\000E\000n\000e\000r\000g\000y\000\040\000a\000n\000d\000\040\000I\000t\000s\000\040\000D\000e\000r\000i\000v\000a\000t\000i\000v\000e\000s}{section.1}% 2
\BOOKMARK [2][-]{subsection.1.2}{\376\377\000W\000h\000a\000t\000\040\000f\000'\000'\000\050\000\051\000\040\000M\000e\000a\000s\000u\000r\000e\000s}{section.1}% 3
\BOOKMARK [1][-]{section.2}{\376\377\000S\000t\000r\000o\000n\000g\000\040\000C\000o\000u\000p\000l\000i\000n\000g\000\040\000A\000n\000a\000l\000y\000s\000i\000s\000\040\000\050\0001\000\051}{}% 4
\BOOKMARK [2][-]{subsection.2.1}{\376\377\000C\000l\000u\000s\000t\000e\000r\000\040\000E\000x\000p\000a\000n\000s\000i\000o\000n\000\040\000S\000e\000t\000u\000p}{section.2}% 5
\BOOKMARK [2][-]{subsection.2.2}{\376\377\000C\000h\000a\000r\000a\000c\000t\000e\000r\000\040\000E\000x\000p\000a\000n\000s\000i\000o\000n}{section.2}% 6
\BOOKMARK [2][-]{subsection.2.3}{\376\377\000C\000o\000r\000r\000e\000l\000a\000t\000i\000o\000n\000\040\000D\000e\000c\000a\000y}{section.2}% 7
\BOOKMARK [1][-]{section.3}{\376\377\000W\000e\000a\000k\000\040\000C\000o\000u\000p\000l\000i\000n\000g\000\040\000A\000n\000a\000l\000y\000s\000i\000s\000\040\000\050\0001\000\051}{}% 8
\BOOKMARK [2][-]{subsection.3.1}{\376\377\000G\000a\000u\000s\000s\000i\000a\000n\000\040\000A\000p\000p\000r\000o\000x\000i\000m\000a\000t\000i\000o\000n}{section.3}% 9
\BOOKMARK [1][-]{section.4}{\376\377\000T\000h\000e\000\040\000I\000n\000t\000e\000r\000m\000e\000d\000i\000a\000t\000e\000\040\000C\000o\000u\000p\000l\000i\000n\000g\000\040\000C\000h\000a\000l\000l\000e\000n\000g\000e}{}% 10
\BOOKMARK [2][-]{subsection.4.1}{\376\377\000W\000h\000y\000\040\000N\000a\000i\000v\000e\000\040\000M\000e\000t\000h\000o\000d\000s\000\040\000F\000a\000i\000l}{section.4}% 11
\BOOKMARK [2][-]{subsection.4.2}{\376\377\000D\000i\000m\000e\000n\000s\000i\000o\000n\000-\000D\000e\000p\000e\000n\000d\000e\000n\000t\000\040\000A\000n\000a\000l\000y\000s\000i\000s}{section.4}% 12
\BOOKMARK [1][-]{section.5}{\376\377\000N\000e\000w\000\040\000M\000e\000t\000h\000o\000d\000:\000\040\000L\000o\000c\000a\000l\000i\000z\000e\000d\000\040\000C\000o\000r\000r\000e\000l\000a\000t\000i\000o\000n\000\040\000B\000o\000u\000n\000d\000s}{}% 13
\BOOKMARK [2][-]{subsection.5.1}{\376\377\000K\000e\000y\000\040\000I\000n\000n\000o\000v\000a\000t\000i\000o\000n\000:\000\040\000P\000h\000a\000s\000e\000-\000C\000o\000n\000s\000t\000r\000a\000i\000n\000e\000d\000\040\000E\000x\000p\000a\000n\000s\000i\000o\000n}{section.5}% 14
\BOOKMARK [2][-]{subsection.5.2}{\376\377\000C\000o\000r\000r\000e\000l\000a\000t\000i\000o\000n\000\040\000D\000e\000c\000a\000y\000\040\000U\000n\000d\000e\000r\000\040\000C\000o\000n\000s\000t\000r\000a\000i\000n\000t}{section.5}% 15
\BOOKMARK [2][-]{subsection.5.3}{\376\377\000R\000e\000m\000o\000v\000i\000n\000g\000\040\000t\000h\000e\000\040\000C\000o\000n\000s\000t\000r\000a\000i\000n\000t}{section.5}% 16
\BOOKMARK [1][-]{section.6}{\376\377\000T\000h\000e\000\040\0004\000D\000\040\000S\000p\000e\000c\000i\000a\000l\000\040\000C\000a\000s\000e}{}% 17
\BOOKMARK [2][-]{subsection.6.1}{\376\377\000W\000h\000y\000\040\000d\000\040\000=\000\040\0004\000\040\000i\000s\000\040\000D\000i\000f\000f\000e\000r\000e\000n\000t}{section.6}% 18
\BOOKMARK [2][-]{subsection.6.2}{\376\377\000N\000o\000n\000-\000P\000e\000r\000t\000u\000r\000b\000a\000t\000i\000v\000e\000\040\000B\000o\000u\000n\000d\000:\000\040\000T\000h\000e\000\040\000G\000a\000u\000g\000e\000-\000I\000n\000v\000a\000r\000i\000a\000n\000t\000\040\000C\000u\000t\000o\000f\000f}{section.6}% 19
\BOOKMARK [2][-]{subsection.6.3}{\376\377\000T\000h\000e\000\040\000C\000o\000n\000t\000i\000n\000u\000u\000m\000\040\000L\000i\000m\000i\000t\000\040\000C\000h\000a\000l\000l\000e\000n\000g\000e}{section.6}% 20
\BOOKMARK [1][-]{section.7}{\376\377\000T\000o\000w\000a\000r\000d\000s\000\040\000a\000\040\000P\000r\000o\000o\000f}{}% 21
\BOOKMARK [2][-]{subsection.7.1}{\376\377\000S\000t\000r\000a\000t\000e\000g\000y\000\040\000U\000s\000i\000n\000g\000\040\000R\000e\000n\000o\000r\000m\000a\000l\000i\000z\000a\000t\000i\000o\000n\000\040\000G\000r\000o\000u\000p}{section.7}% 22
\BOOKMARK [2][-]{subsection.7.2}{\376\377\000P\000r\000o\000v\000i\000n\000g\000\040\000t\000h\000e\000\040\000R\000u\000n\000n\000i\000n\000g\000\040\000M\000a\000s\000s\000\040\000B\000o\000u\000n\000d}{section.7}% 23
\BOOKMARK [2][-]{subsection.7.3}{\376\377\000B\000r\000e\000a\000k\000i\000n\000g\000\040\000t\000h\000e\000\040\000C\000i\000r\000c\000u\000l\000a\000r\000i\000t\000y}{section.7}% 24
\BOOKMARK [1][-]{section.8}{\376\377\000S\000u\000m\000m\000a\000r\000y\000\040\000o\000f\000\040\000R\000e\000s\000u\000l\000t\000s}{}% 25
\BOOKMARK [2][-]{subsection.8.1}{\376\377\000W\000h\000a\000t\000\040\000W\000e\000\040\000H\000a\000v\000e\000\040\000P\000r\000o\000v\000e\000n}{section.8}% 26
\BOOKMARK [2][-]{subsection.8.2}{\376\377\000W\000h\000a\000t\000\040\000R\000e\000m\000a\000i\000n\000s}{section.8}% 27
\BOOKMARK [2][-]{subsection.8.3}{\376\377\000R\000e\000l\000a\000t\000i\000o\000n\000\040\000t\000o\000\040\000M\000i\000l\000l\000e\000n\000n\000i\000u\000m\000\040\000P\000r\000o\000b\000l\000e\000m}{section.8}% 28
\BOOKMARK [1][-]{section.9}{\376\377\000C\000o\000n\000c\000l\000u\000s\000i\000o\000n}{}% 29
