\BOOKMARK [1][-]{section.1}{\376\377\000S\000e\000t\000u\000p\000\040\000a\000n\000d\000\040\000D\000e\000f\000i\000n\000i\000t\000i\000o\000n\000s}{}% 1
\BOOKMARK [2][-]{subsection.1.1}{\376\377\000L\000a\000t\000t\000i\000c\000e\000\040\000Y\000a\000n\000g\000-\000M\000i\000l\000l\000s\000\040\000T\000h\000e\000o\000r\000y}{section.1}% 2
\BOOKMARK [2][-]{subsection.1.2}{\376\377\000T\000h\000e\000\040\000M\000a\000s\000s\000\040\000G\000a\000p}{section.1}% 3
\BOOKMARK [1][-]{section.2}{\376\377\000T\000h\000e\000\040\000M\000a\000i\000n\000\040\000M\000o\000n\000o\000t\000o\000n\000i\000c\000i\000t\000y\000\040\000T\000h\000e\000o\000r\000e\000m}{}% 4
\BOOKMARK [2][-]{subsection.2.1}{\376\377\000B\000l\000o\000c\000k\000\040\000S\000p\000i\000n\000\040\000T\000r\000a\000n\000s\000f\000o\000r\000m\000a\000t\000i\000o\000n}{section.2}% 5
\BOOKMARK [2][-]{subsection.2.2}{\376\377\000T\000h\000e\000\040\000E\000f\000f\000e\000c\000t\000i\000v\000e\000\040\000M\000a\000s\000s\000\040\000F\000u\000n\000c\000t\000i\000o\000n\000a\000l}{section.2}% 6
\BOOKMARK [2][-]{subsection.2.3}{\376\377\000M\000a\000i\000n\000\040\000M\000o\000n\000o\000t\000o\000n\000i\000c\000i\000t\000y\000\040\000R\000e\000s\000u\000l\000t}{section.2}% 7
\BOOKMARK [1][-]{section.3}{\376\377\000S\000t\000r\000o\000n\000g\000\040\000C\000o\000u\000p\000l\000i\000n\000g\000\040\000A\000n\000a\000l\000y\000s\000i\000s}{}% 8
\BOOKMARK [2][-]{subsection.3.1}{\376\377\000C\000l\000u\000s\000t\000e\000r\000\040\000E\000x\000p\000a\000n\000s\000i\000o\000n}{section.3}% 9
\BOOKMARK [2][-]{subsection.3.2}{\376\377\000E\000x\000p\000l\000i\000c\000i\000t\000\040\000C\000o\000m\000p\000u\000t\000a\000t\000i\000o\000n\000\040\000f\000o\000r\000\040\000S\000U\000\050\0002\000\051}{section.3}% 10
\BOOKMARK [1][-]{section.4}{\376\377\000W\000e\000a\000k\000\040\000C\000o\000u\000p\000l\000i\000n\000g\000\040\000A\000n\000a\000l\000y\000s\000i\000s}{}% 11
\BOOKMARK [2][-]{subsection.4.1}{\376\377\000G\000a\000u\000s\000s\000i\000a\000n\000\040\000A\000p\000p\000r\000o\000x\000i\000m\000a\000t\000i\000o\000n}{section.4}% 12
\BOOKMARK [1][-]{section.5}{\376\377\000T\000h\000e\000\040\000I\000n\000t\000e\000r\000m\000e\000d\000i\000a\000t\000e\000\040\000C\000o\000u\000p\000l\000i\000n\000g\000\040\000P\000r\000o\000b\000l\000e\000m}{}% 13
\BOOKMARK [2][-]{subsection.5.1}{\376\377\000T\000h\000e\000\040\000K\000e\000y\000\040\000H\000y\000p\000o\000t\000h\000e\000s\000i\000s}{section.5}% 14
\BOOKMARK [2][-]{subsection.5.2}{\376\377\000V\000e\000r\000i\000f\000i\000c\000a\000t\000i\000o\000n\000\040\000i\000n\000\040\000L\000o\000w\000\040\000D\000i\000m\000e\000n\000s\000i\000o\000n\000s}{section.5}% 15
\BOOKMARK [2][-]{subsection.5.3}{\376\377\000T\000h\000e\000\040\000d\000\040\000=\000\040\0004\000\040\000O\000b\000s\000t\000r\000u\000c\000t\000i\000o\000n}{section.5}% 16
\BOOKMARK [1][-]{section.6}{\376\377\000A\000\040\000N\000e\000w\000\040\000A\000t\000t\000a\000c\000k\000:\000\040\000C\000o\000n\000v\000e\000x\000i\000t\000y\000\040\000o\000f\000\040\000F\000r\000e\000e\000\040\000E\000n\000e\000r\000g\000y}{}% 17
\BOOKMARK [2][-]{subsection.6.1}{\376\377\000F\000r\000e\000e\000\040\000E\000n\000e\000r\000g\000y\000\040\000a\000n\000d\000\040\000I\000t\000s\000\040\000D\000e\000r\000i\000v\000a\000t\000i\000v\000e\000s}{section.6}% 18
\BOOKMARK [2][-]{subsection.6.2}{\376\377\000C\000o\000n\000n\000e\000c\000t\000i\000n\000g\000\040\000C\000o\000n\000v\000e\000x\000i\000t\000y\000\040\000t\000o\000\040\000M\000a\000s\000s\000\040\000G\000a\000p}{section.6}% 19
\BOOKMARK [2][-]{subsection.6.3}{\376\377\000P\000r\000o\000v\000i\000n\000g\000\040\000B\000o\000u\000n\000d\000e\000d\000\040\000S\000e\000c\000o\000n\000d\000\040\000D\000e\000r\000i\000v\000a\000t\000i\000v\000e}{section.6}% 20
\BOOKMARK [1][-]{section.7}{\376\377\000I\000n\000f\000o\000r\000m\000a\000t\000i\000o\000n\000-\000T\000h\000e\000o\000r\000e\000t\000i\000c\000\040\000B\000o\000u\000n\000d}{}% 21
\BOOKMARK [2][-]{subsection.7.1}{\376\377\000F\000i\000s\000h\000e\000r\000\040\000I\000n\000f\000o\000r\000m\000a\000t\000i\000o\000n}{section.7}% 22
\BOOKMARK [2][-]{subsection.7.2}{\376\377\000C\000r\000a\000m\000\351\000r\000-\000R\000a\000o\000\040\000B\000o\000u\000n\000d\000\040\000f\000o\000r\000\040\000M\000a\000s\000s\000\040\000G\000a\000p}{section.7}% 23
\BOOKMARK [1][-]{section.8}{\376\377\000S\000y\000n\000t\000h\000e\000s\000i\000s\000:\000\040\000A\000\040\000P\000a\000t\000h\000\040\000t\000o\000\040\000t\000h\000e\000\040\000M\000a\000s\000s\000\040\000G\000a\000p}{}% 24
\BOOKMARK [2][-]{subsection.8.1}{\376\377\000S\000u\000m\000m\000a\000r\000y\000\040\000o\000f\000\040\000R\000e\000s\000u\000l\000t\000s}{section.8}% 25
\BOOKMARK [2][-]{subsection.8.2}{\376\377\000T\000h\000e\000\040\000R\000e\000m\000a\000i\000n\000i\000n\000g\000\040\000G\000a\000p}{section.8}% 26
\BOOKMARK [2][-]{subsection.8.3}{\376\377\000W\000h\000a\000t\000\040\000R\000e\000m\000a\000i\000n\000s\000\040\000t\000o\000\040\000P\000r\000o\000v\000e}{section.8}% 27
\BOOKMARK [2][-]{subsection.8.4}{\376\377\000E\000v\000i\000d\000e\000n\000c\000e\000\040\000a\000n\000d\000\040\000A\000p\000p\000r\000o\000a\000c\000h\000e\000s}{section.8}% 28
\BOOKMARK [1][-]{section.9}{\376\377\000C\000o\000n\000c\000l\000u\000s\000i\000o\000n}{}% 29
