\BOOKMARK [1][-]{section.1}{\376\377\000M\000e\000t\000h\000o\000d\000\040\0001\000:\000\040\000S\000t\000o\000c\000h\000a\000s\000t\000i\000c\000\040\000G\000e\000o\000m\000e\000t\000r\000i\000c\000\040\000A\000n\000a\000l\000y\000s\000i\000s}{}% 1
\BOOKMARK [2][-]{subsection.1.1}{\376\377\000K\000e\000y\000\040\000I\000d\000e\000a}{section.1}% 2
\BOOKMARK [2][-]{subsection.1.2}{\376\377\000S\000e\000t\000u\000p}{section.1}% 3
\BOOKMARK [2][-]{subsection.1.3}{\376\377\000M\000a\000s\000s\000\040\000G\000a\000p\000\040\000v\000i\000a\000\040\000S\000p\000e\000c\000t\000r\000a\000l\000\040\000G\000a\000p}{section.1}% 4
\BOOKMARK [2][-]{subsection.1.4}{\376\377\000N\000e\000w\000\040\000A\000t\000t\000a\000c\000k\000:\000\040\000L\000o\000g\000-\000S\000o\000b\000o\000l\000e\000v\000\040\000I\000n\000e\000q\000u\000a\000l\000i\000t\000y}{section.1}% 5
\BOOKMARK [2][-]{subsection.1.5}{\376\377\000T\000h\000e\000\040\000K\000e\000y\000\040\000R\000e\000d\000u\000c\000t\000i\000o\000n}{section.1}% 6
\BOOKMARK [2][-]{subsection.1.6}{\376\377\000P\000a\000r\000t\000i\000a\000l\000\040\000R\000e\000s\000u\000l\000t}{section.1}% 7
\BOOKMARK [2][-]{subsection.1.7}{\376\377\000O\000p\000e\000n\000\040\000P\000r\000o\000b\000l\000e\000m}{section.1}% 8
\BOOKMARK [1][-]{section.2}{\376\377\000M\000e\000t\000h\000o\000d\000\040\0002\000:\000\040\000R\000e\000f\000l\000e\000c\000t\000i\000o\000n\000\040\000P\000o\000s\000i\000t\000i\000v\000i\000t\000y\000\040\000B\000o\000o\000t\000s\000t\000r\000a\000p}{}% 9
\BOOKMARK [2][-]{subsection.2.1}{\376\377\000K\000e\000y\000\040\000I\000d\000e\000a}{section.2}% 10
\BOOKMARK [2][-]{subsection.2.2}{\376\377\000R\000e\000f\000l\000e\000c\000t\000i\000o\000n\000\040\000P\000o\000s\000i\000t\000i\000v\000i\000t\000y}{section.2}% 11
\BOOKMARK [2][-]{subsection.2.3}{\376\377\000C\000o\000r\000r\000e\000l\000a\000t\000i\000o\000n\000\040\000I\000n\000e\000q\000u\000a\000l\000i\000t\000i\000e\000s}{section.2}% 12
\BOOKMARK [2][-]{subsection.2.4}{\376\377\000B\000o\000o\000t\000s\000t\000r\000a\000p\000\040\000S\000t\000r\000a\000t\000e\000g\000y}{section.2}% 13
\BOOKMARK [2][-]{subsection.2.5}{\376\377\000N\000e\000w\000\040\000A\000t\000t\000a\000c\000k\000:\000\040\000S\000u\000m\000\040\000R\000u\000l\000e\000s}{section.2}% 14
\BOOKMARK [2][-]{subsection.2.6}{\376\377\000N\000e\000w\000\040\000R\000e\000s\000u\000l\000t\000:\000\040\000F\000i\000n\000i\000t\000e\000\040\000S\000u\000s\000c\000e\000p\000t\000i\000b\000i\000l\000i\000t\000y\000\040\000I\000m\000p\000l\000i\000e\000s\000\040\000M\000a\000s\000s\000\040\000G\000a\000p}{section.2}% 15
\BOOKMARK [2][-]{subsection.2.7}{\376\377\000O\000p\000e\000n\000\040\000P\000r\000o\000b\000l\000e\000m}{section.2}% 16
\BOOKMARK [1][-]{section.3}{\376\377\000M\000e\000t\000h\000o\000d\000\040\0003\000:\000\040\000D\000i\000s\000c\000r\000e\000t\000e\000\040\000E\000x\000t\000e\000r\000i\000o\000r\000\040\000C\000a\000l\000c\000u\000l\000u\000s}{}% 17
\BOOKMARK [2][-]{subsection.3.1}{\376\377\000K\000e\000y\000\040\000I\000d\000e\000a}{section.3}% 18
\BOOKMARK [2][-]{subsection.3.2}{\376\377\000D\000i\000s\000c\000r\000e\000t\000e\000\040\000F\000o\000r\000m\000s}{section.3}% 19
\BOOKMARK [2][-]{subsection.3.3}{\376\377\000D\000i\000s\000c\000r\000e\000t\000e\000\040\000H\000o\000d\000g\000e\000\040\000L\000a\000p\000l\000a\000c\000i\000a\000n}{section.3}% 20
\BOOKMARK [2][-]{subsection.3.4}{\376\377\000Y\000a\000n\000g\000-\000M\000i\000l\000l\000s\000\040\000a\000s\000\040\000W\000e\000i\000g\000h\000t\000e\000d\000\040\000L\000a\000p\000l\000a\000c\000i\000a\000n}{section.3}% 21
\BOOKMARK [2][-]{subsection.3.5}{\376\377\000S\000p\000e\000c\000t\000r\000a\000l\000\040\000G\000a\000p\000\040\000o\000f\000\040\000H\000o\000d\000g\000e\000\040\000L\000a\000p\000l\000a\000c\000i\000a\000n}{section.3}% 22
\BOOKMARK [2][-]{subsection.3.6}{\376\377\000N\000o\000n\000-\000A\000b\000e\000l\000i\000a\000n\000\040\000C\000o\000r\000r\000e\000c\000t\000i\000o\000n}{section.3}% 23
\BOOKMARK [2][-]{subsection.3.7}{\376\377\000N\000e\000w\000\040\000A\000t\000t\000a\000c\000k\000:\000\040\000P\000r\000o\000b\000a\000b\000i\000l\000i\000s\000t\000i\000c\000\040\000H\000o\000d\000g\000e\000\040\000T\000h\000e\000o\000r\000y}{section.3}% 24
\BOOKMARK [2][-]{subsection.3.8}{\376\377\000M\000a\000i\000n\000\040\000R\000e\000s\000u\000l\000t}{section.3}% 25
\BOOKMARK [2][-]{subsection.3.9}{\376\377\000G\000a\000p\000\040\000i\000n\000\040\000t\000h\000e\000\040\000A\000r\000g\000u\000m\000e\000n\000t}{section.3}% 26
\BOOKMARK [1][-]{section.4}{\376\377\000M\000e\000t\000h\000o\000d\000\040\0004\000:\000\040\000O\000s\000t\000e\000r\000w\000a\000l\000d\000e\000r\000-\000S\000c\000h\000r\000a\000d\000e\000r\000\040\000P\000o\000s\000i\000t\000i\000v\000i\000t\000y\000\040\000+\000\040\000C\000o\000m\000p\000a\000c\000t\000n\000e\000s\000s}{}% 27
\BOOKMARK [2][-]{subsection.4.1}{\376\377\000K\000e\000y\000\040\000I\000d\000e\000a}{section.4}% 28
\BOOKMARK [2][-]{subsection.4.2}{\376\377\000T\000r\000a\000n\000s\000f\000e\000r\000\040\000M\000a\000t\000r\000i\000x\000\040\000C\000o\000n\000s\000t\000r\000u\000c\000t\000i\000o\000n}{section.4}% 29
\BOOKMARK [2][-]{subsection.4.3}{\376\377\000C\000o\000m\000p\000a\000c\000t\000n\000e\000s\000s\000\040\000A\000r\000g\000u\000m\000e\000n\000t}{section.4}% 30
\BOOKMARK [2][-]{subsection.4.4}{\376\377\000M\000a\000s\000s\000\040\000G\000a\000p\000\040\000R\000e\000f\000o\000r\000m\000u\000l\000a\000t\000i\000o\000n}{section.4}% 31
\BOOKMARK [2][-]{subsection.4.5}{\376\377\000N\000e\000w\000\040\000A\000t\000t\000a\000c\000k\000:\000\040\000P\000r\000o\000v\000e\000\040\0001\000\040\000<\000\040\0001}{section.4}% 32
\BOOKMARK [2][-]{subsection.4.6}{\376\377\000G\000a\000p\000\040\000A\000n\000a\000l\000y\000s\000i\000s}{section.4}% 33
\BOOKMARK [2][-]{subsection.4.7}{\376\377\000O\000p\000e\000n\000\040\000P\000r\000o\000b\000l\000e\000m}{section.4}% 34
\BOOKMARK [1][-]{section.5}{\376\377\000S\000u\000m\000m\000a\000r\000y\000:\000\040\000P\000r\000e\000c\000i\000s\000e\000\040\000M\000a\000t\000h\000e\000m\000a\000t\000i\000c\000a\000l\000\040\000T\000a\000r\000g\000e\000t\000s}{}% 35
\BOOKMARK [2][-]{subsection.5.1}{\376\377\000W\000h\000a\000t\000'\000s\000\040\000A\000c\000t\000u\000a\000l\000l\000y\000\040\000P\000r\000o\000v\000e\000n}{section.5}% 36
\BOOKMARK [2][-]{subsection.5.2}{\376\377\000M\000o\000s\000t\000\040\000P\000r\000o\000m\000i\000s\000i\000n\000g\000\040\000D\000i\000r\000e\000c\000t\000i\000o\000n}{section.5}% 37
