\BOOKMARK [1][-]{section.1}{\376\377\000T\000h\000e\000\040\000C\000o\000n\000s\000t\000r\000u\000c\000t\000i\000o\000n\000\040\000P\000r\000o\000b\000l\000e\000m}{}% 1
\BOOKMARK [2][-]{subsection.1.1}{\376\377\000W\000h\000a\000t\000\040\000M\000u\000s\000t\000\040\000B\000e\000\040\000P\000r\000o\000v\000e\000n}{section.1}% 2
\BOOKMARK [2][-]{subsection.1.2}{\376\377\000W\000h\000y\000\040\000T\000h\000i\000s\000\040\000I\000s\000\040\000H\000a\000r\000d}{section.1}% 3
\BOOKMARK [2][-]{subsection.1.3}{\376\377\000T\000h\000e\000\040\000L\000a\000t\000t\000i\000c\000e\000\040\000R\000e\000g\000u\000l\000a\000r\000i\000z\000a\000t\000i\000o\000n}{section.1}% 4
\BOOKMARK [1][-]{section.2}{\376\377\000N\000e\000w\000\040\000F\000r\000a\000m\000e\000w\000o\000r\000k\000\040\000I\000:\000\040\000G\000e\000o\000m\000e\000t\000r\000i\000c\000\040\000R\000e\000n\000o\000r\000m\000a\000l\000i\000z\000a\000t\000i\000o\000n}{}% 5
\BOOKMARK [2][-]{subsection.2.1}{\376\377\000P\000r\000i\000n\000c\000i\000p\000a\000l\000\040\000B\000u\000n\000d\000l\000e\000\040\000C\000o\000h\000o\000m\000o\000l\000o\000g\000y\000\040\000f\000o\000r\000\040\000U\000V\000\040\000C\000o\000n\000t\000r\000o\000l}{section.2}% 6
\BOOKMARK [2][-]{subsection.2.2}{\376\377\000T\000h\000e\000\040\000G\000e\000o\000m\000e\000t\000r\000i\000c\000\040\000E\000f\000f\000e\000c\000t\000i\000v\000e\000\040\000A\000c\000t\000i\000o\000n}{section.2}% 7
\BOOKMARK [2][-]{subsection.2.3}{\376\377\000U\000V\000\040\000S\000t\000a\000b\000i\000l\000i\000t\000y\000\040\000T\000h\000e\000o\000r\000e\000m}{section.2}% 8
\BOOKMARK [1][-]{section.3}{\376\377\000N\000e\000w\000\040\000F\000r\000a\000m\000e\000w\000o\000r\000k\000\040\000I\000I\000:\000\040\000S\000t\000o\000c\000h\000a\000s\000t\000i\000c\000\040\000G\000a\000u\000g\000e\000\040\000F\000i\000x\000i\000n\000g}{}% 9
\BOOKMARK [2][-]{subsection.3.1}{\376\377\000T\000h\000e\000\040\000G\000a\000u\000g\000e\000\040\000F\000i\000x\000i\000n\000g\000\040\000P\000r\000o\000b\000l\000e\000m}{section.3}% 10
\BOOKMARK [2][-]{subsection.3.2}{\376\377\000T\000h\000e\000\040\000A\000v\000e\000r\000a\000g\000e\000d\000\040\000F\000a\000d\000d\000e\000e\000v\000-\000P\000o\000p\000o\000v\000\040\000O\000p\000e\000r\000a\000t\000o\000r}{section.3}% 11
\BOOKMARK [2][-]{subsection.3.3}{\376\377\000C\000o\000r\000r\000e\000l\000a\000t\000i\000o\000n\000\040\000F\000u\000n\000c\000t\000i\000o\000n\000s\000\040\000i\000n\000\040\000S\000t\000o\000c\000h\000a\000s\000t\000i\000c\000\040\000G\000a\000u\000g\000e}{section.3}% 12
\BOOKMARK [1][-]{section.4}{\376\377\000N\000e\000w\000\040\000F\000r\000a\000m\000e\000w\000o\000r\000k\000\040\000I\000I\000I\000:\000\040\000P\000o\000l\000y\000h\000o\000m\000o\000g\000e\000n\000e\000o\000u\000s\000\040\000C\000o\000n\000t\000i\000n\000u\000u\000m\000\040\000L\000i\000m\000i\000t}{}% 13
\BOOKMARK [2][-]{subsection.4.1}{\376\377\000P\000o\000l\000y\000h\000o\000m\000o\000g\000e\000n\000e\000o\000u\000s\000\040\000E\000x\000p\000a\000n\000s\000i\000o\000n\000s}{section.4}% 14
\BOOKMARK [2][-]{subsection.4.2}{\376\377\000T\000h\000e\000\040\000P\000o\000l\000y\000h\000o\000m\000o\000g\000e\000n\000e\000o\000u\000s\000\040\000M\000e\000a\000s\000u\000r\000e}{section.4}% 15
\BOOKMARK [2][-]{subsection.4.3}{\376\377\000E\000x\000i\000s\000t\000e\000n\000c\000e\000\040\000v\000i\000a\000\040\000P\000o\000l\000y\000h\000o\000m\000o\000g\000e\000n\000e\000o\000u\000s\000\040\000L\000i\000m\000i\000t}{section.4}% 16
\BOOKMARK [1][-]{section.5}{\376\377\000N\000e\000w\000\040\000F\000r\000a\000m\000e\000w\000o\000r\000k\000\040\000I\000V\000:\000\040\000A\000x\000i\000o\000m\000a\000t\000i\000c\000\040\000V\000e\000r\000i\000f\000i\000c\000a\000t\000i\000o\000n}{}% 17
\BOOKMARK [2][-]{subsection.5.1}{\376\377\000T\000h\000e\000\040\000O\000s\000t\000e\000r\000w\000a\000l\000d\000e\000r\000-\000S\000c\000h\000r\000a\000d\000e\000r\000\040\000A\000x\000i\000o\000m\000s}{section.5}% 18
\BOOKMARK [2][-]{subsection.5.2}{\376\377\000N\000e\000w\000\040\000C\000o\000r\000r\000e\000l\000a\000t\000i\000o\000n\000\040\000I\000n\000e\000q\000u\000a\000l\000i\000t\000i\000e\000s}{section.5}% 19
\BOOKMARK [2][-]{subsection.5.3}{\376\377\000T\000h\000e\000\040\000R\000e\000c\000o\000n\000s\000t\000r\000u\000c\000t\000i\000o\000n\000\040\000T\000h\000e\000o\000r\000e\000m}{section.5}% 20
\BOOKMARK [1][-]{section.6}{\376\377\000A\000\040\000R\000i\000g\000o\000r\000o\000u\000s\000\040\000C\000o\000n\000s\000t\000r\000u\000c\000t\000i\000o\000n\000:\000\040\000M\000o\000d\000i\000f\000i\000e\000d\000\040\000Y\000a\000n\000g\000-\000M\000i\000l\000l\000s}{}% 21
\BOOKMARK [2][-]{subsection.6.1}{\376\377\000T\000h\000e\000\040\000M\000o\000d\000i\000f\000i\000e\000d\000\040\000A\000c\000t\000i\000o\000n}{section.6}% 22
\BOOKMARK [2][-]{subsection.6.2}{\376\377\000T\000h\000e\000\040\0000\000\040\000L\000i\000m\000i\000t\000\040\000P\000r\000o\000b\000l\000e\000m}{section.6}% 23
\BOOKMARK [1][-]{section.7}{\376\377\000T\000h\000e\000\040\000C\000e\000n\000t\000r\000a\000l\000\040\000N\000e\000w\000\040\000R\000e\000s\000u\000l\000t\000:\000\040\000E\000x\000i\000s\000t\000e\000n\000c\000e\000\040\000f\000o\000r\000\040\000L\000a\000r\000g\000e\000\040\000N}{}% 24
\BOOKMARK [2][-]{subsection.7.1}{\376\377\000T\000h\000e\000\040\000L\000a\000r\000g\000e\000\040\000N\000\040\000E\000x\000p\000a\000n\000s\000i\000o\000n}{section.7}% 25
\BOOKMARK [2][-]{subsection.7.2}{\376\377\000R\000i\000g\000o\000r\000o\000u\000s\000\040\000L\000a\000r\000g\000e\000\040\000N\000\040\000L\000i\000m\000i\000t}{section.7}% 26
\BOOKMARK [2][-]{subsection.7.3}{\376\377\000E\000s\000t\000i\000m\000a\000t\000e\000s\000\040\000o\000n\000\040\000N\0000}{section.7}% 27
\BOOKMARK [1][-]{section.8}{\376\377\000T\000o\000w\000a\000r\000d\000s\000\040\000S\000U\000\050\0002\000\051\000\040\000a\000n\000d\000\040\000S\000U\000\050\0003\000\051\000:\000\040\000N\000e\000w\000\040\000I\000d\000e\000a\000s}{}% 28
\BOOKMARK [2][-]{subsection.8.1}{\376\377\000T\000h\000e\000\040\000S\000m\000a\000l\000l\000\040\000N\000\040\000P\000r\000o\000b\000l\000e\000m}{section.8}% 29
\BOOKMARK [2][-]{subsection.8.2}{\376\377\000I\000d\000e\000a\000\040\0001\000:\000\040\000B\000o\000o\000t\000s\000t\000r\000a\000p\000\040\000f\000r\000o\000m\000\040\000C\000o\000r\000r\000e\000l\000a\000t\000i\000o\000n\000\040\000B\000o\000u\000n\000d\000s}{section.8}% 30
\BOOKMARK [2][-]{subsection.8.3}{\376\377\000I\000d\000e\000a\000\040\0002\000:\000\040\000P\000r\000o\000b\000a\000b\000i\000l\000i\000s\000t\000i\000c\000\040\000C\000o\000n\000s\000t\000r\000u\000c\000t\000i\000o\000n}{section.8}% 31
\BOOKMARK [2][-]{subsection.8.4}{\376\377\000I\000d\000e\000a\000\040\0003\000:\000\040\000N\000o\000n\000-\000C\000o\000m\000m\000u\000t\000a\000t\000i\000v\000e\000\040\000G\000e\000o\000m\000e\000t\000r\000y}{section.8}% 32
\BOOKMARK [1][-]{section.9}{\376\377\000S\000u\000m\000m\000a\000r\000y\000\040\000a\000n\000d\000\040\000C\000o\000n\000c\000l\000u\000s\000i\000o\000n\000s}{}% 33
\BOOKMARK [2][-]{subsection.9.1}{\376\377\000W\000h\000a\000t\000\040\000W\000e\000\040\000H\000a\000v\000e\000\040\000P\000r\000o\000v\000e\000n}{section.9}% 34
\BOOKMARK [2][-]{subsection.9.2}{\376\377\000W\000h\000a\000t\000\040\000R\000e\000m\000a\000i\000n\000s\000\040\000O\000p\000e\000n}{section.9}% 35
\BOOKMARK [2][-]{subsection.9.3}{\376\377\000T\000h\000e\000\040\000P\000a\000t\000h\000\040\000F\000o\000r\000w\000a\000r\000d}{section.9}% 36
