\BOOKMARK [1][-]{section.1}{\376\377\000I\000n\000t\000r\000o\000d\000u\000c\000t\000i\000o\000n}{}% 1
\BOOKMARK [2][-]{subsection.1.1}{\376\377\000T\000h\000e\000\040\000C\000h\000a\000l\000l\000e\000n\000g\000e}{section.1}% 2
\BOOKMARK [2][-]{subsection.1.2}{\376\377\000M\000a\000i\000n\000\040\000R\000e\000s\000u\000l\000t}{section.1}% 3
\BOOKMARK [1][-]{section.2}{\376\377\000R\000e\000p\000r\000e\000s\000e\000n\000t\000a\000t\000i\000o\000n\000\040\000T\000h\000e\000o\000r\000y\000\040\000o\000f\000\040\000S\000U\000\050\000N\000\051}{}% 4
\BOOKMARK [2][-]{subsection.2.1}{\376\377\000I\000r\000r\000e\000d\000u\000c\000i\000b\000l\000e\000\040\000R\000e\000p\000r\000e\000s\000e\000n\000t\000a\000t\000i\000o\000n\000s}{section.2}% 5
\BOOKMARK [2][-]{subsection.2.2}{\376\377\000T\000e\000n\000s\000o\000r\000\040\000P\000r\000o\000d\000u\000c\000t\000\040\000D\000e\000c\000o\000m\000p\000o\000s\000i\000t\000i\000o\000n}{section.2}% 6
\BOOKMARK [2][-]{subsection.2.3}{\376\377\000T\000h\000e\000\040\000H\000e\000a\000t\000\040\000K\000e\000r\000n\000e\000l\000\040\000o\000n\000\040\000S\000U\000\050\000N\000\051}{section.2}% 7
\BOOKMARK [1][-]{section.3}{\376\377\000T\000h\000e\000\040\000W\000i\000l\000s\000o\000n\000\040\000A\000c\000t\000i\000o\000n\000\040\000a\000n\000d\000\040\000C\000h\000a\000r\000a\000c\000t\000e\000r\000\040\000E\000x\000p\000a\000n\000s\000i\000o\000n}{}% 8
\BOOKMARK [2][-]{subsection.3.1}{\376\377\000S\000i\000n\000g\000l\000e\000\040\000P\000l\000a\000q\000u\000e\000t\000t\000e\000\040\000W\000e\000i\000g\000h\000t}{section.3}% 9
\BOOKMARK [2][-]{subsection.3.2}{\376\377\000F\000u\000l\000l\000\040\000L\000a\000t\000t\000i\000c\000e\000\040\000E\000x\000p\000a\000n\000s\000i\000o\000n}{section.3}% 10
\BOOKMARK [1][-]{section.4}{\376\377\000P\000r\000o\000o\000f\000\040\000o\000f\000\040\000P\000o\000s\000i\000t\000i\000v\000i\000t\000y\000\040\000o\000f\000\040\000W\000i\000l\000s\000o\000n\000\040\000L\000o\000o\000p\000\040\000E\000x\000p\000e\000c\000t\000a\000t\000i\000o\000n\000s}{}% 11
\BOOKMARK [2][-]{subsection.4.1}{\376\377\000W\000i\000l\000s\000o\000n\000\040\000L\000o\000o\000p\000\040\000i\000n\000\040\000C\000h\000a\000r\000a\000c\000t\000e\000r\000\040\000B\000a\000s\000i\000s}{section.4}% 12
\BOOKMARK [2][-]{subsection.4.2}{\376\377\000M\000o\000n\000o\000t\000o\000n\000i\000c\000i\000t\000y\000\040\000i\000n\000\040\000A\000r\000e\000a}{section.4}% 13
\BOOKMARK [1][-]{section.5}{\376\377\000P\000r\000o\000o\000f\000\040\000o\000f\000\040\000P\000o\000s\000i\000t\000i\000v\000e\000\040\000S\000t\000r\000i\000n\000g\000\040\000T\000e\000n\000s\000i\000o\000n}{}% 14
\BOOKMARK [2][-]{subsection.5.1}{\376\377\000F\000r\000o\000m\000\040\000M\000o\000n\000o\000t\000o\000n\000i\000c\000i\000t\000y\000\040\000t\000o\000\040\000A\000r\000e\000a\000\040\000L\000a\000w}{section.5}% 15
\BOOKMARK [1][-]{section.6}{\376\377\000R\000e\000f\000i\000n\000e\000d\000\040\000A\000n\000a\000l\000y\000s\000i\000s\000:\000\040\000S\000t\000r\000i\000c\000t\000\040\000P\000o\000s\000i\000t\000i\000v\000i\000t\000y}{}% 16
\BOOKMARK [2][-]{subsection.6.1}{\376\377\000S\000t\000r\000o\000n\000g\000\040\000C\000o\000u\000p\000l\000i\000n\000g\000\040\000R\000e\000g\000i\000m\000e}{section.6}% 17
\BOOKMARK [2][-]{subsection.6.2}{\376\377\000W\000e\000a\000k\000\040\000C\000o\000u\000p\000l\000i\000n\000g\000\040\000R\000e\000g\000i\000m\000e}{section.6}% 18
\BOOKMARK [2][-]{subsection.6.3}{\376\377\000I\000n\000t\000e\000r\000p\000o\000l\000a\000t\000i\000o\000n}{section.6}% 19
\BOOKMARK [1][-]{section.7}{\376\377\000C\000o\000n\000c\000l\000u\000s\000i\000o\000n}{}% 20
\BOOKMARK [2][-]{subsection.7.1}{\376\377\000R\000e\000m\000a\000i\000n\000i\000n\000g\000\040\000G\000a\000p}{section.7}% 21
\BOOKMARK [2][-]{subsection.7.2}{\376\377\000T\000e\000c\000h\000n\000i\000c\000a\000l\000\040\000N\000o\000t\000e\000s}{section.7}% 22
