\BOOKMARK [1][-]{section.1}{\376\377\000T\000o\000p\000o\000l\000o\000g\000i\000c\000a\000l\000\040\000P\000e\000r\000s\000p\000e\000c\000t\000i\000v\000e\000\040\000o\000n\000\040\000F\000i\000e\000l\000d\000\040\000S\000p\000a\000c\000e}{}% 1
\BOOKMARK [2][-]{subsection.1.1}{\376\377\000H\000o\000m\000o\000t\000o\000p\000y\000\040\000G\000r\000o\000u\000p\000s\000\040\000o\000f\000\040\000B}{section.1}% 2
\BOOKMARK [2][-]{subsection.1.2}{\376\377\000T\000h\000e\000\040\000T\000o\000p\000o\000l\000o\000g\000i\000c\000a\000l\000\040\000M\000a\000s\000s\000\040\000G\000a\000p\000\040\000C\000o\000n\000j\000e\000c\000t\000u\000r\000e}{section.1}% 3
\BOOKMARK [1][-]{section.2}{\376\377\000P\000e\000r\000s\000i\000s\000t\000e\000n\000t\000\040\000H\000o\000m\000o\000l\000o\000g\000y\000\040\000o\000f\000\040\000Y\000a\000n\000g\000-\000M\000i\000l\000l\000s}{}% 4
\BOOKMARK [2][-]{subsection.2.1}{\376\377\000F\000i\000l\000t\000r\000a\000t\000i\000o\000n\000\040\000b\000y\000\040\000A\000c\000t\000i\000o\000n}{section.2}% 5
\BOOKMARK [2][-]{subsection.2.2}{\376\377\000C\000o\000m\000p\000u\000t\000i\000n\000g\000\040\000P\000e\000r\000s\000i\000s\000t\000e\000n\000c\000e\000\040\000f\000o\000r\000\040\000Y\000a\000n\000g\000-\000M\000i\000l\000l\000s}{section.2}% 6
\BOOKMARK [1][-]{section.3}{\376\377\000M\000o\000r\000s\000e\000\040\000T\000h\000e\000o\000r\000y\000\040\000o\000n\000\040\000B}{}% 7
\BOOKMARK [2][-]{subsection.3.1}{\376\377\000Y\000a\000n\000g\000-\000M\000i\000l\000l\000s\000\040\000a\000s\000\040\000a\000\040\000M\000o\000r\000s\000e\000\040\000F\000u\000n\000c\000t\000i\000o\000n}{section.3}% 8
\BOOKMARK [2][-]{subsection.3.2}{\376\377\000I\000n\000d\000e\000x\000\040\000T\000h\000e\000o\000r\000e\000m\000\040\000a\000n\000d\000\040\000G\000a\000p}{section.3}% 9
\BOOKMARK [1][-]{section.4}{\376\377\000F\000l\000o\000e\000r\000\040\000T\000h\000e\000o\000r\000y\000\040\000f\000o\000r\000\040\000Y\000a\000n\000g\000-\000M\000i\000l\000l\000s}{}% 10
\BOOKMARK [2][-]{subsection.4.1}{\376\377\000I\000n\000s\000t\000a\000n\000t\000o\000n\000\040\000F\000l\000o\000e\000r\000\040\000H\000o\000m\000o\000l\000o\000g\000y}{section.4}% 11
\BOOKMARK [2][-]{subsection.4.2}{\376\377\0004\000D\000\040\000F\000l\000o\000e\000r\000\040\000T\000h\000e\000o\000r\000y}{section.4}% 12
\BOOKMARK [1][-]{section.5}{\376\377\000K\000-\000T\000h\000e\000o\000r\000y\000\040\000a\000n\000d\000\040\000t\000h\000e\000\040\000M\000a\000s\000s\000\040\000G\000a\000p}{}% 13
\BOOKMARK [2][-]{subsection.5.1}{\376\377\000K\000-\000T\000h\000e\000o\000r\000y\000\040\000o\000f\000\040\000G\000a\000u\000g\000e\000\040\000O\000r\000b\000i\000t\000\040\000S\000p\000a\000c\000e}{section.5}% 14
\BOOKMARK [1][-]{section.6}{\376\377\000C\000o\000b\000o\000r\000d\000i\000s\000m\000\040\000a\000n\000d\000\040\000T\000Q\000F\000T\000\040\000S\000t\000r\000u\000c\000t\000u\000r\000e}{}% 15
\BOOKMARK [2][-]{subsection.6.1}{\376\377\000Y\000a\000n\000g\000-\000M\000i\000l\000l\000s\000\040\000a\000s\000\040\000E\000x\000t\000e\000n\000d\000e\000d\000\040\000T\000Q\000F\000T}{section.6}% 16
\BOOKMARK [1][-]{section.7}{\376\377\000S\000y\000n\000t\000h\000e\000s\000i\000s\000:\000\040\000T\000o\000p\000o\000l\000o\000g\000i\000c\000a\000l\000\040\000P\000r\000o\000o\000f\000\040\000o\000f\000\040\000M\000a\000s\000s\000\040\000G\000a\000p}{}% 17
\BOOKMARK [1][-]{section.8}{\376\377\000C\000r\000i\000t\000i\000c\000a\000l\000\040\000A\000n\000a\000l\000y\000s\000i\000s}{}% 18
\BOOKMARK [2][-]{subsection.8.1}{\376\377\000W\000h\000a\000t\000\040\000I\000s\000\040\000G\000e\000n\000u\000i\000n\000e\000l\000y\000\040\000N\000e\000w}{section.8}% 19
\BOOKMARK [2][-]{subsection.8.2}{\376\377\000R\000e\000m\000a\000i\000n\000i\000n\000g\000\040\000G\000a\000p\000s}{section.8}% 20
\BOOKMARK [1][-]{section.9}{\376\377\000C\000o\000n\000c\000l\000u\000s\000i\000o\000n}{}% 21
