This is pdfTeX, Version 3.141592653-2.6-1.40.27 (MiKTeX 25.4) (preloaded format=pdflatex 2025.11.16)  11 DEC 2025 12:58
entering extended mode
 restricted \write18 enabled.
 %&-line parsing enabled.
**./yang_fixed.tex
(yang_fixed.tex
LaTeX2e <2025-11-01>
L3 programming layer <2025-10-24>
(C:\Users\Lenovo\AppData\Local\Programs\MiKTeX\tex/latex/base\article.cls
Document Class: article 2025/01/22 v1.4n Standard LaTeX document class
(C:\Users\Lenovo\AppData\Local\Programs\MiKTeX\tex/latex/base\size11.clo
File: size11.clo 2025/01/22 v1.4n Standard LaTeX file (size option)
)
\c@part=\count275
\c@section=\count276
\c@subsection=\count277
\c@subsubsection=\count278
\c@paragraph=\count279
\c@subparagraph=\count280
\c@figure=\count281
\c@table=\count282
\abovecaptionskip=\skip49
\belowcaptionskip=\skip50
\bibindent=\dimen148
)
(C:\Users\Lenovo\AppData\Local\Programs\MiKTeX\tex/latex/base\inputenc.sty
Package: inputenc 2024/02/08 v1.3d Input encoding file
\inpenc@prehook=\toks17
\inpenc@posthook=\toks18
)
(C:\Users\Lenovo\AppData\Local\Programs\MiKTeX\tex/latex/base\fontenc.sty
Package: fontenc 2025/07/18 v2.1d Standard LaTeX package
)
(C:\Users\Lenovo\AppData\Local\Programs\MiKTeX\tex/latex/amsmath\amsmath.sty
Package: amsmath 2025/07/09 v2.17z AMS math features
\@mathmargin=\skip51

For additional information on amsmath, use the `?' option.
(C:\Users\Lenovo\AppData\Local\Programs\MiKTeX\tex/latex/amsmath\amstext.sty
Package: amstext 2024/11/17 v2.01 AMS text

(C:\Users\Lenovo\AppData\Local\Programs\MiKTeX\tex/latex/amsmath\amsgen.sty
File: amsgen.sty 1999/11/30 v2.0 generic functions
\@emptytoks=\toks19
\ex@=\dimen149
))
(C:\Users\Lenovo\AppData\Local\Programs\MiKTeX\tex/latex/amsmath\amsbsy.sty
Package: amsbsy 1999/11/29 v1.2d Bold Symbols
\pmbraise@=\dimen150
)
(C:\Users\Lenovo\AppData\Local\Programs\MiKTeX\tex/latex/amsmath\amsopn.sty
Package: amsopn 2022/04/08 v2.04 operator names
)
\inf@bad=\count283
LaTeX Info: Redefining \frac on input line 233.
\uproot@=\count284
\leftroot@=\count285
LaTeX Info: Redefining \overline on input line 398.
LaTeX Info: Redefining \colon on input line 409.
\classnum@=\count286
\DOTSCASE@=\count287
LaTeX Info: Redefining \ldots on input line 495.
LaTeX Info: Redefining \dots on input line 498.
LaTeX Info: Redefining \cdots on input line 619.
\Mathstrutbox@=\box53
\strutbox@=\box54
LaTeX Info: Redefining \big on input line 721.
LaTeX Info: Redefining \Big on input line 722.
LaTeX Info: Redefining \bigg on input line 723.
LaTeX Info: Redefining \Bigg on input line 724.
\big@size=\dimen151
LaTeX Font Info:    Redeclaring font encoding OML on input line 742.
LaTeX Font Info:    Redeclaring font encoding OMS on input line 743.
\macc@depth=\count288
LaTeX Info: Redefining \bmod on input line 904.
LaTeX Info: Redefining \pmod on input line 909.
LaTeX Info: Redefining \smash on input line 939.
LaTeX Info: Redefining \relbar on input line 969.
LaTeX Info: Redefining \Relbar on input line 970.
\c@MaxMatrixCols=\count289
\dotsspace@=\muskip17
\c@parentequation=\count290
\dspbrk@lvl=\count291
\tag@help=\toks20
\row@=\count292
\column@=\count293
\maxfields@=\count294
\andhelp@=\toks21
\eqnshift@=\dimen152
\alignsep@=\dimen153
\tagshift@=\dimen154
\tagwidth@=\dimen155
\totwidth@=\dimen156
\lineht@=\dimen157
\@envbody=\toks22
\multlinegap=\skip52
\multlinetaggap=\skip53
\mathdisplay@stack=\toks23
LaTeX Info: Redefining \[ on input line 2950.
LaTeX Info: Redefining \] on input line 2951.
)
(C:\Users\Lenovo\AppData\Local\Programs\MiKTeX\tex/latex/amscls\amsthm.sty
Package: amsthm 2020/05/29 v2.20.6
\thm@style=\toks24
\thm@bodyfont=\toks25
\thm@headfont=\toks26
\thm@notefont=\toks27
\thm@headpunct=\toks28
\thm@preskip=\skip54
\thm@postskip=\skip55
\thm@headsep=\skip56
\dth@everypar=\toks29
)
(C:\Users\Lenovo\AppData\Local\Programs\MiKTeX\tex/latex/amsfonts\amssymb.sty
Package: amssymb 2013/01/14 v3.01 AMS font symbols

(C:\Users\Lenovo\AppData\Local\Programs\MiKTeX\tex/latex/amsfonts\amsfonts.sty
Package: amsfonts 2013/01/14 v3.01 Basic AMSFonts support
\symAMSa=\mathgroup4
\symAMSb=\mathgroup5
LaTeX Font Info:    Redeclaring math symbol \hbar on input line 98.
LaTeX Font Info:    Overwriting math alphabet `\mathfrak' in version `bold'
(Font)                  U/euf/m/n --> U/euf/b/n on input line 106.
))
(C:\Users\Lenovo\AppData\Local\Programs\MiKTeX\tex/latex/jknappen\mathrsfs.sty
Package: mathrsfs 1996/01/01 Math RSFS package v1.0 (jk)
\symrsfs=\mathgroup6
) (C:\Users\Lenovo\AppData\Local\Programs\MiKTeX\tex/latex/enumitem\enumitem.st
y
Package: enumitem 2025/02/06 v3.11 Customized lists
\enitkv@toks@=\toks30
\labelindent=\skip57
\enit@outerparindent=\dimen158
\enit@toks=\toks31
\enit@inbox=\box55
\enit@count@id=\count295
\enitdp@description=\count296
)
(C:\Users\Lenovo\AppData\Local\Programs\MiKTeX\tex/latex/geometry\geometry.sty
Package: geometry 2020/01/02 v5.9 Page Geometry

(C:\Users\Lenovo\AppData\Local\Programs\MiKTeX\tex/latex/graphics\keyval.sty
Package: keyval 2022/05/29 v1.15 key=value parser (DPC)
\KV@toks@=\toks32
)
(C:\Users\Lenovo\AppData\Local\Programs\MiKTeX\tex/generic/iftex\ifvtex.sty
Package: ifvtex 2019/10/25 v1.7 ifvtex legacy package. Use iftex instead.

(C:\Users\Lenovo\AppData\Local\Programs\MiKTeX\tex/generic/iftex\iftex.sty
Package: iftex 2024/12/12 v1.0g TeX engine tests
))
\Gm@cnth=\count297
\Gm@cntv=\count298
\c@Gm@tempcnt=\count299
\Gm@bindingoffset=\dimen159
\Gm@wd@mp=\dimen160
\Gm@odd@mp=\dimen161
\Gm@even@mp=\dimen162
\Gm@layoutwidth=\dimen163
\Gm@layoutheight=\dimen164
\Gm@layouthoffset=\dimen165
\Gm@layoutvoffset=\dimen166
\Gm@dimlist=\toks33

(C:\Users\Lenovo\AppData\Local\Programs\MiKTeX\tex/latex/geometry\geometry.cfg)
)
(C:\Users\Lenovo\AppData\Local\Programs\MiKTeX\tex/latex/hyperref\hyperref.sty
Package: hyperref 2025-07-12 v7.01o Hypertext links for LaTeX

(C:\Users\Lenovo\AppData\Local\Programs\MiKTeX\tex/latex/kvsetkeys\kvsetkeys.st
y
Package: kvsetkeys 2022-10-05 v1.19 Key value parser (HO)
)
(C:\Users\Lenovo\AppData\Local\Programs\MiKTeX\tex/generic/kvdefinekeys\kvdefin
ekeys.sty
Package: kvdefinekeys 2019-12-19 v1.6 Define keys (HO)
)
(C:\Users\Lenovo\AppData\Local\Programs\MiKTeX\tex/generic/pdfescape\pdfescape.
sty
Package: pdfescape 2019/12/09 v1.15 Implements pdfTeX's escape features (HO)

(C:\Users\Lenovo\AppData\Local\Programs\MiKTeX\tex/generic/ltxcmds\ltxcmds.sty
Package: ltxcmds 2023-12-04 v1.26 LaTeX kernel commands for general use (HO)
)
(C:\Users\Lenovo\AppData\Local\Programs\MiKTeX\tex/generic/pdftexcmds\pdftexcmd
s.sty
Package: pdftexcmds 2020-06-27 v0.33 Utility functions of pdfTeX for LuaTeX (HO
)

(C:\Users\Lenovo\AppData\Local\Programs\MiKTeX\tex/generic/infwarerr\infwarerr.
sty
Package: infwarerr 2019/12/03 v1.5 Providing info/warning/error messages (HO)
)
Package pdftexcmds Info: \pdf@primitive is available.
Package pdftexcmds Info: \pdf@ifprimitive is available.
Package pdftexcmds Info: \pdfdraftmode found.
))
(C:\Users\Lenovo\AppData\Local\Programs\MiKTeX\tex/latex/hycolor\hycolor.sty
Package: hycolor 2020-01-27 v1.10 Color options for hyperref/bookmark (HO)
)
(C:\Users\Lenovo\AppData\Local\Programs\MiKTeX\tex/latex/hyperref\nameref.sty
Package: nameref 2025-06-21 v2.57 Cross-referencing by name of section

(C:\Users\Lenovo\AppData\Local\Programs\MiKTeX\tex/latex/refcount\refcount.sty
Package: refcount 2019/12/15 v3.6 Data extraction from label references (HO)
)
(C:\Users\Lenovo\AppData\Local\Programs\MiKTeX\tex/generic/gettitlestring\getti
tlestring.sty
Package: gettitlestring 2019/12/15 v1.6 Cleanup title references (HO)

(C:\Users\Lenovo\AppData\Local\Programs\MiKTeX\tex/latex/kvoptions\kvoptions.st
y
Package: kvoptions 2022-06-15 v3.15 Key value format for package options (HO)
))
\c@section@level=\count300
)
(C:\Users\Lenovo\AppData\Local\Programs\MiKTeX\tex/latex/etoolbox\etoolbox.sty
Package: etoolbox 2025/10/02 v2.5m e-TeX tools for LaTeX (JAW)
\etb@tempcnta=\count301
)
(C:\Users\Lenovo\AppData\Local\Programs\MiKTeX\tex/generic/stringenc\stringenc.
sty
Package: stringenc 2019/11/29 v1.12 Convert strings between diff. encodings (HO
)
)
\@linkdim=\dimen167
\Hy@linkcounter=\count302
\Hy@pagecounter=\count303

(C:\Users\Lenovo\AppData\Local\Programs\MiKTeX\tex/latex/hyperref\pd1enc.def
File: pd1enc.def 2025-07-12 v7.01o Hyperref: PDFDocEncoding definition (HO)
Now handling font encoding PD1 ...
... no UTF-8 mapping file for font encoding PD1
)
(C:\Users\Lenovo\AppData\Local\Programs\MiKTeX\tex/generic/intcalc\intcalc.sty
Package: intcalc 2019/12/15 v1.3 Expandable calculations with integers (HO)
)
\Hy@SavedSpaceFactor=\count304
(C:\Users\Lenovo\AppData\Local\Programs\MiKTeX\tex/latex/hyperref\puenc.def
File: puenc.def 2025-07-12 v7.01o Hyperref: PDF Unicode definition (HO)
Now handling font encoding PU ...
... no UTF-8 mapping file for font encoding PU
)
Package hyperref Info: Option `pdfusetitle' set `true' on input line 4066.
Package hyperref Info: Hyper figures OFF on input line 4195.
Package hyperref Info: Link nesting OFF on input line 4200.
Package hyperref Info: Hyper index ON on input line 4203.
Package hyperref Info: Plain pages OFF on input line 4210.
Package hyperref Info: Backreferencing OFF on input line 4215.
Package hyperref Info: Implicit mode ON; LaTeX internals redefined.
Package hyperref Info: Bookmarks ON on input line 4462.
\c@Hy@tempcnt=\count305

(C:\Users\Lenovo\AppData\Local\Programs\MiKTeX\tex/latex/url\url.sty
\Urlmuskip=\muskip18
Package: url 2013/09/16  ver 3.4  Verb mode for urls, etc.
)
LaTeX Info: Redefining \url on input line 4801.
\XeTeXLinkMargin=\dimen168

(C:\Users\Lenovo\AppData\Local\Programs\MiKTeX\tex/generic/bitset\bitset.sty
Package: bitset 2019/12/09 v1.3 Handle bit-vector datatype (HO)

(C:\Users\Lenovo\AppData\Local\Programs\MiKTeX\tex/generic/bigintcalc\bigintcal
c.sty
Package: bigintcalc 2019/12/15 v1.5 Expandable calculations on big integers (HO
)
))
\Fld@menulength=\count306
\Field@Width=\dimen169
\Fld@charsize=\dimen170
Package hyperref Info: Hyper figures OFF on input line 6078.
Package hyperref Info: Link nesting OFF on input line 6083.
Package hyperref Info: Hyper index ON on input line 6086.
Package hyperref Info: backreferencing OFF on input line 6093.
Package hyperref Info: Link coloring OFF on input line 6098.
Package hyperref Info: Link coloring with OCG OFF on input line 6103.
Package hyperref Info: PDF/A mode OFF on input line 6108.
\Hy@abspage=\count307
\c@Item=\count308
\c@Hfootnote=\count309
)
Package hyperref Info: Driver (autodetected): hpdftex.

(C:\Users\Lenovo\AppData\Local\Programs\MiKTeX\tex/latex/hyperref\hpdftex.def
File: hpdftex.def 2025-07-12 v7.01o Hyperref driver for pdfTeX
\Fld@listcount=\count310
\c@bookmark@seq@number=\count311

(C:\Users\Lenovo\AppData\Local\Programs\MiKTeX\tex/latex/rerunfilecheck\rerunfi
lecheck.sty
Package: rerunfilecheck 2025-06-21 v1.11 Rerun checks for auxiliary files (HO)

(C:\Users\Lenovo\AppData\Local\Programs\MiKTeX\tex/generic/uniquecounter\unique
counter.sty
Package: uniquecounter 2019/12/15 v1.4 Provide unlimited unique counter (HO)
)
Package uniquecounter Info: New unique counter `rerunfilecheck' on input line 2
84.
)
\Hy@SectionHShift=\skip58
)
(C:\Users\Lenovo\AppData\Local\Programs\MiKTeX\tex/latex/tcolorbox\tcolorbox.st
y
Package: tcolorbox 2025/09/09 version 6.8.0 text color boxes

(C:\Users\Lenovo\AppData\Local\Programs\MiKTeX\tex/latex/pgf/frontendlayer\tikz
.sty
(C:\Users\Lenovo\AppData\Local\Programs\MiKTeX\tex/latex/pgf/basiclayer\pgf.sty

(C:\Users\Lenovo\AppData\Local\Programs\MiKTeX\tex/latex/pgf/utilities\pgfrcs.s
ty
(C:\Users\Lenovo\AppData\Local\Programs\MiKTeX\tex/generic/pgf/utilities\pgfuti
l-common.tex
\pgfutil@everybye=\toks34
\pgfutil@tempdima=\dimen171
\pgfutil@tempdimb=\dimen172
)
(C:\Users\Lenovo\AppData\Local\Programs\MiKTeX\tex/generic/pgf/utilities\pgfuti
l-latex.def
\pgfutil@abb=\box56
)
(C:\Users\Lenovo\AppData\Local\Programs\MiKTeX\tex/generic/pgf/utilities\pgfrcs
.code.tex
(C:\Users\Lenovo\AppData\Local\Programs\MiKTeX\tex/generic/pgf\pgf.revision.tex
)
Package: pgfrcs 2025-08-29 v3.1.11a (3.1.11a)
))
Package: pgf 2025-08-29 v3.1.11a (3.1.11a)

(C:\Users\Lenovo\AppData\Local\Programs\MiKTeX\tex/latex/pgf/basiclayer\pgfcore
.sty
(C:\Users\Lenovo\AppData\Local\Programs\MiKTeX\tex/latex/graphics\graphicx.sty
Package: graphicx 2024/12/31 v1.2e Enhanced LaTeX Graphics (DPC,SPQR)

(C:\Users\Lenovo\AppData\Local\Programs\MiKTeX\tex/latex/graphics\graphics.sty
Package: graphics 2024/08/06 v1.4g Standard LaTeX Graphics (DPC,SPQR)

(C:\Users\Lenovo\AppData\Local\Programs\MiKTeX\tex/latex/graphics\trig.sty
Package: trig 2023/12/02 v1.11 sin cos tan (DPC)
)
(C:\Users\Lenovo\AppData\Local\Programs\MiKTeX\tex/latex/graphics-cfg\graphics.
cfg
File: graphics.cfg 2016/06/04 v1.11 sample graphics configuration
)
Package graphics Info: Driver file: pdftex.def on input line 106.

(C:\Users\Lenovo\AppData\Local\Programs\MiKTeX\tex/latex/graphics-def\pdftex.de
f
File: pdftex.def 2025/09/29 v1.2d Graphics/color driver for pdftex
))
\Gin@req@height=\dimen173
\Gin@req@width=\dimen174
)
(C:\Users\Lenovo\AppData\Local\Programs\MiKTeX\tex/latex/pgf/systemlayer\pgfsys
.sty
(C:\Users\Lenovo\AppData\Local\Programs\MiKTeX\tex/generic/pgf/systemlayer\pgfs
ys.code.tex
Package: pgfsys 2025-08-29 v3.1.11a (3.1.11a)

(C:\Users\Lenovo\AppData\Local\Programs\MiKTeX\tex/generic/pgf/utilities\pgfkey
s.code.tex
\pgfkeys@pathtoks=\toks35
\pgfkeys@temptoks=\toks36

(C:\Users\Lenovo\AppData\Local\Programs\MiKTeX\tex/generic/pgf/utilities\pgfkey
slibraryfiltered.code.tex
\pgfkeys@tmptoks=\toks37
))
\pgf@x=\dimen175
\pgf@y=\dimen176
\pgf@xa=\dimen177
\pgf@ya=\dimen178
\pgf@xb=\dimen179
\pgf@yb=\dimen180
\pgf@xc=\dimen181
\pgf@yc=\dimen182
\pgf@xd=\dimen183
\pgf@yd=\dimen184
\w@pgf@writea=\write3
\r@pgf@reada=\read2
\c@pgf@counta=\count312
\c@pgf@countb=\count313
\c@pgf@countc=\count314
\c@pgf@countd=\count315
\t@pgf@toka=\toks38
\t@pgf@tokb=\toks39
\t@pgf@tokc=\toks40
\pgf@sys@id@count=\count316

(C:\Users\Lenovo\AppData\Local\Programs\MiKTeX\tex/generic/pgf/systemlayer\pgf.
cfg
File: pgf.cfg 2025-08-29 v3.1.11a (3.1.11a)
)
Driver file for pgf: pgfsys-pdftex.def

(C:\Users\Lenovo\AppData\Local\Programs\MiKTeX\tex/generic/pgf/systemlayer\pgfs
ys-pdftex.def
File: pgfsys-pdftex.def 2025-08-29 v3.1.11a (3.1.11a)

(C:\Users\Lenovo\AppData\Local\Programs\MiKTeX\tex/generic/pgf/systemlayer\pgfs
ys-common-pdf.def
File: pgfsys-common-pdf.def 2025-08-29 v3.1.11a (3.1.11a)
)))
(C:\Users\Lenovo\AppData\Local\Programs\MiKTeX\tex/generic/pgf/systemlayer\pgfs
yssoftpath.code.tex
File: pgfsyssoftpath.code.tex 2025-08-29 v3.1.11a (3.1.11a)
\pgfsyssoftpath@smallbuffer@items=\count317
\pgfsyssoftpath@bigbuffer@items=\count318
)
(C:\Users\Lenovo\AppData\Local\Programs\MiKTeX\tex/generic/pgf/systemlayer\pgfs
ysprotocol.code.tex
File: pgfsysprotocol.code.tex 2025-08-29 v3.1.11a (3.1.11a)
))
(C:\Users\Lenovo\AppData\Local\Programs\MiKTeX\tex/latex/xcolor\xcolor.sty
Package: xcolor 2024/09/29 v3.02 LaTeX color extensions (UK)

(C:\Users\Lenovo\AppData\Local\Programs\MiKTeX\tex/latex/graphics-cfg\color.cfg
File: color.cfg 2016/01/02 v1.6 sample color configuration
)
Package xcolor Info: Driver file: pdftex.def on input line 274.

(C:\Users\Lenovo\AppData\Local\Programs\MiKTeX\tex/latex/graphics\mathcolor.ltx
)
Package xcolor Info: Model `cmy' substituted by `cmy0' on input line 1349.
Package xcolor Info: Model `hsb' substituted by `rgb' on input line 1353.
Package xcolor Info: Model `RGB' extended on input line 1365.
Package xcolor Info: Model `HTML' substituted by `rgb' on input line 1367.
Package xcolor Info: Model `Hsb' substituted by `hsb' on input line 1368.
Package xcolor Info: Model `tHsb' substituted by `hsb' on input line 1369.
Package xcolor Info: Model `HSB' substituted by `hsb' on input line 1370.
Package xcolor Info: Model `Gray' substituted by `gray' on input line 1371.
Package xcolor Info: Model `wave' substituted by `hsb' on input line 1372.
)
(C:\Users\Lenovo\AppData\Local\Programs\MiKTeX\tex/generic/pgf/basiclayer\pgfco
re.code.tex
Package: pgfcore 2025-08-29 v3.1.11a (3.1.11a)

(C:\Users\Lenovo\AppData\Local\Programs\MiKTeX\tex/generic/pgf/math\pgfmath.cod
e.tex
(C:\Users\Lenovo\AppData\Local\Programs\MiKTeX\tex/generic/pgf/math\pgfmathutil
.code.tex)
(C:\Users\Lenovo\AppData\Local\Programs\MiKTeX\tex/generic/pgf/math\pgfmathpars
er.code.tex
\pgfmath@dimen=\dimen185
\pgfmath@count=\count319
\pgfmath@box=\box57
\pgfmath@toks=\toks41
\pgfmath@stack@operand=\toks42
\pgfmath@stack@operation=\toks43
)
(C:\Users\Lenovo\AppData\Local\Programs\MiKTeX\tex/generic/pgf/math\pgfmathfunc
tions.code.tex)
(C:\Users\Lenovo\AppData\Local\Programs\MiKTeX\tex/generic/pgf/math\pgfmathfunc
tions.basic.code.tex)
(C:\Users\Lenovo\AppData\Local\Programs\MiKTeX\tex/generic/pgf/math\pgfmathfunc
tions.trigonometric.code.tex)
(C:\Users\Lenovo\AppData\Local\Programs\MiKTeX\tex/generic/pgf/math\pgfmathfunc
tions.random.code.tex)
(C:\Users\Lenovo\AppData\Local\Programs\MiKTeX\tex/generic/pgf/math\pgfmathfunc
tions.comparison.code.tex)
(C:\Users\Lenovo\AppData\Local\Programs\MiKTeX\tex/generic/pgf/math\pgfmathfunc
tions.base.code.tex)
(C:\Users\Lenovo\AppData\Local\Programs\MiKTeX\tex/generic/pgf/math\pgfmathfunc
tions.round.code.tex)
(C:\Users\Lenovo\AppData\Local\Programs\MiKTeX\tex/generic/pgf/math\pgfmathfunc
tions.misc.code.tex)
(C:\Users\Lenovo\AppData\Local\Programs\MiKTeX\tex/generic/pgf/math\pgfmathfunc
tions.integerarithmetics.code.tex)
(C:\Users\Lenovo\AppData\Local\Programs\MiKTeX\tex/generic/pgf/math\pgfmathcalc
.code.tex)
(C:\Users\Lenovo\AppData\Local\Programs\MiKTeX\tex/generic/pgf/math\pgfmathfloa
t.code.tex
\c@pgfmathroundto@lastzeros=\count320
))
(C:\Users\Lenovo\AppData\Local\Programs\MiKTeX\tex/generic/pgf/math\pgfint.code
.tex)
(C:\Users\Lenovo\AppData\Local\Programs\MiKTeX\tex/generic/pgf/basiclayer\pgfco
repoints.code.tex
File: pgfcorepoints.code.tex 2025-08-29 v3.1.11a (3.1.11a)
\pgf@picminx=\dimen186
\pgf@picmaxx=\dimen187
\pgf@picminy=\dimen188
\pgf@picmaxy=\dimen189
\pgf@pathminx=\dimen190
\pgf@pathmaxx=\dimen191
\pgf@pathminy=\dimen192
\pgf@pathmaxy=\dimen193
\pgf@xx=\dimen194
\pgf@xy=\dimen195
\pgf@yx=\dimen196
\pgf@yy=\dimen197
\pgf@zx=\dimen198
\pgf@zy=\dimen199
)
(C:\Users\Lenovo\AppData\Local\Programs\MiKTeX\tex/generic/pgf/basiclayer\pgfco
repathconstruct.code.tex
File: pgfcorepathconstruct.code.tex 2025-08-29 v3.1.11a (3.1.11a)
\pgf@path@lastx=\dimen256
\pgf@path@lasty=\dimen257
)
(C:\Users\Lenovo\AppData\Local\Programs\MiKTeX\tex/generic/pgf/basiclayer\pgfco
repathusage.code.tex
File: pgfcorepathusage.code.tex 2025-08-29 v3.1.11a (3.1.11a)
\pgf@shorten@end@additional=\dimen258
\pgf@shorten@start@additional=\dimen259
)
(C:\Users\Lenovo\AppData\Local\Programs\MiKTeX\tex/generic/pgf/basiclayer\pgfco
rescopes.code.tex
File: pgfcorescopes.code.tex 2025-08-29 v3.1.11a (3.1.11a)
\pgfpic=\box58
\pgf@hbox=\box59
\pgf@layerbox@main=\box60
\pgf@picture@serial@count=\count321
)
(C:\Users\Lenovo\AppData\Local\Programs\MiKTeX\tex/generic/pgf/basiclayer\pgfco
regraphicstate.code.tex
File: pgfcoregraphicstate.code.tex 2025-08-29 v3.1.11a (3.1.11a)
\pgflinewidth=\dimen260
)
(C:\Users\Lenovo\AppData\Local\Programs\MiKTeX\tex/generic/pgf/basiclayer\pgfco
retransformations.code.tex
File: pgfcoretransformations.code.tex 2025-08-29 v3.1.11a (3.1.11a)
\pgf@pt@x=\dimen261
\pgf@pt@y=\dimen262
\pgf@pt@temp=\dimen263
)
(C:\Users\Lenovo\AppData\Local\Programs\MiKTeX\tex/generic/pgf/basiclayer\pgfco
requick.code.tex
File: pgfcorequick.code.tex 2025-08-29 v3.1.11a (3.1.11a)
)
(C:\Users\Lenovo\AppData\Local\Programs\MiKTeX\tex/generic/pgf/basiclayer\pgfco
reobjects.code.tex
File: pgfcoreobjects.code.tex 2025-08-29 v3.1.11a (3.1.11a)
)
(C:\Users\Lenovo\AppData\Local\Programs\MiKTeX\tex/generic/pgf/basiclayer\pgfco
repathprocessing.code.tex
File: pgfcorepathprocessing.code.tex 2025-08-29 v3.1.11a (3.1.11a)
)
(C:\Users\Lenovo\AppData\Local\Programs\MiKTeX\tex/generic/pgf/basiclayer\pgfco
rearrows.code.tex
File: pgfcorearrows.code.tex 2025-08-29 v3.1.11a (3.1.11a)
\pgfarrowsep=\dimen264
)
(C:\Users\Lenovo\AppData\Local\Programs\MiKTeX\tex/generic/pgf/basiclayer\pgfco
reshade.code.tex
File: pgfcoreshade.code.tex 2025-08-29 v3.1.11a (3.1.11a)
\pgf@max=\dimen265
\pgf@sys@shading@range@num=\count322
\pgf@shadingcount=\count323
)
(C:\Users\Lenovo\AppData\Local\Programs\MiKTeX\tex/generic/pgf/basiclayer\pgfco
reimage.code.tex
File: pgfcoreimage.code.tex 2025-08-29 v3.1.11a (3.1.11a)
)
(C:\Users\Lenovo\AppData\Local\Programs\MiKTeX\tex/generic/pgf/basiclayer\pgfco
reexternal.code.tex
File: pgfcoreexternal.code.tex 2025-08-29 v3.1.11a (3.1.11a)
\pgfexternal@startupbox=\box61
)
(C:\Users\Lenovo\AppData\Local\Programs\MiKTeX\tex/generic/pgf/basiclayer\pgfco
relayers.code.tex
File: pgfcorelayers.code.tex 2025-08-29 v3.1.11a (3.1.11a)
)
(C:\Users\Lenovo\AppData\Local\Programs\MiKTeX\tex/generic/pgf/basiclayer\pgfco
retransparency.code.tex
File: pgfcoretransparency.code.tex 2025-08-29 v3.1.11a (3.1.11a)
)
(C:\Users\Lenovo\AppData\Local\Programs\MiKTeX\tex/generic/pgf/basiclayer\pgfco
repatterns.code.tex
File: pgfcorepatterns.code.tex 2025-08-29 v3.1.11a (3.1.11a)
)
(C:\Users\Lenovo\AppData\Local\Programs\MiKTeX\tex/generic/pgf/basiclayer\pgfco
rerdf.code.tex
File: pgfcorerdf.code.tex 2025-08-29 v3.1.11a (3.1.11a)
)))
(C:\Users\Lenovo\AppData\Local\Programs\MiKTeX\tex/generic/pgf/modules\pgfmodul
eshapes.code.tex
File: pgfmoduleshapes.code.tex 2025-08-29 v3.1.11a (3.1.11a)
\pgfnodeparttextbox=\box62
)
(C:\Users\Lenovo\AppData\Local\Programs\MiKTeX\tex/generic/pgf/modules\pgfmodul
eplot.code.tex
File: pgfmoduleplot.code.tex 2025-08-29 v3.1.11a (3.1.11a)
)
(C:\Users\Lenovo\AppData\Local\Programs\MiKTeX\tex/latex/pgf/compatibility\pgfc
omp-version-0-65.sty
Package: pgfcomp-version-0-65 2025-08-29 v3.1.11a (3.1.11a)
\pgf@nodesepstart=\dimen266
\pgf@nodesepend=\dimen267
)
(C:\Users\Lenovo\AppData\Local\Programs\MiKTeX\tex/latex/pgf/compatibility\pgfc
omp-version-1-18.sty
Package: pgfcomp-version-1-18 2025-08-29 v3.1.11a (3.1.11a)
))
(C:\Users\Lenovo\AppData\Local\Programs\MiKTeX\tex/latex/pgf/utilities\pgffor.s
ty
(C:\Users\Lenovo\AppData\Local\Programs\MiKTeX\tex/latex/pgf/utilities\pgfkeys.
sty
(C:\Users\Lenovo\AppData\Local\Programs\MiKTeX\tex/generic/pgf/utilities\pgfkey
s.code.tex))
(C:\Users\Lenovo\AppData\Local\Programs\MiKTeX\tex/latex/pgf/math\pgfmath.sty
(C:\Users\Lenovo\AppData\Local\Programs\MiKTeX\tex/generic/pgf/math\pgfmath.cod
e.tex))
(C:\Users\Lenovo\AppData\Local\Programs\MiKTeX\tex/generic/pgf/utilities\pgffor
.code.tex
Package: pgffor 2025-08-29 v3.1.11a (3.1.11a)
\pgffor@iter=\dimen268
\pgffor@skip=\dimen269
\pgffor@stack=\toks44
\pgffor@toks=\toks45
))
(C:\Users\Lenovo\AppData\Local\Programs\MiKTeX\tex/generic/pgf/frontendlayer/ti
kz\tikz.code.tex
Package: tikz 2025-08-29 v3.1.11a (3.1.11a)

(C:\Users\Lenovo\AppData\Local\Programs\MiKTeX\tex/generic/pgf/libraries\pgflib
raryplothandlers.code.tex
File: pgflibraryplothandlers.code.tex 2025-08-29 v3.1.11a (3.1.11a)
\pgf@plot@mark@count=\count324
\pgfplotmarksize=\dimen270
)
\tikz@lastx=\dimen271
\tikz@lasty=\dimen272
\tikz@lastxsaved=\dimen273
\tikz@lastysaved=\dimen274
\tikz@lastmovetox=\dimen275
\tikz@lastmovetoy=\dimen276
\tikzleveldistance=\dimen277
\tikzsiblingdistance=\dimen278
\tikz@figbox=\box63
\tikz@figbox@bg=\box64
\tikz@tempbox=\box65
\tikz@tempbox@bg=\box66
\tikztreelevel=\count325
\tikznumberofchildren=\count326
\tikznumberofcurrentchild=\count327
\tikz@fig@count=\count328

(C:\Users\Lenovo\AppData\Local\Programs\MiKTeX\tex/generic/pgf/modules\pgfmodul
ematrix.code.tex
File: pgfmodulematrix.code.tex 2025-08-29 v3.1.11a (3.1.11a)
\pgfmatrixcurrentrow=\count329
\pgfmatrixcurrentcolumn=\count330
\pgf@matrix@numberofcolumns=\count331
)
\tikz@expandcount=\count332

(C:\Users\Lenovo\AppData\Local\Programs\MiKTeX\tex/generic/pgf/frontendlayer/ti
kz/libraries\tikzlibrarytopaths.code.tex
File: tikzlibrarytopaths.code.tex 2025-08-29 v3.1.11a (3.1.11a)
)))
(C:\Users\Lenovo\AppData\Local\Programs\MiKTeX\tex/latex/tools\verbatim.sty
Package: verbatim 2024-01-22 v1.5x LaTeX2e package for verbatim enhancements
\every@verbatim=\toks46
\verbatim@line=\toks47
\verbatim@in@stream=\read3
)
(C:\Users\Lenovo\AppData\Local\Programs\MiKTeX\tex/latex/environ\environ.sty
Package: environ 2014/05/04 v0.3 A new way to define environments

(C:\Users\Lenovo\AppData\Local\Programs\MiKTeX\tex/latex/trimspaces\trimspaces.
sty
Package: trimspaces 2009/09/17 v1.1 Trim spaces around a token list
))
\tcb@titlebox=\box67
\tcb@upperbox=\box68
\tcb@lowerbox=\box69
\tcb@phantombox=\box70
\c@tcbbreakpart=\count333
\c@tcblayer=\count334
\c@tcolorbox@number=\count335
\l__tcobox_tmpa_box=\box71
\l__tcobox_tmpa_dim=\dimen279
\tcb@temp=\box72
\tcb@temp=\box73
\tcb@temp=\box74
\tcb@temp=\box75
)
\c@theorem=\count336

(C:\Users\Lenovo\AppData\Local\Programs\MiKTeX\tex/latex/l3backend\l3backend-pd
ftex.def
File: l3backend-pdftex.def 2025-10-09 L3 backend support: PDF output (pdfTeX)
\l__color_backend_stack_int=\count337
)
No file yang_fixed.aux.
\openout1 = `yang_fixed.aux'.

LaTeX Font Info:    Checking defaults for OML/cmm/m/it on input line 38.
LaTeX Font Info:    ... okay on input line 38.
LaTeX Font Info:    Checking defaults for OMS/cmsy/m/n on input line 38.
LaTeX Font Info:    ... okay on input line 38.
LaTeX Font Info:    Checking defaults for OT1/cmr/m/n on input line 38.
LaTeX Font Info:    ... okay on input line 38.
LaTeX Font Info:    Checking defaults for T1/cmr/m/n on input line 38.
LaTeX Font Info:    ... okay on input line 38.
LaTeX Font Info:    Checking defaults for TS1/cmr/m/n on input line 38.
LaTeX Font Info:    ... okay on input line 38.
LaTeX Font Info:    Checking defaults for OMX/cmex/m/n on input line 38.
LaTeX Font Info:    ... okay on input line 38.
LaTeX Font Info:    Checking defaults for U/cmr/m/n on input line 38.
LaTeX Font Info:    ... okay on input line 38.
LaTeX Font Info:    Checking defaults for PD1/pdf/m/n on input line 38.
LaTeX Font Info:    ... okay on input line 38.
LaTeX Font Info:    Checking defaults for PU/pdf/m/n on input line 38.
LaTeX Font Info:    ... okay on input line 38.
*geometry* driver: auto-detecting
*geometry* detected driver: pdftex
*geometry* verbose mode - [ preamble ] result:
* driver: pdftex
* paper: a4paper
* layout: <same size as paper>
* layoutoffset:(h,v)=(0.0pt,0.0pt)
* modes: 
* h-part:(L,W,R)=(72.26999pt, 452.9679pt, 72.26999pt)
* v-part:(T,H,B)=(72.26999pt, 700.50687pt, 72.26999pt)
* \paperwidth=597.50787pt
* \paperheight=845.04684pt
* \textwidth=452.9679pt
* \textheight=700.50687pt
* \oddsidemargin=0.0pt
* \evensidemargin=0.0pt
* \topmargin=-37.0pt
* \headheight=12.0pt
* \headsep=25.0pt
* \topskip=11.0pt
* \footskip=30.0pt
* \marginparwidth=50.0pt
* \marginparsep=10.0pt
* \columnsep=10.0pt
* \skip\footins=10.0pt plus 4.0pt minus 2.0pt
* \hoffset=0.0pt
* \voffset=0.0pt
* \mag=1000
* \@twocolumnfalse
* \@twosidefalse
* \@mparswitchfalse
* \@reversemarginfalse
* (1in=72.27pt=25.4mm, 1cm=28.453pt)

Package hyperref Info: Link coloring OFF on input line 38.
\@outlinefile=\write4
\openout4 = `yang_fixed.out'.


(C:\Users\Lenovo\AppData\Local\Programs\MiKTeX\tex/context/base/mkii\supp-pdf.m
kii
[Loading MPS to PDF converter (version 2006.09.02).]
\scratchcounter=\count338
\scratchdimen=\dimen280
\scratchbox=\box76
\nofMPsegments=\count339
\nofMParguments=\count340
\everyMPshowfont=\toks48
\MPscratchCnt=\count341
\MPscratchDim=\dimen281
\MPnumerator=\count342
\makeMPintoPDFobject=\count343
\everyMPtoPDFconversion=\toks49
)
(C:\Users\Lenovo\AppData\Local\Programs\MiKTeX\tex/latex/epstopdf-pkg\epstopdf-
base.sty
Package: epstopdf-base 2020-01-24 v2.11 Base part for package epstopdf
Package epstopdf-base Info: Redefining graphics rule for `.eps' on input line 4
85.

(C:\Users\Lenovo\AppData\Local\Programs\MiKTeX\tex/latex/00miktex\epstopdf-sys.
cfg
File: epstopdf-sys.cfg 2021/03/18 v2.0 Configuration of epstopdf for MiKTeX
))
LaTeX Font Info:    Trying to load font information for U+msa on input line 41.

 (C:\Users\Lenovo\AppData\Local\Programs\MiKTeX\tex/latex/amsfonts\umsa.fd
File: umsa.fd 2013/01/14 v3.01 AMS symbols A
)
LaTeX Font Info:    Trying to load font information for U+msb on input line 41.

 (C:\Users\Lenovo\AppData\Local\Programs\MiKTeX\tex/latex/amsfonts\umsb.fd
File: umsb.fd 2013/01/14 v3.01 AMS symbols B
)
LaTeX Font Info:    Trying to load font information for U+rsfs on input line 41
.

(C:\Users\Lenovo\AppData\Local\Programs\MiKTeX\tex/latex/jknappen\ursfs.fd
File: ursfs.fd 1998/03/24 rsfs font definition file (jk)
)
! Missing $ inserted.
<inserted text> 
                $
l.52 using uniform H\Gamma
                          ¶lder bounds, compactness arguments, and non-pertu...
I've inserted a begin-math/end-math symbol since I think
you left one out. Proceed, with fingers crossed.


! LaTeX Error: Invalid UTF-8 byte "B6.

See the LaTeX manual or LaTeX Companion for explanation.
Type  H <return>  for immediate help.
 ...                                              
                                                  
l.52 using uniform H\Gamma¶
                           lder bounds, compactness arguments, and non-pertu...

The document does not appear to be in UTF-8 encoding.
Try adding \UseRawInputEncoding as the first line of the file
or specify an encoding such as \usepackage [latin1]{inputenc}
in the document preamble.
Alternatively, save the file in UTF-8 using your editor or another tool

! Missing $ inserted.
<inserted text> 
                $
l.55 non-perturbative proof of $\sigma
                                      _{\text{phys}} > 0$ using center symme...
I've inserted a begin-math/end-math symbol since I think
you left one out. Proceed, with fingers crossed.


Overfull \hbox (11.68874pt too wide) in paragraph at lines 43--57
\T1/cmr/m/n/10 ing a rig-or-ous con-tin-uum limit us-ing uni-form H$\OT1/cmr/m/
n/10 ^^@\OML/cmm/m/it/10 lderbounds; compactnessarguments; andnon \OMS/cmsy/m/n
/10 ^^@
 []


Overfull \hbox (378.93257pt too wide) in paragraph at lines 43--57
\OML/cmm/m/it/10 perturbativescalesetting:Keyinnovationsinclude \OT1/cmr/m/n/10
 : \OML/cmm/m/it/10 quantitativePerron \OMS/cmsy/m/n/10 ^^@ ^^@\OML/cmm/m/it/10
 FrobeniusboundsviaCheegerinequalities; geometricmeasuretheoryforWilsonloopcomp
actness; non \OMS/cmsy/m/n/10 ^^@
 []

No file yang_fixed.toc.
\tf@toc=\write5
\openout5 = `yang_fixed.toc'.

[1

{C:/Users/Lenovo/AppData/Local/MiKTeX/fonts/map/pdftex/pdftex.map}]

LaTeX Warning: Reference `sec:lattice' on page 2 undefined on input line 126.


LaTeX Warning: Reference `sec:transfer' on page 2 undefined on input line 127.


LaTeX Warning: Reference `sec:center' on page 2 undefined on input line 128.


LaTeX Warning: Reference `sec:analyticity' on page 2 undefined on input line 12
9.


LaTeX Warning: Reference `sec:cluster' on page 2 undefined on input line 130.


LaTeX Warning: Reference `sec:string' on page 2 undefined on input line 131.


LaTeX Warning: Reference `sec:giles' on page 2 undefined on input line 132.


LaTeX Warning: Reference `sec:continuum' on page 2 undefined on input line 133.


! Missing $ inserted.
<inserted text> 
                $
l.140 via uniform H\Gamma
                         ¶lder bounds and Arzel\Gamma -Ascoli compactness, w...
I've inserted a begin-math/end-math symbol since I think
you left one out. Proceed, with fingers crossed.


! LaTeX Error: Invalid UTF-8 byte "B6.

See the LaTeX manual or LaTeX Companion for explanation.
Type  H <return>  for immediate help.
 ...                                              
                                                  
l.140 via uniform H\Gamma¶
                          lder bounds and Arzel\Gamma -Ascoli compactness, w...

The document does not appear to be in UTF-8 encoding.
Try adding \UseRawInputEncoding as the first line of the file
or specify an encoding such as \usepackage [latin1]{inputenc}
in the document preamble.
Alternatively, save the file in UTF-8 using your editor or another tool


! LaTeX Error: Invalid UTF-8 byte "A0.

See the LaTeX manual or LaTeX Companion for explanation.
Type  H <return>  for immediate help.
 ...                                              
                                                  
l.140 ...form H\Gamma¶lder bounds and Arzel\Gamma 
                                                  -Ascoli compactness, with ...

The document does not appear to be in UTF-8 encoding.
Try adding \UseRawInputEncoding as the first line of the file
or specify an encoding such as \usepackage [latin1]{inputenc}
in the document preamble.
Alternatively, save the file in UTF-8 using your editor or another tool


! LaTeX Error: Command \item invalid in math mode.

See the LaTeX manual or LaTeX Companion for explanation.
Type  H <return>  for immediate help.
 ...                                              
                                                  
l.143 \item
            \textbf{Non-circularity:} The proof of $\sigma > 0$ (string tens...

Try typing  <return>  to proceed.
If that doesn't work, type  X <return>  to quit.

! Missing $ inserted.
<inserted text> 
                $
l.143 \item \textbf
                   {Non-circularity:} The proof of $\sigma > 0$ (string tens...
I've inserted a begin-math/end-math symbol since I think
you left one out. Proceed, with fingers crossed.


Overfull \hbox (55.93947pt too wide) in paragraph at lines 139--143
[]\T1/cmr/bx/n/10.95 Continuum limit ex-is-tence: \T1/cmr/m/n/10.95 The proof e
s-tab-lishes ex-is-tence via uni-form H$\OT1/cmr/m/n/10.95 ^^@\OML/cmm/m/it/10.
95 lderboundsandArzel\OT1/cmr/m/n/10.95 ^^@ \OMS/cmsy/m/n/10.95 ^^@
 []


Overfull \hbox (324.11458pt too wide) in paragraph at lines 139--143
\OML/cmm/m/it/10.95 Ascolicompactness; withuniquenessfromGibbsmeasureuniqueness
andmonotonicityofWilsonloops:Thisavoidsrelianceonperturbativeasymptoticfreedom:

 []


Underfull \hbox (badness 10000) in paragraph at lines 139--143

 []


LaTeX Warning: Reference `app:noncircular' on page 2 undefined on input line 14
6.

[2]

LaTeX Warning: Citation `watson' on page 3 undefined on input line 153.


LaTeX Warning: Reference `subsec:bessel-nevanlinna' on page 3 undefined on inpu
t line 155.

[3]
Overfull \hbox (1.36656pt too wide) in paragraph at lines 215--218
[]\T1/cmr/bx/it/10.95 Character or-thog-o-nal-ity\T1/cmr/m/it/10.95 : $[][] \OM
L/cmm/m/it/10.95 ^^_[]\OT1/cmr/m/n/10.95 (\OML/cmm/m/it/10.95 U\OT1/cmr/m/n/10.
95 )[] \OML/cmm/m/it/10.95 dU \OT1/cmr/m/n/10.95 = \OML/cmm/m/it/10.95 ^^N[]$ \
T1/cmr/m/it/10.95 for ir-re-ducible char-ac-ters $\OML/cmm/m/it/10.95 ^^_[]; ^^
_[]$ 
 []


Overfull \hbox (10.80444pt too wide) in paragraph at lines 278--280
[][]\T1/cmr/bx/n/10.95 Lemma 2.8 \T1/cmr/m/n/10.95 (Gauge In-vari-ance of Wil-s
on Ac-tion)\T1/cmr/bx/n/10.95 . []\T1/cmr/m/it/10.95 The Wil-son ac-tion is gau
ge-invariant: $\OML/cmm/m/it/10.95 S[]\OT1/cmr/m/n/10.95 [\OML/cmm/m/it/10.95 U
[]\OT1/cmr/m/n/10.95 ] =
 []


Overfull \hbox (0.73386pt too wide) in paragraph at lines 292--294
[][]\T1/cmr/bx/n/10.95 Definition 2.9 \T1/cmr/m/n/10.95 (Gauge-In-vari-ant Ob-s
erv-able)\T1/cmr/bx/n/10.95 . []\T1/cmr/m/it/10.95 An ob-serv-able $\OMS/cmsy/m
/n/10.95 O\OT1/cmr/m/n/10.95 [\OML/cmm/m/it/10.95 U\OT1/cmr/m/n/10.95 ]$ \T1/cm
r/m/it/10.95 is gauge-invariant if $\OMS/cmsy/m/n/10.95 O\OT1/cmr/m/n/10.95 [\O
ML/cmm/m/it/10.95 U[]\OT1/cmr/m/n/10.95 ] =
 []

[4] [5] [6]

LaTeX Warning: Reference `sec:string' on page 7 undefined on input line 447.


LaTeX Warning: Reference `lem:character-expansion' on page 7 undefined on input
 line 471.

[7] [8] [9] [10] [11] [12] [13] [14] [15]
Overfull \hbox (1.50777pt too wide) in paragraph at lines 1119--1122
\OML/cmm/m/it/10.95 C\OT1/cmr/m/n/10.95 (\OML/cmm/m/it/10.95 ^^L\OT1/cmr/m/n/10
.95 )\OML/cmm/m/it/10.95 =\OMS/cmsy/m/n/10.95 j\OT1/cmr/m/n/10.95 ^^C\OMS/cmsy/
m/n/10.95 j[]$ \T1/cmr/m/n/10.95 by stan-dard ther-mo-dy-namic ar-gu-ments (bou
nd-ary ef-fects de-cay as surface-to-volume
 []


Package hyperref Warning: Token not allowed in a PDF string (Unicode):
(hyperref)                removing `math shift' on input line 1154.


Package hyperref Warning: Token not allowed in a PDF string (Unicode):
(hyperref)                removing `math shift' on input line 1154.


Package hyperref Warning: Token not allowed in a PDF string (Unicode):
(hyperref)                removing `math shift' on input line 1154.


Package hyperref Warning: Token not allowed in a PDF string (Unicode):
(hyperref)                removing `math shift' on input line 1154.

[16]

LaTeX Warning: Reference `lem:analyticity-direct' on page 17 undefined on input
 line 1252.

[17]

LaTeX Warning: Reference `lem:analyticity-direct' on page 18 undefined on input
 line 1339.

[18]

LaTeX Warning: Reference `thm:analyticity' on page 19 undefined on input line 1
355.


Overfull \hbox (5.27753pt too wide) in paragraph at lines 1376--1378
[]\T1/cmr/m/n/10.95 We prove this us-ing re-flec-tion pos-i-tiv-ity and spec-tr
al the-ory, with-out re-ly-ing on Dobrushin--
 []


LaTeX Warning: Reference `thm:reflection-pos' on page 19 undefined on input lin
e 1381.

[19]

LaTeX Warning: Reference `thm:sigma-positive' on page 20 undefined on input lin
e 1452.


LaTeX Warning: Reference `sec:string' on page 20 undefined on input line 1453.


LaTeX Warning: Reference `thm:giles-teper' on page 20 undefined on input line 1
460.


LaTeX Warning: Reference `sec:giles' on page 20 undefined on input line 1461.


LaTeX Warning: Reference `thm:unique-gibbs' on page 20 undefined on input line 
1481.

[20]

LaTeX Warning: Reference `thm:monotone-L' on page 21 undefined on input line 15
26.


LaTeX Warning: Reference `sec:string' on page 21 undefined on input line 1545.


LaTeX Warning: Reference `sec:giles' on page 21 undefined on input line 1546.


LaTeX Warning: Reference `thm:perron-frobenius' on page 21 undefined on input l
ine 1566.

[21]
Overfull \hbox (3.13536pt too wide) in paragraph at lines 1634--1636
[]\T1/cmr/m/n/10.95 Representation the-ory of $\OML/cmm/m/it/10.95 SU\OT1/cmr/m
/n/10.95 (\OML/cmm/m/it/10.95 N\OT1/cmr/m/n/10.95 )$\T1/cmr/m/n/10.95 : Peter-W
eyl the-o-rem, char-ac-ter or-thog-o-nal-ity, Littlewood-
 []


LaTeX Warning: Reference `sec:analyticity' on page 22 undefined on input line 1
641.

[22] [23]

LaTeX Warning: Reference `lem:character-expansion' on page 24 undefined on inpu
t line 1745.

[24] [25]

LaTeX Warning: Reference `thm:compact' on page 26 undefined on input line 1880.



LaTeX Warning: Reference `thm:perron-frobenius' on page 26 undefined on input l
ine 1880.


LaTeX Warning: Reference `eq:subT' on page 26 undefined on input line 1931.

[26] [27]

LaTeX Warning: Reference `thm:compact' on page 28 undefined on input line 2069.



LaTeX Warning: Reference `thm:perron-frobenius' on page 28 undefined on input l
ine 2069.

[28]

LaTeX Warning: Reference `thm:wilson-mono' on page 29 undefined on input line 2
085.


LaTeX Warning: Reference `thm:compact' on page 29 undefined on input line 2104.



LaTeX Warning: Reference `thm:perron-frobenius' on page 29 undefined on input l
ine 2104.

[29] [30] [31]

LaTeX Warning: Reference `thm:perron-frobenius' on page 32 undefined on input l
ine 2307.

[32]

LaTeX Warning: Reference `lem:explicit-plaquette' on page 33 undefined on input
 line 2391.


LaTeX Warning: Reference `thm:sigma-positive' on page 33 undefined on input lin
e 2432.


LaTeX Warning: Reference `thm:perron-frobenius' on page 33 undefined on input l
ine 2434.

[33]

LaTeX Warning: Reference `lem:explicit-plaquette' on page 34 undefined on input
 line 2499.

[34]

LaTeX Warning: Reference `sec:flux-tube' on page 35 undefined on input line 256
2.

[35]
LaTeX Font Info:    Trying to load font information for U+euf on input line 263
5.
 (C:\Users\Lenovo\AppData\Local\Programs\MiKTeX\tex/latex/amsfonts\ueuf.fd
File: ueuf.fd 2013/01/14 v3.01 Euler Fraktur
)

LaTeX Warning: Reference `thm:sigma-positive' on page 36 undefined on input lin
e 2663.

[36] [37]
! Undefined control sequence.
l.2759 The L\GammaGscher
                         term can also be derived directly from the transfer...
The control sequence at the end of the top line
of your error message was never \def'ed. If you have
misspelled it (e.g., `\hobx'), type `I' and the correct
spelling (e.g., `I\hbox'). Otherwise just continue,
and I'll forget about whatever was undefined.

! Undefined control sequence.
l.2767 This derivation, due to L\GammaGscher
                                            --Symanzik--Weisz, uses only:
The control sequence at the end of the top line
of your error message was never \def'ed. If you have
misspelled it (e.g., `\hobx'), type `I' and the correct
spelling (e.g., `I\hbox'). Otherwise just continue,
and I'll forget about whatever was undefined.

[38]

LaTeX Warning: Reference `thm:discrete' on page 39 undefined on input line 2823
.


LaTeX Warning: Reference `thm:perron-frobenius' on page 39 undefined on input l
ine 2823.

[39]

LaTeX Warning: Reference `thm:spectral-wilson' on page 40 undefined on input li
ne 2886.


LaTeX Warning: Reference `lem:flux-from-wilson' on page 40 undefined on input l
ine 2912.


LaTeX Warning: Reference `thm:wilson-mono' on page 40 undefined on input line 2
920.

[40] [41] [42]

LaTeX Warning: Reference `thm:reflection-pos' on page 43 undefined on input lin
e 3136.

! Undefined control sequence.
<argument> (d) Improved bound via L\GammaGscher 
                                                term:
l.3171 ... Improved bound via L\GammaGscher term:}
                                                  
The control sequence at the end of the top line
of your error message was never \def'ed. If you have
misspelled it (e.g., `\hobx'), type `I' and the correct
spelling (e.g., `I\hbox'). Otherwise just continue,
and I'll forget about whatever was undefined.

! Undefined control sequence.
l.3172 ...follows from the universal L\GammaGscher
                                                   correction
The control sequence at the end of the top line
of your error message was never \def'ed. If you have
misspelled it (e.g., `\hobx'), type `I' and the correct
spelling (e.g., `I\hbox'). Otherwise just continue,
and I'll forget about whatever was undefined.


LaTeX Warning: Reference `thm:luscher' on page 43 undefined on input line 3175.


! Undefined control sequence.
l.3179 ...pi(d-2)/(24R)$ term is the L\GammaGscher
                                                   correction, proved rigoro...
The control sequence at the end of the top line
of your error message was never \def'ed. If you have
misspelled it (e.g., `\hobx'), type `I' and the correct
spelling (e.g., `I\hbox'). Otherwise just continue,
and I'll forget about whatever was undefined.

[43]
! Undefined control sequence.
l.3212 \item The L\GammaGscher
                               term is derived from reflection positivity (n...
The control sequence at the end of the top line
of your error message was never \def'ed. If you have
misspelled it (e.g., `\hobx'), type `I' and the correct
spelling (e.g., `I\hbox'). Otherwise just continue,
and I'll forget about whatever was undefined.


LaTeX Warning: Reference `thm:compact' on page 44 undefined on input line 3228.



LaTeX Warning: Reference `thm:reflection-pos' on page 44 undefined on input lin
e 3230.


LaTeX Warning: Reference `thm:sigma-positive' on page 44 undefined on input lin
e 3231.


LaTeX Warning: Reference `thm:luscher' on page 44 undefined on input line 3232.


[44]

LaTeX Warning: Reference `thm:giles-teper' on page 45 undefined on input line 3
267.

! Undefined control sequence.
l.3271 ...2)}{24} = \frac{\pi}{12}$ (L\GammaGscher
                                                   term in $d=4$)
The control sequence at the end of the top line
of your error message was never \def'ed. If you have
misspelled it (e.g., `\hobx'), type `I' and the correct
spelling (e.g., `I\hbox'). Otherwise just continue,
and I'll forget about whatever was undefined.

! Undefined control sequence.
l.3286 \item The L\GammaGscher
                               term $c_0 = \pi(d-2)/24$ depends only on dime...
The control sequence at the end of the top line
of your error message was never \def'ed. If you have
misspelled it (e.g., `\hobx'), type `I' and the correct
spelling (e.g., `I\hbox'). Otherwise just continue,
and I'll forget about whatever was undefined.

[45]
! Undefined control sequence.
<argument> L\GammaGscher 
                         term is universal
l.3325 ...\textbf{L\GammaGscher term is universal}
                                                  : $c_0 = \pi(d-2)/24 > 0$ ...
The control sequence at the end of the top line
of your error message was never \def'ed. If you have
misspelled it (e.g., `\hobx'), type `I' and the correct
spelling (e.g., `I\hbox'). Otherwise just continue,
and I'll forget about whatever was undefined.


LaTeX Warning: Reference `thm:giles-teper' on page 46 undefined on input line 3
374.


LaTeX Warning: Reference `thm:sigma-positive' on page 46 undefined on input lin
e 3380.

[46]

LaTeX Warning: Reference `thm:sigma-positive' on page 47 undefined on input lin
e 3397.


LaTeX Warning: Reference `thm:giles-teper' on page 47 undefined on input line 3
398.


LaTeX Warning: Reference `thm:strong-coupling' on page 47 undefined on input li
ne 3418.


LaTeX Warning: Reference `thm:giles-teper' on page 47 undefined on input line 3
438.


LaTeX Warning: Reference `thm:sigma-positive' on page 47 undefined on input lin
e 3442.

[47]

LaTeX Warning: Reference `thm:pure-spectral-gap' on page 48 undefined on input 
line 3473.


LaTeX Warning: Reference `thm:pure-spectral-gap' on page 48 undefined on input 
line 3529.

[48]

LaTeX Warning: Reference `thm:compact' on page 49 undefined on input line 3554.



LaTeX Warning: Reference `thm:discrete' on page 49 undefined on input line 3554
.


LaTeX Warning: Reference `thm:perron-frobenius' on page 49 undefined on input l
ine 3554.


LaTeX Warning: Reference `thm:sigma-positive' on page 49 undefined on input lin
e 3606.

[49] [50] [51]

LaTeX Warning: Reference `thm:sigma-positive' on page 52 undefined on input lin
e 3833.


LaTeX Warning: Reference `sec:rigorous-continuum' on page 52 undefined on input
 line 3857.

[52] [53]

LaTeX Warning: Reference `thm:main' on page 54 undefined on input line 3935.

[54]

LaTeX Warning: Reference `thm:holder-bounds' on page 55 undefined on input line
 4024.


LaTeX Warning: Reference `thm:holder-bounds' on page 55 undefined on input line
 4030.


Overfull \hbox (7.8271pt too wide) in paragraph at lines 4051--4053
[]\T1/cmr/m/n/10.95 Fix a com-pact sub-set $\OML/cmm/m/it/10.95 K \OMS/cmsy/m/n
/10.95 ^^Z \OT1/cmr/m/n/10.95 (\U/msb/m/n/10.95 R[]\OT1/cmr/m/n/10.95 )[]$ \T1/
cmr/m/n/10.95 with $\OML/cmm/m/it/10.95 x[] \OMS/cmsy/m/n/10.95 6\OT1/cmr/m/n/1
0.95 = \OML/cmm/m/it/10.95 x[]$ \T1/cmr/m/n/10.95 on $\OML/cmm/m/it/10.95 K$\T1
/cmr/m/n/10.95 . Let $\OML/cmm/m/it/10.95 d[] \OT1/cmr/m/n/10.95 = [][] [][] \O
MS/cmsy/m/n/10.95 j\OML/cmm/m/it/10.95 x[] \OMS/cmsy/m/n/10.95 ^^@
 []


LaTeX Warning: Reference `thm:holder-bounds' on page 55 undefined on input line
 4056.

[55]

LaTeX Warning: Reference `thm:unique-gibbs' on page 56 undefined on input line 
4081.


LaTeX Warning: Reference `sec:analyticity' on page 56 undefined on input line 4
083.


LaTeX Warning: Reference `thm:wilson-mono' on page 56 undefined on input line 4
093.


LaTeX Warning: Reference `thm:no-transition' on page 56 undefined on input line
 4126.


LaTeX Warning: Reference `thm:reflection-pos' on page 56 undefined on input lin
e 4132.

[56]

LaTeX Warning: Reference `thm:no-transition' on page 57 undefined on input line
 4152.


LaTeX Warning: Reference `thm:reflection-pos' on page 57 undefined on input lin
e 4162.


LaTeX Warning: Reference `thm:cluster' on page 57 undefined on input line 4199.


[57]

LaTeX Warning: Reference `thm:sigma-positive' on page 58 undefined on input lin
e 4273.


LaTeX Warning: Reference `thm:pure-spectral-gap' on page 58 undefined on input 
line 4274.

[58]

LaTeX Warning: Reference `thm:perron-frobenius' on page 59 undefined on input l
ine 4328.


LaTeX Warning: Reference `thm:giles-teper' on page 59 undefined on input line 4
355.

[59]

LaTeX Warning: Reference `thm:perron-frobenius' on page 60 undefined on input l
ine 4432.


LaTeX Warning: Reference `thm:continuum-gap' on page 60 undefined on input line
 4437.


LaTeX Warning: Reference `thm:giles-teper' on page 60 undefined on input line 4
441.


LaTeX Warning: Reference `thm:rigorous-continuum' on page 60 undefined on input
 line 4447.

[60]

LaTeX Warning: Reference `thm:sigma-positive' on page 61 undefined on input lin
e 4497.


LaTeX Warning: Reference `thm:pure-spectral-gap' on page 61 undefined on input 
line 4497.


LaTeX Warning: Reference `thm:full-os' on page 61 undefined on input line 4520.


[61]

LaTeX Warning: Reference `thm:giles-teper' on page 62 undefined on input line 4
537.


LaTeX Warning: Reference `thm:pure-spectral-gap' on page 62 undefined on input 
line 4563.

[62]

LaTeX Warning: Reference `thm:no-transition' on page 63 undefined on input line
 4636.

[63] [64] [65] [66]

LaTeX Warning: Reference `thm:center-symmetry' on page 67 undefined on input li
ne 4950.

[67]

LaTeX Warning: Reference `lem:strict-convex' on page 68 undefined on input line
 5014.


LaTeX Warning: Reference `thm:convex-analytic' on page 68 undefined on input li
ne 5015.


LaTeX Warning: Reference `thm:gap-convexity' on page 68 undefined on input line
 5018.


LaTeX Warning: Reference `thm:rigorous-continuum' on page 68 undefined on input
 line 5019.

[68] [69]

LaTeX Warning: Reference `thm:giles-teper' on page 70 undefined on input line 5
131.


LaTeX Warning: Reference `thm:strong-coupling' on page 70 undefined on input li
ne 5154.


LaTeX Warning: Reference `thm:analyticity' on page 70 undefined on input line 5
165.


LaTeX Warning: Reference `thm:sigma-positive' on page 70 undefined on input lin
e 5167.


LaTeX Warning: Reference `thm:pure-spectral-gap' on page 70 undefined on input 
line 5168.


LaTeX Warning: Reference `thm:giles-teper' on page 70 undefined on input line 5
175.


LaTeX Warning: Reference `sec:giles' on page 70 undefined on input line 5189.

[70]

LaTeX Warning: Reference `thm:sigma-positive' on page 71 undefined on input lin
e 5225.

[71]
! Undefined control sequence.
l.5294 With $c = \pi/6$ (from L\GammaGscher
                                            term): $E_{\min} = 2\sqrt{\pi^2\...
The control sequence at the end of the top line
of your error message was never \def'ed. If you have
misspelled it (e.g., `\hobx'), type `I' and the correct
spelling (e.g., `I\hbox'). Otherwise just continue,
and I'll forget about whatever was undefined.

[72]

LaTeX Warning: Reference `thm:sigma-positive' on page 73 undefined on input lin
e 5381.


LaTeX Warning: Reference `thm:giles-teper' on page 73 undefined on input line 5
382.


LaTeX Warning: Reference `thm:sigma-positive' on page 73 undefined on input lin
e 5418.


LaTeX Warning: Reference `thm:pure-spectral-gap' on page 73 undefined on input 
line 5418.


LaTeX Warning: Reference `thm:topological-gap' on page 73 undefined on input li
ne 5424.


LaTeX Warning: Reference `thm:flow-continuous' on page 73 undefined on input li
ne 5428.


LaTeX Warning: Reference `thm:ratio-bound' on page 73 undefined on input line 5
432.

[73] [74] [75]

LaTeX Warning: Reference `thm:pure-spectral-gap' on page 76 undefined on input 
line 5617.

! Missing $ inserted.
<inserted text> 
                $
l.5627 The correlation functions are H\Gamma
                                            ¶lder continuous with uniform co...
I've inserted a begin-math/end-math symbol since I think
you left one out. Proceed, with fingers crossed.


! LaTeX Error: Invalid UTF-8 byte "B6.

See the LaTeX manual or LaTeX Companion for explanation.
Type  H <return>  for immediate help.
 ...                                              
                                                  
l.5627 The correlation functions are H\Gamma¶
                                             lder continuous with uniform co...

The document does not appear to be in UTF-8 encoding.
Try adding \UseRawInputEncoding as the first line of the file
or specify an encoding such as \usepackage [latin1]{inputenc}
in the document preamble.
Alternatively, save the file in UTF-8 using your editor or another tool


! LaTeX Error: Bad math environment delimiter.

See the LaTeX manual or LaTeX Companion for explanation.
Type  H <return>  for immediate help.
 ...                                              
                                                  
l.5628 \[
         
Your command was ignored.
Type  I <command> <return>  to replace it with another command,
or  <return>  to continue without it.

! Missing \endgroup inserted.
<inserted text> 
                \endgroup 
l.5631 \]
         
I've inserted something that you may have forgotten.
(See the <inserted text> above.)
With luck, this will get me unwedged. But if you
really didn't forget anything, try typing `2' now; then
my insertion and my current dilemma will both disappear.


! LaTeX Error: \begin{proof} on input line 5614 ended by \end{equation*}.

See the LaTeX manual or LaTeX Companion for explanation.
Type  