\BOOKMARK [1][-]{section.1}{\376\377\000I\000n\000t\000r\000o\000d\000u\000c\000t\000i\000o\000n}{}% 1
\BOOKMARK [2][-]{subsection.1.1}{\376\377\000T\000h\000e\000\040\000P\000r\000o\000b\000l\000e\000m}{section.1}% 2
\BOOKMARK [2][-]{subsection.1.2}{\376\377\000P\000r\000o\000o\000f\000\040\000S\000t\000r\000a\000t\000e\000g\000y}{section.1}% 3
\BOOKMARK [1][-]{section.2}{\376\377\000L\000a\000t\000t\000i\000c\000e\000\040\000Y\000a\000n\000g\040\023\000M\000i\000l\000l\000s\000\040\000T\000h\000e\000o\000r\000y}{}% 4
\BOOKMARK [2][-]{subsection.2.1}{\376\377\000T\000h\000e\000\040\000L\000a\000t\000t\000i\000c\000e}{section.2}% 5
\BOOKMARK [2][-]{subsection.2.2}{\376\377\000G\000a\000u\000g\000e\000\040\000F\000i\000e\000l\000d\000\040\000C\000o\000n\000f\000i\000g\000u\000r\000a\000t\000i\000o\000n}{section.2}% 6
\BOOKMARK [2][-]{subsection.2.3}{\376\377\000H\000a\000a\000r\000\040\000M\000e\000a\000s\000u\000r\000e}{section.2}% 7
\BOOKMARK [2][-]{subsection.2.4}{\376\377\000W\000i\000l\000s\000o\000n\000\040\000A\000c\000t\000i\000o\000n}{section.2}% 8
\BOOKMARK [2][-]{subsection.2.5}{\376\377\000P\000a\000r\000t\000i\000t\000i\000o\000n\000\040\000F\000u\000n\000c\000t\000i\000o\000n\000\040\000a\000n\000d\000\040\000E\000x\000p\000e\000c\000t\000a\000t\000i\000o\000n\000\040\000V\000a\000l\000u\000e\000s}{section.2}% 9
\BOOKMARK [2][-]{subsection.2.6}{\376\377\000G\000a\000u\000g\000e\000\040\000I\000n\000v\000a\000r\000i\000a\000n\000c\000e}{section.2}% 10
\BOOKMARK [1][-]{section.3}{\376\377\000T\000r\000a\000n\000s\000f\000e\000r\000\040\000M\000a\000t\000r\000i\000x\000\040\000a\000n\000d\000\040\000R\000e\000f\000l\000e\000c\000t\000i\000o\000n\000\040\000P\000o\000s\000i\000t\000i\000v\000i\000t\000y}{}% 11
\BOOKMARK [2][-]{subsection.3.1}{\376\377\000T\000i\000m\000e\000\040\000S\000l\000i\000c\000i\000n\000g}{section.3}% 12
\BOOKMARK [2][-]{subsection.3.2}{\376\377\000T\000r\000a\000n\000s\000f\000e\000r\000\040\000M\000a\000t\000r\000i\000x}{section.3}% 13
\BOOKMARK [2][-]{subsection.3.3}{\376\377\000R\000e\000f\000l\000e\000c\000t\000i\000o\000n\000\040\000P\000o\000s\000i\000t\000i\000v\000i\000t\000y}{section.3}% 14
\BOOKMARK [2][-]{subsection.3.4}{\376\377\000C\000o\000m\000p\000a\000c\000t\000n\000e\000s\000s\000\040\000a\000n\000d\000\040\000D\000i\000s\000c\000r\000e\000t\000e\000\040\000S\000p\000e\000c\000t\000r\000u\000m}{section.3}% 15
\BOOKMARK [1][-]{section.4}{\376\377\000C\000e\000n\000t\000e\000r\000\040\000S\000y\000m\000m\000e\000t\000r\000y}{}% 16
\BOOKMARK [2][-]{subsection.4.1}{\376\377\000T\000h\000e\000\040\000C\000e\000n\000t\000e\000r\000\040\000o\000f\000\040\000S\000U\000\050\000N\000\051}{section.4}% 17
\BOOKMARK [2][-]{subsection.4.2}{\376\377\000C\000e\000n\000t\000e\000r\000\040\000T\000r\000a\000n\000s\000f\000o\000r\000m\000a\000t\000i\000o\000n}{section.4}% 18
\BOOKMARK [2][-]{subsection.4.3}{\376\377\000T\000h\000e\000\040\000P\000o\000l\000y\000a\000k\000o\000v\000\040\000L\000o\000o\000p}{section.4}% 19
\BOOKMARK [2][-]{subsection.4.4}{\376\377\000V\000a\000n\000i\000s\000h\000i\000n\000g\000\040\000o\000f\000\040\000P\000o\000l\000y\000a\000k\000o\000v\000\040\000L\000o\000o\000p}{section.4}% 20
\BOOKMARK [1][-]{section.5}{\376\377\000A\000n\000a\000l\000y\000t\000i\000c\000i\000t\000y\000\040\000o\000f\000\040\000t\000h\000e\000\040\000F\000r\000e\000e\000\040\000E\000n\000e\000r\000g\000y}{}% 21
\BOOKMARK [2][-]{subsection.5.1}{\376\377\000F\000r\000e\000e\000\040\000E\000n\000e\000r\000g\000y\000\040\000D\000e\000n\000s\000i\000t\000y}{section.5}% 22
\BOOKMARK [2][-]{subsection.5.2}{\376\377\000S\000t\000r\000o\000n\000g\000\040\000C\000o\000u\000p\000l\000i\000n\000g\000\040\000R\000e\000g\000i\000m\000e}{section.5}% 23
\BOOKMARK [2][-]{subsection.5.3}{\376\377\000A\000b\000s\000e\000n\000c\000e\000\040\000o\000f\000\040\000P\000h\000a\000s\000e\000\040\000T\000r\000a\000n\000s\000i\000t\000i\000o\000n\000s}{section.5}% 24
\BOOKMARK [2][-]{subsection.5.4}{\376\377\000T\000h\000e\000\040\000B\000e\000s\000s\000e\000l\040\023\000N\000e\000v\000a\000n\000l\000i\000n\000n\000a\000\040\000P\000r\000o\000o\000f\000\040\000f\000o\000r\000\040\000S\000U\000\050\0002\000\051\000\040\000a\000n\000d\000\040\000S\000U\000\050\0003\000\051}{section.5}% 25
\BOOKMARK [1][-]{section.6}{\376\377\000C\000l\000u\000s\000t\000e\000r\000\040\000D\000e\000c\000o\000m\000p\000o\000s\000i\000t\000i\000o\000n}{}% 26
\BOOKMARK [2][-]{subsection.6.1}{\376\377\000U\000n\000i\000q\000u\000e\000\040\000G\000i\000b\000b\000s\000\040\000M\000e\000a\000s\000u\000r\000e}{section.6}% 27
\BOOKMARK [2][-]{subsection.6.2}{\376\377\000C\000l\000u\000s\000t\000e\000r\000\040\000D\000e\000c\000o\000m\000p\000o\000s\000i\000t\000i\000o\000n}{section.6}% 28
\BOOKMARK [2][-]{subsection.6.3}{\376\377\000U\000n\000i\000f\000o\000r\000m\000\040\000T\000h\000e\000r\000m\000o\000d\000y\000n\000a\000m\000i\000c\000\040\000L\000i\000m\000i\000t}{section.6}% 29
\BOOKMARK [1][-]{section.7}{\376\377\000S\000t\000r\000i\000n\000g\000\040\000T\000e\000n\000s\000i\000o\000n\000\040\000v\000i\000a\000\040\000G\000K\000S\000\040\000I\000n\000e\000q\000u\000a\000l\000i\000t\000y}{}% 30
\BOOKMARK [2][-]{subsection.7.1}{\376\377\000C\000h\000a\000r\000a\000c\000t\000e\000r\000\040\000E\000x\000p\000a\000n\000s\000i\000o\000n\000\040\000o\000f\000\040\000t\000h\000e\000\040\000W\000i\000l\000s\000o\000n\000\040\000A\000c\000t\000i\000o\000n}{section.7}% 31
\BOOKMARK [2][-]{subsection.7.2}{\376\377\000G\000K\000S\000\040\000I\000n\000e\000q\000u\000a\000l\000i\000t\000y\000\040\000f\000o\000r\000\040\000W\000i\000l\000s\000o\000n\000\040\000L\000o\000o\000p\000s}{section.7}% 32
\BOOKMARK [2][-]{subsection.7.3}{\376\377\000D\000e\000f\000i\000n\000i\000t\000i\000o\000n\000\040\000a\000n\000d\000\040\000P\000o\000s\000i\000t\000i\000v\000i\000t\000y\000\040\000o\000f\000\040\000S\000t\000r\000i\000n\000g\000\040\000T\000e\000n\000s\000i\000o\000n}{section.7}% 33
\BOOKMARK [2][-]{subsection.7.4}{\376\377\000E\000x\000p\000l\000i\000c\000i\000t\000\040\000C\000o\000m\000p\000u\000t\000a\000t\000i\000o\000n\000\040\000o\000f\000\040\000S\000t\000r\000i\000n\000g\000\040\000T\000e\000n\000s\000i\000o\000n\000\040\000B\000o\000u\000n\000d}{section.7}% 34
\BOOKMARK [2][-]{subsection.7.5}{\376\377\000T\000h\000e\000\040\000L\000\374\000s\000c\000h\000e\000r\000\040\000T\000e\000r\000m\000\040\000a\000n\000d\000\040\000U\000n\000i\000v\000e\000r\000s\000a\000l\000\040\000C\000o\000r\000r\000e\000c\000t\000i\000o\000n\000s}{section.7}% 35
\BOOKMARK [1][-]{section.8}{\376\377\000T\000h\000e\000\040\000G\000i\000l\000e\000s\040\023\000T\000e\000p\000e\000r\000\040\000B\000o\000u\000n\000d}{}% 36
\BOOKMARK [2][-]{subsection.8.1}{\376\377\000S\000p\000e\000c\000t\000r\000a\000l\000\040\000R\000e\000p\000r\000e\000s\000e\000n\000t\000a\000t\000i\000o\000n}{section.8}% 37
\BOOKMARK [2][-]{subsection.8.2}{\376\377\000F\000l\000u\000x\000\040\000T\000u\000b\000e\000\040\000E\000n\000e\000r\000g\000y}{section.8}% 38
\BOOKMARK [2][-]{subsection.8.3}{\376\377\000T\000h\000e\000\040\000M\000a\000s\000s\000\040\000G\000a\000p\000\040\000B\000o\000u\000n\000d}{section.8}% 39
\BOOKMARK [2][-]{subsection.8.4}{\376\377\000M\000a\000s\000s\000\040\000G\000a\000p\000\040\000P\000o\000s\000i\000t\000i\000v\000i\000t\000y}{section.8}% 40
\BOOKMARK [2][-]{subsection.8.5}{\376\377\000A\000l\000t\000e\000r\000n\000a\000t\000i\000v\000e\000\040\000A\000r\000g\000u\000m\000e\000n\000t\000\040\000v\000i\000a\000\040\000R\000e\000n\000o\000r\000m\000a\000l\000i\000z\000a\000t\000i\000o\000n\000\040\000G\000r\000o\000u\000p\000\040\000\050\000P\000h\000y\000s\000i\000c\000a\000l\000\040\000I\000n\000t\000u\000i\000t\000i\000o\000n\000\051}{section.8}% 41
\BOOKMARK [2][-]{subsection.8.6}{\376\377\000F\000u\000l\000l\000y\000\040\000R\000i\000g\000o\000r\000o\000u\000s\000\040\000P\000r\000o\000o\000f\000\040\000v\000i\000a\000\040\000O\000p\000e\000r\000a\000t\000o\000r\000\040\000B\000o\000u\000n\000d\000s}{section.8}% 42
\BOOKMARK [1][-]{section.9}{\376\377\000C\000o\000n\000t\000i\000n\000u\000u\000m\000\040\000L\000i\000m\000i\000t}{}% 43
\BOOKMARK [2][-]{subsection.9.1}{\376\377\000S\000c\000a\000l\000i\000n\000g\000\040\000t\000o\000\040\000t\000h\000e\000\040\000C\000o\000n\000t\000i\000n\000u\000u\000m}{section.9}% 44
\BOOKMARK [2][-]{subsection.9.2}{\376\377\000A\000s\000y\000m\000p\000t\000o\000t\000i\000c\000\040\000F\000r\000e\000e\000d\000o\000m\000\040\000a\000n\000d\000\040\000P\000e\000r\000t\000u\000r\000b\000a\000t\000i\000v\000e\000\040\000R\000G}{section.9}% 45
\BOOKMARK [2][-]{subsection.9.3}{\376\377\000U\000n\000i\000f\000o\000r\000m\000\040\000B\000o\000u\000n\000d\000s\000\040\000A\000c\000r\000o\000s\000s\000\040\000L\000i\000m\000i\000t\000s}{section.9}% 46
\BOOKMARK [2][-]{subsection.9.4}{\376\377\000E\000x\000i\000s\000t\000e\000n\000c\000e\000\040\000o\000f\000\040\000C\000o\000n\000t\000i\000n\000u\000u\000m\000\040\000L\000i\000m\000i\000t}{section.9}% 47
\BOOKMARK [2][-]{subsection.9.5}{\376\377\000P\000h\000y\000s\000i\000c\000a\000l\000\040\000M\000a\000s\000s\000\040\000G\000a\000p}{section.9}% 48
\BOOKMARK [2][-]{subsection.9.6}{\376\377\000R\000i\000g\000o\000r\000o\000u\000s\000\040\000C\000o\000n\000t\000i\000n\000u\000u\000m\000\040\000L\000i\000m\000i\000t\000\040\000v\000i\000a\000\040\000U\000n\000i\000f\000o\000r\000m\000\040\000E\000s\000t\000i\000m\000a\000t\000e\000s}{section.9}% 49
\BOOKMARK [2][-]{subsection.9.7}{\376\377\000U\000n\000i\000v\000e\000r\000s\000a\000l\000i\000t\000y\000\040\000o\000f\000\040\000t\000h\000e\000\040\000C\000o\000n\000t\000i\000n\000u\000u\000m\000\040\000L\000i\000m\000i\000t}{section.9}% 50
\BOOKMARK [1][-]{section.10}{\376\377\000I\000n\000n\000o\000v\000a\000t\000i\000v\000e\000\040\000N\000e\000w\000\040\000P\000r\000o\000o\000f\000:\000\040\000C\000o\000n\000v\000e\000x\000i\000t\000y\000\040\000M\000e\000t\000h\000o\000d}{}% 51
\BOOKMARK [2][-]{subsection.10.1}{\376\377\000C\000o\000n\000v\000e\000x\000i\000t\000y\000\040\000o\000f\000\040\000t\000h\000e\000\040\000F\000r\000e\000e\000\040\000E\000n\000e\000r\000g\000y}{section.10}% 52
\BOOKMARK [2][-]{subsection.10.2}{\376\377\000F\000r\000o\000m\000\040\000C\000o\000n\000v\000e\000x\000i\000t\000y\000\040\000t\000o\000\040\000A\000n\000a\000l\000y\000t\000i\000c\000i\000t\000y}{section.10}% 53
\BOOKMARK [2][-]{subsection.10.3}{\376\377\000M\000a\000s\000s\000\040\000G\000a\000p\000\040\000f\000r\000o\000m\000\040\000A\000n\000a\000l\000y\000t\000i\000c\000i\000t\000y}{section.10}% 54
\BOOKMARK [2][-]{subsection.10.4}{\376\377\000C\000o\000m\000p\000l\000e\000t\000e\000\040\000P\000r\000o\000o\000f\000\040\000v\000i\000a\000\040\000C\000o\000n\000v\000e\000x\000i\000t\000y}{section.10}% 55
\BOOKMARK [1][-]{section.11}{\376\377\000B\000r\000e\000a\000k\000t\000h\000r\000o\000u\000g\000h\000:\000\040\000N\000o\000n\000-\000P\000e\000r\000t\000u\000r\000b\000a\000t\000i\000v\000e\000\040\000C\000o\000n\000t\000i\000n\000u\000u\000m\000\040\000L\000i\000m\000i\000t}{}% 56
\BOOKMARK [2][-]{subsection.11.1}{\376\377\000T\000h\000e\000\040\000C\000e\000n\000t\000r\000a\000l\000\040\000P\000r\000o\000b\000l\000e\000m}{section.11}% 57
\BOOKMARK [2][-]{subsection.11.2}{\376\377\000I\000n\000n\000o\000v\000a\000t\000i\000o\000n\000\040\0001\000:\000\040\000I\000n\000t\000e\000r\000p\000o\000l\000a\000t\000i\000n\000g\000\040\000F\000l\000o\000w\000\040\000M\000e\000t\000h\000o\000d}{section.11}% 58
\BOOKMARK [2][-]{subsection.11.3}{\376\377\000I\000n\000n\000o\000v\000a\000t\000i\000o\000n\000\040\0002\000:\000\040\000M\000o\000n\000o\000t\000o\000n\000i\000c\000i\000t\000y\000\040\000o\000f\000\040\000M\000a\000s\000s\000\040\000G\000a\000p}{section.11}% 59
\BOOKMARK [2][-]{subsection.11.4}{\376\377\000I\000n\000n\000o\000v\000a\000t\000i\000o\000n\000\040\0003\000:\000\040\000S\000t\000o\000c\000h\000a\000s\000t\000i\000c\000\040\000G\000e\000o\000m\000e\000t\000r\000i\000c\000\040\000A\000n\000a\000l\000y\000s\000i\000s}{section.11}% 60
\BOOKMARK [2][-]{subsection.11.5}{\376\377\000I\000n\000n\000o\000v\000a\000t\000i\000o\000n\000\040\0004\000:\000\040\000E\000x\000a\000c\000t\000\040\000N\000o\000n\000-\000P\000e\000r\000t\000u\000r\000b\000a\000t\000i\000v\000e\000\040