\BOOKMARK [1][-]{section.1}{\376\377\000I\000n\000t\000r\000o\000d\000u\000c\000t\000i\000o\000n}{}% 1
\BOOKMARK [2][-]{subsection.1.1}{\376\377\000T\000h\000e\000\040\000P\000r\000o\000b\000l\000e\000m}{section.1}% 2
\BOOKMARK [2][-]{subsection.1.2}{\376\377\000P\000r\000o\000o\000f\000\040\000S\000t\000r\000a\000t\000e\000g\000y}{section.1}% 3
\BOOKMARK [1][-]{section.2}{\376\377\000L\000a\000t\000t\000i\000c\000e\000\040\000Y\000a\000n\000g\040\023\000M\000i\000l\000l\000s\000\040\000T\000h\000e\000o\000r\000y}{}% 4
\BOOKMARK [2][-]{subsection.2.1}{\376\377\000T\000h\000e\000\040\000L\000a\000t\000t\000i\000c\000e}{section.2}% 5
\BOOKMARK [2][-]{subsection.2.2}{\376\377\000G\000a\000u\000g\000e\000\040\000F\000i\000e\000l\000d\000\040\000C\000o\000n\000f\000i\000g\000u\000r\000a\000t\000i\000o\000n}{section.2}% 6
\BOOKMARK [2][-]{subsection.2.3}{\376\377\000W\000i\000l\000s\000o\000n\000\040\000A\000c\000t\000i\000o\000n}{section.2}% 7
\BOOKMARK [2][-]{subsection.2.4}{\376\377\000P\000a\000r\000t\000i\000t\000i\000o\000n\000\040\000F\000u\000n\000c\000t\000i\000o\000n\000\040\000a\000n\000d\000\040\000E\000x\000p\000e\000c\000t\000a\000t\000i\000o\000n\000\040\000V\000a\000l\000u\000e\000s}{section.2}% 8
\BOOKMARK [1][-]{section.3}{\376\377\000T\000r\000a\000n\000s\000f\000e\000r\000\040\000M\000a\000t\000r\000i\000x\000\040\000a\000n\000d\000\040\000R\000e\000f\000l\000e\000c\000t\000i\000o\000n\000\040\000P\000o\000s\000i\000t\000i\000v\000i\000t\000y}{}% 9
\BOOKMARK [2][-]{subsection.3.1}{\376\377\000T\000i\000m\000e\000\040\000S\000l\000i\000c\000i\000n\000g}{section.3}% 10
\BOOKMARK [2][-]{subsection.3.2}{\376\377\000T\000r\000a\000n\000s\000f\000e\000r\000\040\000M\000a\000t\000r\000i\000x}{section.3}% 11
\BOOKMARK [2][-]{subsection.3.3}{\376\377\000R\000e\000f\000l\000e\000c\000t\000i\000o\000n\000\040\000P\000o\000s\000i\000t\000i\000v\000i\000t\000y}{section.3}% 12
\BOOKMARK [1][-]{section.4}{\376\377\000C\000e\000n\000t\000e\000r\000\040\000S\000y\000m\000m\000e\000t\000r\000y}{}% 13
\BOOKMARK [2][-]{subsection.4.1}{\376\377\000T\000h\000e\000\040\000C\000e\000n\000t\000e\000r\000\040\000o\000f\000\040\000S\000U\000\050\000N\000\051}{section.4}% 14
\BOOKMARK [2][-]{subsection.4.2}{\376\377\000C\000e\000n\000t\000e\000r\000\040\000T\000r\000a\000n\000s\000f\000o\000r\000m\000a\000t\000i\000o\000n}{section.4}% 15
\BOOKMARK [2][-]{subsection.4.3}{\376\377\000T\000h\000e\000\040\000P\000o\000l\000y\000a\000k\000o\000v\000\040\000L\000o\000o\000p}{section.4}% 16
\BOOKMARK [2][-]{subsection.4.4}{\376\377\000V\000a\000n\000i\000s\000h\000i\000n\000g\000\040\000o\000f\000\040\000P\000o\000l\000y\000a\000k\000o\000v\000\040\000L\000o\000o\000p}{section.4}% 17
\BOOKMARK [1][-]{section.5}{\376\377\000A\000n\000a\000l\000y\000t\000i\000c\000i\000t\000y\000\040\000o\000f\000\040\000t\000h\000e\000\040\000F\000r\000e\000e\000\040\000E\000n\000e\000r\000g\000y}{}% 18
\BOOKMARK [2][-]{subsection.5.1}{\376\377\000F\000r\000e\000e\000\040\000E\000n\000e\000r\000g\000y\000\040\000D\000e\000n\000s\000i\000t\000y}{section.5}% 19
\BOOKMARK [2][-]{subsection.5.2}{\376\377\000S\000t\000r\000o\000n\000g\000\040\000C\000o\000u\000p\000l\000i\000n\000g\000\040\000R\000e\000g\000i\000m\000e}{section.5}% 20
\BOOKMARK [2][-]{subsection.5.3}{\376\377\000A\000b\000s\000e\000n\000c\000e\000\040\000o\000f\000\040\000P\000h\000a\000s\000e\000\040\000T\000r\000a\000n\000s\000i\000t\000i\000o\000n\000s}{section.5}% 21
\BOOKMARK [1][-]{section.6}{\376\377\000C\000l\000u\000s\000t\000e\000r\000\040\000D\000e\000c\000o\000m\000p\000o\000s\000i\000t\000i\000o\000n}{}% 22
\BOOKMARK [2][-]{subsection.6.1}{\376\377\000U\000n\000i\000q\000u\000e\000\040\000G\000i\000b\000b\000s\000\040\000M\000e\000a\000s\000u\000r\000e}{section.6}% 23
\BOOKMARK [2][-]{subsection.6.2}{\376\377\000C\000l\000u\000s\000t\000e\000r\000\040\000D\000e\000c\000o\000m\000p\000o\000s\000i\000t\000i\000o\000n}{section.6}% 24
\BOOKMARK [1][-]{section.7}{\376\377\000S\000t\000r\000i\000n\000g\000\040\000T\000e\000n\000s\000i\000o\000n}{}% 25
\BOOKMARK [2][-]{subsection.7.1}{\376\377\000D\000e\000f\000i\000n\000i\000t\000i\000o\000n}{section.7}% 26
\BOOKMARK [2][-]{subsection.7.2}{\376\377\000P\000o\000s\000i\000t\000i\000v\000i\000t\000y\000\040\000o\000f\000\040\000S\000t\000r\000i\000n\000g\000\040\000T\000e\000n\000s\000i\000o\000n}{section.7}% 27
\BOOKMARK [1][-]{section.8}{\376\377\000T\000h\000e\000\040\000G\000i\000l\000e\000s\040\023\000T\000e\000p\000e\000r\000\040\000B\000o\000u\000n\000d}{}% 28
\BOOKMARK [2][-]{subsection.8.1}{\376\377\000S\000p\000e\000c\000t\000r\000a\000l\000\040\000R\000e\000p\000r\000e\000s\000e\000n\000t\000a\000t\000i\000o\000n}{section.8}% 29
\BOOKMARK [2][-]{subsection.8.2}{\376\377\000F\000l\000u\000x\000\040\000T\000u\000b\000e\000\040\000E\000n\000e\000r\000g\000y}{section.8}% 30
\BOOKMARK [2][-]{subsection.8.3}{\376\377\000T\000h\000e\000\040\000M\000a\000s\000s\000\040\000G\000a\000p\000\040\000B\000o\000u\000n\000d}{section.8}% 31
\BOOKMARK [2][-]{subsection.8.4}{\376\377\000M\000a\000s\000s\000\040\000G\000a\000p\000\040\000P\000o\000s\000i\000t\000i\000v\000i\000t\000y}{section.8}% 32
\BOOKMARK [1][-]{section.9}{\376\377\000C\000o\000n\000t\000i\000n\000u\000u\000m\000\040\000L\000i\000m\000i\000t}{}% 33
\BOOKMARK [2][-]{subsection.9.1}{\376\377\000S\000c\000a\000l\000i\000n\000g\000\040\000t\000o\000\040\000t\000h\000e\000\040\000C\000o\000n\000t\000i\000n\000u\000u\000m}{section.9}% 34
\BOOKMARK [2][-]{subsection.9.2}{\376\377\000A\000s\000y\000m\000p\000t\000o\000t\000i\000c\000\040\000F\000r\000e\000e\000d\000o\000m}{section.9}% 35
\BOOKMARK [2][-]{subsection.9.3}{\376\377\000P\000h\000y\000s\000i\000c\000a\000l\000\040\000M\000a\000s\000s\000\040\000G\000a\000p}{section.9}% 36
\BOOKMARK [1][-]{section.10}{\376\377\000C\000o\000n\000c\000l\000u\000s\000i\000o\000n}{}% 37
\BOOKMARK [2][-]{subsection.10.1}{\376\377\000K\000e\000y\000\040\000I\000n\000s\000i\000g\000h\000t}{section.10}% 38
