This is pdfTeX, Version 3.141592653-2.6-1.40.27 (MiKTeX 25.4) (preloaded format=pdflatex 2025.11.16)  12 DEC 2025 16:50
entering extended mode
 restricted \write18 enabled.
 %&-line parsing enabled.
**./yang.tex
(yang.tex
LaTeX2e <2025-11-01>
L3 programming layer <2025-10-24>
(C:\Users\Lenovo\AppData\Local\Programs\MiKTeX\tex/latex/base\article.cls
Document Class: article 2025/01/22 v1.4n Standard LaTeX document class
(C:\Users\Lenovo\AppData\Local\Programs\MiKTeX\tex/latex/base\size11.clo
File: size11.clo 2025/01/22 v1.4n Standard LaTeX file (size option)
)
\c@part=\count275
\c@section=\count276
\c@subsection=\count277
\c@subsubsection=\count278
\c@paragraph=\count279
\c@subparagraph=\count280
\c@figure=\count281
\c@table=\count282
\abovecaptionskip=\skip49
\belowcaptionskip=\skip50
\bibindent=\dimen148
)
(C:\Users\Lenovo\AppData\Local\Programs\MiKTeX\tex/latex/base\inputenc.sty
Package: inputenc 2024/02/08 v1.3d Input encoding file
\inpenc@prehook=\toks17
\inpenc@posthook=\toks18
)
(C:\Users\Lenovo\AppData\Local\Programs\MiKTeX\tex/latex/base\fontenc.sty
Package: fontenc 2025/07/18 v2.1d Standard LaTeX package
)
(C:\Users\Lenovo\AppData\Local\Programs\MiKTeX\tex/latex/amsmath\amsmath.sty
Package: amsmath 2025/07/09 v2.17z AMS math features
\@mathmargin=\skip51

For additional information on amsmath, use the `?' option.
(C:\Users\Lenovo\AppData\Local\Programs\MiKTeX\tex/latex/amsmath\amstext.sty
Package: amstext 2024/11/17 v2.01 AMS text

(C:\Users\Lenovo\AppData\Local\Programs\MiKTeX\tex/latex/amsmath\amsgen.sty
File: amsgen.sty 1999/11/30 v2.0 generic functions
\@emptytoks=\toks19
\ex@=\dimen149
))
(C:\Users\Lenovo\AppData\Local\Programs\MiKTeX\tex/latex/amsmath\amsbsy.sty
Package: amsbsy 1999/11/29 v1.2d Bold Symbols
\pmbraise@=\dimen150
)
(C:\Users\Lenovo\AppData\Local\Programs\MiKTeX\tex/latex/amsmath\amsopn.sty
Package: amsopn 2022/04/08 v2.04 operator names
)
\inf@bad=\count283
LaTeX Info: Redefining \frac on input line 233.
\uproot@=\count284
\leftroot@=\count285
LaTeX Info: Redefining \overline on input line 398.
LaTeX Info: Redefining \colon on input line 409.
\classnum@=\count286
\DOTSCASE@=\count287
LaTeX Info: Redefining \ldots on input line 495.
LaTeX Info: Redefining \dots on input line 498.
LaTeX Info: Redefining \cdots on input line 619.
\Mathstrutbox@=\box53
\strutbox@=\box54
LaTeX Info: Redefining \big on input line 721.
LaTeX Info: Redefining \Big on input line 722.
LaTeX Info: Redefining \bigg on input line 723.
LaTeX Info: Redefining \Bigg on input line 724.
\big@size=\dimen151
LaTeX Font Info:    Redeclaring font encoding OML on input line 742.
LaTeX Font Info:    Redeclaring font encoding OMS on input line 743.
\macc@depth=\count288
LaTeX Info: Redefining \bmod on input line 904.
LaTeX Info: Redefining \pmod on input line 909.
LaTeX Info: Redefining \smash on input line 939.
LaTeX Info: Redefining \relbar on input line 969.
LaTeX Info: Redefining \Relbar on input line 970.
\c@MaxMatrixCols=\count289
\dotsspace@=\muskip17
\c@parentequation=\count290
\dspbrk@lvl=\count291
\tag@help=\toks20
\row@=\count292
\column@=\count293
\maxfields@=\count294
\andhelp@=\toks21
\eqnshift@=\dimen152
\alignsep@=\dimen153
\tagshift@=\dimen154
\tagwidth@=\dimen155
\totwidth@=\dimen156
\lineht@=\dimen157
\@envbody=\toks22
\multlinegap=\skip52
\multlinetaggap=\skip53
\mathdisplay@stack=\toks23
LaTeX Info: Redefining \[ on input line 2950.
LaTeX Info: Redefining \] on input line 2951.
)
(C:\Users\Lenovo\AppData\Local\Programs\MiKTeX\tex/latex/amscls\amsthm.sty
Package: amsthm 2020/05/29 v2.20.6
\thm@style=\toks24
\thm@bodyfont=\toks25
\thm@headfont=\toks26
\thm@notefont=\toks27
\thm@headpunct=\toks28
\thm@preskip=\skip54
\thm@postskip=\skip55
\thm@headsep=\skip56
\dth@everypar=\toks29
)
(C:\Users\Lenovo\AppData\Local\Programs\MiKTeX\tex/latex/amsfonts\amssymb.sty
Package: amssymb 2013/01/14 v3.01 AMS font symbols

(C:\Users\Lenovo\AppData\Local\Programs\MiKTeX\tex/latex/amsfonts\amsfonts.sty
Package: amsfonts 2013/01/14 v3.01 Basic AMSFonts support
\symAMSa=\mathgroup4
\symAMSb=\mathgroup5
LaTeX Font Info:    Redeclaring math symbol \hbar on input line 98.
LaTeX Font Info:    Overwriting math alphabet `\mathfrak' in version `bold'
(Font)                  U/euf/m/n --> U/euf/b/n on input line 106.
))
(C:\Users\Lenovo\AppData\Local\Programs\MiKTeX\tex/latex/mathtools\mathtools.st
y
Package: mathtools 2024/10/04 v1.31 mathematical typesetting tools
 (C:\Users\Lenovo\AppData\Local\Programs\MiKTeX\tex/latex/graphics\keyval.sty
Package: keyval 2022/05/29 v1.15 key=value parser (DPC)
\KV@toks@=\toks30
) (C:\Users\Lenovo\AppData\Local\Programs\MiKTeX\tex/latex/tools\calc.sty
Package: calc 2025/03/01 v4.3b Infix arithmetic (KKT,FJ)
\calc@Acount=\count295
\calc@Bcount=\count296
\calc@Adimen=\dimen158
\calc@Bdimen=\dimen159
\calc@Askip=\skip57
\calc@Bskip=\skip58
LaTeX Info: Redefining \setlength on input line 86.
LaTeX Info: Redefining \addtolength on input line 87.
\calc@Ccount=\count297
\calc@Cskip=\skip59
)
(C:\Users\Lenovo\AppData\Local\Programs\MiKTeX\tex/latex/mathtools\mhsetup.sty
Package: mhsetup 2021/03/18 v1.4 programming setup (MH)
)
\g_MT_multlinerow_int=\count298
\l_MT_multwidth_dim=\dimen160
\origjot=\skip60
\l_MT_shortvdotswithinadjustabove_dim=\dimen161
\l_MT_shortvdotswithinadjustbelow_dim=\dimen162
\l_MT_above_intertext_sep=\dimen163
\l_MT_below_intertext_sep=\dimen164
\l_MT_above_shortintertext_sep=\dimen165
\l_MT_below_shortintertext_sep=\dimen166
\xmathstrut@box=\box55
\xmathstrut@dim=\dimen167
)
(C:\Users\Lenovo\AppData\Local\Programs\MiKTeX\tex/latex/jknappen\mathrsfs.sty
Package: mathrsfs 1996/01/01 Math RSFS package v1.0 (jk)
\symrsfs=\mathgroup6
) (C:\Users\Lenovo\AppData\Local\Programs\MiKTeX\tex/latex/enumitem\enumitem.st
y
Package: enumitem 2025/02/06 v3.11 Customized lists
\labelindent=\skip61
\enit@outerparindent=\dimen168
\enit@toks=\toks31
\enit@inbox=\box56
\enit@count@id=\count299
\enitdp@description=\count300
)
(C:\Users\Lenovo\AppData\Local\Programs\MiKTeX\tex/latex/geometry\geometry.sty
Package: geometry 2020/01/02 v5.9 Page Geometry

(C:\Users\Lenovo\AppData\Local\Programs\MiKTeX\tex/generic/iftex\ifvtex.sty
Package: ifvtex 2019/10/25 v1.7 ifvtex legacy package. Use iftex instead.

(C:\Users\Lenovo\AppData\Local\Programs\MiKTeX\tex/generic/iftex\iftex.sty
Package: iftex 2024/12/12 v1.0g TeX engine tests
))
\Gm@cnth=\count301
\Gm@cntv=\count302
\c@Gm@tempcnt=\count303
\Gm@bindingoffset=\dimen169
\Gm@wd@mp=\dimen170
\Gm@odd@mp=\dimen171
\Gm@even@mp=\dimen172
\Gm@layoutwidth=\dimen173
\Gm@layoutheight=\dimen174
\Gm@layouthoffset=\dimen175
\Gm@layoutvoffset=\dimen176
\Gm@dimlist=\toks32

(C:\Users\Lenovo\AppData\Local\Programs\MiKTeX\tex/latex/geometry\geometry.cfg)
)
(C:\Users\Lenovo\AppData\Local\Programs\MiKTeX\tex/latex/hyperref\hyperref.sty
Package: hyperref 2025-07-12 v7.01o Hypertext links for LaTeX

(C:\Users\Lenovo\AppData\Local\Programs\MiKTeX\tex/latex/kvsetkeys\kvsetkeys.st
y
Package: kvsetkeys 2022-10-05 v1.19 Key value parser (HO)
)
(C:\Users\Lenovo\AppData\Local\Programs\MiKTeX\tex/generic/kvdefinekeys\kvdefin
ekeys.sty
Package: kvdefinekeys 2019-12-19 v1.6 Define keys (HO)
)
(C:\Users\Lenovo\AppData\Local\Programs\MiKTeX\tex/generic/pdfescape\pdfescape.
sty
Package: pdfescape 2019/12/09 v1.15 Implements pdfTeX's escape features (HO)

(C:\Users\Lenovo\AppData\Local\Programs\MiKTeX\tex/generic/ltxcmds\ltxcmds.sty
Package: ltxcmds 2023-12-04 v1.26 LaTeX kernel commands for general use (HO)
)
(C:\Users\Lenovo\AppData\Local\Programs\MiKTeX\tex/generic/pdftexcmds\pdftexcmd
s.sty
Package: pdftexcmds 2020-06-27 v0.33 Utility functions of pdfTeX for LuaTeX (HO
)

(C:\Users\Lenovo\AppData\Local\Programs\MiKTeX\tex/generic/infwarerr\infwarerr.
sty
Package: infwarerr 2019/12/03 v1.5 Providing info/warning/error messages (HO)
)
Package pdftexcmds Info: \pdf@primitive is available.
Package pdftexcmds Info: \pdf@ifprimitive is available.
Package pdftexcmds Info: \pdfdraftmode found.
))
(C:\Users\Lenovo\AppData\Local\Programs\MiKTeX\tex/latex/hycolor\hycolor.sty
Package: hycolor 2020-01-27 v1.10 Color options for hyperref/bookmark (HO)
)
(C:\Users\Lenovo\AppData\Local\Programs\MiKTeX\tex/latex/hyperref\nameref.sty
Package: nameref 2025-06-21 v2.57 Cross-referencing by name of section

(C:\Users\Lenovo\AppData\Local\Programs\MiKTeX\tex/latex/refcount\refcount.sty
Package: refcount 2019/12/15 v3.6 Data extraction from label references (HO)
)
(C:\Users\Lenovo\AppData\Local\Programs\MiKTeX\tex/generic/gettitlestring\getti
tlestring.sty
Package: gettitlestring 2019/12/15 v1.6 Cleanup title references (HO)

(C:\Users\Lenovo\AppData\Local\Programs\MiKTeX\tex/latex/kvoptions\kvoptions.st
y
Package: kvoptions 2022-06-15 v3.15 Key value format for package options (HO)
))
\c@section@level=\count304
)
(C:\Users\Lenovo\AppData\Local\Programs\MiKTeX\tex/latex/etoolbox\etoolbox.sty
Package: etoolbox 2025/10/02 v2.5m e-TeX tools for LaTeX (JAW)
\etb@tempcnta=\count305
)
(C:\Users\Lenovo\AppData\Local\Programs\MiKTeX\tex/generic/stringenc\stringenc.
sty
Package: stringenc 2019/11/29 v1.12 Convert strings between diff. encodings (HO
)
)
\@linkdim=\dimen177
\Hy@linkcounter=\count306
\Hy@pagecounter=\count307

(C:\Users\Lenovo\AppData\Local\Programs\MiKTeX\tex/latex/hyperref\pd1enc.def
File: pd1enc.def 2025-07-12 v7.01o Hyperref: PDFDocEncoding definition (HO)
Now handling font encoding PD1 ...
... no UTF-8 mapping file for font encoding PD1
)
(C:\Users\Lenovo\AppData\Local\Programs\MiKTeX\tex/generic/intcalc\intcalc.sty
Package: intcalc 2019/12/15 v1.3 Expandable calculations with integers (HO)
)
\Hy@SavedSpaceFactor=\count308
(C:\Users\Lenovo\AppData\Local\Programs\MiKTeX\tex/latex/hyperref\puenc.def
File: puenc.def 2025-07-12 v7.01o Hyperref: PDF Unicode definition (HO)
Now handling font encoding PU ...
... no UTF-8 mapping file for font encoding PU
)
Package hyperref Info: Option `pdfusetitle' set `true' on input line 4066.
Package hyperref Info: Hyper figures OFF on input line 4195.
Package hyperref Info: Link nesting OFF on input line 4200.
Package hyperref Info: Hyper index ON on input line 4203.
Package hyperref Info: Plain pages OFF on input line 4210.
Package hyperref Info: Backreferencing OFF on input line 4215.
Package hyperref Info: Implicit mode ON; LaTeX internals redefined.
Package hyperref Info: Bookmarks ON on input line 4462.
\c@Hy@tempcnt=\count309

(C:\Users\Lenovo\AppData\Local\Programs\MiKTeX\tex/latex/url\url.sty
\Urlmuskip=\muskip18
Package: url 2013/09/16  ver 3.4  Verb mode for urls, etc.
)
LaTeX Info: Redefining \url on input line 4801.
\XeTeXLinkMargin=\dimen178

(C:\Users\Lenovo\AppData\Local\Programs\MiKTeX\tex/generic/bitset\bitset.sty
Package: bitset 2019/12/09 v1.3 Handle bit-vector datatype (HO)

(C:\Users\Lenovo\AppData\Local\Programs\MiKTeX\tex/generic/bigintcalc\bigintcal
c.sty
Package: bigintcalc 2019/12/15 v1.5 Expandable calculations on big integers (HO
)
))
\Fld@menulength=\count310
\Field@Width=\dimen179
\Fld@charsize=\dimen180
Package hyperref Info: Hyper figures OFF on input line 6078.
Package hyperref Info: Link nesting OFF on input line 6083.
Package hyperref Info: Hyper index ON on input line 6086.
Package hyperref Info: backreferencing OFF on input line 6093.
Package hyperref Info: Link coloring OFF on input line 6098.
Package hyperref Info: Link coloring with OCG OFF on input line 6103.
Package hyperref Info: PDF/A mode OFF on input line 6108.
\Hy@abspage=\count311
\c@Item=\count312
\c@Hfootnote=\count313
)
Package hyperref Info: Driver (autodetected): hpdftex.

(C:\Users\Lenovo\AppData\Local\Programs\MiKTeX\tex/latex/hyperref\hpdftex.def
File: hpdftex.def 2025-07-12 v7.01o Hyperref driver for pdfTeX
\Fld@listcount=\count314
\c@bookmark@seq@number=\count315

(C:\Users\Lenovo\AppData\Local\Programs\MiKTeX\tex/latex/rerunfilecheck\rerunfi
lecheck.sty
Package: rerunfilecheck 2025-06-21 v1.11 Rerun checks for auxiliary files (HO)

(C:\Users\Lenovo\AppData\Local\Programs\MiKTeX\tex/generic/uniquecounter\unique
counter.sty
Package: uniquecounter 2019/12/15 v1.4 Provide unlimited unique counter (HO)
)
Package uniquecounter Info: New unique counter `rerunfilecheck' on input line 2
84.
)
\Hy@SectionHShift=\skip62
)
(C:\Users\Lenovo\AppData\Local\Programs\MiKTeX\tex/latex/tcolorbox\tcolorbox.st
y
Package: tcolorbox 2025/09/09 version 6.8.0 text color boxes

(C:\Users\Lenovo\AppData\Local\Programs\MiKTeX\tex/latex/pgf/frontendlayer\tikz
.sty
(C:\Users\Lenovo\AppData\Local\Programs\MiKTeX\tex/latex/pgf/basiclayer\pgf.sty

(C:\Users\Lenovo\AppData\Local\Programs\MiKTeX\tex/latex/pgf/utilities\pgfrcs.s
ty
(C:\Users\Lenovo\AppData\Local\Programs\MiKTeX\tex/generic/pgf/utilities\pgfuti
l-common.tex
\pgfutil@everybye=\toks33
\pgfutil@tempdima=\dimen181
\pgfutil@tempdimb=\dimen182
)
(C:\Users\Lenovo\AppData\Local\Programs\MiKTeX\tex/generic/pgf/utilities\pgfuti
l-latex.def
\pgfutil@abb=\box57
)
(C:\Users\Lenovo\AppData\Local\Programs\MiKTeX\tex/generic/pgf/utilities\pgfrcs
.code.tex
(C:\Users\Lenovo\AppData\Local\Programs\MiKTeX\tex/generic/pgf\pgf.revision.tex
)
Package: pgfrcs 2025-08-29 v3.1.11a (3.1.11a)
))
Package: pgf 2025-08-29 v3.1.11a (3.1.11a)

(C:\Users\Lenovo\AppData\Local\Programs\MiKTeX\tex/latex/pgf/basiclayer\pgfcore
.sty
(C:\Users\Lenovo\AppData\Local\Programs\MiKTeX\tex/latex/graphics\graphicx.sty
Package: graphicx 2024/12/31 v1.2e Enhanced LaTeX Graphics (DPC,SPQR)

(C:\Users\Lenovo\AppData\Local\Programs\MiKTeX\tex/latex/graphics\graphics.sty
Package: graphics 2024/08/06 v1.4g Standard LaTeX Graphics (DPC,SPQR)

(C:\Users\Lenovo\AppData\Local\Programs\MiKTeX\tex/latex/graphics\trig.sty
Package: trig 2023/12/02 v1.11 sin cos tan (DPC)
)
(C:\Users\Lenovo\AppData\Local\Programs\MiKTeX\tex/latex/graphics-cfg\graphics.
cfg
File: graphics.cfg 2016/06/04 v1.11 sample graphics configuration
)
Package graphics Info: Driver file: pdftex.def on input line 106.

(C:\Users\Lenovo\AppData\Local\Programs\MiKTeX\tex/latex/graphics-def\pdftex.de
f
File: pdftex.def 2025/09/29 v1.2d Graphics/color driver for pdftex
))
\Gin@req@height=\dimen183
\Gin@req@width=\dimen184
)
(C:\Users\Lenovo\AppData\Local\Programs\MiKTeX\tex/latex/pgf/systemlayer\pgfsys
.sty
(C:\Users\Lenovo\AppData\Local\Programs\MiKTeX\tex/generic/pgf/systemlayer\pgfs
ys.code.tex
Package: pgfsys 2025-08-29 v3.1.11a (3.1.11a)

(C:\Users\Lenovo\AppData\Local\Programs\MiKTeX\tex/generic/pgf/utilities\pgfkey
s.code.tex
\pgfkeys@pathtoks=\toks34
\pgfkeys@temptoks=\toks35

(C:\Users\Lenovo\AppData\Local\Programs\MiKTeX\tex/generic/pgf/utilities\pgfkey
slibraryfiltered.code.tex
\pgfkeys@tmptoks=\toks36
))
\pgf@x=\dimen185
\pgf@y=\dimen186
\pgf@xa=\dimen187
\pgf@ya=\dimen188
\pgf@xb=\dimen189
\pgf@yb=\dimen190
\pgf@xc=\dimen191
\pgf@yc=\dimen192
\pgf@xd=\dimen193
\pgf@yd=\dimen194
\w@pgf@writea=\write3
\r@pgf@reada=\read2
\c@pgf@counta=\count316
\c@pgf@countb=\count317
\c@pgf@countc=\count318
\c@pgf@countd=\count319
\t@pgf@toka=\toks37
\t@pgf@tokb=\toks38
\t@pgf@tokc=\toks39
\pgf@sys@id@count=\count320

(C:\Users\Lenovo\AppData\Local\Programs\MiKTeX\tex/generic/pgf/systemlayer\pgf.
cfg
File: pgf.cfg 2025-08-29 v3.1.11a (3.1.11a)
)
Driver file for pgf: pgfsys-pdftex.def

(C:\Users\Lenovo\AppData\Local\Programs\MiKTeX\tex/generic/pgf/systemlayer\pgfs
ys-pdftex.def
File: pgfsys-pdftex.def 2025-08-29 v3.1.11a (3.1.11a)

(C:\Users\Lenovo\AppData\Local\Programs\MiKTeX\tex/generic/pgf/systemlayer\pgfs
ys-common-pdf.def
File: pgfsys-common-pdf.def 2025-08-29 v3.1.11a (3.1.11a)
)))
(C:\Users\Lenovo\AppData\Local\Programs\MiKTeX\tex/generic/pgf/systemlayer\pgfs
yssoftpath.code.tex
File: pgfsyssoftpath.code.tex 2025-08-29 v3.1.11a (3.1.11a)
\pgfsyssoftpath@smallbuffer@items=\count321
\pgfsyssoftpath@bigbuffer@items=\count322
)
(C:\Users\Lenovo\AppData\Local\Programs\MiKTeX\tex/generic/pgf/systemlayer\pgfs
ysprotocol.code.tex
File: pgfsysprotocol.code.tex 2025-08-29 v3.1.11a (3.1.11a)
))
(C:\Users\Lenovo\AppData\Local\Programs\MiKTeX\tex/latex/xcolor\xcolor.sty
Package: xcolor 2024/09/29 v3.02 LaTeX color extensions (UK)

(C:\Users\Lenovo\AppData\Local\Programs\MiKTeX\tex/latex/graphics-cfg\color.cfg
File: color.cfg 2016/01/02 v1.6 sample color configuration
)
Package xcolor Info: Driver file: pdftex.def on input line 274.

(C:\Users\Lenovo\AppData\Local\Programs\MiKTeX\tex/latex/graphics\mathcolor.ltx
)
Package xcolor Info: Model `cmy' substituted by `cmy0' on input line 1349.
Package xcolor Info: Model `hsb' substituted by `rgb' on input line 1353.
Package xcolor Info: Model `RGB' extended on input line 1365.
Package xcolor Info: Model `HTML' substituted by `rgb' on input line 1367.
Package xcolor Info: Model `Hsb' substituted by `hsb' on input line 1368.
Package xcolor Info: Model `tHsb' substituted by `hsb' on input line 1369.
Package xcolor Info: Model `HSB' substituted by `hsb' on input line 1370.
Package xcolor Info: Model `Gray' substituted by `gray' on input line 1371.
Package xcolor Info: Model `wave' substituted by `hsb' on input line 1372.
)
(C:\Users\Lenovo\AppData\Local\Programs\MiKTeX\tex/generic/pgf/basiclayer\pgfco
re.code.tex
Package: pgfcore 2025-08-29 v3.1.11a (3.1.11a)

(C:\Users\Lenovo\AppData\Local\Programs\MiKTeX\tex/generic/pgf/math\pgfmath.cod
e.tex
(C:\Users\Lenovo\AppData\Local\Programs\MiKTeX\tex/generic/pgf/math\pgfmathutil
.code.tex)
(C:\Users\Lenovo\AppData\Local\Programs\MiKTeX\tex/generic/pgf/math\pgfmathpars
er.code.tex
\pgfmath@dimen=\dimen195
\pgfmath@count=\count323
\pgfmath@box=\box58
\pgfmath@toks=\toks40
\pgfmath@stack@operand=\toks41
\pgfmath@stack@operation=\toks42
)
(C:\Users\Lenovo\AppData\Local\Programs\MiKTeX\tex/generic/pgf/math\pgfmathfunc
tions.code.tex)
(C:\Users\Lenovo\AppData\Local\Programs\MiKTeX\tex/generic/pgf/math\pgfmathfunc
tions.basic.code.tex)
(C:\Users\Lenovo\AppData\Local\Programs\MiKTeX\tex/generic/pgf/math\pgfmathfunc
tions.trigonometric.code.tex)
(C:\Users\Lenovo\AppData\Local\Programs\MiKTeX\tex/generic/pgf/math\pgfmathfunc
tions.random.code.tex)
(C:\Users\Lenovo\AppData\Local\Programs\MiKTeX\tex/generic/pgf/math\pgfmathfunc
tions.comparison.code.tex)
(C:\Users\Lenovo\AppData\Local\Programs\MiKTeX\tex/generic/pgf/math\pgfmathfunc
tions.base.code.tex)
(C:\Users\Lenovo\AppData\Local\Programs\MiKTeX\tex/generic/pgf/math\pgfmathfunc
tions.round.code.tex)
(C:\Users\Lenovo\AppData\Local\Programs\MiKTeX\tex/generic/pgf/math\pgfmathfunc
tions.misc.code.tex)
(C:\Users\Lenovo\AppData\Local\Programs\MiKTeX\tex/generic/pgf/math\pgfmathfunc
tions.integerarithmetics.code.tex)
(C:\Users\Lenovo\AppData\Local\Programs\MiKTeX\tex/generic/pgf/math\pgfmathcalc
.code.tex)
(C:\Users\Lenovo\AppData\Local\Programs\MiKTeX\tex/generic/pgf/math\pgfmathfloa
t.code.tex
\c@pgfmathroundto@lastzeros=\count324
))
(C:\Users\Lenovo\AppData\Local\Programs\MiKTeX\tex/generic/pgf/math\pgfint.code
.tex)
(C:\Users\Lenovo\AppData\Local\Programs\MiKTeX\tex/generic/pgf/basiclayer\pgfco
repoints.code.tex
File: pgfcorepoints.code.tex 2025-08-29 v3.1.11a (3.1.11a)
\pgf@picminx=\dimen196
\pgf@picmaxx=\dimen197
\pgf@picminy=\dimen198
\pgf@picmaxy=\dimen199
\pgf@pathminx=\dimen256
\pgf@pathmaxx=\dimen257
\pgf@pathminy=\dimen258
\pgf@pathmaxy=\dimen259
\pgf@xx=\dimen260
\pgf@xy=\dimen261
\pgf@yx=\dimen262
\pgf@yy=\dimen263
\pgf@zx=\dimen264
\pgf@zy=\dimen265
)
(C:\Users\Lenovo\AppData\Local\Programs\MiKTeX\tex/generic/pgf/basiclayer\pgfco
repathconstruct.code.tex
File: pgfcorepathconstruct.code.tex 2025-08-29 v3.1.11a (3.1.11a)
\pgf@path@lastx=\dimen266
\pgf@path@lasty=\dimen267
)
(C:\Users\Lenovo\AppData\Local\Programs\MiKTeX\tex/generic/pgf/basiclayer\pgfco
repathusage.code.tex
File: pgfcorepathusage.code.tex 2025-08-29 v3.1.11a (3.1.11a)
\pgf@shorten@end@additional=\dimen268
\pgf@shorten@start@additional=\dimen269
)
(C:\Users\Lenovo\AppData\Local\Programs\MiKTeX\tex/generic/pgf/basiclayer\pgfco
rescopes.code.tex
File: pgfcorescopes.code.tex 2025-08-29 v3.1.11a (3.1.11a)
\pgfpic=\box59
\pgf@hbox=\box60
\pgf@layerbox@main=\box61
\pgf@picture@serial@count=\count325
)
(C:\Users\Lenovo\AppData\Local\Programs\MiKTeX\tex/generic/pgf/basiclayer\pgfco
regraphicstate.code.tex
File: pgfcoregraphicstate.code.tex 2025-08-29 v3.1.11a (3.1.11a)
\pgflinewidth=\dimen270
)
(C:\Users\Lenovo\AppData\Local\Programs\MiKTeX\tex/generic/pgf/basiclayer\pgfco
retransformations.code.tex
File: pgfcoretransformations.code.tex 2025-08-29 v3.1.11a (3.1.11a)
\pgf@pt@x=\dimen271
\pgf@pt@y=\dimen272
\pgf@pt@temp=\dimen273
)
(C:\Users\Lenovo\AppData\Local\Programs\MiKTeX\tex/generic/pgf/basiclayer\pgfco
requick.code.tex
File: pgfcorequick.code.tex 2025-08-29 v3.1.11a (3.1.11a)
)
(C:\Users\Lenovo\AppData\Local\Programs\MiKTeX\tex/generic/pgf/basiclayer\pgfco
reobjects.code.tex
File: pgfcoreobjects.code.tex 2025-08-29 v3.1.11a (3.1.11a)
)
(C:\Users\Lenovo\AppData\Local\Programs\MiKTeX\tex/generic/pgf/basiclayer\pgfco
repathprocessing.code.tex
File: pgfcorepathprocessing.code.tex 2025-08-29 v3.1.11a (3.1.11a)
)
(C:\Users\Lenovo\AppData\Local\Programs\MiKTeX\tex/generic/pgf/basiclayer\pgfco
rearrows.code.tex
File: pgfcorearrows.code.tex 2025-08-29 v3.1.11a (3.1.11a)
\pgfarrowsep=\dimen274
)
(C:\Users\Lenovo\AppData\Local\Programs\MiKTeX\tex/generic/pgf/basiclayer\pgfco
reshade.code.tex
File: pgfcoreshade.code.tex 2025-08-29 v3.1.11a (3.1.11a)
\pgf@max=\dimen275
\pgf@sys@shading@range@num=\count326
\pgf@shadingcount=\count327
)
(C:\Users\Lenovo\AppData\Local\Programs\MiKTeX\tex/generic/pgf/basiclayer\pgfco
reimage.code.tex
File: pgfcoreimage.code.tex 2025-08-29 v3.1.11a (3.1.11a)
)
(C:\Users\Lenovo\AppData\Local\Programs\MiKTeX\tex/generic/pgf/basiclayer\pgfco
reexternal.code.tex
File: pgfcoreexternal.code.tex 2025-08-29 v3.1.11a (3.1.11a)
\pgfexternal@startupbox=\box62
)
(C:\Users\Lenovo\AppData\Local\Programs\MiKTeX\tex/generic/pgf/basiclayer\pgfco
relayers.code.tex
File: pgfcorelayers.code.tex 2025-08-29 v3.1.11a (3.1.11a)
)
(C:\Users\Lenovo\AppData\Local\Programs\MiKTeX\tex/generic/pgf/basiclayer\pgfco
retransparency.code.tex
File: pgfcoretransparency.code.tex 2025-08-29 v3.1.11a (3.1.11a)
)
(C:\Users\Lenovo\AppData\Local\Programs\MiKTeX\tex/generic/pgf/basiclayer\pgfco
repatterns.code.tex
File: pgfcorepatterns.code.tex 2025-08-29 v3.1.11a (3.1.11a)
)
(C:\Users\Lenovo\AppData\Local\Programs\MiKTeX\tex/generic/pgf/basiclayer\pgfco
rerdf.code.tex
File: pgfcorerdf.code.tex 2025-08-29 v3.1.11a (3.1.11a)
)))
(C:\Users\Lenovo\AppData\Local\Programs\MiKTeX\tex/generic/pgf/modules\pgfmodul
eshapes.code.tex
File: pgfmoduleshapes.code.tex 2025-08-29 v3.1.11a (3.1.11a)
\pgfnodeparttextbox=\box63
)
(C:\Users\Lenovo\AppData\Local\Programs\MiKTeX\tex/generic/pgf/modules\pgfmodul
eplot.code.tex
File: pgfmoduleplot.code.tex 2025-08-29 v3.1.11a (3.1.11a)
)
(C:\Users\Lenovo\AppData\Local\Programs\MiKTeX\tex/latex/pgf/compatibility\pgfc
omp-version-0-65.sty
Package: pgfcomp-version-0-65 2025-08-29 v3.1.11a (3.1.11a)
\pgf@nodesepstart=\dimen276
\pgf@nodesepend=\dimen277
)
(C:\Users\Lenovo\AppData\Local\Programs\MiKTeX\tex/latex/pgf/compatibility\pgfc
omp-version-1-18.sty
Package: pgfcomp-version-1-18 2025-08-29 v3.1.11a (3.1.11a)
))
(C:\Users\Lenovo\AppData\Local\Programs\MiKTeX\tex/latex/pgf/utilities\pgffor.s
ty
(C:\Users\Lenovo\AppData\Local\Programs\MiKTeX\tex/latex/pgf/utilities\pgfkeys.
sty
(C:\Users\Lenovo\AppData\Local\Programs\MiKTeX\tex/generic/pgf/utilities\pgfkey
s.code.tex))
(C:\Users\Lenovo\AppData\Local\Programs\MiKTeX\tex/latex/pgf/math\pgfmath.sty
(C:\Users\Lenovo\AppData\Local\Programs\MiKTeX\tex/generic/pgf/math\pgfmath.cod
e.tex))
(C:\Users\Lenovo\AppData\Local\Programs\MiKTeX\tex/generic/pgf/utilities\pgffor
.code.tex
Package: pgffor 2025-08-29 v3.1.11a (3.1.11a)
\pgffor@iter=\dimen278
\pgffor@skip=\dimen279
\pgffor@stack=\toks43
\pgffor@toks=\toks44
))
(C:\Users\Lenovo\AppData\Local\Programs\MiKTeX\tex/generic/pgf/frontendlayer/ti
kz\tikz.code.tex
Package: tikz 2025-08-29 v3.1.11a (3.1.11a)

(C:\Users\Lenovo\AppData\Local\Programs\MiKTeX\tex/generic/pgf/libraries\pgflib
raryplothandlers.code.tex
File: pgflibraryplothandlers.code.tex 2025-08-29 v3.1.11a (3.1.11a)
\pgf@plot@mark@count=\count328
\pgfplotmarksize=\dimen280
)
\tikz@lastx=\dimen281
\tikz@lasty=\dimen282
\tikz@lastxsaved=\dimen283
\tikz@lastysaved=\dimen284
\tikz@lastmovetox=\dimen285
\tikz@lastmovetoy=\dimen286
\tikzleveldistance=\dimen287
\tikzsiblingdistance=\dimen288
\tikz@figbox=\box64
\tikz@figbox@bg=\box65
\tikz@tempbox=\box66
\tikz@tempbox@bg=\box67
\tikztreelevel=\count329
\tikznumberofchildren=\count330
\tikznumberofcurrentchild=\count331
\tikz@fig@count=\count332

(C:\Users\Lenovo\AppData\Local\Programs\MiKTeX\tex/generic/pgf/modules\pgfmodul
ematrix.code.tex
File: pgfmodulematrix.code.tex 2025-08-29 v3.1.11a (3.1.11a)
\pgfmatrixcurrentrow=\count333
\pgfmatrixcurrentcolumn=\count334
\pgf@matrix@numberofcolumns=\count335
)
\tikz@expandcount=\count336

(C:\Users\Lenovo\AppData\Local\Programs\MiKTeX\tex/generic/pgf/frontendlayer/ti
kz/libraries\tikzlibrarytopaths.code.tex
File: tikzlibrarytopaths.code.tex 2025-08-29 v3.1.11a (3.1.11a)
)))
(C:\Users\Lenovo\AppData\Local\Programs\MiKTeX\tex/latex/tools\verbatim.sty
Package: verbatim 2024-01-22 v1.5x LaTeX2e package for verbatim enhancements
\every@verbatim=\toks45
\verbatim@line=\toks46
\verbatim@in@stream=\read3
)
(C:\Users\Lenovo\AppData\Local\Programs\MiKTeX\tex/latex/environ\environ.sty
Package: environ 2014/05/04 v0.3 A new way to define environments

(C:\Users\Lenovo\AppData\Local\Programs\MiKTeX\tex/latex/trimspaces\trimspaces.
sty
Package: trimspaces 2009/09/17 v1.1 Trim spaces around a token list
))
\tcb@titlebox=\box68
\tcb@upperbox=\box69
\tcb@lowerbox=\box70
\tcb@phantombox=\box71
\c@tcbbreakpart=\count337
\c@tcblayer=\count338
\c@tcolorbox@number=\count339
\l__tcobox_tmpa_box=\box72
\l__tcobox_tmpa_dim=\dimen289
\tcb@temp=\box73
\tcb@temp=\box74
\tcb@temp=\box75
\tcb@temp=\box76
)
(C:\Users\Lenovo\AppData\Local\Programs\MiKTeX\tex/latex/cancel\cancel.sty
Package: cancel 2013/04/12 v2.2 Cancel math terms
)
(C:\Users\Lenovo\AppData\Local\Programs\MiKTeX\tex/latex/carlisle\slashed.sty
Package: slashed 1997/01/16 v0.01 Feynman Slashed Character Notation (DPC)
)
\c@theorem=\count340

(C:\Users\Lenovo\AppData\Local\Programs\MiKTeX\tex/latex/l3backend\l3backend-pd
ftex.def
File: l3backend-pdftex.def 2025-10-09 L3 backend support: PDF output (pdfTeX)
\l__color_backend_stack_int=\count341
) (yang.aux

LaTeX Warning: Label `def:sigma-functional' multiply defined.


LaTeX Warning: Label `thm:sigma-lsc' multiply defined.


LaTeX Warning: Label `thm:sigma-phys-positive' multiply defined.

)
\openout1 = `yang.aux'.

LaTeX Font Info:    Checking defaults for OML/cmm/m/it on input line 60.
LaTeX Font Info:    ... okay on input line 60.
LaTeX Font Info:    Checking defaults for OMS/cmsy/m/n on input line 60.
LaTeX Font Info:    ... okay on input line 60.
LaTeX Font Info:    Checking defaults for OT1/cmr/m/n on input line 60.
LaTeX Font Info:    ... okay on input line 60.
LaTeX Font Info:    Checking defaults for T1/cmr/m/n on input line 60.
LaTeX Font Info:    ... okay on input line 60.
LaTeX Font Info:    Checking defaults for TS1/cmr/m/n on input line 60.
LaTeX Font Info:    ... okay on input line 60.
LaTeX Font Info:    Checking defaults for OMX/cmex/m/n on input line 60.
LaTeX Font Info:    ... okay on input line 60.
LaTeX Font Info:    Checking defaults for U/cmr/m/n on input line 60.
LaTeX Font Info:    ... okay on input line 60.
LaTeX Font Info:    Checking defaults for PD1/pdf/m/n on input line 60.
LaTeX Font Info:    ... okay on input line 60.
LaTeX Font Info:    Checking defaults for PU/pdf/m/n on input line 60.
LaTeX Font Info:    ... okay on input line 60.

*geometry* driver: auto-detecting
*geometry* detected driver: pdftex
*geometry* verbose mode - [ preamble ] result:
* driver: pdftex
* paper: a4paper
* layout: <same size as paper>
* layoutoffset:(h,v)=(0.0pt,0.0pt)
* modes: 
* h-part:(L,W,R)=(72.26999pt, 452.9679pt, 72.26999pt)
* v-part:(T,H,B)=(72.26999pt, 700.50687pt, 72.26999pt)
* \paperwidth=597.50787pt
* \paperheight=845.04684pt
* \textwidth=452.9679pt
* \textheight=700.50687pt
* \oddsidemargin=0.0pt
* \evensidemargin=0.0pt
* \topmargin=-37.0pt
* \headheight=12.0pt
* \headsep=25.0pt
* \topskip=11.0pt
* \footskip=30.0pt
* \marginparwidth=50.0pt
* \marginparsep=10.0pt
* \columnsep=10.0pt
* \skip\footins=10.0pt plus 4.0pt minus 2.0pt
* \hoffset=0.0pt
* \voffset=0.0pt
* \mag=1000
* \@twocolumnfalse
* \@twosidefalse
* \@mparswitchfalse
* \@reversemarginfalse
* (1in=72.27pt=25.4mm, 1cm=28.453pt)

Package hyperref Info: Link coloring OFF on input line 60.
(yang.out) (yang.out)
\@outlinefile=\write4
\openout4 = `yang.out'.


(C:\Users\Lenovo\AppData\Local\Programs\MiKTeX\tex/context/base/mkii\supp-pdf.m
kii
[Loading MPS to PDF converter (version 2006.09.02).]
\scratchcounter=\count342
\scratchdimen=\dimen290
\scratchbox=\box77
\nofMPsegments=\count343
\nofMParguments=\count344
\everyMPshowfont=\toks47
\MPscratchCnt=\count345
\MPscratchDim=\dimen291
\MPnumerator=\count346
\makeMPintoPDFobject=\count347
\everyMPtoPDFconversion=\toks48
)
(C:\Users\Lenovo\AppData\Local\Programs\MiKTeX\tex/latex/epstopdf-pkg\epstopdf-
base.sty
Package: epstopdf-base 2020-01-24 v2.11 Base part for package epstopdf
Package epstopdf-base Info: Redefining graphics rule for `.eps' on input line 4
85.

(C:\Users\Lenovo\AppData\Local\Programs\MiKTeX\tex/latex/00miktex\epstopdf-sys.
cfg
File: epstopdf-sys.cfg 2021/03/18 v2.0 Configuration of epstopdf for MiKTeX
))
LaTeX Font Info:    Trying to load font information for U+msa on input line 63.

 (C:\Users\Lenovo\AppData\Local\Programs\MiKTeX\tex/latex/amsfonts\umsa.fd
File: umsa.fd 2013/01/14 v3.01 AMS symbols A
)
LaTeX Font Info:    Trying to load font information for U+msb on input line 63.

 (C:\Users\Lenovo\AppData\Local\Programs\MiKTeX\tex/latex/amsfonts\umsb.fd
File: umsb.fd 2013/01/14 v3.01 AMS symbols B
)
LaTeX Font Info:    Trying to load font information for U+rsfs on input line 63
.

(C:\Users\Lenovo\AppData\Local\Programs\MiKTeX\tex/latex/jknappen\ursfs.fd
File: ursfs.fd 1998/03/24 rsfs font definition file (jk)
)
Overfull \hbox (10.849pt too wide) in paragraph at lines 65--66
[]\T1/cmr/m/n/10 We prove the ex-is-tence of a mass gap and con-fine-ment for \
T1/cmr/bx/n/10 Ad-joint QCD\T1/cmr/m/n/10 ---four-dimensional
 []

[1

{C:/Users/Lenovo/AppData/Local/MiKTeX/fonts/map/pdftex/pdftex.map}] (yang.toc [
2] [3] [4] [5] [6] [7]
Overfull \hbox (2.74149pt too wide) detected at line 243
\T1/cmr/bx/n/10.95 R.1 
 []


Overfull \hbox (2.74149pt too wide) detected at line 248
\T1/cmr/bx/n/10.95 R.2 
 []


Overfull \hbox (2.74149pt too wide) detected at line 251
\T1/cmr/bx/n/10.95 R.3 
 []


Overfull \hbox (2.74149pt too wide) detected at line 256
\T1/cmr/bx/n/10.95 R.4 
 []


Overfull \hbox (2.74149pt too wide) detected at line 261
\T1/cmr/bx/n/10.95 R.5 
 []


Overfull \hbox (5.35326pt too wide) detected at line 271
\T1/cmr/m/n/10.95 R.5.10 
 []


Overfull \hbox (5.35326pt too wide) detected at line 272
\T1/cmr/m/n/10.95 R.5.11 
 []


Overfull \hbox (2.74149pt too wide) detected at line 273
\T1/cmr/bx/n/10.95 R.6 
 []

[8]
Overfull \hbox (2.74149pt too wide) detected at line 281
\T1/cmr/bx/n/10.95 R.1 
 []


Overfull \hbox (2.74149pt too wide) detected at line 282
\T1/cmr/bx/n/10.95 R.2 
 []


Overfull \hbox (2.74149pt too wide) detected at line 284
\T1/cmr/bx/n/10.95 R.3 
 []


Overfull \hbox (2.74149pt too wide) detected at line 286
\T1/cmr/bx/n/10.95 R.4 
 []


Overfull \hbox (2.74149pt too wide) detected at line 288
\T1/cmr/bx/n/10.95 R.5 
 []


Overfull \hbox (2.74149pt too wide) detected at line 290
\T1/cmr/bx/n/10.95 R.6 
 []


Overfull \hbox (2.74149pt too wide) detected at line 295
\T1/cmr/bx/n/10.95 R.7 
 []


Overfull \hbox (2.74149pt too wide) detected at line 296
\T1/cmr/bx/n/10.95 R.8 
 []


Overfull \hbox (2.74149pt too wide) detected at line 297
\T1/cmr/bx/n/10.95 R.9 
 []


Overfull \hbox (8.99635pt too wide) detected at line 301
\T1/cmr/bx/n/10.95 R.10 
 []


Overfull \hbox (5.35326pt too wide) detected at line 302
\T1/cmr/m/n/10.95 R.10.1 
 []


Overfull \hbox (5.35326pt too wide) detected at line 303
\T1/cmr/m/n/10.95 R.10.2 
 []


Overfull \hbox (5.35326pt too wide) detected at line 304
\T1/cmr/m/n/10.95 R.10.3 
 []


Overfull \hbox (8.99635pt too wide) detected at line 305
\T1/cmr/bx/n/10.95 R.11 
 []


Overfull \hbox (5.35326pt too wide) detected at line 306
\T1/cmr/m/n/10.95 R.11.1 
 []


Overfull \hbox (5.35326pt too wide) detected at line 307
\T1/cmr/m/n/10.95 R.11.2 
 []


Overfull \hbox (8.99635pt too wide) detected at line 308
\T1/cmr/bx/n/10.95 R.12 
 []


Overfull \hbox (5.35326pt too wide) detected at line 309
\T1/cmr/m/n/10.95 R.12.1 
 []


Overfull \hbox (5.35326pt too wide) detected at line 310
\T1/cmr/m/n/10.95 R.12.2 
 []


Overfull \hbox (8.99635pt too wide) detected at line 311
\T1/cmr/bx/n/10.95 R.13 
 []


Overfull \hbox (5.35326pt too wide) detected at line 312
\T1/cmr/m/n/10.95 R.13.1 
 []


Overfull \hbox (5.35326pt too wide) detected at line 313
\T1/cmr/m/n/10.95 R.13.2 
 []


Overfull \hbox (8.99635pt too wide) detected at line 314
\T1/cmr/bx/n/10.95 R.14 
 []


Overfull \hbox (5.35326pt too wide) detected at line 315
\T1/cmr/m/n/10.95 R.14.1 
 []


Overfull \hbox (5.35326pt too wide) detected at line 316
\T1/cmr/m/n/10.95 R.14.2 
 []


Overfull \hbox (8.99635pt too wide) detected at line 317
\T1/cmr/bx/n/10.95 R.15 
 []


Overfull \hbox (5.35326pt too wide) detected at line 318
\T1/cmr/m/n/10.95 R.15.1 
 []


Overfull \hbox (5.35326pt too wide) detected at line 319
\T1/cmr/m/n/10.95 R.15.2 
 []

[9]
Overfull \hbox (5.35326pt too wide) detected at line 320
\T1/cmr/m/n/10.95 R.15.3 
 []


Overfull \hbox (8.99635pt too wide) detected at line 321
\T1/cmr/bx/n/10.95 R.16 
 []


Overfull \hbox (5.35326pt too wide) detected at line 322
\T1/cmr/m/n/10.95 R.16.1 
 []


Overfull \hbox (5.35326pt too wide) detected at line 323
\T1/cmr/m/n/10.95 R.16.2 
 []


Overfull \hbox (5.35326pt too wide) detected at line 324
\T1/cmr/m/n/10.95 R.16.3 
 []


Overfull \hbox (5.35326pt too wide) detected at line 325
\T1/cmr/m/n/10.95 R.16.4 
 []


Overfull \hbox (8.99635pt too wide) detected at line 326
\T1/cmr/bx/n/10.95 R.17 
 []


Overfull \hbox (5.35326pt too wide) detected at line 327
\T1/cmr/m/n/10.95 R.17.1 
 []


Overfull \hbox (5.35326pt too wide) detected at line 328
\T1/cmr/m/n/10.95 R.17.2 
 []


Overfull \hbox (5.35326pt too wide) detected at line 329
\T1/cmr/m/n/10.95 R.17.3 
 []


Overfull \hbox (8.99635pt too wide) detected at line 330
\T1/cmr/bx/n/10.95 R.18 
 []


Overfull \hbox (5.35326pt too wide) detected at line 331
\T1/cmr/m/n/10.95 R.18.1 
 []


Overfull \hbox (5.35326pt too wide) detected at line 332
\T1/cmr/m/n/10.95 R.18.2 
 []


Overfull \hbox (5.35326pt too wide) detected at line 333
\T1/cmr/m/n/10.95 R.18.3 
 []


Overfull \hbox (5.35326pt too wide) detected at line 334
\T1/cmr/m/n/10.95 R.18.4 
 []


Overfull \hbox (5.35326pt too wide) detected at line 335
\T1/cmr/m/n/10.95 R.18.5 
 []


Overfull \hbox (8.99635pt too wide) detected at line 336
\T1/cmr/bx/n/10.95 R.19 
 []


Overfull \hbox (5.35326pt too wide) detected at line 337
\T1/cmr/m/n/10.95 R.19.1 
 []


Overfull \hbox (5.35326pt too wide) detected at line 338
\T1/cmr/m/n/10.95 R.19.2 
 []


Overfull \hbox (5.35326pt too wide) detected at line 339
\T1/cmr/m/n/10.95 R.19.3 
 []


Overfull \hbox (5.35326pt too wide) detected at line 340
\T1/cmr/m/n/10.95 R.19.4 
 []


Overfull \hbox (8.99635pt too wide) detected at line 341
\T1/cmr/bx/n/10.95 R.20 
 []


Overfull \hbox (8.99635pt too wide) detected at line 342
\T1/cmr/bx/n/10.95 R.21 
 []


Overfull \hbox (8.99635pt too wide) detected at line 343
\T1/cmr/bx/n/10.95 R.22 
 []


Overfull \hbox (5.35326pt too wide) detected at line 344
\T1/cmr/m/n/10.95 R.22.1 
 []


Overfull \hbox (5.35326pt too wide) detected at line 345
\T1/cmr/m/n/10.95 R.22.2 
 []


Overfull \hbox (5.35326pt too wide) detected at line 346
\T1/cmr/m/n/10.95 R.22.3 
 []


Overfull \hbox (5.35326pt too wide) detected at line 347
\T1/cmr/m/n/10.95 R.22.4 
 []


Overfull \hbox (5.35326pt too wide) detected at line 348
\T1/cmr/m/n/10.95 R.22.5 
 []


Overfull \hbox (5.35326pt too wide) detected at line 349
\T1/cmr/m/n/10.95 R.22.6 
 []


Overfull \hbox (4.02426pt too wide) detected at line 350
\T1/cmr/m/n/10.95 R.22.6.1 
 []


Overfull \hbox (4.02426pt too wide) detected at line 351
\T1/cmr/m/n/10.95 R.22.6.2 
 []


Overfull \hbox (4.02426pt too wide) detected at line 352
\T1/cmr/m/n/10.95 R.22.6.3 
 []


Overfull \hbox (4.02426pt too wide) detected at line 353
\T1/cmr/m/n/10.95 R.22.6.4 
 []


Overfull \hbox (4.02426pt too wide) detected at line 354
\T1/cmr/m/n/10.95 R.22.6.5 
 []


Overfull \hbox (4.02426pt too wide) detected at line 355
\T1/cmr/m/n/10.95 R.22.6.6 
 []


Overfull \hbox (4.02426pt too wide) detected at line 356
\T1/cmr/m/n/10.95 R.22.6.7 
 []


Overfull \hbox (4.02426pt too wide) detected at line 357
\T1/cmr/m/n/10.95 R.22.6.8 
 []


Overfull \hbox (5.35326pt too wide) detected at line 358
\T1/cmr/m/n/10.95 R.22.7 
 []


Overfull \hbox (5.35326pt too wide) detected at line 359
\T1/cmr/m/n/10.95 R.22.8 
 []


Overfull \hbox (5.35326pt too wide) detected at line 360
\T1/cmr/m/n/10.95 R.22.9 
 []


Overfull \hbox (10.7972pt too wide) detected at line 361
\T1/cmr/m/n/10.95 R.22.10 
 []


Overfull \hbox (9.4682pt too wide) detected at line 362
\T1/cmr/m/n/10.95 R.22.10.1 
 []


Overfull \hbox (9.4682pt too wide) detected at line 363
\T1/cmr/m/n/10.95 R.22.10.2 
 []

[10]
Overfull \hbox (9.4682pt too wide) detected at line 364
\T1/cmr/m/n/10.95 R.22.10.3 
 []


Overfull \hbox (9.4682pt too wide) detected at line 365
\T1/cmr/m/n/10.95 R.22.10.4 
 []


Overfull \hbox (10.7972pt too wide) detected at line 366
\T1/cmr/m/n/10.95 R.22.11 
 []


Overfull \hbox (9.4682pt too wide) detected at line 367
\T1/cmr/m/n/10.95 R.22.11.1 
 []


Overfull \hbox (9.4682pt too wide) detected at line 368
\T1/cmr/m/n/10.95 R.22.11.2 
 []


Overfull \hbox (9.4682pt too wide) detected at line 369
\T1/cmr/m/n/10.95 R.22.11.3 
 []


Overfull \hbox (10.7972pt too wide) detected at line 370
\T1/cmr/m/n/10.95 R.22.12 
 []


Overfull \hbox (9.4682pt too wide) detected at line 371
\T1/cmr/m/n/10.95 R.22.12.1 
 []


Overfull \hbox (9.4682pt too wide) detected at line 372
\T1/cmr/m/n/10.95 R.22.12.2 
 []


Overfull \hbox (9.4682pt too wide) detected at line 373
\T1/cmr/m/n/10.95 R.22.12.3 
 []


Overfull \hbox (10.7972pt too wide) detected at line 374
\T1/cmr/m/n/10.95 R.22.13 
 []


Overfull \hbox (9.4682pt too wide) detected at line 375
\T1/cmr/m/n/10.95 R.22.13.1 
 []


Overfull \hbox (9.4682pt too wide) detected at line 376
\T1/cmr/m/n/10.95 R.22.13.2 
 []


Overfull \hbox (9.4682pt too wide) detected at line 377
\T1/cmr/m/n/10.95 R.22.13.3 
 []


Overfull \hbox (10.7972pt too wide) detected at line 378
\T1/cmr/m/n/10.95 R.22.14 
 []


Overfull \hbox (8.99635pt too wide) detected at line 379
\T1/cmr/bx/n/10.95 R.23 
 []


Overfull \hbox (5.35326pt too wide) detected at line 380
\T1/cmr/m/n/10.95 R.23.1 
 []


Overfull \hbox (5.35326pt too wide) detected at line 381
\T1/cmr/m/n/10.95 R.23.2 
 []


Overfull \hbox (4.02426pt too wide) detected at line 382
\T1/cmr/m/n/10.95 R.23.2.1 
 []


Overfull \hbox (4.02426pt too wide) detected at line 383
\T1/cmr/m/n/10.95 R.23.2.2 
 []


Overfull \hbox (4.02426pt too wide) detected at line 384
\T1/cmr/m/n/10.95 R.23.2.3 
 []


Overfull \hbox (5.35326pt too wide) detected at line 385
\T1/cmr/m/n/10.95 R.23.3 
 []


Overfull \hbox (4.02426pt too wide) detected at line 386
\T1/cmr/m/n/10.95 R.23.3.1 
 []


Overfull \hbox (4.02426pt too wide) detected at line 387
\T1/cmr/m/n/10.95 R.23.3.2 
 []


Overfull \hbox (4.02426pt too wide) detected at line 388
\T1/cmr/m/n/10.95 R.23.3.3 
 []


Overfull \hbox (5.35326pt too wide) detected at line 389
\T1/cmr/m/n/10.95 R.23.4 
 []


Overfull \hbox (5.35326pt too wide) detected at line 390
\T1/cmr/m/n/10.95 R.23.5 
 []


Overfull \hbox (8.99635pt too wide) detected at line 391
\T1/cmr/bx/n/10.95 R.24 
 []


Overfull \hbox (5.35326pt too wide) detected at line 392
\T1/cmr/m/n/10.95 R.24.1 
 []


Overfull \hbox (5.35326pt too wide) detected at line 393
\T1/cmr/m/n/10.95 R.24.2 
 []


Overfull \hbox (5.35326pt too wide) detected at line 394
\T1/cmr/m/n/10.95 R.24.3 
 []


Overfull \hbox (5.35326pt too wide) detected at line 395
\T1/cmr/m/n/10.95 R.24.4 
 []


Overfull \hbox (5.35326pt too wide) detected at line 396
\T1/cmr/m/n/10.95 R.24.5 
 []


Overfull \hbox (5.35326pt too wide) detected at line 397
\T1/cmr/m/n/10.95 R.24.6 
 []


Overfull \hbox (5.35326pt too wide) detected at line 398
\T1/cmr/m/n/10.95 R.24.7 
 []


Overfull \hbox (8.99635pt too wide) detected at line 399
\T1/cmr/bx/n/10.95 R.25 
 []


Overfull \hbox (5.35326pt too wide) detected at line 400
\T1/cmr/m/n/10.95 R.25.1 
 []


Overfull \hbox (5.35326pt too wide) detected at line 401
\T1/cmr/m/n/10.95 R.25.2 
 []


Overfull \hbox (5.35326pt too wide) detected at line 402
\T1/cmr/m/n/10.95 R.25.3 
 []


Overfull \hbox (5.35326pt too wide) detected at line 403
\T1/cmr/m/n/10.95 R.25.4 
 []


Overfull \hbox (5.35326pt too wide) detected at line 404
\T1/cmr/m/n/10.95 R.25.5 
 []


Overfull \hbox (5.35326pt too wide) detected at line 405
\T1/cmr/m/n/10.95 R.25.6 
 []


Overfull \hbox (5.35326pt too wide) detected at line 406
\T1/cmr/m/n/10.95 R.25.7 
 []


Overfull \hbox (5.35326pt too wide) detected at line 407
\T1/cmr/m/n/10.95 R.25.8 
 []


Overfull \hbox (5.35326pt too wide) detected at line 408
\T1/cmr/m/n/10.95 R.25.9 
 []


Overfull \hbox (10.7972pt too wide) detected at line 409
\T1/cmr/m/n/10.95 R.25.10 
 []


Overfull \hbox (8.99635pt too wide) detected at line 410
\T1/cmr/bx/n/10.95 R.26 
 []


Overfull \hbox (5.35326pt too wide) detected at line 411
\T1/cmr/m/n/10.95 R.26.1 
 []

[11]
Overfull \hbox (5.35326pt too wide) detected at line 412
\T1/cmr/m/n/10.95 R.26.2 
 []


Overfull \hbox (5.35326pt too wide) detected at line 413
\T1/cmr/m/n/10.95 R.26.3 
 []


Overfull \hbox (5.35326pt too wide) detected at line 414
\T1/cmr/m/n/10.95 R.26.4 
 []


Overfull \hbox (5.35326pt too wide) detected at line 415
\T1/cmr/m/n/10.95 R.26.5 
 []


Overfull \hbox (5.35326pt too wide) detected at line 416
\T1/cmr/m/n/10.95 R.26.6 
 []


Overfull \hbox (8.99635pt too wide) detected at line 417
\T1/cmr/bx/n/10.95 R.27 
 []


Overfull \hbox (5.35326pt too wide) detected at line 418
\T1/cmr/m/n/10.95 R.27.1 
 []


Overfull \hbox (5.35326pt too wide) detected at line 419
\T1/cmr/m/n/10.95 R.27.2 
 []


Overfull \hbox (5.35326pt too wide) detected at line 420
\T1/cmr/m/n/10.95 R.27.3 
 []


Overfull \hbox (5.35326pt too wide) detected at line 421
\T1/cmr/m/n/10.95 R.27.4 
 []


Overfull \hbox (5.35326pt too wide) detected at line 422
\T1/cmr/m/n/10.95 R.27.5 
 []


Overfull \hbox (5.35326pt too wide) detected at line 423
\T1/cmr/m/n/10.95 R.27.6 
 []


Overfull \hbox (8.99635pt too wide) detected at line 424
\T1/cmr/bx/n/10.95 R.28 
 []


Overfull \hbox (5.35326pt too wide) detected at line 425
\T1/cmr/m/n/10.95 R.28.1 
 []


Overfull \hbox (5.35326pt too wide) detected at line 426
\T1/cmr/m/n/10.95 R.28.2 
 []


Overfull \hbox (5.35326pt too wide) detected at line 427
\T1/cmr/m/n/10.95 R.28.3 
 []


Overfull \hbox (5.35326pt too wide) detected at line 428
\T1/cmr/m/n/10.95 R.28.4 
 []


Overfull \hbox (8.99635pt too wide) detected at line 429
\T1/cmr/bx/n/10.95 R.29 
 []


Overfull \hbox (5.35326pt too wide) detected at line 430
\T1/cmr/m/n/10.95 R.29.1 
 []


Overfull \hbox (5.35326pt too wide) detected at line 431
\T1/cmr/m/n/10.95 R.29.2 
 []


Overfull \hbox (5.35326pt too wide) detected at line 432
\T1/cmr/m/n/10.95 R.29.3 
 []


Overfull \hbox (8.99635pt too wide) detected at line 433
\T1/cmr/bx/n/10.95 R.30 
 []


Overfull \hbox (5.35326pt too wide) detected at line 434
\T1/cmr/m/n/10.95 R.30.1 
 []


Overfull \hbox (5.35326pt too wide) detected at line 435
\T1/cmr/m/n/10.95 R.30.2 
 []


Overfull \hbox (5.35326pt too wide) detected at line 436
\T1/cmr/m/n/10.95 R.30.3 
 []


Overfull \hbox (8.99635pt too wide) detected at line 437
\T1/cmr/bx/n/10.95 R.31 
 []


Overfull \hbox (8.99635pt too wide) detected at line 438
\T1/cmr/bx/n/10.95 R.32 
 []


Overfull \hbox (5.35326pt too wide) detected at line 439
\T1/cmr/m/n/10.95 R.32.1 
 []


Overfull \hbox (5.35326pt too wide) detected at line 440
\T1/cmr/m/n/10.95 R.32.2 
 []


Overfull \hbox (5.35326pt too wide) detected at line 441
\T1/cmr/m/n/10.95 R.32.3 
 []


Overfull \hbox (5.35326pt too wide) detected at line 442
\T1/cmr/m/n/10.95 R.32.4 
 []


Overfull \hbox (5.35326pt too wide) detected at line 443
\T1/cmr/m/n/10.95 R.32.5 
 []


Overfull \hbox (5.35326pt too wide) detected at line 444
\T1/cmr/m/n/10.95 R.32.6 
 []


Overfull \hbox (5.35326pt too wide) detected at line 445
\T1/cmr/m/n/10.95 R.32.7 
 []


Overfull \hbox (5.35326pt too wide) detected at line 446
\T1/cmr/m/n/10.95 R.32.8 
 []


Overfull \hbox (5.35326pt too wide) detected at line 447
\T1/cmr/m/n/10.95 R.32.9 
 []


Overfull \hbox (10.7972pt too wide) detected at line 448
\T1/cmr/m/n/10.95 R.32.10 
 []


Overfull \hbox (8.99635pt too wide) detected at line 449
\T1/cmr/bx/n/10.95 R.33 
 []


Overfull \hbox (5.35326pt too wide) detected at line 450
\T1/cmr/m/n/10.95 R.33.1 
 []


Overfull \hbox (5.35326pt too wide) detected at line 451
\T1/cmr/m/n/10.95 R.33.2 
 []


Overfull \hbox (5.35326pt too wide) detected at line 452
\T1/cmr/m/n/10.95 R.33.3 
 []


Overfull \hbox (5.35326pt too wide) detected at line 453
\T1/cmr/m/n/10.95 R.33.4 
 []


Overfull \hbox (8.99635pt too wide) detected at line 454
\T1/cmr/bx/n/10.95 R.34 
 []


Overfull \hbox (5.35326pt too wide) detected at line 455
\T1/cmr/m/n/10.95 R.34.1 
 []

[12]
Overfull \hbox (5.35326pt too wide) detected at line 456
\T1/cmr/m/n/10.95 R.34.2 
 []


Overfull \hbox (5.35326pt too wide) detected at line 457
\T1/cmr/m/n/10.95 R.34.3 
 []


Overfull \hbox (5.35326pt too wide) detected at line 458
\T1/cmr/m/n/10.95 R.34.4 
 []


Overfull \hbox (5.35326pt too wide) detected at line 459
\T1/cmr/m/n/10.95 R.34.5 
 []


Overfull \hbox (5.35326pt too wide) detected at line 460
\T1/cmr/m/n/10.95 R.34.6 
 []


Overfull \hbox (5.35326pt too wide) detected at line 461
\T1/cmr/m/n/10.95 R.34.7 
 []


Overfull \hbox (8.99635pt too wide) detected at line 462
\T1/cmr/bx/n/10.95 R.35 
 []


Overfull \hbox (5.35326pt too wide) detected at line 463
\T1/cmr/m/n/10.95 R.35.1 
 []


Overfull \hbox (5.35326pt too wide) detected at line 464
\T1/cmr/m/n/10.95 R.35.2 
 []


Overfull \hbox (5.35326pt too wide) detected at line 465
\T1/cmr/m/n/10.95 R.35.3 
 []


Overfull \hbox (5.35326pt too wide) detected at line 466
\T1/cmr/m/n/10.95 R.35.4 
 []


Overfull \hbox (5.35326pt too wide) detected at line 467
\T1/cmr/m/n/10.95 R.35.5 
 []


Overfull \hbox (8.99635pt too wide) detected at line 468
\T1/cmr/bx/n/10.95 R.36 
 []


Overfull \hbox (5.35326pt too wide) detected at line 469
\T1/cmr/m/n/10.95 R.36.1 
 []


Overfull \hbox (4.02426pt too wide) detected at line 470
\T1/cmr/m/n/10.95 R.36.1.1 
 []


Overfull \hbox (5.35326pt too wide) detected at line 471
\T1/cmr/m/n/10.95 R.36.2 
 []


Overfull \hbox (4.02426pt too wide) detected at line 472
\T1/cmr/m/n/10.95 R.36.2.1 
 []


Overfull \hbox (5.35326pt too wide) detected at line 473
\T1/cmr/m/n/10.95 R.36.3 
 []


Overfull \hbox (4.02426pt too wide) detected at line 474
\T1/cmr/m/n/10.95 R.36.3.1 
 []


Overfull \hbox (4.02426pt too wide) detected at line 475
\T1/cmr/m/n/10.95 R.36.3.2 
 []


Overfull \hbox (5.35326pt too wide) detected at line 476
\T1/cmr/m/n/10.95 R.36.4 
 []


Overfull \hbox (4.02426pt too wide) detected at line 477
\T1/cmr/m/n/10.95 R.36.4.1 
 []


Overfull \hbox (5.35326pt too wide) detected at line 478
\T1/cmr/m/n/10.95 R.36.5 
 []


Overfull \hbox (4.02426pt too wide) detected at line 479
\T1/cmr/m/n/10.95 R.36.5.1 
 []


Overfull \hbox (5.35326pt too wide) detected at line 480
\T1/cmr/m/n/10.95 R.36.6 
 []


Overfull \hbox (8.99635pt too wide) detected at line 481
\T1/cmr/bx/n/10.95 R.37 
 []


Overfull \hbox (5.35326pt too wide) detected at line 482
\T1/cmr/m/n/10.95 R.37.1 
 []


Overfull \hbox (5.35326pt too wide) detected at line 483
\T1/cmr/m/n/10.95 R.37.2 
 []


Overfull \hbox (5.35326pt too wide) detected at line 484
\T1/cmr/m/n/10.95 R.37.3 
 []


Overfull \hbox (5.35326pt too wide) detected at line 485
\T1/cmr/m/n/10.95 R.37.4 
 []


Overfull \hbox (5.35326pt too wide) detected at line 486
\T1/cmr/m/n/10.95 R.37.5 
 []


! LaTeX Error: Counter too large.

See the LaTeX manual or LaTeX Companion for explanation.
Type  H <return>  for immediate help.
 ...                                              
                                                  
l.487 ...t {phys}} > 0$}{408}{subsection.Alph37.6}
                                                  %
? 