\BOOKMARK [1][-]{section.1}{\376\377\000I\000n\000t\000r\000o\000d\000u\000c\000t\000i\000o\000n}{}% 1
\BOOKMARK [2][-]{subsection.1.1}{\376\377\000T\000h\000e\000\040\000P\000r\000o\000b\000l\000e\000m}{section.1}% 2
\BOOKMARK [2][-]{subsection.1.2}{\376\377\000P\000r\000o\000o\000f\000\040\000S\000t\000r\000a\000t\000e\000g\000y}{section.1}% 3
\BOOKMARK [1][-]{section.2}{\376\377\000L\000a\000t\000t\000i\000c\000e\000\040\000Y\000a\000n\000g\040\023\000M\000i\000l\000l\000s\000\040\000T\000h\000e\000o\000r\000y}{}% 4
\BOOKMARK [2][-]{subsection.2.1}{\376\377\000T\000h\000e\000\040\000L\000a\000t\000t\000i\000c\000e}{section.2}% 5
\BOOKMARK [2][-]{subsection.2.2}{\376\377\000G\000a\000u\000g\000e\000\040\000F\000i\000e\000l\000d\000\040\000C\000o\000n\000f\000i\000g\000u\000r\000a\000t\000i\000o\000n}{section.2}% 6
\BOOKMARK [2][-]{subsection.2.3}{\376\377\000H\000a\000a\000r\000\040\000M\000e\000a\000s\000u\000r\000e}{section.2}% 7
\BOOKMARK [2][-]{subsection.2.4}{\376\377\000W\000i\000l\000s\000o\000n\000\040\000A\000c\000t\000i\000o\000n}{section.2}% 8
\BOOKMARK [2][-]{subsection.2.5}{\376\377\000P\000a\000r\000t\000i\000t\000i\000o\000n\000\040\000F\000u\000n\000c\000t\000i\000o\000n\000\040\000a\000n\000d\000\040\000E\000x\000p\000e\000c\000t\000a\000t\000i\000o\000n\000\040\000V\000a\000l\000u\000e\000s}{section.2}% 9
\BOOKMARK [2][-]{subsection.2.6}{\376\377\000G\000a\000u\000g\000e\000\040\000I\000n\000v\000a\000r\000i\000a\000n\000c\000e}{section.2}% 10
\BOOKMARK [1][-]{section.3}{\376\377\000T\000r\000a\000n\000s\000f\000e\000r\000\040\000M\000a\000t\000r\000i\000x\000\040\000a\000n\000d\000\040\000R\000e\000f\000l\000e\000c\000t\000i\000o\000n\000\040\000P\000o\000s\000i\000t\000i\000v\000i\000t\000y}{}% 11
\BOOKMARK [2][-]{subsection.3.1}{\376\377\000T\000i\000m\000e\000\040\000S\000l\000i\000c\000i\000n\000g}{section.3}% 12
\BOOKMARK [2][-]{subsection.3.2}{\376\377\000T\000r\000a\000n\000s\000f\000e\000r\000\040\000M\000a\000t\000r\000i\000x}{section.3}% 13
\BOOKMARK [2][-]{subsection.3.3}{\376\377\000R\000e\000f\000l\000e\000c\000t\000i\000o\000n\000\040\000P\000o\000s\000i\000t\000i\000v\000i\000t\000y}{section.3}% 14
\BOOKMARK [2][-]{subsection.3.4}{\376\377\000C\000o\000m\000p\000a\000c\000t\000n\000e\000s\000s\000\040\000a\000n\000d\000\040\000D\000i\000s\000c\000r\000e\000t\000e\000\040\000S\000p\000e\000c\000t\000r\000u\000m}{section.3}% 15
\BOOKMARK [1][-]{section.4}{\376\377\000C\000e\000n\000t\000e\000r\000\040\000S\000y\000m\000m\000e\000t\000r\000y}{}% 16
\BOOKMARK [2][-]{subsection.4.1}{\376\377\000T\000h\000e\000\040\000C\000e\000n\000t\000e\000r\000\040\000o\000f\000\040\000S\000U\000\050\000N\000\051}{section.4}% 17
\BOOKMARK [2][-]{subsection.4.2}{\376\377\000C\000e\000n\000t\000e\000r\000\040\000T\000r\000a\000n\000s\000f\000o\000r\000m\000a\000t\000i\000o\000n}{section.4}% 18
\BOOKMARK [2][-]{subsection.4.3}{\376\377\000T\000h\000e\000\040\000P\000o\000l\000y\000a\000k\000o\000v\000\040\000L\000o\000o\000p}{section.4}% 19
\BOOKMARK [2][-]{subsection.4.4}{\376\377\000V\000a\000n\000i\000s\000h\000i\000n\000g\000\040\000o\000f\000\040\000P\000o\000l\000y\000a\000k\000o\000v\000\040\000L\000o\000o\000p}{section.4}% 20
\BOOKMARK [1][-]{section.5}{\376\377\000A\000n\000a\000l\000y\000t\000i\000c\000i\000t\000y\000\040\000o\000f\000\040\000t\000h\000e\000\040\000F\000r\000e\000e\000\040\000E\000n\000e\000r\000g\000y}{}% 21
\BOOKMARK [2][-]{subsection.5.1}{\376\377\000F\000r\000e\000e\000\040\000E\000n\000e\000r\000g\000y\000\040\000D\000e\000n\000s\000i\000t\000y}{section.5}% 22
\BOOKMARK [2][-]{subsection.5.2}{\376\377\000S\000t\000r\000o\000n\000g\000\040\000C\000o\000u\000p\000l\000i\000n\000g\000\040\000R\000e\000g\000i\000m\000e}{section.5}% 23
\BOOKMARK [2][-]{subsection.5.3}{\376\377\000A\000b\000s\000e\000n\000c\000e\000\040\000o\000f\000\040\000P\000h\000a\000s\000e\000\040\000T\000r\000a\000n\000s\000i\000t\000i\000o\000n\000s}{section.5}% 24
\BOOKMARK [2][-]{subsection.5.4}{\376\377\000T\000h\000e\000\040\000B\000e\000s\000s\000e\000l\040\023\000N\000e\000v\000a\000n\000l\000i\000n\000n\000a\000\040\000P\000r\000o\000o\000f\000\040\000f\000o\000r\000\040\000S\000U\000\050\0002\000\051\000\040\000a\000n\000d\000\040\000S\000U\000\050\0003\000\051}{section.5}% 25
\BOOKMARK [1][-]{section.6}{\376\377\000C\000l\000u\000s\000t\000e\000r\000\040\000D\000e\000c\000o\000m\000p\000o\000s\000i\000t\000i\000o\000n}{}% 26
\BOOKMARK [2][-]{subsection.6.1}{\376\377\000U\000n\000i\000q\000u\000e\000\040\000G\000i\000b\000b\000s\000\040\000M\000e\000a\000s\000u\000r\000e}{section.6}% 27
\BOOKMARK [2][-]{subsection.6.2}{\376\377\000C\000l\000u\000s\000t\000e\000r\000\040\000D\000e\000c\000o\000m\000p\000o\000s\000i\000t\000i\000o\000n}{section.6}% 28
\BOOKMARK [2][-]{subsection.6.3}{\376\377\000U\000n\000i\000f\000o\000r\000m\000\040\000T\000h\000e\000r\000m\000o\000d\000y\000n\000a\000m\000i\000c\000\040\000L\000i\000m\000i\000t}{section.6}% 29
\BOOKMARK [1][-]{section.7}{\376\377\000S\000t\000r\000i\000n\000g\000\040\000T\000e\000n\000s\000i\000o\000n\000\040\000v\000i\000a\000\040\000G\000K\000S\000\040\000I\000n\000e\000q\000u\000a\000l\000i\000t\000y}{}% 30
\BOOKMARK [2][-]{subsection.7.1}{\376\377\000C\000h\000a\000r\000a\000c\000t\000e\000r\000\040\000E\000x\000p\000a\000n\000s\000i\000o\000n\000\040\000o\000f\000\040\000t\000h\000e\000\040\000W\000i\000l\000s\000o\000n\000\040\000A\000c\000t\000i\000o\000n}{section.7}% 31
\BOOKMARK [2][-]{subsection.7.2}{\376\377\000G\000K\000S\000\040\000I\000n\000e\000q\000u\000a\000l\000i\000t\000y\000\040\000f\000o\000r\000\040\000W\000i\000l\000s\000o\000n\000\040\000L\000o\000o\000p\000s}{section.7}% 32
\BOOKMARK [2][-]{subsection.7.3}{\376\377\000D\000e\000f\000i\000n\000i\000t\000i\000o\000n\000\040\000a\000n\000d\000\040\000P\000o\000s\000i\000t\000i\000v\000i\000t\000y\000\040\000o\000f\000\040\000S\000t\000r\000i\000n\000g\000\040\000T\000e\000n\000s\000i\000o\000n}{section.7}% 33
\BOOKMARK [2][-]{subsection.7.4}{\376\377\000E\000x\000p\000l\000i\000c\000i\000t\000\040\000C\000o\000m\000p\000u\000t\000a\000t\000i\000o\000n\000\040\000o\000f\000\040\000S\000t\000r\000i\000n\000g\000\040\000T\000e\000n\000s\000i\000o\000n\000\040\000B\000o\000u\000n\000d}{section.7}% 34
\BOOKMARK [2][-]{subsection.7.5}{\376\377\000T\000h\000e\000\040\000L\000\374\000s\000c\000h\000e\000r\000\040\000T\000e\000r\000m\000\040\000a\000n\000d\000\040\000U\000n\000i\000v\000e\000r\000s\000a\000l\000\040\000C\000o\000r\000r\000e\000c\000t\000i\000o\000n\000s}{section.7}% 35
\BOOKMARK [1][-]{section.8}{\376\377\000T\000h\000e\000\040\000G\000i\000l\000e\000s\040\023\000T\000e\000p\000e\000r\000\040\000B\000o\000u\000n\000d}{}% 36
\BOOKMARK [2][-]{subsection.8.1}{\376\377\000S\000p\000e\000c\000t\000r\000a\000l\000\040\000R\000e\000p\000r\000e\000s\000e\000n\000t\000a\000t\000i\000o\000n}{section.8}% 37
\BOOKMARK [2][-]{subsection.8.2}{\376\377\000F\000l\000u\000x\000\040\000T\000u\000b\000e\000\040\000E\000n\000e\000r\000g\000y}{section.8}% 38
\BOOKMARK [2][-]{subsection.8.3}{\376\377\000T\000h\000e\000\040\000M\000a\000s\000s\000\040\000G\000a\000p\000\040\000B\000o\000u\000n\000d}{section.8}% 39
\BOOKMARK [2][-]{subsection.8.4}{\376\377\000M\000a\000s\000s\000\040\000G\000a\000p\000\040\000P\000o\000s\000i\000t\000i\000v\000i\000t\000y}{section.8}% 40
\BOOKMARK [2][-]{subsection.8.5}{\376\377\000A\000l\000t\000e\000r\000n\000a\000t\000i\000v\000e\000\040\000A\000r\000g\000u\000m\000e\000n\000t\000\040\000v\000i\000a\000\040\000R\000e\000n\000o\000r\000m\000a\000l\000i\000z\000a\000t\000i\000o\000n\000\040\000G\000r\000o\000u\000p\000\040\000\050\000P\000h\000y\000s\000i\000c\000a\000l\000\040\000I\000n\000t\000u\000i\000t\000i\000o\000n\000\051}{section.8}% 41
\BOOKMARK [2][-]{subsection.8.6}{\376\377\000F\000u\000l\000l\000y\000\040\000R\000i\000g\000o\000r\000o\000u\000s\000\040\000P\000r\000o\000o\000f\000\040\000v\000i\000a\000\040\000O\000p\000e\000r\000a\000t\000o\000r\000\040\000B\000o\000u\000n\000d\000s}{section.8}% 42
\BOOKMARK [1][-]{section.9}{\376\377\000C\000o\000n\000t\000i\000n\000u\000u\000m\000\040\000L\000i\000m\000i\000t}{}% 43
\BOOKMARK [2][-]{subsection.9.1}{\376\377\000S\000c\000a\000l\000i\000n\000g\000\040\000t\000o\000\040\000t\000h\000e\000\040\000C\000o\000n\000t\000i\000n\000u\000u\000m}{section.9}% 44
\BOOKMARK [2][-]{subsection.9.2}{\376\377\000A\000s\000y\000m\000p\000t\000o\000t\000i\000c\000\040\000F\000r\000e\000e\000d\000o\000m\000\040\000a\000n\000d\000\040\000P\000e\000r\000t\000u\000r\000b\000a\000t\000i\000v\000e\000\040\000R\000G}{section.9}% 45
\BOOKMARK [2][-]{subsection.9.3}{\376\377\000U\000n\000i\000f\000o\000r\000m\000\040\000B\000o\000u\000n\000d\000s\000\040\000A\000c\000r\000o\000s\000s\000\040\000L\000i\000m\000i\000t\000s}{section.9}% 46
\BOOKMARK [2][-]{subsection.9.4}{\376\377\000E\000x\000i\000s\000t\000e\000n\000c\000e\000\040\000o\000f\000\040\000C\000o\000n\000t\000i\000n\000u\000u\000m\000\040\000L\000i\000m\000i\000t}{section.9}% 47
\BOOKMARK [2][-]{subsection.9.5}{\376\377\000P\000h\000y\000s\000i\000c\000a\000l\000\040\000M\000a\000s\000s\000\040\000G\000a\000p}{section.9}% 48
\BOOKMARK [2][-]{subsection.9.6}{\376\377\000R\000i\000g\000o\000r\000o\000u\000s\000\040\000C\000o\000n\000t\000i\000n\000u\000u\000m\000\040\000L\000i\000m\000i\000t\000\040\000v\000i\000a\000\040\000U\000n\000i\000f\000o\000r\000m\000\040\000E\000s\000t\000i\000m\000a\000t\000e\000s}{section.9}% 49
\BOOKMARK [2][-]{subsection.9.7}{\376\377\000U\000n\000i\000v\000e\000r\000s\000a\000l\000i\000t\000y\000\040\000o\000f\000\040\000t\000h\000e\000\040\000C\000o\000n\000t\000i\000n\000u\000u\000m\000\040\000L\000i\000m\000i\000t}{section.9}% 50
\BOOKMARK [1][-]{section.10}{\376\377\000I\000n\000n\000o\000v\000a\000t\000i\000v\000e\000\040\000N\000e\000w\000\040\000P\000r\000o\000o\000f\000:\000\040\000C\000o\000n\000v\000e\000x\000i\000t\000y\000\040\000M\000e\000t\000h\000o\000d}{}% 51
\BOOKMARK [2][-]{subsection.10.1}{\376\377\000C\000o\000n\000v\000e\000x\000i\000t\000y\000\040\000o\000f\000\040\000t\000h\000e\000\040\000F\000r\000e\000e\000\040\000E\000n\000e\000r\000g\000y}{section.10}% 52
\BOOKMARK [2][-]{subsection.10.2}{\376\377\000F\000r\000o\000m\000\040\000C\000o\000n\000v\000e\000x\000i\000t\000y\000\040\000t\000o\000\040\000A\000n\000a\000l\000y\000t\000i\000c\000i\000t\000y}{section.10}% 53
\BOOKMARK [2][-]{subsection.10.3}{\376\377\000M\000a\000s\000s\000\040\000G\000a\000p\000\040\000f\000r\000o\000m\000\040\000A\000n\000a\000l\000y\000t\000i\000c\000i\000t\000y}{section.10}% 54
\BOOKMARK [2][-]{subsection.10.4}{\376\377\000C\000o\000m\000p\000l\000e\000t\000e\000\040\000P\000r\000o\000o\000f\000\040\000v\000i\000a\000\040\000C\000o\000n\000v\000e\000x\000i\000t\000y}{section.10}% 55
\BOOKMARK [1][-]{section.11}{\376\377\000B\000r\000e\000a\000k\000t\000h\000r\000o\000u\000g\000h\000:\000\040\000N\000o\000n\000-\000P\000e\000r\000t\000u\000r\000b\000a\000t\000i\000v\000e\000\040\000C\000o\000n\000t\000i\000n\000u\000u\000m\000\040\000L\000i\000m\000i\000t}{}% 56
\BOOKMARK [2][-]{subsection.11.1}{\376\377\000T\000h\000e\000\040\000C\000e\000n\000t\000r\000a\000l\000\040\000P\000r\000o\000b\000l\000e\000m}{section.11}% 57
\BOOKMARK [2][-]{subsection.11.2}{\376\377\000I\000n\000n\000o\000v\000a\000t\000i\000o\000n\000\040\0001\000:\000\040\000I\000n\000t\000e\000r\000p\000o\000l\000a\000t\000i\000n\000g\000\040\000F\000l\000o\000w\000\040\000M\000e\000t\000h\000o\000d}{section.11}% 58
\BOOKMARK [2][-]{subsection.11.3}{\376\377\000I\000n\000n\000o\000v\000a\000t\000i\000o\000n\000\040\0002\000:\000\040\000M\000o\000n\000o\000t\000o\000n\000i\000c\000i\000t\000y\000\040\000o\000f\000\040\000M\000a\000s\000s\000\040\000G\000a\000p}{section.11}% 59
\BOOKMARK [2][-]{subsection.11.4}{\376\377\000I\000n\000n\000o\000v\000a\000t\000i\000o\000n\000\040\0003\000:\000\040\000S\000t\000o\000c\000h\000a\000s\000t\000i\000c\000\040\000G\000e\000o\000m\000e\000t\000r\000i\000c\000\040\000A\000n\000a\000l\000y\000s\000i\000s}{section.11}% 60
\BOOKMARK [2][-]{subsection.11.5}{\376\377\000I\000n\000n\000o\000v\000a\000t\000i\000o\000n\000\040\0004\000:\000\040\000E\000x\000a\000c\000t\000\040\000N\000o\000n\000-\000P\000e\000r\000t\000u\000r\000b\000a\000t\000i\000v\000e\000\040\000I\000d\000e\000n\000t\000i\000t\000y}{section.11}% 61
\BOOKMARK [2][-]{subsection.11.6}{\376\377\000I\000n\000n\000o\000v\000a\000t\000i\000o\000n\000\040\0005\000:\000\040\000T\000o\000p\000o\000l\000o\000g\000i\000c\000a\000l\000\040\000P\000r\000o\000t\000e\000c\000t\000i\000o\000n\000\040\000o\000f\000\040\000M\000a\000s\000s\000\040\000G\000a\000p}{section.11}% 62
\BOOKMARK [2][-]{subsection.11.7}{\376\377\000S\000y\000n\000t\000h\000e\000s\000i\000s\000:\000\040\000C\000o\000m\000p\000l\000e\000t\000e\000\040\000N\000o\000n\000-\000P\000e\000r\000t\000u\000r\000b\000a\000t\000i\000v\000e\000\040\000P\000r\000o\000o\000f}{section.11}% 63
\BOOKMARK [1][-]{section.12}{\376\377\000R\000i\000g\000o\000r\000o\000u\000s\000\040\000C\000o\000n\000t\000i\000n\000u\000u\000m\000\040\000L\000i\000m\000i\000t\000:\000\040\000N\000e\000w\000\040\000M\000a\000t\000h\000e\000m\000a\000t\000i\000c\000a\000l\000\040\000F\000r\000a\000m\000e\000w\000o\000r\000k}{}% 64
\BOOKMARK [2][-]{subsection.12.1}{\376\377\000T\000h\000e\000\040\000C\000o\000n\000t\000i\000n\000u\000u\000m\000\040\000L\000i\000m\000i\000t\000\040\000P\000r\000o\000b\000l\000e\000m}{section.12}% 65
\BOOKMARK [2][-]{subsection.12.2}{\376\377\000I\000n\000n\000o\000v\000a\000t\000i\000o\000n\000:\000\040\000G\000e\000o\000m\000e\000t\000r\000i\000c\000\040\000M\000e\000a\000s\000u\000r\000e\000\040\000T\000h\000e\000o\000r\000y\000\040\000A\000p\000p\000r\000o\000a\000c\000h}{section.12}% 66
\BOOKMARK [2][-]{subsection.12.3}{\376\377\000S\000t\000o\000c\000h\000a\000s\000t\000i\000c\000\040\000Q\000u\000a\000n\000t\000i\000z\000a\000t\000i\000o\000n\000\040\000F\000r\000a\000m\000e\000w\000o\000r\000k}{section.12}% 67
\BOOKMARK [2][-]{subsection.12.4}{\376\377\000R\000i\000g\000o\000r\000o\000u\000s\000\040\000C\000o\000n\000t\000i\000n\000u\000u\000m\000\040\000L\000i\000m\000i\000t\000\040\000C\000o\000n\000s\000t\000r\000u\000c\000t\000i\000o\000n}{section.12}% 68
\BOOKMARK [2][-]{subsection.12.5}{\376\377\000A\000l\000t\000e\000r\000n\000a\000t\000i\000v\000e\000:\000\040\000C\000o\000n\000s\000t\000r\000u\000c\000t\000i\000v\000e\000\040\000F\000i\000e\000l\000d\000\040\000T\000h\000e\000o\000r\000y\000\040\000A\000p\000p\000r\000o\000a\000c\000h}{section.12}% 69
\BOOKMARK [1][-]{section.13}{\376\377\000F\000i\000l\000l\000i\000n\000g\000\040\000t\000h\000e\000\040\000R\000e\000m\000a\000i\000n\000i\000n\000g\000\040\000G\000a\000p\000s\000:\000\040\000C\000o\000m\000p\000l\000e\000t\000e\000\040\000R\000i\000g\000o\000r\000o\000u\000s\000\040\000F\000r\000a\000m\000e\000w\000o\000r\000k}{}% 70
\BOOKMARK [2][-]{subsection.13.1}{\376\377\000G\000a\000p\000\040\0001\000:\000\040\000R\000i\000g\000o\000r\000o\000u\000s\000\040\000U\000n\000i\000f\000o\000r\000m\000\040\000H\000\366\000l\000d\000e\000r\000\040\000B\000o\000u\000n\000d\000s}{section.13}% 71
\BOOKMARK [2][-]{subsection.13.2}{\376\377\000G\000a\000p\000\040\0002\000:\000\040\000R\000i\000g\000o\000r\000o\000u\000s\000\040\000P\000r\000o\000o\000f\000\040\000o\000f\000\040\000p\000h\000y\000s\000\040\000>\000\040\0000}{section.13}% 72
\BOOKMARK [2][-]{subsection.13.3}{\376\377\000G\000a\000p\000\040\0003\000:\000\040\000E\000x\000c\000h\000a\000n\000g\000e\000\040\000o\000f\000\040\000L\000i\000m\000i\000t\000s}{section.13}% 73
\BOOKMARK [2][-]{subsection.13.4}{\376\377\000G\000a\000p\000\040\0004\000:\000\040\000R\000e\000c\000o\000v\000e\000r\000y\000\040\000o\000f\000\040\000F\000u\000l\000l\000\040\000R\000o\000t\000a\000t\000i\000o\000n\000a\000l\000\040\000S\000y\000m\000m\000e\000t\000r\000y}{section.13}% 74
\BOOKMARK [2][-]{subsection.13.5}{\376\377\000G\000a\000p\000\040\0005\000:\000\040\000C\000o\000m\000p\000l\000e\000t\000e\000\040\000O\000s\000t\000e\000r\000w\000a\000l\000d\000e\000r\000-\000S\000c\000h\000r\000a\000d\000e\000r\000\040\000V\000e\000r\000i\000f\000i\000c\000a\000t\000i\000o\000n}{section.13}% 75
\BOOKMARK [2][-]{subsection.13.6}{\376\377\000G\000a\000p\000\040\0006\000:\000\040\000G\000l\000u\000e\000b\000a\000l\000l\000\040\000S\000p\000e\000c\000t\000r\000u\000m\000\040\000S\000t\000r\000u\000c\000t\000u\000r\000e}{section.13}% 76
\BOOKMARK [2][-]{subsection.13.7}{\376\377\000F\000i\000n\000a\000l\000\040\000S\000y\000n\000t\000h\000e\000s\000i\000s\000:\000\040\000C\000o\000m\000p\000l\000e\000t\000e\000\040\000R\000i\000g\000o\000r\000o\000u\000s\000\040\000P\000r\000o\000o\000f}{section.13}% 77
\BOOKMARK [2][-]{subsection.13.8}{\376\377\000R\000i\000g\000o\000r\000o\000u\000s\000\040\000V\000e\000r\000i\000f\000i\000c\000a\000t\000i\000o\000n\000\040\000o\000f\000\040\000L\000o\000g\000i\000c\000a\000l\000\040\000C\000o\000m\000p\000l\000e\000t\000e\000n\000e\000s\000s}{section.13}% 78
\BOOKMARK [1][-]{section.14}{\376\377\000E\000x\000p\000l\000i\000c\000i\000t\000\040\000B\000o\000u\000n\000d\000s\000\040\000a\000n\000d\000\040\000P\000h\000y\000s\000i\000c\000a\000l\000\040\000P\000r\000e\000d\000i\000c\000t\000i\000o\000n\000s}{}% 79
\BOOKMARK [2][-]{subsection.14.1}{\376\377\000E\000x\000p\000l\000i\000c\000i\000t\000\040\000L\000o\000w\000e\000r\000\040\000B\000o\000u\000n\000d\000s\000\040\000o\000n\000\040\000t\000h\000e\000\040\000M\000a\000s\000s\000\040\000G\000a\000p}{section.14}% 80
\BOOKMARK [2][-]{subsection.14.2}{\376\377\000P\000h\000y\000s\000i\000c\000a\000l\000\040\000P\000r\000e\000d\000i\000c\000t\000i\000o\000n\000s}{section.14}% 81
\BOOKMARK [2][-]{subsection.14.3}{\376\377\000G\000l\000u\000e\000b\000a\000l\000l\000\040\000M\000a\000s\000s\000\040\000S\000p\000e\000c\000t\000r\000u\000m\000\040\000P\000r\000e\000d\000i\000c\000t\000i\000o\000n\000s}{section.14}% 82
\BOOKMARK [2][-]{subsection.14.4}{\376\377\000C\000o\000m\000p\000a\000r\000i\000s\000o\000n\000\040\000w\000i\000t\000h\000\040\000L\000a\000t\000t\000i\000c\000e\000\040\000D\000a\000t\000a}{section.14}% 83
\BOOKMARK [2][-]{subsection.14.5}{\376\377\000D\000i\000m\000e\000n\000s\000i\000o\000n\000a\000l\000\040\000T\000r\000a\000n\000s\000m\000u\000t\000a\000t\000i\000o\000n\000\040\000a\000n\000d\000\040\000Q\000C\000D}{section.14}% 84
\BOOKMARK [2][-]{subsection.14.6}{\376\377\000C\000o\000n\000f\000i\000n\000e\000m\000e\000n\000t\000\040\000a\000n\000d\000\040\000t\000h\000e\000\040\000W\000i\000l\000s\000o\000n\000\040\000C\000r\000i\000t\000e\000r\000i\000o\000n}{section.14}% 85
\BOOKMARK [1][-]{section.15}{\376\377\000C\000r\000i\000t\000i\000c\000a\000l\000\040\000A\000n\000a\000l\000y\000s\000i\000s\000\040\000a\000n\000d\000\040\000P\000o\000t\000e\000n\000t\000i\000a\000l\000\040\000O\000b\000j\000e\000c\000t\000i\000o\000n\000s}{}% 86
\BOOKMARK [2][-]{subsection.15.1}{\376\377\000O\000b\000j\000e\000c\000t\000i\000o\000n\000\040\0001\000:\000\040\000W\000e\000a\000k\000\040\000C\000o\000u\000p\000l\000i\000n\000g\000\040\000R\000e\000g\000i\000m\000e}{section.15}% 87
\BOOKMARK [2][-]{subsection.15.2}{\376\377\000O\000b\000j\000e\000c\000t\000i\000o\000n\000\040\0002\000:\000\040\000U\000n\000i\000q\000u\000e\000n\000e\000s\000s\000\040\000o\000f\000\040\000C\000o\000n\000t\000i\000n\000u\000u\000m\000\040\000L\000i\000m\000i\000t}{section.15}% 88
\BOOKMARK [2][-]{subsection.15.3}{\376\377\000O\000b\000j\000e\000c\000t\000i\000o\000n\000\040\0003\000:\000\040\000T\000h\000e\000\040\000\040\000L\000i\000m\000i\000t}{section.15}% 89
\BOOKMARK [2][-]{subsection.15.4}{\376\377\000O\000b\000j\000e\000c\000t\000i\000o\000n\000\040\0004\000:\000\040\000I\000s\000\040\000t\000h\000e\000\040\000P\000r\000o\000o\000f\000\040\000R\000e\000a\000l\000l\000y\000\040\000N\000o\000n\000-\000P\000e\000r\000t\000u\000r\000b\000a\000t\000i\000v\000e\000?}{section.15}% 90
\BOOKMARK [2][-]{subsection.15.5}{\376\377\000O\000b\000j\000e\000c\000t\000i\000o\000n\000\040\0005\000:\000\040\000W\000h\000a\000t\000\040\000A\000b\000o\000u\000t\000\040\000O\000t\000h\000e\000r\000\040\000R\000e\000g\000u\000l\000a\000r\000i\000z\000a\000t\000i\000o\000n\000s\000?}{section.15}% 91
\BOOKMARK [2][-]{subsection.15.6}{\376\377\000O\000b\000j\000e\000c\000t\000i\000o\000n\000\040\0006\000:\000\040\000C\000o\000m\000p\000a\000r\000i\000s\000o\000n\000\040\000w\000i\000t\000h\000\040\000K\000n\000o\000w\000n\000\040\000D\000i\000f\000f\000i\000c\000u\000l\000t\000i\000e\000s}{section.15}% 92
\BOOKMARK [2][-]{subsection.15.7}{\376\377\000O\000b\000j\000e\000c\000t\000i\000o\000n\000\040\0007\000:\000\040\000N\000u\000m\000e\000r\000i\000c\000a\000l\000\040\000C\000o\000n\000s\000i\000s\000t\000e\000n\000c\000y}{section.15}% 93
\BOOKMARK [2][-]{subsection.15.8}{\376\377\000O\000b\000j\000e\000c\000t\000i\000o\000n\000\040\0008\000:\000\040\000T\000e\000c\000h\000n\000i\000c\000a\000l\000\040\000D\000i\000f\000f\000i\000c\000u\000l\000t\000i\000e\000s\000\040\000i\000n\000\040\000F\000o\000u\000r\000\040\000D\000i\000m\000e\000n\000s\000i\000o\000n\000s}{section.15}% 94
\BOOKMARK [2][-]{subsection.15.9}{\376\377\000S\000u\000m\000m\000a\000r\000y\000\040\000o\000f\000\040\000L\000o\000g\000i\000c\000a\000l\000\040\000I\000n\000d\000e\000p\000e\000n\000d\000e\000n\000c\000e}{section.15}% 95
\BOOKMARK [2][-]{subsection.15.10}{\376\377\000R\000i\000g\000o\000r\000o\000u\000s\000\040\000S\000t\000a\000t\000u\000s\000\040\000A\000s\000s\000e\000s\000s\000m\000e\000n\000t}{section.15}% 96
\BOOKMARK [3][-]{subsubsection.15.10.1}{\376\377\000D\000e\000t\000a\000i\000l\000e\000d\000\040\000G\000a\000p\000\040\000A\000n\000a\000l\000y\000s\000i\000s\000\040\000\050\000R\000E\000S\000O\000L\000V\000E\000D\000\051}{subsection.15.10}% 97
\BOOKMARK [3][-]{subsubsection.15.10.2}{\376\377\000P\000a\000t\000h\000\040\000t\000o\000\040\000C\000o\000m\000p\000l\000e\000t\000e\000\040\000R\000i\000g\000o\000r}{subsection.15.10}% 98
\BOOKMARK [1][-]{section.16}{\376\377\000C\000o\000n\000c\000l\000u\000s\000i\000o\000n}{}% 99
\BOOKMARK [2][-]{subsection.16.1}{\376\377\000K\000e\000y\000\040\000M\000a\000t\000h\000e\000m\000a\000t\000i\000c\000a\000l\000\040\000I\000n\000n\000o\000v\000a\000t\000i\000o\000n\000s}{section.16}% 100
\BOOKMARK [2][-]{subsection.16.2}{\376\377\000L\000o\000g\000i\000c\000a\000l\000\040\000S\000t\000r\000u\000c\000t\000u\000r\000e}{section.16}% 101
\BOOKMARK [2][-]{subsection.16.3}{\376\377\000S\000u\000m\000m\000a\000r\000y\000\040\000o\000f\000\040\000R\000i\000g\000o\000r\000o\000u\000s\000\040\000S\000t\000e\000p\000s}{section.16}% 102
\BOOKMARK [2][-]{subsection.16.4}{\376\377\000R\000e\000l\000a\000t\000i\000o\000n\000\040\000t\000o\000\040\000t\000h\000e\000\040\000M\000i\000l\000l\000e\000n\000n\000i\000u\000m\000\040\000P\000r\000o\000b\000l\000e\000m}{section.16}% 103
\BOOKMARK [2][-]{subsection.16.5}{\376\377\000V\000e\000r\000i\000f\000i\000c\000a\000t\000i\000o\000n\000\040\000o\000f\000\040\000W\000i\000g\000h\000t\000m\000a\000n\000\040\000A\000x\000i\000o\000m\000s}{section.16}% 104
\BOOKMARK [1][-]{section.17}{\376\377\000C\000o\000n\000c\000l\000u\000s\000i\000o\000n}{}% 105
\BOOKMARK [2][-]{subsection.17.1}{\376\377\000S\000u\000m\000m\000a\000r\000y\000\040\000o\000f\000\040\000R\000e\000s\000u\000l\000t\000s}{section.17}% 106
\BOOKMARK [2][-]{subsection.17.2}{\376\377\000K\000e\000y\000\040\000M\000a\000t\000h\000e\000m\000a\000t\000i\000c\000a\000l\000\040\000I\000n\000n\000o\000v\000a\000t\000i\000o\000n\000s}{section.17}% 107
\BOOKMARK [2][-]{subsection.17.3}{\376\377\000V\000e\000r\000i\000f\000i\000c\000a\000t\000i\000o\000n\000\040\000C\000h\000e\000c\000k\000l\000i\000s\000t}{section.17}% 108
\BOOKMARK [2][-]{subsection.17.4}{\376\377\000F\000i\000n\000a\000l\000\040\000S\000t\000a\000t\000e\000m\000e\000n\000t}{section.17}% 109
\BOOKMARK [1][-]{section.18}{\376\377\000C\000o\000m\000p\000l\000e\000t\000e\000\040\000R\000e\000s\000o\000l\000u\000t\000i\000o\000n\000\040\000o\000f\000\040\000A\000l\000l\000\040\000M\000a\000t\000h\000e\000m\000a\000t\000i\000c\000a\000l\000\040\000G\000a\000p\000s}{}% 110
\BOOKMARK [2][-]{subsection.18.1}{\376\377\000G\000a\000p\000\040\000R\000e\000s\000o\000l\000u\000t\000i\000o\000n\000\040\0001\000:\000\040\000R\000i\000g\000o\000r\000o\000u\000s\000\040\000G\000i\000l\000e\000s\000-\000T\000e\000p\000e\000r\000\040\000W\000i\000t\000h\000o\000u\000t\000\040\000S\000t\000r\000i\000n\000g\000\040\000P\000i\000c\000t\000u\000r\000e}{section.18}% 111
\BOOKMARK [2][-]{subsection.18.2}{\376\377\000G\000a\000p\000\040\000R\000e\000s\000o\000l\000u\000t\000i\000o\000n\000\040\0002\000:\000\040\000C\000o\000m\000p\000l\000e\000t\000e\000\040\000O\000S\000\040\000A\000x\000i\000o\000m\000\040\000V\000e\000r\000i\000f\000i\000c\000a\000t\000i\000o\000n}{section.18}% 112
\BOOKMARK [2][-]{subsection.18.3}{\376\377\000G\000a\000p\000\040\000R\000e\000s\000o\000l\000u\000t\000i\000o\000n\000\040\0003\000:\000\040\000N\000o\000n\000-\000P\000e\000r\000t\000u\000r\000b\000a\000t\000i\000v\000e\000\040\000D\000i\000m\000e\000n\000s\000i\000o\000n\000a\000l\000\040\000T\000r\000a\000n\000s\000m\000u\000t\000a\000t\000i\000o\000n}{section.18}% 113
\BOOKMARK [2][-]{subsection.18.4}{\376\377\000G\000a\000p\000\040\000R\000e\000s\000o\000l\000u\000t\000i\000o\000n\000\040\0004\000:\000\040\000M\000a\000s\000s\000\040\000G\000a\000p\000\040\000f\000o\000r\000\040\000S\000U\000\050\0002\000\051\000\040\000a\000n\000d\000\040\000S\000U\000\050\0003\000\051}{section.18}% 114
\BOOKMARK [2][-]{subsection.18.5}{\376\377\000N\000o\000v\000e\000l\000\040\000M\000a\000t\000h\000e\000m\000a\000t\000i\000c\000a\000l\000\040\000M\000a\000c\000h\000i\000n\000e\000r\000y\000\040\000f\000o\000r\000\040\000N\000=\0002\000\040\000a\000n\000d\000\040\000N\000=\0003}{section.18}% 115
\BOOKMARK [3][-]{subsubsection.18.5.1}{\376\377\000Q\000u\000a\000t\000e\000r\000n\000i\000o\000n\000i\000c\000\040\000A\000n\000a\000l\000y\000s\000i\000s\000\040\000f\000o\000r\000\040\000S\000U\000\050\0002\000\051}{subsection.18.5}% 116
\BOOKMARK [3][-]{subsubsection.18.5.2}{\376\377\000G\000e\000l\000l\000-\000M\000a\000n\000n\000\040\000A\000l\000g\000e\000b\000r\000a\000\040\000a\000n\000d\000\040\000S\000U\000\050\0003\000\051\000\040\000S\000t\000r\000u\000c\000t\000u\000r\000e}{subsection.18.5}% 117
\BOOKMARK [3][-]{subsubsection.18.5.3}{\376\377\000H\000o\000p\000f\000\040\000F\000i\000b\000r\000a\000t\000i\000o\000n\000\040\000M\000e\000t\000h\000o\000d\000\040\000f\000o\000r\000\040\000S\000U\000\050\0002\000\051}{subsection.18.5}% 118
\BOOKMARK [3][-]{subsubsection.18.5.4}{\376\377\000T\000r\000i\000a\000l\000i\000t\000y\000\040\000a\000n\000d\000\040\000S\000U\000\050\0003\000\051\000\040\000S\000p\000e\000c\000i\000a\000l\000\040\000S\000t\000r\000u\000c\000t\000u\000r\000e}{subsection.18.5}% 119
\BOOKMARK [3][-]{subsubsection.18.5.5}{\376\377\000U\000n\000i\000f\000i\000e\000d\000\040\000O\000p\000t\000i\000m\000a\000l\000\040\000B\000o\000u\000n\000d\000\040\000f\000o\000r\000\040\000N\000=\0002\000,\0003}{subsection.18.5}% 120
\BOOKMARK [3][-]{subsubsection.18.5.6}{\376\377\000N\000o\000n\000-\000C\000o\000m\000m\000u\000t\000a\000t\000i\000v\000e\000\040\000S\000p\000e\000c\000t\000r\000a\000l\000\040\000G\000e\000o\000m\000e\000t\000r\000y\000\040\000A\000p\000p\000r\000o\000a\000c\000h}{subsection.18.5}% 121
\BOOKMARK [3][-]{subsubsection.18.5.7}{\376\377\000C\000o\000m\000p\000l\000e\000t\000e\000l\000y\000\040\000I\000n\000t\000e\000g\000r\000a\000b\000l\000e\000\040\000S\000t\000r\000u\000c\000t\000u\000r\000e\000\040\000f\000o\000r\000\040\000S\000i\000n\000g\000l\000e\000\040\000P\000l\000a\000q\000u\000e\000t\000t\000e}{subsection.18.5}% 122
\BOOKMARK [3][-]{subsubsection.18.5.8}{\376\377\000R\000a\000n\000d\000o\000m\000\040\000M\000a\000t\000r\000i\000x\000\040\000T\000h\000e\000o\000r\000y\000\040\000f\000o\000r\000\040\000S\000U\000\050\000N\000\051}{subsection.18.5}% 123
\BOOKMARK [3][-]{subsubsection.18.5.9}{\376\377\000O\000p\000t\000i\000m\000a\000l\000\040\000T\000r\000a\000n\000s\000p\000o\000r\000t\000\040\000a\000n\000d\000\040\000W\000a\000s\000s\000e\000r\000s\000t\000e\000i\000n\000\040\000G\000e\000o\000m\000e\000t\000r\000y}{subsection.18.5}% 124
\BOOKMARK [3][-]{subsubsection.18.5.10}{\376\377\000F\000u\000n\000c\000t\000i\000o\000n\000a\000l\000\040\000I\000n\000e\000q\000u\000a\000l\000i\000t\000i\000e\000s\000\040\000a\000n\000d\000\040\000L\000o\000g\000-\000S\000o\000b\000o\000l\000e\000v\000\040\000C\000o\000n\000s\000t\000a\000n\000t\000s}{subsection.18.5}% 125
\BOOKMARK [3][-]{subsubsection.18.5.11}{\376\377\000S\000t\000o\000c\000h\000a\000s\000t\000i\000c\000\040\000C\000o\000m\000p\000l\000e\000t\000e\000n\000e\000s\000s\000\040\000a\000n\000d\000\040\000N\000o\000n\000-\000E\000x\000p\000l\000o\000s\000i\000o\000n}{subsection.18.5}% 126
\BOOKMARK [3][-]{subsubsection.18.5.12}{\376\377\000F\000i\000n\000a\000l\000\040\000S\000y\000n\000t\000h\000e\000s\000i\000s\000:\000\040\000C\000o\000n\000s\000t\000r\000u\000c\000t\000i\000v\000e\000\040\000P\000r\000o\000o\000f\000\040\000f\000o\000r\000\040\000N\000=\0002\000,\0003}{subsection.18.5}% 127
\BOOKMARK [2][-]{subsection.18.6}{\376\377\000G\000a\000p\000\040\000R\000e\000s\000o\000l\000u\000t\000i\000o\000n\000\040\0005\000:\000\040\000I\000n\000d\000e\000p\000e\000n\000d\000e\000n\000c\000e\000\040\000o\000f\000\040\000L\000a\000t\000t\000i\000c\000e\000\040\000A\000r\000t\000i\000f\000a\000c\000t\000s}{section.18}% 128
\BOOKMARK [2][-]{subsection.18.7}{\376\377\000S\000u\000m\000m\000a\000r\000y\000:\000\040\000C\000o\000m\000p\000l\000e\000t\000e\000\040\000P\000r\000o\000o\000f}{section.18}% 129
\BOOKMARK [1][-]{section.19}{\376\377\000H\000o\000m\000o\000t\000o\000p\000y\000-\000A\000l\000g\000e\000b\000r\000a\000i\000c\000\040\000C\000o\000n\000s\000t\000r\000u\000c\000t\000i\000o\000n\000\040\000o\000f\000\040\000Y\000a\000n\000g\000-\000M\000i\000l\000l\000s\000\040\000T\000h\000e\000o\000r\000y}{}% 130
\BOOKMARK [2][-]{subsection.19.1}{\376\377\000T\000h\000e\000\040\000F\000o\000u\000n\000d\000a\000t\000i\000o\000n\000a\000l\000\040\000P\000r\000o\000b\000l\000e\000m}{section.19}% 131
\BOOKMARK [2][-]{subsection.19.2}{\376\377\000T\000h\000e\000\040\000N\000e\000w\000\040\000P\000h\000i\000l\000o\000s\000o\000p\000h\000y}{section.19}% 132
\BOOKMARK [2][-]{subsection.19.3}{\376\377\000N\000e\000w\000\040\000M\000a\000t\000h\000e\000m\000a\000t\000i\000c\000a\000l\000\040\000F\000r\000a\000m\000e\000w\000o\000r\000k\000:\000\040\000F\000a\000c\000t\000o\000r\000i\000z\000a\000t\000i\000o\000n\000\040\000A\000l\000g\000e\000b\000r\000a\000s}{section.19}% 133
\BOOKMARK [2][-]{subsection.19.4}{\376\377\000T\000h\000e\000\040\000O\000b\000s\000e\000r\000v\000a\000b\000l\000e\000s\000\040\000F\000a\000c\000t\000o\000r\000i\000z\000a\000t\000i\000o\000n\000\040\000A\000l\000g\000e\000b\000r\000a}{section.19}% 134
\BOOKMARK [2][-]{subsection.19.5}{\376\377\000N\000e\000w\000\040\000C\000o\000n\000s\000t\000r\000u\000c\000t\000i\000o\000n\000:\000\040\000D\000e\000r\000i\000v\000e\000d\000\040\000M\000o\000d\000u\000l\000i\000\040\000o\000f\000\040\000F\000l\000a\000t\000\040\000C\000o\000n\000n\000e\000c\000t\000i\000o\000n\000s}{section.19}% 135
\BOOKMARK [2][-]{subsection.19.6}{\376\377\000E\000x\000t\000e\000n\000s\000i\000o\000n\000\040\000t\000o\000\040\000Y\000a\000n\000g\000-\000M\000i\000l\000l\000s}{section.19}% 136
\BOOKMARK [2][-]{subsection.19.7}{\376\377\000N\000e\000w\000\040\000I\000n\000v\000e\000n\000t\000i\000o\000n\000:\000\040\000S\000p\000e\000c\000t\000r\000a\000l\000\040\000N\000e\000t\000w\000o\000r\000k\000s\000\040\000f\000o\000r\000\040\000G\000a\000u\000g\000e\000\040\000T\000h\000e\000o\000r\000y}{section.19}% 137
\BOOKMARK [2][-]{subsection.19.8}{\376\377\000N\000e\000w\000\040\000I\000n\000v\000e\000n\000t\000i\000o\000n\000:\000\040\000C\000a\000t\000e\000g\000o\000r\000i\000c\000a\000l\000\040\000Q\000u\000a\000n\000t\000i\000z\000a\000t\000i\000o\000n}{section.19}% 138
\BOOKMARK [2][-]{subsection.19.9}{\376\377\000N\000e\000w\000\040\000I\000n\000v\000e\000n\000t\000i\000o\000n\000:\000\040\000S\000h\000i\000f\000t\000e\000d\000\040\000S\000y\000m\000p\000l\000e\000c\000t\000i\000c\000\040\000G\000e\000o\000m\000e\000t\000r\000y}{section.19}% 139
\BOOKMARK [2][-]{subsection.19.10}{\376\377\000T\000h\000e\000\040\000M\000a\000i\000n\000\040\000C\000o\000n\000s\000t\000r\000u\000c\000t\000i\000o\000n\000\040\000T\000h\000e\000o\000r\000e\000m}{section.19}% 140
\BOOKMARK [2][-]{subsection.19.11}{\376\377\000C\000o\000n\000n\000e\000c\000t\000i\000o\000n\000\040\000t\000o\000\040\000T\000r\000a\000d\000i\000t\000i\000o\000n\000a\000l\000\040\000F\000o\000r\000m\000u\000l\000a\000t\000i\000o\000n}{section.19}% 141
\BOOKMARK [2][-]{subsection.19.12}{\376\377\000T\000h\000e\000\040\000M\000a\000s\000s\000\040\000G\000a\000p\000\040\000f\000r\000o\000m\000\040\000F\000a\000c\000t\000o\000r\000i\000z\000a\000t\000i\000o\000n}{section.19}% 142
\BOOKMARK [1][-]{section.20}{\376\377\000I\000n\000f\000o\000r\000m\000a\000t\000i\000o\000n\000\040\000G\000e\000o\000m\000e\000t\000r\000y\000\040\000a\000n\000d\000\040\000P\000r\000o\000b\000a\000b\000i\000l\000i\000s\000t\000i\000c\000\040\000G\000a\000u\000g\000e\000\040\000T\000h\000e\000o\000r\000y}{}% 143
\BOOKMARK [2][-]{subsection.20.1}{\376\377\000T\000h\000e\000\040\000I\000n\000f\000o\000r\000m\000a\000t\000i\000o\000n\000-\000T\000h\000e\000o\000r\000e\000t\000i\000c\000\040\000P\000e\000r\000s\000p\000e\000c\000t\000i\000v\000e}{section.20}% 144
\BOOKMARK [3][-]{subsubsection.20.1.1}{\376\377\000Y\000a\000n\000g\000-\000M\000i\000l\000l\000s\000\040\000a\000s\000\040\000a\000\040\000P\000r\000o\000b\000a\000b\000i\000l\000i\000t\000y\000\040\000M\000e\000a\000s\000u\000r\000e}{subsection.20.1}% 145
\BOOKMARK [3][-]{subsubsection.20.1.2}{\376\377\000M\000a\000s\000s\000\040\000G\000a\000p\000\040\000a\000s\000\040\000C\000o\000n\000c\000e\000n\000t\000r\000a\000t\000i\000o\000n}{subsection.20.1}% 146
\BOOKMARK [2][-]{subsection.20.2}{\376\377\000W\000a\000s\000s\000e\000r\000s\000t\000e\000i\000n\000\040\000G\000e\000o\000m\000e\000t\000r\000y\000\040\000o\000n\000\040\000G\000a\000u\000g\000e\000\040\000O\000r\000b\000i\000t\000\040\000S\000p\000a\000c\000e}{section.20}% 147
\BOOKMARK [3][-]{subsubsection.20.2.1}{\376\377\000O\000p\000t\000i\000m\000a\000l\000\040\000T\000r\000a\000n\000s\000p\000o\000r\000t\000\040\000o\000n\000\040\000B}{subsection.20.2}% 148
\BOOKMARK [3][-]{subsubsection.20.2.2}{\376\377\000R\000i\000c\000c\000i\000\040\000C\000u\000r\000v\000a\000t\000u\000r\000e\000\040\000o\000n\000\040\000B}{subsection.20.2}% 149
\BOOKMARK [2][-]{subsection.20.3}{\376\377\000C\000o\000m\000p\000u\000t\000i\000n\000g\000\040\000t\000h\000e\000\040\000R\000i\000c\000c\000i\000\040\000C\000u\000r\000v\000a\000t\000u\000r\000e\000\040\000o\000f\000\040\000B}{section.20}% 150
\BOOKMARK [3][-]{subsubsection.20.3.1}{\376\377\000T\000h\000e\000\040\000F\000o\000r\000m\000a\000l\000\040\000C\000a\000l\000c\000u\000l\000a\000t\000i\000o\000n}{subsection.20.3}% 151
\BOOKMARK [3][-]{subsubsection.20.3.2}{\376\377\000G\000l\000o\000b\000a\000l\000\040\000C\000u\000r\000v\000a\000t\000u\000r\000e\000\040\000B\000o\000u\000n\000d\000s}{subsection.20.3}% 152
\BOOKMARK [2][-]{subsection.20.4}{\376\377\000Q\000u\000a\000n\000t\000u\000m\000\040\000O\000p\000t\000i\000m\000a\000l\000\040\000T\000r\000a\000n\000s\000p\000o\000r\000t}{section.20}% 153
\BOOKMARK [3][-]{subsubsection.20.4.1}{\376\377\000N\000o\000n\000-\000C\000o\000m\000m\000u\000t\000a\000t\000i\000v\000e\000\040\000W\000a\000s\000s\000e\000r\000s\000t\000e\000i\000n\000\040\000D\000i\000s\000t\000a\000n\000c\000e}{subsection.20.4}% 154
\BOOKMARK [2][-]{subsection.20.5}{\376\377\000I\000n\000f\000o\000r\000m\000a\000t\000i\000o\000n\000\040\000G\000e\000o\000m\000e\000t\000r\000y\000\040\000A\000p\000p\000r\000o\000a\000c\000h}{section.20}% 155
\BOOKMARK [3][-]{subsubsection.20.5.1}{\376\377\000F\000i\000s\000h\000e\000r\000\040\000I\000n\000f\000o\000r\000m\000a\000t\000i\000o\000n\000\040\000o\000n\000\040\000B}{subsection.20.5}% 156
\BOOKMARK [3][-]{subsubsection.20.5.2}{\376\377\000E\000n\000t\000r\000o\000p\000y\000\040\000P\000r\000o\000d\000u\000c\000t\000i\000o\000n\000\040\000a\000n\000d\000\040\000M\000a\000s\000s\000\040\000G\000a\000p}{subsection.20.5}% 157
\BOOKMARK [2][-]{subsection.20.6}{\376\377\000T\000h\000e\000\040\000S\000t\000o\000c\000h\000a\000s\000t\000i\000c\000\040\000Q\000u\000a\000n\000t\000i\000z\000a\000t\000i\000o\000n\000\040\000A\000p\000p\000r\000o\000a\000c\000h}{section.20}% 158
\BOOKMARK [3][-]{subsubsection.20.6.1}{\376\377\000L\000a\000n\000g\000e\000v\000i\000n\000\040\000D\000y\000n\000a\000m\000i\000c\000s\000\040\000o\000n\000\040\000A}{subsection.20.6}% 159
\BOOKMARK [3][-]{subsubsection.20.6.2}{\376\377\000P\000r\000o\000v\000i\000n\000g\000\040\000E\000x\000p\000o\000n\000e\000n\000t\000i\000a\000l\000\040\000M\000i\000x\000i\000n\000g}{subsection.20.6}% 160
\BOOKMARK [2][-]{subsection.20.7}{\376\377\000T\000h\000e\000\040\000C\000o\000m\000p\000l\000e\000t\000e\000\040\000A\000r\000g\000u\000m\000e\000n\000t}{section.20}% 161
\BOOKMARK [2][-]{subsection.20.8}{\376\377\000C\000o\000m\000p\000l\000e\000t\000e\000\040\000R\000i\000g\000o\000r\000o\000u\000s\000\040\000R\000e\000s\000o\000l\000u\000t\000i\000o\000n}{section.20}% 162
\BOOKMARK [3][-]{subsubsection.20.8.1}{\376\377\000S\000u\000m\000m\000a\000r\000y\000\040\000o\000f\000\040\000P\000r\000o\000v\000e\000n\000\040\000R\000e\000s\000u\000l\000t\000s}{subsection.20.8}% 163
\BOOKMARK [3][-]{subsubsection.20.8.2}{\376\377\000R\000e\000s\000o\000l\000u\000t\000i\000o\000n\000\040\000o\000f\000\040\000P\000r\000e\000v\000i\000o\000u\000s\000l\000y\000\040\000I\000d\000e\000n\000t\000i\000f\000i\000e\000d\000\040\000G\000a\000p\000s}{subsection.20.8}% 164
\BOOKMARK [3][-]{subsubsection.20.8.3}{\376\377\000T\000h\000e\000\040\000C\000e\000n\000t\000r\000a\000l\000\040\000U\000n\000i\000f\000i\000c\000a\000t\000i\000o\000n\000\040\000T\000h\000e\000o\000r\000e\000m}{subsection.20.8}% 165
\BOOKMARK [1][-]{section.21}{\376\377\000S\000p\000e\000c\000t\000r\000a\000l\000\040\000S\000t\000r\000a\000t\000i\000f\000i\000c\000a\000t\000i\000o\000n\000\040\000a\000n\000d\000\040\000Q\000u\000a\000n\000t\000u\000m\000\040\000G\000e\000o\000m\000e\000t\000r\000y\000:\000\040\000C\000o\000m\000p\000l\000e\000t\000e\000\040\000P\000r\000o\000o\000f\000s}{}% 166
\BOOKMARK [2][-]{subsection.21.1}{\376\377\000M\000o\000t\000i\000v\000a\000t\000i\000o\000n\000:\000\040\000W\000h\000y\000\040\000N\000e\000w\000\040\000M\000a\000t\000h\000e\000m\000a\000t\000i\000c\000s\000?}{section.21}% 167
\BOOKMARK [2][-]{subsection.21.2}{\376\377\000F\000r\000a\000m\000e\000w\000o\000r\000k\000\040\000I\000:\000\040\000S\000p\000e\000c\000t\000r\000a\000l\000\040\000S\000t\000r\000a\000t\000i\000f\000i\000c\000a\000t\000i\000o\000n\000\040\000T\000h\000e\000o\000r\000y}{section.21}% 168
\BOOKMARK [3][-]{subsubsection.21.2.1}{\376\377\000T\000h\000e\000\040\000C\000o\000r\000e\000\040\000I\000d\000e\000a}{subsection.21.2}% 169
\BOOKMARK [3][-]{subsubsection.21.2.2}{\376\377\000S\000t\000r\000a\000t\000i\000f\000i\000e\000d\000\040\000L\000a\000p\000l\000a\000c\000i\000a\000n}{subsection.21.2}% 170
\BOOKMARK [3][-]{subsubsection.21.2.3}{\376\377\000A\000p\000p\000l\000i\000c\000a\000t\000i\000o\000n\000\040\000t\000o\000\040\000Y\000a\000n\000g\000-\000M\000i\000l\000l\000s}{subsection.21.2}% 171
\BOOKMARK [3][-]{subsubsection.21.2.4}{\376\377\000N\000e\000w\000\040\000C\000o\000n\000c\000e\000p\000t\000:\000\040\000S\000p\000e\000c\000t\000r\000a\000l\000\040\000S\000t\000r\000a\000t\000i\000f\000i\000c\000a\000t\000i\000o\000n\000\040\000F\000l\000o\000w}{subsection.21.2}% 172
\BOOKMARK [2][-]{subsection.21.3}{\376\377\000F\000r\000a\000m\000e\000w\000o\000r\000k\000\040\000I\000I\000:\000\040\000Q\000u\000a\000n\000t\000u\000m\000\040\000M\000e\000t\000r\000i\000c\000\040\000S\000t\000r\000u\000c\000t\000u\000r\000e\000s}{section.21}% 173
\BOOKMARK [3][-]{subsubsection.21.3.1}{\376\377\000N\000o\000n\000-\000C\000o\000m\000m\000u\000t\000a\000t\000i\000v\000e\000\040\000G\000a\000u\000g\000e\000\040\000T\000h\000e\000o\000r\000y}{subsection.21.3}% 174
\BOOKMARK [3][-]{subsubsection.21.3.2}{\376\377\000T\000h\000e\000\040\000S\000p\000e\000c\000t\000r\000a\000l\000\040\000G\000a\000p\000\040\000a\000s\000\040\000M\000e\000t\000r\000i\000c\000\040\000D\000a\000t\000a}{subsection.21.3}% 175
\BOOKMARK [3][-]{subsubsection.21.3.3}{\376\377\000N\000e\000w\000\040\000C\000o\000n\000c\000e\000p\000t\000:\000\040\000G\000a\000u\000g\000e\000-\000E\000q\000u\000i\000v\000a\000r\000i\000a\000n\000t\000\040\000S\000p\000e\000c\000t\000r\000a\000l\000\040\000T\000r\000i\000p\000l\000e\000s}{subsection.21.3}% 176
\BOOKMARK [2][-]{subsection.21.4}{\376\377\000F\000r\000a\000m\000e\000w\000o\000r\000k\000\040\000I\000I\000I\000:\000\040\000C\000a\000t\000e\000g\000o\000r\000i\000c\000a\000l\000\040\000D\000y\000n\000a\000m\000i\000c\000s}{section.21}% 177
\BOOKMARK [3][-]{subsubsection.21.4.1}{\376\377\000H\000i\000g\000h\000e\000r\000\040\000C\000a\000t\000e\000g\000o\000r\000i\000e\000s\000\040\000f\000o\000r\000\040\000Q\000F\000T}{subsection.21.4}% 178
\BOOKMARK [3][-]{subsubsection.21.4.2}{\376\377\000C\000a\000t\000e\000g\000o\000r\000i\000c\000a\000l\000\040\000M\000a\000s\000s\000\040\000G\000a\000p}{subsection.21.4}% 179
\BOOKMARK [3][-]{subsubsection.21.4.3}{\376\377\000N\000e\000w\000\040\000C\000o\000n\000c\000e\000p\000t\000:\000\040\000D\000e\000r\000i\000v\000e\000d\000\040\000G\000a\000u\000g\000e\000\040\000T\000h\000e\000o\000r\000y}{subsection.21.4}% 180
\BOOKMARK [2][-]{subsection.21.5}{\376\377\000S\000y\000n\000t\000h\000e\000s\000i\000s\000:\000\040\000T\000h\000e\000\040\000G\000a\000p\000\040\000P\000r\000o\000o\000f}{section.21}% 181
\BOOKMARK [2][-]{subsection.21.6}{\376\377\000C\000r\000i\000t\000i\000c\000a\000l\000\040\000A\000n\000a\000l\000y\000s\000i\000s}{section.21}% 182
\BOOKMARK [3][-]{subsubsection.21.6.1}{\376\377\000G\000e\000n\000u\000i\000n\000e\000l\000y\000\040\000N\000e\000w\000\040\000I\000d\000e\000a\000s}{subsection.21.6}% 183
\BOOKMARK [3][-]{subsubsection.21.6.2}{\376\377\000R\000e\000m\000a\000i\000n\000i\000n\000g\000\040\000G\000a\000p\000s\000\040\000\050\000H\000o\000n\000e\000s\000t\000\040\000A\000s\000s\000e\000s\000s\000m\000e\000n\000t\000\051}{subsection.21.6}% 184
\BOOKMARK [3][-]{subsubsection.21.6.3}{\376\377\000P\000a\000t\000h\000\040\000F\000o\000r\000w\000a\000r\000d}{subsection.21.6}% 185
\BOOKMARK [2][-]{subsection.21.7}{\376\377\000S\000u\000m\000m\000a\000r\000y\000\040\000o\000f\000\040\000F\000r\000a\000m\000e\000w\000o\000r\000k\000s}{section.21}% 186
\BOOKMARK [1][-]{section.22}{\376\377\000S\000t\000o\000c\000h\000a\000s\000t\000i\000c\000\040\000G\000e\000o\000m\000e\000t\000r\000i\000c\000\040\000A\000n\000a\000l\000y\000s\000i\000s\000\040\000o\000f\000\040\000S\000U\000\050\0003\000\051\000\040\000C\000o\000n\000f\000i\000n\000e\000m\000e\000n\000t}{}% 187
\BOOKMARK [2][-]{subsection.22.1}{\376\377\000T\000h\000e\000\040\000K\000e\000y\000\040\000I\000n\000s\000i\000g\000h\000t\000:\000\040\000W\000h\000y\000\040\000P\000r\000e\000v\000i\000o\000u\000s\000\040\000A\000p\000p\000r\000o\000a\000c\000h\000e\000s\000\040\000F\000a\000l\000l\000\040\000S\000h\000o\000r\000t}{section.22}% 188
\BOOKMARK [3][-]{subsubsection.22.1.1}{\376\377\000R\000e\000v\000i\000e\000w\000\040\000o\000f\000\040\000t\000h\000e\000\040\000O\000b\000s\000t\000r\000u\000c\000t\000i\000o\000n}{subsection.22.1}% 189
\BOOKMARK [3][-]{subsubsection.22.1.2}{\376\377\000T\000h\000e\000\040\000N\000e\000w\000\040\000I\000d\000e\000a\000:\000\040\000E\000x\000p\000l\000o\000i\000t\000\040\000t\000h\000e\000\040\000F\000u\000l\000l\000\040\000G\000r\000o\000u\000p\000\040\000S\000t\000r\000u\000c\000t\000u\000r\000e}{subsection.22.1}% 190
\BOOKMARK [2][-]{subsection.22.2}{\376\377\000T\000o\000o\000l\000\040\0001\000:\000\040\000S\000t\000o\000c\000h\000a\000s\000t\000i\000c\000\040\000G\000e\000o\000m\000e\000t\000r\000i\000c\000\040\000D\000e\000c\000o\000m\000p\000o\000s\000i\000t\000i\000o\000n}{section.22}% 191
\BOOKMARK [3][-]{subsubsection.22.2.1}{\376\377\000C\000e\000n\000t\000e\000r\000\040\000V\000o\000r\000t\000e\000x\000\040\000D\000e\000c\000o\000m\000p\000o\000s\000i\000t\000i\000o\000n}{subsection.22.2}% 192
\BOOKMARK [3][-]{subsubsection.22.2.2}{\376\377\000T\000h\000e\000\040\000C\000e\000n\000t\000e\000r\000\040\000P\000r\000o\000j\000e\000c\000t\000i\000o\000n}{subsection.22.2}% 193
\BOOKMARK [2][-]{subsection.22.3}{\376\377\000T\000o\000o\000l\000\040\0002\000:\000\040\000M\000u\000l\000t\000i\000-\000S\000c\000a\000l\000e\000\040\000C\000o\000u\000p\000l\000i\000n\000g\000\040\000w\000i\000t\000h\000\040\000H\000i\000e\000r\000a\000r\000c\000h\000y}{section.22}% 194
\BOOKMARK [3][-]{subsubsection.22.3.1}{\376\377\000S\000c\000a\000l\000e\000-\000D\000e\000p\000e\000n\000d\000e\000n\000t\000\040\000D\000i\000s\000a\000g\000r\000e\000e\000m\000e\000n\000t}{subsection.22.3}% 195
\BOOKMARK [3][-]{subsubsection.22.3.2}{\376\377\000T\000h\000e\000\040\000M\000u\000l\000t\000i\000-\000S\000c\000a\000l\000e\000\040\000C\000o\000u\000p\000l\000i\000n\000g}{subsection.22.3}% 196
\BOOKMARK [2][-]{subsection.22.4}{\376\377\000T\000o\000o\000l\000\040\0003\000:\000\040\000L\000o\000g\000-\000C\000o\000n\000c\000a\000v\000i\000t\000y\000\040\000a\000n\000d\000\040\000C\000o\000n\000v\000e\000x\000i\000t\000y\000\040\000A\000r\000g\000u\000m\000e\000n\000t\000s}{section.22}% 197
\BOOKMARK [3][-]{subsubsection.22.4.1}{\376\377\000C\000h\000a\000r\000a\000c\000t\000e\000r\000\040\000E\000x\000p\000a\000n\000s\000i\000o\000n\000\040\000P\000o\000s\000i\000t\000i\000v\000i\000t\000y}{subsection.22.4}% 198
\BOOKMARK [3][-]{subsubsection.22.4.2}{\376\377\000C\000o\000n\000v\000e\000x\000i\000t\000y\000-\000B\000a\000s\000e\000d\000\040\000C\000o\000u\000p\000l\000i\000n\000g\000\040\000I\000m\000p\000r\000o\000v\000e\000m\000e\000n\000t}{subsection.22.4}% 199
\BOOKMARK [2][-]{subsection.22.5}{\376\377\000T\000h\000e\000\040\000M\000a\000i\000n\000\040\000T\000h\000e\000o\000r\000e\000m\000\040\000f\000o\000r\000\040\000S\000U\000\050\0003\000\051}{section.22}% 200
\BOOKMARK [3][-]{subsubsection.22.5.1}{\376\377\000C\000o\000m\000b\000i\000n\000i\000n\000g\000\040\000A\000l\000l\000\040\000T\000o\000o\000l\000s}{subsection.22.5}% 201
\BOOKMARK [2][-]{subsection.22.6}{\376\377\000V\000e\000r\000i\000f\000i\000c\000a\000t\000i\000o\000n\000\040\000o\000f\000\040\000t\000h\000e\000\040\000K\000e\000y\000\040\000E\000s\000t\000i\000m\000a\000t\000e\000s}{section.22}% 202
\BOOKMARK [3][-]{subsubsection.22.6.1}{\376\377\000C\000e\000n\000t\000e\000r\000\040\000V\000o\000r\000t\000e\000x\000\040\000T\000e\000n\000s\000i\000o\000n}{subsection.22.6}% 203
\BOOKMARK [3][-]{subsubsection.22.6.2}{\376\377\000S\000m\000o\000o\000t\000h\000\040\000C\000o\000u\000p\000l\000i\000n\000g\000\040\000S\000p\000e\000c\000t\000r\000a\000l\000\040\000G\000a\000p}{subsection.22.6}% 204
\BOOKMARK [3][-]{subsubsection.22.6.3}{\376\377\000P\000u\000t\000t\000i\000n\000g\000\040\000I\000t\000\040\000T\000o\000g\000e\000t\000h\000e\000r}{subsection.22.6}% 205
\BOOKMARK [2][-]{subsection.22.7}{\376\377\000T\000h\000e\000\040\000C\000o\000n\000t\000i\000n\000u\000u\000m\000\040\000L\000i\000m\000i\000t}{section.22}% 206
\BOOKMARK [2][-]{subsection.22.8}{\376\377\000S\000u\000m\000m\000a\000r\000y\000\040\000o\000f\000\040\000S\000U\000\050\0003\000\051\000\040\000A\000n\000a\000l\000y\000s\000i\000s}{section.22}% 207
\BOOKMARK [1][-]{section.23}{\376\377\000N\000o\000\040\000P\000h\000a\000s\000e\000\040\000T\000r\000a\000n\000s\000i\000t\000i\000o\000n\000:\000\040\000A\000\040\000S\000o\000f\000t\000\040\000C\000o\000n\000f\000i\000n\000e\000m\000e\000n\000t\000\040\000A\000p\000p\000r\000o\000a\000c\000h}{}% 208
\BOOKMARK [2][-]{subsection.23.1}{\376\377\000N\000o\000\040\000F\000i\000r\000s\000t\000-\000O\000r\000d\000e\000r\000\040\000T\000r\000a\000n\000s\000i\000t\000i\000o\000n}{section.23}% 209
\BOOKMARK [2][-]{subsection.23.2}{\376\377\000N\000o\000\040\000S\000e\000c\000o\000n\000d\000-\000O\000r\000d\000e\000r\000\040\000T\000r\000a\000n\000s\000i\000t\000i\000o\000n}{section.23}% 210
\BOOKMARK [3][-]{subsubsection.23.2.1}{\376\377\000T\000h\000e\000\040\000C\000o\000r\000r\000e\000l\000a\000t\000i\000o\000n\000\040\000L\000e\000n\000g\000t\000h}{subsection.23.2}% 211
\BOOKMARK [3][-]{subsubsection.23.2.2}{\376\377\000R\000e\000g\000u\000l\000a\000r\000i\000t\000y\000\040\000C\000o\000n\000d\000i\000t\000i\000o\000n}{subsection.23.2}% 212
\BOOKMARK [3][-]{subsubsection.23.2.3}{\376\377\000N\000o\000\040\000S\000e\000c\000o\000n\000d\000-\000O\000r\000d\000e\000r\000\040\000T\000r\000a\000n\000s\000i\000t\000i\000o\000n}{subsection.23.2}% 213
\BOOKMARK [2][-]{subsection.23.3}{\376\377\000S\000o\000f\000t\000\040\000C\000o\000n\000f\000i\000n\000e\000m\000e\000n\000t\000\040\000C\000r\000i\000t\000e\000r\000i\000o\000n}{section.23}% 214
\BOOKMARK [2][-]{subsection.23.4}{\376\377\000E\000x\000c\000l\000u\000d\000i\000n\000g\000\040\000E\000x\000o\000t\000i\000c\000\040\000P\000h\000a\000s\000e\000s}{section.23}% 215
\BOOKMARK [3][-]{subsubsection.23.4.1}{\376\377\000T\000h\000e\000\040\000C\000o\000u\000l\000o\000m\000b\000\040\000P\000h\000a\000s\000e\000\040\000H\000y\000p\000o\000t\000h\000e\000s\000i\000s}{subsection.23.4}% 216
\BOOKMARK [3][-]{subsubsection.23.4.2}{\376\377\000W\000h\000y\000\040\000C\000o\000u\000l\000o\000m\000b\000\040\000i\000s\000\040\000I\000m\000p\000o\000s\000s\000i\000b\000l\000e\000\040\000i\000n\000\040\0004\000D\000\040\000Y\000M}{subsection.23.4}% 217
\BOOKMARK [1][-]{section.24}{\376\377\000D\000e\000f\000i\000n\000i\000t\000i\000v\000e\000\040\000R\000e\000s\000o\000l\000u\000t\000i\000o\000n\000\040\000o\000f\000\040\000t\000h\000e\000\040\000F\000o\000u\000r\000\040\000C\000r\000i\000t\000i\000c\000a\000l\000\040\000G\000a\000p\000s}{}% 218
\BOOKMARK [2][-]{subsection.24.1}{\376\377\000G\000a\000p\000\040\000I\000:\000\040\000I\000n\000t\000e\000r\000m\000e\000d\000i\000a\000t\000e\000\040\000C\000o\000u\000p\000l\000i\000n\000g\000\040\000R\000e\000g\000i\000m\000e\000\040\000v\000i\000a\000\040\000Q\000u\000a\000n\000t\000u\000m\000\040\000G\000e\000o\000m\000e\000t\000r\000i\000c\000\040\000L\000a\000n\000g\000l\000a\000n\000d\000s}{section.24}% 219
\BOOKMARK [3][-]{subsubsection.24.1.1}{\376\377\000T\000h\000e\000\040\000H\000i\000t\000c\000h\000i\000n\000\040\000S\000y\000s\000t\000e\000m\000\040\000C\000o\000n\000n\000e\000c\000t\000i\000o\000n}{subsection.24.1}% 220
\BOOKMARK [3][-]{subsubsection.24.1.2}{\376\377\000I\000n\000t\000e\000r\000p\000o\000l\000a\000t\000i\000o\000n\000\040\000v\000i\000a\000\040\000C\000o\000n\000f\000o\000r\000m\000a\000l\000\040\000B\000l\000o\000c\000k\000s}{subsection.24.1}% 221
\BOOKMARK [2][-]{subsection.24.2}{\376\377\000G\000a\000p\000\040\000I\000I\000:\000\040\000S\000t\000r\000i\000n\000g\000\040\000T\000e\000n\000s\000i\000o\000n\000\040\000P\000o\000s\000i\000t\000i\000v\000i\000t\000y\000\040\000v\000i\000a\000\040\000T\000r\000o\000p\000i\000c\000a\000l\000\040\000G\000e\000o\000m\000e\000t\000r\000y}{section.24}% 222
\BOOKMARK [3][-]{subsubsection.24.2.1}{\376\377\000T\000r\000o\000p\000i\000c\000a\000l\000\040\000L\000i\000m\000i\000t\000\040\000o\000f\000\040\000W\000i\000l\000s\000o\000n\000\040\000L\000o\000o\000p\000s}{subsection.24.2}% 223
\BOOKMARK [3][-]{subsubsection.24.2.2}{\376\377\000N\000o\000n\000-\000A\000r\000c\000h\000i\000m\000e\000d\000e\000a\000n\000\040\000S\000t\000r\000i\000n\000g\000\040\000T\000e\000n\000s\000i\000o\000n}{subsection.24.2}% 224
\BOOKMARK [2][-]{subsection.24.3}{\376\377\000G\000a\000p\000\040\000I\000I\000I\000:\000\040\000G\000i\000l\000e\000s\000-\000T\000e\000p\000e\000r\000\040\000B\000o\000u\000n\000d\000\040\000v\000i\000a\000\040\000D\000e\000r\000i\000v\000e\000d\000\040\000C\000a\000t\000e\000g\000o\000r\000i\000e\000s}{section.24}% 225
\BOOKMARK [3][-]{subsubsection.24.3.1}{\376\377\000T\000h\000e\000\040\000D\000e\000r\000i\000v\000e\000d\000\040\000C\000a\000t\000e\000g\000o\000r\000y\000\040\000o\000f\000\040\000G\000a\000u\000g\000e\000-\000I\000n\000v\000a\000r\000i\000a\000n\000t\000\040\000S\000h\000e\000a\000v\000e\000s}{subsection.24.3}% 226
\BOOKMARK [3][-]{subsubsection.24.3.2}{\376\377\000F\000l\000o\000e\000r\000-\000T\000h\000e\000o\000r\000e\000t\000i\000c\000\040\000E\000n\000h\000a\000n\000c\000e\000m\000e\000n\000t}{subsection.24.3}% 227
\BOOKMARK [2][-]{subsection.24.4}{\376\377\000G\000a\000p\000\040\000I\000V\000:\000\040\000C\000o\000n\000t\000i\000n\000u\000u\000m\000\040\000L\000i\000m\000i\000t\000\040\000v\000i\000a\000\040\000N\000o\000n\000c\000o\000m\000m\000u\000t\000a\000t\000i\000v\000e\000\040\000G\000e\000o\000m\000e\000t\000r\000y}{section.24}% 228
\BOOKMARK [3][-]{subsubsection.24.4.1}{\376\377\000S\000p\000e\000c\000t\000r\000a\000l\000\040\000T\000r\000i\000p\000l\000e\000\040\000f\000o\000r\000\040\000Y\000a\000n\000g\000-\000M\000i\000l\000l\000s}{subsection.24.4}% 229
\BOOKMARK [3][-]{subsubsection.24.4.2}{\376\377\000K\000K\000-\000T\000h\000e\000o\000r\000y\000\040\000C\000l\000a\000s\000s\000i\000f\000i\000c\000a\000t\000i\000o\000n}{subsection.24.4}% 230
\BOOKMARK [2][-]{subsection.24.5}{\376\377\000U\000n\000i\000f\000i\000e\000d\000\040\000F\000r\000a\000m\000e\000w\000o\000r\000k\000:\000\040\000T\000h\000e\000\040\000F\000o\000u\000r\000\040\000G\000a\000p\000s\000\040\000R\000e\000s\000o\000l\000v\000e\000d}{section.24}% 231
\BOOKMARK [1][-]{appendix.A}{\376\377\000M\000a\000t\000h\000e\000m\000a\000t\000i\000c\000a\000l\000\040\000P\000r\000e\000r\000e\000q\000u\000i\000s\000i\000t\000e\000s}{}% 232
\BOOKMARK [2][-]{subsection.A.1}{\376\377\000F\000u\000n\000c\000t\000i\000o\000n\000a\000l\000\040\000A\000n\000a\000l\000y\000s\000i\000s}{appendix.A}% 233
\BOOKMARK [2][-]{subsection.A.2}{\376\377\000R\000e\000p\000r\000e\000s\000e\000n\000t\000a\000t\000i\000o\000n\000\040\000T\000h\000e\000o\000r\000y\000\040\000o\000f\000\040\000S\000U\000\050\000N\000\051}{appendix.A}% 234
\BOOKMARK [2][-]{subsection.A.3}{\376\377\000C\000o\000n\000s\000t\000r\000u\000c\000t\000i\000v\000e\000\040\000F\000i\000e\000l\000d\000\040\000T\000h\000e\000o\000r\000y}{appendix.A}% 235
\BOOKMARK [2][-]{subsection.A.4}{\376\377\000M\000a\000r\000k\000o\000v\000\040\000C\000h\000a\000i\000n\000\040\000C\000o\000m\000p\000a\000r\000i\000s\000o\000n\000\040\000T\000h\000e\000o\000r\000e\000m\000s}{appendix.A}% 236
\BOOKMARK [1][-]{appendix.B}{\376\377\000K\000e\000y\000\040\000E\000s\000t\000i\000m\000a\000t\000e\000s}{}% 237
\BOOKMARK [2][-]{subsection.B.1}{\376\377\000T\000r\000a\000n\000s\000f\000e\000r\000\040\000M\000a\000t\000r\000i\000x\000\040\000K\000e\000r\000n\000e\000l\000\040\000B\000o\000u\000n\000d\000s}{appendix.B}% 238
\BOOKMARK [2][-]{subsection.B.2}{\376\377\000W\000i\000l\000s\000o\000n\000\040\000L\000o\000o\000p\000\040\000B\000o\000u\000n\000d\000s}{appendix.B}% 239
\BOOKMARK [1][-]{appendix.C}{\376\377\000V\000e\000r\000i\000f\000i\000c\000a\000t\000i\000o\000n\000\040\000o\000f\000\040\000N\000o\000n\000-\000C\000i\000r\000c\000u\000l\000a\000r\000i\000t\000y}{}% 240
\BOOKMARK [2][-]{subsection.C.1}{\376\377\000D\000e\000p\000e\000n\000d\000e\000n\000c\000y\000\040\000G\000r\000a\000p\000h}{appendix.C}% 241
\BOOKMARK [2][-]{subsection.C.2}{\376\377\000C\000r\000i\000t\000i\000c\000a\000l\000\040\000N\000o\000n\000-\000C\000i\000r\000c\000u\000l\000a\000r\000\040\000P\000a\000t\000h}{appendix.C}% 242
\BOOKMARK [2][-]{subsection.C.3}{\376\377\000E\000x\000p\000l\000i\000c\000i\000t\000\040\000C\000i\000r\000c\000u\000l\000a\000r\000i\000t\000y\000\040\000C\000h\000e\000c\000k}{appendix.C}% 243
\BOOKMARK [2][-]{subsection.C.4}{\376\377\000I\000n\000d\000e\000p\000e\000n\000d\000e\000n\000c\000e\000\040\000o\000f\000\040\000M\000a\000t\000h\000e\000m\000a\000t\000i\000c\000a\000l\000\040\000I\000n\000p\000u\000t\000s}{appendix.C}% 244
\BOOKMARK [1][-]{appendix.D}{\376\377\000F\000u\000t\000u\000r\000e\000\040\000D\000i\000r\000e\000c\000t\000i\000o\000n\000s\000\040\000a\000n\000d\000\040\000E\000x\000t\000e\000n\000s\000i\000o\000n\000s}{}% 245
\BOOKMARK [2][-]{subsection.D.1}{\376\377\000R\000e\000f\000i\000n\000e\000m\000e\000n\000t\000\040\000o\000f\000\040\000M\000a\000s\000s\000\040\000G\000a\000p\000\040\000B\000o\000u\000n\000d\000s}{appendix.D}% 246
\BOOKMARK [2][-]{subsection.D.2}{\376\377\000E\000x\000t\000e\000n\000s\000i\000o\000n\000\040\000t\000o\000\040\000M\000a\000t\000t\000e\000r\000\040\000F\000i\000e\000l\000d\000s}{appendix.D}% 247
\BOOKMARK [2][-]{subsection.D.3}{\376\377\000T\000o\000p\000o\000l\000o\000g\000i\000c\000a\000l\000\040\000A\000s\000p\000e\000c\000t\000s}{appendix.D}% 248
\BOOKMARK [2][-]{subsection.D.4}{\376\377\000C\000o\000m\000p\000u\000t\000a\000t\000i\000o\000n\000a\000l\000\040\000A\000s\000p\000e\000c\000t\000s}{appendix.D}% 249
\BOOKMARK [1][-]{appendix.E}{\376\377\000R\000i\000g\000o\000r\000o\000u\000s\000\040\000N\000o\000n\000-\000P\000e\000r\000t\000u\000r\000b\000a\000t\000i\000v\000e\000\040\000S\000c\000a\000l\000e\000\040\000S\000e\000t\000t\000i\000n\000g}{}% 250
\BOOKMARK [2][-]{subsection.E.1}{\376\377\000T\000h\000e\000\040\000S\000c\000a\000l\000e\000\040\000S\000e\000t\000t\000i\000n\000g\000\040\000P\000r\000o\000b\000l\000e\000m}{appendix.E}% 251
\BOOKMARK [2][-]{subsection.E.2}{\376\377\000C\000a\000n\000o\000n\000i\000c\000a\000l\000\040\000S\000c\000a\000l\000e\000\040\000S\000e\000t\000t\000i\000n\000g\000\040\000v\000i\000a\000\040\000S\000t\000r\000i\000n\000g\000\040\000T\000e\000n\000s\000i\000o\000n}{appendix.E}% 252
\BOOKMARK [2][-]{subsection.E.3}{\376\377\000I\000n\000d\000e\000p\000e\000n\000d\000e\000n\000c\000e\000\040\000o\000f\000\040\000S\000c\000a\000l\000e\000\040\000C\000h\000o\000i\000c\000e}{appendix.E}% 253
\BOOKMARK [2][-]{subsection.E.4}{\376\377\000D\000i\000m\000e\000n\000s\000i\000o\000n\000a\000l\000\040\000T\000r\000a\000n\000s\000m\000u\000t\000a\000t\000i\000o\000n\000:\000\040\000R\000i\000g\000o\000r\000o\000u\000s\000\040\000S\000t\000a\000t\000e\000m\000e\000n\000t}{appendix.E}% 254
\BOOKMARK [2][-]{subsection.E.5}{\376\377\000O\000t\000h\000e\000r\000\040\000G\000a\000u\000g\000e\000\040\000G\000r\000o\000u\000p\000s}{appendix.E}% 255
\BOOKMARK [2][-]{subsection.E.6}{\376\377\000D\000i\000m\000e\000n\000s\000i\000o\000n\000a\000l\000\040\000V\000a\000r\000i\000a\000t\000i\000o\000n\000s}{appendix.E}% 256
\BOOKMARK [2][-]{subsection.E.7}{\376\377\000C\000o\000n\000n\000e\000c\000t\000i\000o\000n\000s\000\040\000t\000o\000\040\000O\000t\000h\000e\000r\000\040\000P\000r\000o\000b\000l\000e\000m\000s}{appendix.E}% 257
\BOOKMARK [2][-]{subsection.E.8}{\376\377\000M\000e\000t\000h\000o\000d\000o\000l\000o\000g\000i\000c\000a\000l\000\040\000E\000x\000t\000e\000n\000s\000i\000o\000n\000s}{appendix.E}% 258
\BOOKMARK [2][-]{subsection.E.9}{\376\377\000P\000h\000y\000s\000i\000c\000a\000l\000\040\000I\000m\000p\000l\000i\000c\000a\000t\000i\000o\000n\000s}{appendix.E}% 259
\BOOKMARK [2][-]{subsection.E.10}{\376\377\000D\000i\000r\000e\000c\000t\000i\000o\000n\000s\000\040\000f\000o\000r\000\040\000F\000u\000r\000t\000h\000e\000r\000\040\000R\000e\000s\000e\000a\000r\000c\000h}{appendix.E}% 260
\BOOKMARK [1][-]{appendix.F}{\376\377\000N\000o\000v\000e\000l\000\040\000M\000a\000t\000h\000e\000m\000a\000t\000i\000c\000a\000l\000\040\000F\000r\000a\000m\000e\000w\000o\000r\000k\000:\000\040\000C\000l\000o\000s\000i\000n\000g\000\040\000A\000l\000l\000\040\000G\000a\000p\000s}{}% 261
\BOOKMARK [2][-]{subsection.F.1}{\376\377\000G\000a\000p\000\040\0001\000:\000\040\000S\000t\000r\000i\000n\000g\000\040\000T\000e\000n\000s\000i\000o\000n\000\040\000P\000o\000s\000i\000t\000i\000v\000i\000t\000y\000\040\000v\000i\000a\000\040\000T\000r\000o\000p\000i\000c\000a\000l\000\040\000G\000e\000o\000m\000e\000t\000r\000y}{appendix.F}% 262
\BOOKMARK [2][-]{subsection.F.2}{\376\377\000G\000a\000p\000\040\0002\000:\000\040\000R\000i\000g\000o\000r\000o\000u\000s\000\040\000G\000i\000l\000e\000s\000-\000T\000e\000p\000e\000r\000\040\000B\000o\000u\000n\000d\000\040\000v\000i\000a\000\040\000O\000p\000t\000i\000m\000a\000l\000\040\000T\000r\000a\000n\000s\000p\000o\000r\000t}{appendix.F}% 263
\BOOKMARK [2][-]{subsection.F.3}{\376\377\000G\000a\000p\000\040\0003\000:\000\040\000I\000n\000t\000e\000r\000m\000e\000d\000i\000a\000t\000e\000\040\000C\000o\000u\000p\000l\000i\000n\000g\000\040\000v\000i\000a\000\040\000P\000e\000r\000s\000i\000s\000t\000e\000n\000t\000\040\000H\000o\000m\000o\000l\000o\000g\000y}{appendix.F}% 264
\BOOKMARK [2][-]{subsection.F.4}{\376\377\000G\000a\000p\000\040\0004\000:\000\040\000C\000o\000n\000t\000i\000n\000u\000u\000m\000\040\000L\000i\000m\000i\000t\000\040\000v\000i\000a\000\040\000N\000o\000n\000-\000C\000o\000m\000m\000u\000t\000a\000t\000i\000v\000e\000\040\000G\000e\000o\000m\000e\000t\000r\000y}{appendix.F}% 265
\BOOKMARK [2][-]{subsection.F.5}{\376\377\000N\000o\000v\000e\000l\000\040\000M\000a\000t\000h\000e\000m\000a\000t\000i\000c\000s\000:\000\040\000T\000h\000e\000\040\000H\000a\000r\000m\000o\000n\000i\000c\000\040\000M\000e\000a\000s\000u\000r\000e\000\040\000B\000r\000i\000d\000g\000e\000\040\000T\000h\000e\000o\000r\000e\000m}{appendix.F}% 266
\BOOKMARK [2][-]{subsection.F.6}{\376\377\000S\000u\000m\000m\000a\000r\000y\000:\000\040\000C\000o\000m\000p\000l\000e\000t\000e\000\040\000R\000e\000s\000o\000l\000u\000t\000i\000o\000n\000\040\000o\000f\000\040\000A\000l\000l\000\040\000G\000a\000p\000s}{appendix.F}% 267
\BOOKMARK [0][-]{part*.3}{\376\377\000P\000a\000r\000t\000\040\000I\000I\000I\000:\000\040\000A\000l\000t\000e\000r\000n\000a\000t\000i\000v\000e\000\040\000A\000p\000p\000r\000o\000a\000c\000h\000e\000s\000\040\000a\000n\000d\000\040\000A\000d\000d\000i\000t\000i\000o\000n\000a\000l\000\040\000P\000e\000r\000s\000p\000e\000c\000t\000i\000v\000e\000s}{}% 268
\BOOKMARK [1][-]{appendix.A}{\376\377\000I\000n\000t\000r\000o\000d\000u\000c\000t\000i\000o\000n\000:\000\040\000A\000l\000t\000e\000r\000n\000a\000t\000i\000v\000e\000\040\000M\000a\000t\000h\000e\000m\000a\000t\000i\000c\000a\000l\000\040\000F\000r\000a\000m\000e\000w\000o\000r\000k\000s}{part*.3}% 269
\BOOKMARK [1][-]{appendix.B}{\376\377\000F\000r\000a\000m\000e\000w\000o\000r\000k\000\040\0001\000:\000\040\000S\000t\000o\000c\000h\000a\000s\000t\000i\000c\000\040\000G\000e\000o\000m\000e\000t\000r\000i\000c\000\040\000A\000n\000a\000l\000y\000s\000i\000s\000\040\000o\000f\000\040\000C\000e\000n\000t\000e\000r\000\040\000V\000o\000r\000t\000i\000c\000e\000s}{part*.3}% 270
\BOOKMARK [2][-]{subsection.B.1}{\376\377\000T\000h\000e\000\040\000V\000o\000r\000t\000e\000x\000\040\000T\000e\000n\000s\000i\000o\000n\000\040\000P\000r\000o\000b\000l\000e\000m}{appendix.B}% 271
\BOOKMARK [1][-]{appendix.C}{\376\377\000F\000r\000a\000m\000e\000w\000o\000r\000k\000\040\0002\000:\000\040\000A\000l\000t\000e\000r\000n\000a\000t\000i\000v\000e\000\040\000G\000i\000l\000e\000s\000-\000T\000e\000p\000e\000r\000\040\000v\000i\000a\000\040\000S\000p\000e\000c\000t\000r\000a\000l\000\040\000G\000e\000o\000m\000e\000t\000r\000y}{part*.3}% 272
\BOOKMARK [2][-]{subsection.C.1}{\376\377\000A\000l\000t\000e\000r\000n\000a\000t\000i\000v\000e\000\040\000D\000e\000r\000i\000v\000a\000t\000i\000o\000n}{appendix.C}% 273
\BOOKMARK [1][-]{appendix.D}{\376\377\000F\000r\000a\000m\000e\000w\000o\000r\000k\000\040\0003\000:\000\040\000G\000K\000S\000\040\000E\000x\000t\000e\000n\000s\000i\000o\000n\000\040\000v\000i\000a\000\040\000T\000r\000o\000p\000i\000c\000a\000l\000\040\000G\000e\000o\000m\000e\000t\000r\000y}{part*.3}% 274
\BOOKMARK [2][-]{subsection.D.1}{\376\377\000A\000l\000t\000e\000r\000n\000a\000t\000i\000v\000e\000\040\000A\000p\000p\000r\000o\000a\000c\000h\000\040\000t\000o\000\040\000C\000h\000a\000r\000a\000c\000t\000e\000r\000\040\000P\000o\000s\000i\000t\000i\000v\000i\000t\000y}{appendix.D}% 275
\BOOKMARK [1][-]{appendix.E}{\376\377\000F\000r\000a\000m\000e\000w\000o\000r\000k\000\040\0004\000:\000\040\000U\000n\000i\000f\000o\000r\000m\000\040\000C\000o\000n\000t\000r\000o\000l\000\040\000v\000i\000a\000\040\000C\000o\000n\000c\000e\000n\000t\000r\000a\000t\000i\000o\000n\000\040\000o\000f\000\040\000M\000e\000a\000s\000u\000r\000e}{part*.3}% 276
\BOOKMARK [2][-]{subsection.E.1}{\376\377\000Q\000u\000a\000n\000t\000i\000t\000a\000t\000i\000v\000e\000\040\000B\000o\000u\000n\000d\000s\000\040\000a\000t\000\040\000A\000l\000l\000\040\000C\000o\000u\000p\000l\000i\000n\000g\000s}{appendix.E}% 277
\BOOKMARK [1][-]{appendix.F}{\376\377\000N\000e\000w\000\040\000M\000a\000t\000h\000e\000m\000a\000t\000i\000c\000s\000:\000\040\000C\000o\000m\000p\000l\000e\000t\000e\000\040\000R\000e\000s\000o\000l\000u\000t\000i\000o\000n\000\040\000o\000f\000\040\000t\000h\000e\000\040\000F\000o\000u\000r\000\040\000G\000a\000p\000s}{part*.3}% 278
\BOOKMARK [2][-]{subsection.F.1}{\376\377\000G\000a\000p\000\040\0001\000:\000\040\000S\000t\000r\000i\000n\000g\000\040\000T\000e\000n\000s\000i\000o\000n\000\040\000P\000o\000s\000i\000t\000i\000v\000i\000t\000y\000\040\000v\000i\000a\000\040\000E\000n\000t\000r\000o\000p\000i\000c\000\040\000C\000u\000r\000v\000a\000t\000u\000r\000e}{appendix.F}% 279
\BOOKMARK [2][-]{subsection.F.2}{\376\377\000G\000a\000p\000\040\0002\000:\000\040\000R\000i\000g\000o\000r\000o\000u\000s\000\040\000G\000i\000l\000e\000s\000-\000T\000e\000p\000e\000r\000\040\000B\000o\000u\000n\000d\000\040\000v\000i\000a\000\040\000O\000p\000t\000i\000m\000a\000l\000\040\000T\000r\000a\000n\000s\000p\000o\000r\000t}{appendix.F}% 280
\BOOKMARK [2][-]{subsection.F.3}{\376\377\000G\000a\000p\000\040\0003\000:\000\040\000E\000x\000p\000l\000i\000c\000i\000t\000\040\000C\000o\000n\000s\000t\000a\000n\000t\000s\000\040\000v\000i\000a\000\040\000H\000e\000a\000t\000\040\000K\000e\000r\000n\000e\000l\000\040\000M\000e\000t\000h\000o\000d\000s}{appendix.F}% 281
\BOOKMARK [2][-]{subsection.F.4}{\376\377\000G\000a\000p\000\040\0004\000:\000\040\000I\000n\000t\000e\000r\000m\000e\000d\000i\000a\000t\000e\000\040\000C\000o\000u\000p\000l\000i\000n\000g\000\040\000v\000i\000a\000\040\000B\000a\000k\000r\000y\000-\000\311\000m\000e\000r\000y\000\040\000I\000n\000t\000e\000r\000p\000o\000l\000a\000t\000i\000o\000n}{appendix.F}% 282
\BOOKMARK [1][-]{appendix.G}{\376\377\000S\000y\000n\000t\000h\000e\000s\000i\000s\000:\000\040\000U\000n\000c\000o\000n\000d\000i\000t\000i\000o\000n\000a\000l\000\040\000P\000r\000o\000o\000f\000\040\000o\000f\000\040\000C\000o\000n\000d\000i\000t\000i\000o\000n\000\040\000P}{part*.3}% 283
\BOOKMARK [1][-]{appendix.H}{\376\377\000F\000i\000n\000a\000l\000\040\000T\000h\000e\000o\000r\000e\000m\000:\000\040\000Y\000a\000n\000g\000-\000M\000i\000l\000l\000s\000\040\000M\000a\000s\000s\000\040\000G\000a\000p\000\040\000f\000o\000r\000\040\000S\000U\000\050\0002\000\051\000\040\000a\000n\000d\000\040\000S\000U\000\050\0003\000\051}{part*.3}% 284
\BOOKMARK [1][-]{appendix.I}{\376\377\000F\000r\000a\000m\000e\000w\000o\000r\000k\000\040\0001\000:\000\040\000Q\000u\000a\000t\000e\000r\000n\000i\000o\000n\000i\000c\000\040\000S\000p\000e\000c\000t\000r\000a\000l\000\040\000F\000l\000o\000w\000\040\000f\000o\000r\000\040\000S\000U\000\050\0002\000\051}{part*.3}% 285
\BOOKMARK [2][-]{subsection.I.1}{\376\377\000T\000h\000e\000\040\000Q\000u\000a\000t\000e\000r\000n\000i\000o\000n\000\040\000S\000t\000r\000u\000c\000t\000u\000r\000e\000\040\000o\000f\000\040\000S\000U\000\050\0002\000\051}{appendix.I}% 286
\BOOKMARK [2][-]{subsection.I.2}{\376\377\000Q\000u\000a\000t\000e\000r\000n\000i\000o\000n\000i\000c\000\040\000S\000p\000e\000c\000t\000r\000a\000l\000\040\000F\000l\000o\000w}{appendix.I}% 287
\BOOKMARK [2][-]{subsection.I.3}{\376\377\000Q\000u\000a\000t\000e\000r\000n\000i\000o\000n\000i\000c\000\040\000C\000h\000a\000r\000a\000c\000t\000e\000r\000\040\000P\000o\000s\000i\000t\000i\000v\000i\000t\000y}{appendix.I}% 288
\BOOKMARK [1][-]{appendix.J}{\376\377\000F\000r\000a\000m\000e\000w\000o\000r\000k\000\040\0002\000:\000\040\000O\000c\000t\000o\000n\000i\000o\000n\000-\000E\000n\000h\000a\000n\000c\000e\000d\000\040\000C\000u\000r\000v\000a\000t\000u\000r\000e\000\040\000f\000o\000r\000\040\000S\000U\000\050\0003\000\051}{part*.3}% 289
\BOOKMARK [2][-]{subsection.J.1}{\376\377\000T\000h\000e\000\040\000E\000x\000c\000e\000p\000t\000i\000o\000n\000a\000l\000\040\000G\000e\000o\000m\000e\000t\000r\000y\000\040\000o\000f\000\040\000S\000U\000\050\0003\000\051}{appendix.J}% 290
\BOOKMARK [2][-]{subsection.J.2}{\376\377\000L\000o\000g\000-\000S\000o\000b\000o\000l\000e\000v\000\040\000E\000n\000h\000a\000n\000c\000e\000m\000e\000n\000t\000\040\000f\000o\000r\000\040\000S\000U\000\050\0003\000\051}{appendix.J}% 291
\BOOKMARK [2][-]{subsection.J.3}{\376\377\000R\000e\000s\000o\000l\000v\000i\000n\000g\000\040\000t\000h\000e\000\040\0007\000/\0009\000\040\000P\000r\000o\000b\000l\000e\000m}{appendix.J}% 292
\BOOKMARK [1][-]{appendix.K}{\376\377\000F\000r\000a\000m\000e\000w\000o\000r\000k\000\040\0003\000:\000\040\000H\000o\000l\000o\000m\000o\000r\000p\000h\000i\000c\000\040\000A\000n\000o\000m\000a\000l\000y\000\040\000C\000a\000n\000c\000e\000l\000l\000a\000t\000i\000o\000n\000\040\000f\000o\000r\000\040\000V\000o\000r\000t\000e\000x\000\040\000T\000e\000n\000s\000i\000o\000n}{part*.3}% 293
\BOOKMARK [2][-]{subsection.K.1}{\376\377\000T\000h\000e\000\040\000H\000o\000l\000o\000m\000o\000r\000p\000h\000i\000c\000\040\000A\000n\000o\000m\000a\000l\000y}{appendix.K}% 294
\BOOKMARK [2][-]{subsection.K.2}{\376\377\000E\000x\000p\000l\000i\000c\000i\000t\000\040\000B\000o\000u\000n\000d\000s\000\040\000f\000o\000r\000\040\000N\000\040\000=\000\040\0002\000,\000\040\0003}{appendix.K}% 295
\BOOKMARK [1][-]{appendix.L}{\376\377\000F\000r\000a\000m\000e\000w\000o\000r\000k\000\040\0004\000:\000\040\000M\000o\000t\000i\000v\000i\000c\000\040\000I\000n\000t\000e\000g\000r\000a\000t\000i\000o\000n\000\040\000f\000o\000r\000\040\000C\000o\000n\000s\000t\000a\000n\000t\000\040\000C\000o\000m\000p\000u\000t\000a\000t\000i\000o\000n}{part*.3}% 296
\BOOKMARK [2][-]{subsection.L.1}{\376\377\000M\000o\000t\000i\000v\000i\000c\000\040\000V\000o\000l\000u\000m\000e\000\040\000o\000f\000\040\000G\000a\000u\000g\000e\000\040\000C\000o\000n\000f\000i\000g\000u\000r\000a\000t\000i\000o\000n\000s}{appendix.L}% 297
\BOOKMARK [2][-]{subsection.L.2}{\376\377\000T\000h\000e\000\040\000K\000e\000y\000\040\000C\000o\000n\000s\000t\000a\000n\000t\000\040\000B\000o\000u\000n\000d\000s}{appendix.L}% 298
\BOOKMARK [1][-]{appendix.M}{\376\377\000F\000r\000a\000m\000e\000w\000o\000r\000k\000\040\0005\000:\000\040\000D\000e\000r\000i\000v\000e\000d\000\040\000A\000l\000g\000e\000b\000r\000a\000i\000c\000\040\000G\000e\000o\000m\000e\000t\000r\000y\000\040\000o\000f\000\040\000G\000a\000u\000g\000e\000\040\000M\000o\000d\000u\000l\000i}{part*.3}% 299
\BOOKMARK [2][-]{subsection.M.1}{\376\377\000D\000e\000r\000i\000v\000e\000d\000\040\000E\000n\000h\000a\000n\000c\000e\000m\000e\000n\000t\000\040\000o\000f\000\040\000C\000o\000n\000f\000i\000g\000u\000r\000a\000t\000i\000o\000n\000\040\000S\000p\000a\000c\000e}{appendix.M}% 300
\BOOKMARK [2][-]{subsection.M.2}{\376\377\000O\000b\000s\000t\000r\000u\000c\000t\000i\000o\000n\000\040\000t\000o\000\040\000P\000h\000a\000s\000e\000\040\000T\000r\000a\000n\000s\000i\000t\000i\000o\000n}{appendix.M}% 301
\BOOKMARK [1][-]{appendix.N}{\376\377\000F\000r\000a\000m\000e\000w\000o\000r\000k\000\040\0006\000:\000\040\000P\000e\000r\000f\000e\000c\000t\000o\000i\000d\000\040\000U\000l\000t\000r\000a\000p\000r\000o\000d\000u\000c\000t\000\040\000f\000o\000r\000\040\000C\000o\000n\000t\000i\000n\000u\000u\000m\000\040\000L\000i\000m\000i\000t}{part*.3}% 302
\BOOKMARK [2][-]{subsection.N.1}{\376\377\000P\000e\000r\000f\000e\000c\000t\000o\000i\000d\000\040\000S\000t\000r\000u\000c\000t\000u\000r\000e\000\040\000o\000n\000\040\000C\000o\000n\000f\000i\000g\000u\000r\000a\000t\000i\000o\000n\000\040\000S\000p\000a\000c\000e}{appendix.N}% 303
\BOOKMARK [2][-]{subsection.N.2}{\376\377\000C\000o\000n\000t\000i\000n\000u\000u\000m\000\040\000Y\000a\000n\000g\000-\000M\000i\000l\000l\000s\000\040\000f\000r\000o\000m\000\040\000P\000e\000r\000f\000e\000c\000t\000o\000i\000d\000\040\000S\000p\000a\000c\000e\000s}{appendix.N}% 304
\BOOKMARK [1][-]{appendix.O}{\376\377\000T\000h\000e\000\040\000I\000n\000t\000e\000r\000m\000e\000d\000i\000a\000t\000e\000\040\000C\000o\000u\000p\000l\000i\000n\000g\000\040\000R\000e\000g\000i\000m\000e}{part*.3}% 305
\BOOKMARK [2][-]{subsection.O.1}{\376\377\000M\000e\000t\000h\000o\000d\000\040\0001\000:\000\040\000S\000p\000e\000c\000t\000r\000a\000l\000\040\000B\000o\000o\000t\000s\000t\000r\000a\000p}{appendix.O}% 306
\BOOKMARK [2][-]{subsection.O.2}{\376\377\000M\000e\000t\000h\000o\000d\000\040\0002\000:\000\040\000C\000h\000e\000e\000g\000e\000r\000\040\000I\000s\000o\000p\000e\000r\000i\000m\000e\000t\000r\000i\000c\000\040\000B\000o\000u\000n\000d\000s}{appendix.O}% 307
\BOOKMARK [2][-]{subsection.O.3}{\376\377\000M\000e\000t\000h\000o\000d\000\040\0003\000:\000\040\000C\000o\000n\000v\000e\000x\000i\000t\000y\000\040\000I\000n\000t\000e\000r\000p\000o\000l\000a\000t\000i\000o\000n}{appendix.O}% 308
\BOOKMARK [1][-]{appendix.P}{\376\377\000S\000u\000m\000m\000a\000r\000y\000:\000\040\000R\000e\000s\000o\000l\000u\000t\000i\000o\000n\000\040\000o\000f\000\040\000t\000h\000e\000\040\000M\000a\000s\000s\000\040\000G\000a\000p}{part*.3}% 309
\BOOKMARK [2][-]{subsection.P.1}{\376\377\000T\000h\000e\000\040\000S\000p\000e\000c\000t\000r\000a\000l\000\040\000G\000a\000p\000\040\000a\000t\000\040\000A\000l\000l\000\040\000C\000o\000u\000p\000l\000i\000n\000g\000s}{appendix.P}% 310
\BOOKMARK [2][-]{subsection.P.2}{\376\377\000G\000a\000p\000\040\0002\000\040\000R\000e\000s\000o\000l\000u\000t\000i\000o\000n\000:\000\040\000I\000n\000t\000e\000r\000m\000e\000d\000i\000a\000t\000e\000\040\000C\000o\000u\000p\000l\000i\000n\000g\000\040\000R\000e\000g\000i\000m\000e\000\040\0001}{appendix.P}% 311
\BOOKMARK [2][-]{subsection.P.3}{\376\377\000G\000a\000p\000\040\0003\000\040\000R\000e\000s\000o\000l\000u\000t\000i\000o\000n\000:\000\040\000R\000i\000g\000o\000r\000o\000u\000s\000\040\000G\000i\000l\000e\000s\000-\000T\000e\000p\000e\000r\000\040\000B\000o\000u\000n\000d}{appendix.P}% 312
\BOOKMARK [2][-]{subsection.P.4}{\376\377\000G\000a\000p\000\040\0004\000\040\000R\000e\000s\000o\000l\000u\000t\000i\000o\000n\000:\000\040\000C\000o\000m\000p\000l\000e\000t\000e\000\040\000O\000S\000\040\000A\000x\000i\000o\000m\000\040\000V\000e\000r\000i\000f\000i\000c\000a\000t\000i\000o\000n}{appendix.P}% 313
\BOOKMARK [1][-]{appendix.Q}{\376\377\000C\000o\000m\000p\000l\000e\000t\000e\000\040\000S\000y\000n\000t\000h\000e\000s\000i\000s\000:\000\040\000P\000r\000o\000o\000f\000\040\000o\000f\000\040\000M\000a\000s\000s\000\040\000G\000a\000p\000\040\000f\000o\000r\000\040\000S\000U\000\050\0002\000\051\000\040\000a\000n\000d\000\040\000S\000U\000\050\0003\000\051}{part*.3}% 314
\BOOKMARK [2][-]{subsection.Q.1}{\376\377\000S\000u\000m\000m\000a\000r\000y\000\040\000o\000f\000\040\000P\000r\000o\000o\000f\000\040\000M\000e\000t\000h\000o\000d\000s}{appendix.Q}% 315
\BOOKMARK [2][-]{subsection.Q.2}{\376\377\000A\000l\000t\000e\000r\000n\000a\000t\000i\000v\000e\000\040\000F\000r\000a\000m\000e\000w\000o\000r\000k\000s\000\040\000\050\000P\000a\000r\000t\000\040\000I\000I\000I\000\051}{appendix.Q}% 316
\BOOKMARK [2][-]{subsection.Q.3}{\376\377\000I\000n\000t\000e\000r\000m\000e\000d\000i\000a\000t\000e\000\040\000C\000o\000u\000p\000l\000i\000n\000g\000\040\000M\000e\000t\000h\000o\000d\000s}{appendix.Q}% 317
\BOOKMARK [1][-]{appendix.R}{\376\377\000R\000i\000g\000o\000r\000o\000u\000s\000\040\000P\000D\000E\000\040\000a\000n\000d\000\040\000F\000u\000n\000c\000t\000i\000o\000n\000a\000l\000\040\000A\000n\000a\000l\000y\000s\000i\000s\000\040\000F\000r\000a\000m\000e\000w\000o\000r\000k}{part*.3}% 318
\BOOKMARK [2][-]{subsection.R.1}{\376\377\000G\000a\000p\000\040\000R\000e\000s\000o\000l\000u\000t\000i\000o\000n\000\040\0001\000:\000\040\000R\000i\000g\000o\000r\000o\000u\000s\000\040\000P\000r\000o\000o\000f\000\040\000o\000f\000\040\000p\000h\000y\000s\000\040\000>\000\040\0000\000\040\000v\000i\000a\000\040\000V\000a\000r\000i\000a\000t\000i\000o\000n\000a\000l\000\040\000A\000n\000a\000l\000y\000s\000i\000s}{appendix.R}% 319
\BOOKMARK [2][-]{subsection.R.2}{\376\377\000G\000a\000p\000\040\000R\000e\000s\000o\000l\000u\000t\000i\000o\000n\000\040\0002\000:\000\040\000R\000i\000g\000o\000r\000o\000u\000s\000\040\000L\000\374\000s\000c\000h\000e\000r\000\040\000T\000e\000r\000m\000\040\000v\000i\000a\000\040\000Z\000e\000t\000a\000\040\000R\000e\000g\000u\000l\000a\000r\000i\000z\000a\000t\000i\000o\000n}{appendix.R}% 320
\BOOKMARK [2][-]{subsection.R.3}{\376\377\000G\000a\000p\000\040\000R\000e\000s\000o\000l\000u\000t\000i\000o\000n\000\040\0003\000:\000\040\000U\000n\000i\000f\000o\000r\000m\000\040\000B\000o\000u\000n\000d\000s\000\040\000v\000i\000a\000\040\000S\000o\000b\000o\000l\000e\000v\000\040\000E\000m\000b\000e\000d\000d\000i\000n\000g}{appendix.R}% 321
\BOOKMARK [2][-]{subsection.R.4}{\376\377\000G\000a\000p\000\040\000R\000e\000s\000o\000l\000u\000t\000i\000o\000n\000\040\0004\000:\000\040\000N\000o\000n\000-\000P\000e\000r\000t\000u\000r\000b\000a\000t\000i\000v\000e\000\040\000S\000c\000a\000l\000e\000\040\000G\000e\000n\000e\000r\000a\000t\000i\000o\000n}{appendix.R}% 322
\BOOKMARK [2][-]{subsection.R.5}{\376\377\000S\000u\000m\000m\000a\000r\000y\000:\000\040\000R\000e\000s\000o\000l\000u\000t\000i\000o\000n\000\040\000o\000f\000\040\000A\000l\000l\000\040\000F\000o\000u\000r\000\040\000G\000a\000p\000s}{appendix.R}% 323
\BOOKMARK [1][-]{appendix.S}{\376\377\000C\000o\000m\000p\000l\000e\000t\000e\000\040\000R\000i\000g\000o\000r\000o\000u\000s\000\040\000R\000e\000s\000o\000l\000u\000t\000i\000o\000n\000\040\000o\000f\000\040\000C\000r\000i\000t\000i\000c\000a\000l\000\040\000G\000a\000p\000s}{part*.3}% 324
\BOOKMARK [2][-]{subsection.S.1}{\376\377\000G\000a\000p\000\040\0001\000:\000\040\000T\000h\000e\000\040\000M\000a\000s\000s\000\040\000G\000a\000p\000\040\000S\000u\000r\000v\000i\000v\000e\000s\000\040\000t\000h\000e\000\040\000C\000o\000n\000t\000i\000n\000u\000u\000m\000\040\000L\000i\000m\000i\000t}{appendix.S}% 325
\BOOKMARK [2][-]{subsection.S.2}{\376\377\000G\000a\000p\000\040\0002\000:\000\040\000P\000h\000y\000s\000i\000c\000a\000l\000\040\000S\000t\000r\000i\000n\000g\000\040\000T\000e\000n\000s\000i\000o\000n\000\040\000i\000s\000\040\000P\000o\000s\000i\000t\000i\000v\000e}{appendix.S}% 326
\BOOKMARK [2][-]{subsection.S.3}{\376\377\000G\000a\000p\000\040\0003\000:\000\040\000N\000o\000n\000-\000C\000i\000r\000c\000u\000l\000a\000r\000\040\000S\000c\000a\000l\000e\000\040\000S\000e\000t\000t\000i\000n\000g}{appendix.S}% 327
\BOOKMARK [2][-]{subsection.S.4}{\376\377\000S\000u\000m\000m\000a\000r\000y\000:\000\040\000C\000o\000m\000p\000l\000e\000t\000e\000\040\000R\000e\000s\000o\000l\000u\000t\000i\000o\000n\000\040\000o\000f\000\040\000A\000l\000l\000\040\000T\000h\000r\000e\000e\000\040\000G\000a\000p\000s}{appendix.S}% 328
\BOOKMARK [1][-]{appendix.T}{\376\377\000E\000x\000p\000l\000i\000c\000i\000t\000\040\000N\000u\000m\000e\000r\000i\000c\000a\000l\000\040\000B\000o\000u\000n\000d\000s\000\040\000a\000n\000d\000\040\000P\000h\000y\000s\000i\000c\000a\000l\000\040\000P\000r\000e\000d\000i\000c\000t\000i\000o\000n\000s}{part*.3}% 329
\BOOKMARK [1][-]{appendix.U}{\376\377\000C\000o\000n\000c\000l\000u\000s\000i\000o\000n}{part*.3}% 330
\BOOKMARK [1][-]{appendix.V}{\376\377\000N\000o\000v\000e\000l\000\040\000M\000a\000t\000h\000e\000m\000a\000t\000i\000c\000a\000l\000\040\000T\000o\000o\000l\000s\000:\000\040\000R\000i\000g\000o\000r\000o\000u\000s\000\040\000G\000a\000p\000\040\000R\000e\000s\000o\000l\000u\000t\000i\000o\000n}{part*.3}% 331
\BOOKMARK [2][-]{subsection.V.1}{\376\377\000T\000o\000o\000l\000\040\000I\000:\000\040\000S\000t\000o\000c\000h\000a\000s\000t\000i\000c\000\040\000G\000e\000o\000m\000e\000t\000r\000i\000c\000\040\000F\000l\000o\000w\000\040\000f\000o\000r\000\040\000C\000o\000n\000t\000i\000n\000u\000u\000m\000\040\000L\000i\000m\000i\000t}{appendix.V}% 332
\BOOKMARK [2][-]{subsection.V.2}{\376\377\000T\000o\000o\000l\000\040\000I\000I\000:\000\040\000E\000n\000t\000r\000o\000p\000i\000c\000\040\000S\000t\000r\000i\000n\000g\000\040\000T\000e\000n\000s\000i\000o\000n\000\040\000v\000i\000a\000\040\000I\000n\000f\000o\000r\000m\000a\000t\000i\000o\000n\000\040\000G\000e\000o\000m\000e\000t\000r\000y}{appendix.V}% 333
\BOOKMARK [2][-]{subsection.V.3}{\376\377\000T\000o\000o\000l\000\040\000I\000I\000I\000:\000\040\000S\000p\000e\000c\000t\000r\000a\000l\000\040\000P\000e\000r\000m\000a\000n\000e\000n\000c\000e\000\040\000v\000i\000a\000\040\000N\000o\000n\000-\000C\000o\000m\000m\000u\000t\000a\000t\000i\000v\000e\000\040\000G\000e\000o\000m\000e\000t\000r\000y}{appendix.V}% 334
\BOOKMARK [2][-]{subsection.V.4}{\376\377\000T\000o\000o\000l\000\040\000I\000V\000:\000\040\000C\000a\000t\000e\000g\000o\000r\000i\000c\000a\000l\000\040\000O\000S\000\040\000A\000x\000i\000o\000m\000s\000\040\000v\000i\000a\000\040\000H\000i\000g\000h\000e\000r\000\040\000S\000t\000r\000u\000c\000t\000u\000r\000e\000s}{appendix.V}% 335
\BOOKMARK [2][-]{subsection.V.5}{\376\377\000T\000o\000o\000l\000\040\000V\000:\000\040\000C\000h\000e\000e\000g\000e\000r\000-\000B\000u\000s\000e\000r\000\040\000T\000h\000e\000o\000r\000y\000\040\000o\000n\000\040\000G\000a\000u\000g\000e\000\040\000O\000r\000b\000i\000t\000\040\000S\000p\000a\000c\000e}{appendix.V}% 336
\BOOKMARK [2][-]{subsection.V.6}{\376\377\000T\000o\000o\000l\000\040\000V\000-\000b\000i\000s\000:\000\040\000R\000i\000g\000o\000r\000o\000u\000s\000\040\000I\000n\000f\000i\000n\000i\000t\000e\000-\000D\000i\000m\000e\000n\000s\000i\000o\000n\000a\000l\000\040\000A\000n\000a\000l\000y\000s\000i\000s}{appendix.V}% 337
\BOOKMARK [3][-]{subsubsection.V.6.1}{\376\377\000C\000y\000l\000i\000n\000d\000r\000i\000c\000a\000l\000\040\000F\000u\000n\000c\000t\000i\000o\000n\000s\000\040\000a\000n\000d\000\040\000P\000r\000o\000j\000e\000c\000t\000i\000v\000e\000\040\000L\000i\000m\000i\000t\000s}{subsection.V.6}% 338
\BOOKMARK [3][-]{subsubsection.V.6.2}{\376\377\000D\000i\000r\000i\000c\000h\000l\000e\000t\000\040\000F\000o\000r\000m\000s\000\040\000o\000n\000\040\000I\000n\000f\000i\000n\000i\000t\000e\000-\000D\000i\000m\000e\000n\000s\000i\000o\000n\000a\000l\000\040\000S\000p\000a\000c\000e\000s}{subsection.V.6}% 339
\BOOKMARK [3][-]{subsubsection.V.6.3}{\376\377\000L\000o\000g\000-\000S\000o\000b\000o\000l\000e\000v\000\040\000a\000n\000d\000\040\000S\000p\000e\000c\000t\000r\000a\000l\000\040\000G\000a\000p}{subsection.V.6}% 340
\BOOKMARK [3][-]{subsubsection.V.6.4}{\376\377\000W\000i\000t\000t\000e\000n\000\040\000L\000a\000p\000l\000a\000c\000i\000a\000n\000\040\000a\000n\000d\000\040\000S\000u\000p\000e\000r\000s\000y\000m\000m\000e\000t\000r\000i\000c\000\040\000M\000e\000t\000h\000o\000d\000s}{subsection.V.6}% 341
\BOOKMARK [3][-]{subsubsection.V.6.5}{\376\377\000H\000e\000a\000t\000\040\000K\000e\000r\000n\000e\000l\000\040\000M\000e\000t\000h\000o\000d\000s}{subsection.V.6}% 342
\BOOKMARK [3][-]{subsubsection.V.6.6}{\376\377\000F\000u\000n\000c\000t\000i\000o\000n\000a\000l\000\040\000I\000n\000e\000q\000u\000a\000l\000i\000t\000i\000e\000s\000\040\000a\000n\000d\000\040\000C\000o\000n\000c\000e\000n\000t\000r\000a\000t\000i\000o\000n}{subsection.V.6}% 343
\BOOKMARK [3][-]{subsubsection.V.6.7}{\376\377\000S\000t\000o\000c\000h\000a\000s\000t\000i\000c\000\040\000C\000o\000m\000p\000l\000e\000t\000e\000n\000e\000s\000s\000\040\000a\000n\000d\000\040\000R\000e\000c\000u\000r\000r\000e\000n\000c\000e}{subsection.V.6}% 344
\BOOKMARK [3][-]{subsubsection.V.6.8}{\376\377\000T\000h\000e\000\040\000M\000a\000s\000t\000e\000r\000\040\000T\000h\000e\000o\000r\000e\000m\000:\000\040\000C\000o\000m\000p\000l\000e\000t\000e\000\040\000S\000p\000e\000c\000t\000r\000a\000l\000\040\000G\000a\000p}{subsection.V.6}% 345
\BOOKMARK [2][-]{subsection.V.7}{\376\377\000T\000o\000o\000l\000\040\000V\000I\000:\000\040\000-\000R\000e\000g\000u\000l\000a\000r\000i\000t\000y\000\040\000a\000n\000d\000\040\000U\000n\000i\000f\000o\000r\000m\000\040\000E\000s\000t\000i\000m\000a\000t\000e\000s}{appendix.V}% 346
\BOOKMARK [2][-]{subsection.V.8}{\376\377\000T\000o\000o\000l\000\040\000V\000I\000I\000:\000\040\000C\000o\000n\000c\000e\000n\000t\000r\000a\000t\000i\000o\000n\000-\000C\000o\000m\000p\000a\000c\000t\000n\000e\000s\000s\000\040\000a\000n\000d\000\040\000B\000u\000b\000b\000l\000e\000\040\000P\000r\000e\000v\000e\000n\000t\000i\000o\000n}{appendix.V}% 347
\BOOKMARK [2][-]{subsection.V.9}{\376\377\000T\000o\000o\000l\000\040\000V\000I\000I\000I\000:\000\040\000S\000p\000e\000c\000t\000r\000a\000l\000\040\000G\000e\000o\000m\000e\000t\000r\000y\000\040\000a\000n\000d\000\040\000G\000a\000p\000\040\000S\000u\000r\000v\000i\000v\000a\000l}{appendix.V}% 348
\BOOKMARK [2][-]{subsection.V.10}{\376\377\000T\000o\000o\000l\000\040\000I\000X\000:\000\040\000A\000d\000v\000a\000n\000c\000e\000d\000\040\000P\000D\000E\000\040\000M\000e\000t\000h\000o\000d\000s\000\040\000f\000o\000r\000\040\000Y\000a\000n\000g\000-\000M\000i\000l\000l\000s}{appendix.V}% 349
\BOOKMARK [3][-]{subsubsection.V.10.1}{\376\377\000G\000a\000u\000g\000e\000-\000C\000o\000v\000a\000r\000i\000a\000n\000t\000\040\000S\000o\000b\000o\000l\000e\000v\000\040\000S\000p\000a\000c\000e\000s}{subsection.V.10}% 350
\BOOKMARK [3][-]{subsubsection.V.10.2}{\376\377\000M\000o\000n\000o\000t\000o\000n\000i\000c\000i\000t\000y\000\040\000F\000o\000r\000m\000u\000l\000a\000s}{subsection.V.10}% 351
\BOOKMARK [3][-]{subsubsection.V.10.3}{\376\377\000R\000e\000m\000o\000v\000a\000b\000l\000e\000\040\000S\000i\000n\000g\000u\000l\000a\000r\000i\000t\000y\000\040\000T\000h\000e\000o\000r\000e\000m\000s}{subsection.V.10}% 352
\BOOKMARK [3][-]{subsubsection.V.10.4}{\376\377\000C\000o\000m\000p\000a\000c\000t\000n\000e\000s\000s\000\040\000M\000o\000d\000u\000l\000o\000\040\000B\000u\000b\000b\000l\000i\000n\000g}{subsection.V.10}% 353
\BOOKMARK [2][-]{subsection.V.11}{\376\377\000T\000o\000o\000l\000\040\000X\000:\000\040\000R\000e\000n\000o\000r\000m\000a\000l\000i\000z\000a\000t\000i\000o\000n\000\040\000G\000r\000o\000u\000p\000\040\000a\000n\000d\000\040\000A\000s\000y\000m\000p\000t\000o\000t\000i\000c\000\040\000F\000r\000e\000e\000d\000o\000m}{appendix.V}% 354
\BOOKMARK [3][-]{subsubsection.V.11.1}{\376\377\000W\000i\000l\000s\000o\000n\000i\000a\000n\000\040\000R\000e\000n\000o\000r\000m\000a\000l\000i\000z\000a\000t\000i\000o\000n}{subsection.V.11}% 355
\BOOKMARK [3][-]{subsubsection.V.11.2}{\376\377\000D\000i\000m\000e\000n\000s\000i\000o\000n\000a\000l\000\040\000T\000r\000a\000n\000s\000m\000u\000t\000a\000t\000i\000o\000n\000\040\000a\000n\000d\000\040\000Q\000C\000D}{subsection.V.11}% 356
\BOOKMARK [3][-]{subsubsection.V.11.3}{\376\377\000O\000p\000e\000r\000a\000t\000o\000r\000\040\000P\000r\000o\000d\000u\000c\000t\000\040\000E\000x\000p\000a\000n\000s\000i\000o\000n}{subsection.V.11}% 357
\BOOKMARK [2][-]{subsection.V.12}{\376\377\000T\000o\000o\000l\000\040\000X\000I\000:\000\040\000C\000o\000n\000s\000t\000r\000u\000c\000t\000i\000v\000e\000\040\000Q\000F\000T\000\040\000M\000e\000t\000h\000o\000d\000s}{appendix.V}% 358
\BOOKMARK [3][-]{subsubsection.V.12.1}{\376\377\000C\000l\000u\000s\000t\000e\000r\000\040\000E\000x\000p\000a\000n\000s\000i\000o\000n}{subsection.V.12}% 359
\BOOKMARK [3][-]{subsubsection.V.12.2}{\376\377\000R\000e\000f\000l\000e\000c\000t\000i\000o\000n\000\040\000P\000o\000s\000i\000t\000i\000v\000i\000t\000y\000\040\000a\000n\000d\000\040\000T\000r\000a\000n\000s\000f\000e\000r\000\040\000M\000a\000t\000r\000i\000x}{subsection.V.12}% 360
\BOOKMARK [3][-]{subsubsection.V.12.3}{\376\377\000C\000o\000r\000r\000e\000l\000a\000t\000i\000o\000n\000\040\000I\000n\000e\000q\000u\000a\000l\000i\000t\000i\000e\000s}{subsection.V.12}% 361
\BOOKMARK [2][-]{subsection.V.13}{\376\377\000T\000o\000o\000l\000\040\000X\000I\000I\000:\000\040\000S\000t\000o\000c\000h\000a\000s\000t\000i\000c\000\040\000Q\000u\000a\000n\000t\000i\000z\000a\000t\000i\000o\000n\000\040\000a\000n\000d\000\040\000S\000P\000D\000E}{appendix.V}% 362
\BOOKMARK [3][-]{subsubsection.V.13.1}{\376\377\000L\000a\000n\000g\000e\000v\000i\000n\000\040\000D\000y\000n\000a\000m\000i\000c\000s\000\040\000f\000o\000r\000\040\000Y\000a\000n\000g\000-\000M\000i\000l\000l\000s}{subsection.V.13}% 363
\BOOKMARK [3][-]{subsubsection.V.13.2}{\376\377\000R\000e\000g\000u\000l\000a\000r\000i\000t\000y\000\040\000S\000t\000r\000u\000c\000t\000u\000r\000e\000s\000\040\000A\000p\000p\000r\000o\000a\000c\000h}{subsection.V.13}% 364
\BOOKMARK [3][-]{subsubsection.V.13.3}{\376\377\000S\000p\000e\000c\000t\000r\000a\000l\000\040\000G\000a\000p\000\040\000v\000i\000a\000\040\000H\000y\000p\000o\000c\000o\000e\000r\000c\000i\000v\000i\000t\000y}{subsection.V.13}% 365
\BOOKMARK [2][-]{subsection.V.14}{\376\377\000S\000y\000n\000t\000h\000e\000s\000i\000s\000:\000\040\000C\000o\000m\000p\000l\000e\000t\000e\000\040\000R\000e\000s\000o\000l\000u\000t\000i\000o\000n\000\040\000o\000f\000\040\000A\000l\000l\000\040\000G\000a\000p\000s}{appendix.V}% 366
\BOOKMARK [1][-]{appendix.W}{\376\377\000D\000i\000v\000i\000d\000e\000\040\000a\000n\000d\000\040\000C\000o\000n\000q\000u\000e\000r\000:\000\040\000C\000o\000m\000p\000l\000e\000t\000e\000\040\000P\000r\000o\000o\000f\000\040\000S\000t\000r\000u\000c\000t\000u\000r\000e}{part*.3}% 367
\BOOKMARK [2][-]{subsection.W.1}{\376\377\000T\000o\000p\000-\000L\000e\000v\000e\000l\000\040\000D\000e\000c\000o\000m\000p\000o\000s\000i\000t\000i\000o\000n}{appendix.W}% 368
\BOOKMARK [2][-]{subsection.W.2}{\376\377\000P\000a\000r\000t\000\040\000[\000A\000]\000:\000\040\000E\000x\000i\000s\000t\000e\000n\000c\000e\000\040\040\024\000\040\000D\000e\000t\000a\000i\000l\000e\000d\000\040\000B\000r\000e\000a\000k\000d\000o\000w\000n}{appendix.W}% 369
\BOOKMARK [3][-]{subsubsection.W.2.1}{\376\377\000[\000A\0001\000]\000\040\000L\000a\000t\000t\000i\000c\000e\000\040\000T\000h\000e\000o\000r\000y\000\040\000W\000e\000l\000l\000-\000D\000e\000f\000i\000n\000e\000d}{subsection.W.2}% 370
\BOOKMARK [3][-]{subsubsection.W.2.2}{\376\377\000[\000A\0002\000]\000\040\000C\000o\000n\000t\000i\000n\000u\000u\000m\000\040\000L\000i\000m\000i\000t\000\040\000E\000x\000i\000s\000t\000s}{subsection.W.2}% 371
\BOOKMARK [3][-]{subsubsection.W.2.3}{\376\377\000[\000A\0003\000]\000\040\000L\000i\000m\000i\000t\000\040\000S\000a\000t\000i\000s\000f\000i\000e\000s\000\040\000O\000S\000\040\000A\000x\000i\000o\000m\000s}{subsection.W.2}% 372
\BOOKMARK [2][-]{subsection.W.3}{\376\377\000P\000a\000r\000t\000\040\000[\000B\000]\000:\000\040\000M\000a\000s\000s\000\040\000G\000a\000p\000\040\040\024\000\040\000D\000e\000t\000a\000i\000l\000e\000d\000\040\000B\000r\000e\000a\000k\000d\000o\000w\000n}{appendix.W}% 373
\BOOKMARK [3][-]{subsubsection.W.3.1}{\376\377\000[\000B\0001\000]\000\040\000L\000a\000t\000t\000i\000c\000e\000\040\000G\000a\000p\000\040\000\050\000\051\000\040\000>\000\040\0000}{subsection.W.3}% 374
\BOOKMARK [3][-]{subsubsection.W.3.2}{\376\377\000[\000B\0002\000]\000\040\000G\000a\000p\000\040\000S\000u\000r\000v\000i\000v\000e\000s\000\040\000C\000o\000n\000t\000i\000n\000u\000u\000m\000\040\000L\000i\000m\000i\000t}{subsection.W.3}% 375
\BOOKMARK [3][-]{subsubsection.W.3.3}{\376\377\000[\000B\0003\000]\000\040\000P\000h\000y\000s\000i\000c\000a\000l\000\040\000G\000a\000p\000\040\000p\000h\000y\000s\000\040\000>\000\040\0000}{subsection.W.3}% 376
\BOOKMARK [2][-]{subsection.W.4}{\376\377\000R\000e\000s\000o\000l\000u\000t\000i\000o\000n\000\040\000o\000f\000\040\000H\000a\000r\000d\000\040\000P\000r\000o\000b\000l\000e\000m\000s}{appendix.W}% 377
\BOOKMARK [2][-]{subsection.W.5}{\376\377\000D\000e\000p\000e\000n\000d\000e\000n\000c\000y\000\040\000G\000r\000a\000p\000h}{appendix.W}% 378
\BOOKMARK [1][-]{appendix.X}{\376\377\000P\000D\000E\000\040\000a\000n\000d\000\040\000G\000e\000o\000m\000e\000t\000r\000i\000c\000\040\000A\000n\000a\000l\000y\000s\000i\000s\000\040\000P\000e\000r\000s\000p\000e\000c\000t\000i\000v\000e}{part*.3}% 379
\BOOKMARK [2][-]{subsection.X.1}{\376\377\000C\000o\000r\000e\000\040\000I\000n\000s\000i\000g\000h\000t}{appendix.X}% 380
\BOOKMARK [2][-]{subsection.X.2}{\376\377\000H\000A\000R\000D\000-\0001\000\040\000a\000s\000\040\000R\000e\000g\000u\000l\000a\000r\000i\000t\000y\000\040\000T\000h\000e\000o\000r\000y}{appendix.X}% 381
\BOOKMARK [2][-]{subsection.X.3}{\376\377\000H\000A\000R\000D\000-\0002\000\040\000a\000s\000\040\000B\000l\000o\000w\000-\000u\000p\000\040\000A\000n\000a\000l\000y\000s\000i\000s}{appendix.X}% 382
\BOOKMARK [2][-]{subsection.X.4}{\376\377\000H\000A\000R\000D\000-\0003\000\040\000a\000s\000\040\000I\000s\000o\000p\000e\000r\000i\000m\000e\000t\000r\000i\000c\000\040\000P\000r\000o\000b\000l\000e\000m}{appendix.X}% 383
\BOOKMARK [2][-]{subsection.X.5}{\376\377\000H\000A\000R\000D\000-\0004\000\040\000a\000s\000\040\000S\000p\000e\000c\000t\000r\000a\000l\000\040\000G\000e\000o\000m\000e\000t\000r\000y}{appendix.X}% 384
\BOOKMARK [2][-]{subsection.X.6}{\376\377\000W\000h\000y\000\040\000D\000i\000m\000e\000n\000s\000i\000o\000n\000\040\0004\000\040\000i\000s\000\040\000S\000p\000e\000c\000i\000a\000l}{appendix.X}% 385
\BOOKMARK [2][-]{subsection.X.7}{\376\377\000C\000o\000n\000n\000e\000c\000t\000i\000o\000n\000s\000\040\000t\000o\000\040\000C\000l\000a\000s\000s\000i\000c\000a\000l\000\040\000R\000e\000s\000u\000l\000t\000s}{appendix.X}% 386
\BOOKMARK [1][-]{appendix.Y}{\376\377\000C\000o\000m\000p\000l\000e\000t\000e\000\040\000R\000e\000s\000o\000l\000u\000t\000i\000o\000n\000\040\000o\000f\000\040\000R\000e\000m\000a\000i\000n\000i\000n\000g\000\040\000G\000a\000p\000s\000\040\000a\000n\000d\000\040\000C\000o\000n\000j\000e\000c\000t\000u\000r\000e\000s}{part*.3}% 387
\BOOKMARK [2][-]{subsection.Y.1}{\376\377\000P\000r\000o\000o\000f\000\040\000o\000f\000\040\000C\000o\000n\000j\000e\000c\000t\000u\000r\000e\000:\000\040\000G\000l\000o\000b\000a\000l\000\040\000P\000o\000s\000i\000t\000i\000v\000e\000\040\000C\000u\000r\000v\000a\000t\000u\000r\000e}{appendix.Y}% 388
\BOOKMARK [2][-]{subsection.Y.2}{\376\377\000P\000r\000o\000o\000f\000\040\000o\000f\000\040\000C\000o\000n\000j\000e\000c\000t\000u\000r\000e\000:\000\040\000N\000o\000n\000-\000P\000e\000r\000t\000u\000r\000b\000a\000t\000i\000v\000e\000\040\000E\000q\000u\000i\000v\000a\000l\000e\000n\000c\000e}{appendix.Y}% 389
\BOOKMARK [2][-]{subsection.Y.3}{\376\377\000P\000r\000o\000o\000f\000\040\000o\000f\000\040\000C\000o\000n\000j\000e\000c\000t\000u\000r\000e\000:\000\040\000Q\000C\000D\000\040\000S\000p\000e\000c\000t\000r\000u\000m}{appendix.Y}% 390
\BOOKMARK [2][-]{subsection.Y.4}{\376\377\000G\000a\000p\000\040\000R\000e\000s\000o\000l\000u\000t\000i\000o\000n\000:\000\040\000Q\000u\000a\000n\000t\000i\000t\000a\000t\000i\000v\000e\000\040\000C\000h\000e\000e\000g\000e\000r\000\040\000B\000o\000u\000n\000d\000s}{appendix.Y}% 391
\BOOKMARK [2][-]{subsection.Y.5}{\376\377\000G\000a\000p\000\040\000R\000e\000s\000o\000l\000u\000t\000i\000o\000n\000:\000\040\000D\000i\000r\000e\000c\000t\000\040\000G\000i\000l\000e\000s\000-\000T\000e\000p\000e\000r\000\040\000P\000r\000o\000o\000f}{appendix.Y}% 392
\BOOKMARK [2][-]{subsection.Y.6}{\376\377\000G\000a\000p\000\040\000R\000e\000s\000o\000l\000u\000t\000i\000o\000n\000:\000\040\000E\000q\000u\000i\000c\000o\000n\000t\000i\000n\000u\000i\000t\000y\000\040\000E\000s\000t\000i\000m\000a\000t\000e\000s}{appendix.Y}% 393
\BOOKMARK [2][-]{subsection.Y.7}{\376\377\000G\000a\000p\000\040\000R\000e\000s\000o\000l\000u\000t\000i\000o\000n\000:\000\040\000R\000o\000t\000a\000t\000i\000o\000n\000\040\000S\000y\000m\000m\000e\000t\000r\000y\000\040\000R\000e\000c\000o\000v\000e\000r\000y}{appendix.Y}% 394
\BOOKMARK [2][-]{subsection.Y.8}{\376\377\000G\000a\000p\000\040\000R\000e\000s\000o\000l\000u\000t\000i\000o\000n\000:\000\040\000M\000o\000s\000c\000o\000\040\000C\000o\000n\000v\000e\000r\000g\000e\000n\000c\000e}{appendix.Y}% 395
\BOOKMARK [2][-]{subsection.Y.9}{\376\377\000G\000a\000p\000\040\000R\000e\000s\000o\000l\000u\000t\000i\000o\000n\000:\000\040\000C\000o\000n\000t\000i\000n\000u\000u\000m\000\040\000L\000i\000m\000i\000t\000\040\000R\000i\000g\000o\000r\000o\000u\000s\000\040\000T\000r\000e\000a\000t\000m\000e\000n\000t}{appendix.Y}% 396
\BOOKMARK [2][-]{subsection.Y.10}{\376\377\000S\000u\000m\000m\000a\000r\000y\000:\000\040\000A\000l\000l\000\040\000G\000a\000p\000s\000\040\000F\000i\000l\000l\000e\000d}{appendix.Y}% 397
