\BOOKMARK [1][-]{section.1}{\376\377\000S\000e\000t\000u\000p\000\040\000a\000n\000d\000\040\000t\000h\000e\000\040\000F\000u\000n\000d\000a\000m\000e\000n\000t\000a\000l\000\040\000P\000r\000o\000b\000l\000e\000m}{}% 1
\BOOKMARK [2][-]{subsection.1.1}{\376\377\000I\000n\000i\000t\000i\000a\000l\000\040\000D\000a\000t\000a}{section.1}% 2
\BOOKMARK [2][-]{subsection.1.2}{\376\377\000T\000h\000e\000\040\000C\000o\000r\000e\000\040\000O\000b\000s\000t\000r\000u\000c\000t\000i\000o\000n}{section.1}% 3
\BOOKMARK [1][-]{section.2}{\376\377\000T\000h\000e\000\040\000G\000e\000n\000e\000r\000a\000l\000i\000z\000e\000d\000\040\000J\000a\000n\000g\000\040\000E\000q\000u\000a\000t\000i\000o\000n}{}% 4
\BOOKMARK [2][-]{subsection.2.1}{\376\377\000S\000t\000a\000n\000d\000a\000r\000d\000\040\000J\000a\000n\000g\000\040\000E\000q\000u\000a\000t\000i\000o\000n}{section.2}% 5
\BOOKMARK [2][-]{subsection.2.2}{\376\377\000T\000h\000e\000\040\000I\000n\000d\000u\000c\000e\000d\000\040\000M\000e\000t\000r\000i\000c\000\040\000a\000n\000d\000\040\000S\000c\000a\000l\000a\000r\000\040\000C\000u\000r\000v\000a\000t\000u\000r\000e}{section.2}% 6
\BOOKMARK [2][-]{subsection.2.3}{\376\377\000B\000l\000o\000w\000-\000u\000p\000\040\000A\000n\000a\000l\000y\000s\000i\000s\000\040\000a\000t\000\040\000M\000O\000T\000S}{section.2}% 7
\BOOKMARK [2][-]{subsection.2.4}{\376\377\000T\000h\000e\000\040\000C\000o\000n\000f\000o\000r\000m\000a\000l\000\040\000R\000e\000g\000u\000l\000a\000r\000i\000z\000a\000t\000i\000o\000n}{section.2}% 8
\BOOKMARK [1][-]{section.3}{\376\377\000T\000h\000e\000\040\000K\000e\000y\000\040\000T\000e\000c\000h\000n\000i\000c\000a\000l\000\040\000S\000t\000e\000p\000:\000\040\000M\000e\000a\000n\000\040\000C\000u\000r\000v\000a\000t\000u\000r\000e\000\040\000J\000u\000m\000p}{}% 9
\BOOKMARK [2][-]{subsection.3.1}{\376\377\000T\000h\000e\000\040\000P\000r\000o\000b\000l\000e\000m\000\040\000w\000i\000t\000h\000\040\000A\000r\000b\000i\000t\000r\000a\000r\000y\000\040\000T\000r\000a\000p\000p\000e\000d\000\040\000S\000u\000r\000f\000a\000c\000e\000s}{section.3}% 10
\BOOKMARK [2][-]{subsection.3.2}{\376\377\000W\000h\000e\000n\000\040\000D\000o\000e\000s\000\040\000t\000h\000e\000\040\000F\000a\000v\000o\000r\000a\000b\000l\000e\000\040\000J\000u\000m\000p\000\040\000H\000o\000l\000d\000?}{section.3}% 11
\BOOKMARK [1][-]{section.4}{\376\377\000A\000p\000p\000r\000o\000a\000c\000h\000\040\0001\000:\000\040\000M\000a\000x\000i\000m\000u\000m\000\040\000A\000r\000e\000a\000\040\000T\000r\000a\000p\000p\000e\000d\000\040\000S\000u\000r\000f\000a\000c\000e}{}% 12
\BOOKMARK [2][-]{subsection.4.1}{\376\377\000T\000h\000e\000\040\000V\000a\000r\000i\000a\000t\000i\000o\000n\000a\000l\000\040\000P\000r\000i\000n\000c\000i\000p\000l\000e}{section.4}% 13
\BOOKMARK [1][-]{section.5}{\376\377\000A\000p\000p\000r\000o\000a\000c\000h\000\040\0002\000:\000\040\000G\000e\000n\000e\000r\000a\000l\000i\000z\000e\000d\000\040\000J\000a\000n\000g\000\040\000w\000i\000t\000h\000\040\000D\000u\000a\000l\000\040\000B\000l\000o\000w\000-\000u\000p}{}% 14
\BOOKMARK [2][-]{subsection.5.1}{\376\377\000T\000h\000e\000\040\000D\000u\000a\000l\000\040\000J\000a\000n\000g\000\040\000E\000q\000u\000a\000t\000i\000o\000n}{section.5}% 15
\BOOKMARK [2][-]{subsection.5.2}{\376\377\000D\000u\000a\000l\000\040\000B\000l\000o\000w\000-\000u\000p\000\040\000A\000n\000a\000l\000y\000s\000i\000s}{section.5}% 16
\BOOKMARK [1][-]{section.6}{\376\377\000A\000p\000p\000r\000o\000a\000c\000h\000\040\0003\000:\000\040\000C\000o\000m\000b\000i\000n\000e\000d\000\040\000J\000a\000n\000g\000\040\000S\000y\000s\000t\000e\000m}{}% 17
\BOOKMARK [2][-]{subsection.6.1}{\376\377\000T\000h\000e\000\040\000T\000w\000o\000-\000F\000u\000n\000c\000t\000i\000o\000n\000\040\000A\000n\000s\000a\000t\000z}{section.6}% 18
\BOOKMARK [2][-]{subsection.6.2}{\376\377\000G\000e\000o\000m\000e\000t\000r\000i\000c\000\040\000I\000n\000t\000e\000r\000p\000r\000e\000t\000a\000t\000i\000o\000n}{section.6}% 19
\BOOKMARK [1][-]{section.7}{\376\377\000A\000p\000p\000r\000o\000a\000c\000h\000\040\0004\000:\000\040\000C\000o\000n\000f\000o\000r\000m\000a\000l\000\040\000F\000l\000o\000w\000\040\000A\000f\000t\000e\000r\000\040\000J\000a\000n\000g}{}% 20
\BOOKMARK [2][-]{subsection.7.1}{\376\377\000B\000r\000a\000y\000'\000s\000\040\000C\000o\000n\000f\000o\000r\000m\000a\000l\000\040\000F\000l\000o\000w}{section.7}% 21
\BOOKMARK [2][-]{subsection.7.2}{\376\377\000A\000p\000p\000l\000y\000i\000n\000g\000\040\000B\000r\000a\000y\000'\000s\000\040\000F\000l\000o\000w\000\040\000t\000o\000\040\000J\000a\000n\000g\000\040\000O\000u\000t\000p\000u\000t}{section.7}% 22
\BOOKMARK [1][-]{section.8}{\376\377\000A\000p\000p\000r\000o\000a\000c\000h\000\040\0005\000:\000\040\000H\000u\000i\000s\000k\000e\000n\000-\000I\000l\000m\000a\000n\000e\000n\000\040\000W\000e\000a\000k\000\040\000I\000M\000C\000F}{}% 23
\BOOKMARK [2][-]{subsection.8.1}{\376\377\000W\000e\000a\000k\000\040\000I\000n\000v\000e\000r\000s\000e\000\040\000M\000e\000a\000n\000\040\000C\000u\000r\000v\000a\000t\000u\000r\000e\000\040\000F\000l\000o\000w}{section.8}% 24
\BOOKMARK [2][-]{subsection.8.2}{\376\377\000A\000p\000p\000l\000i\000c\000a\000t\000i\000o\000n\000\040\000t\000o\000\040\000J\000a\000n\000g\000\040\000O\000u\000t\000p\000u\000t}{section.8}% 25
\BOOKMARK [1][-]{section.9}{\376\377\000T\000h\000e\000\040\000R\000e\000m\000a\000i\000n\000i\000n\000g\000\040\000G\000a\000p\000:\000\040\000A\000r\000e\000a\000\040\000C\000o\000m\000p\000a\000r\000i\000s\000o\000n}{}% 26
\BOOKMARK [2][-]{subsection.9.1}{\376\377\000W\000h\000a\000t\000\040\000W\000e\000\040\000N\000e\000e\000d}{section.9}% 27
\BOOKMARK [2][-]{subsection.9.2}{\376\377\000K\000n\000o\000w\000n\000\040\000R\000e\000s\000u\000l\000t\000s}{section.9}% 28
\BOOKMARK [1][-]{section.10}{\376\377\000N\000e\000w\000\040\000A\000p\000p\000r\000o\000a\000c\000h\000:\000\040\000F\000l\000o\000w\000-\000C\000o\000u\000p\000l\000e\000d\000\040\000J\000a\000n\000g\000\040\000E\000q\000u\000a\000t\000i\000o\000n}{}% 29
\BOOKMARK [2][-]{subsection.10.1}{\376\377\000T\000h\000e\000\040\000I\000d\000e\000a}{section.10}% 30
\BOOKMARK [2][-]{subsection.10.2}{\376\377\000E\000v\000o\000l\000u\000t\000i\000o\000n\000\040\000o\000f\000\040\000t\000h\000e\000\040\000C\000o\000u\000p\000l\000e\000d\000\040\000S\000y\000s\000t\000e\000m}{section.10}% 31
\BOOKMARK [2][-]{subsection.10.3}{\376\377\000T\000h\000e\000\040\000O\000p\000t\000i\000m\000a\000l\000\040\000F\000l\000o\000w\000\040\000D\000i\000r\000e\000c\000t\000i\000o\000n}{section.10}% 32
\BOOKMARK [1][-]{section.11}{\376\377\000A\000n\000a\000l\000y\000s\000i\000s\000\040\000o\000f\000\040\000t\000h\000e\000\040\000C\000o\000u\000p\000l\000e\000d\000\040\000F\000l\000o\000w}{}% 33
\BOOKMARK [2][-]{subsection.11.1}{\376\377\000S\000h\000o\000r\000t\000-\000T\000i\000m\000e\000\040\000E\000x\000i\000s\000t\000e\000n\000c\000e}{section.11}% 34
\BOOKMARK [2][-]{subsection.11.2}{\376\377\000L\000o\000n\000g\000-\000T\000i\000m\000e\000\040\000B\000e\000h\000a\000v\000i\000o\000r}{section.11}% 35
\BOOKMARK [2][-]{subsection.11.3}{\376\377\000A\000r\000e\000a\000\040\000B\000o\000u\000n\000d\000\040\000f\000r\000o\000m\000\040\000t\000h\000e\000\040\000F\000l\000o\000w}{section.11}% 36
\BOOKMARK [1][-]{section.12}{\376\377\000T\000h\000e\000\040\000C\000r\000i\000t\000i\000c\000a\000l\000\040\000G\000a\000p\000:\000\040\000T\000r\000a\000p\000p\000e\000d\000\040\000S\000u\000r\000f\000a\000c\000e\000\040\000t\000o\000\040\000M\000O\000T\000S}{}% 37
\BOOKMARK [2][-]{subsection.12.1}{\376\377\000R\000e\000m\000a\000i\000n\000i\000n\000g\000\040\000P\000r\000o\000b\000l\000e\000m}{section.12}% 38
\BOOKMARK [2][-]{subsection.12.2}{\376\377\000T\000h\000e\000\040\000I\000n\000w\000a\000r\000d\000\040\000F\000l\000o\000w\000\040\000A\000p\000p\000r\000o\000a\000c\000h}{section.12}% 39
\BOOKMARK [2][-]{subsection.12.3}{\376\377\000T\000h\000e\000\040\000`\000`\000W\000r\000o\000n\000g\000\040\000D\000i\000r\000e\000c\000t\000i\000o\000n\000'\000'\000\040\000P\000r\000o\000b\000l\000e\000m}{section.12}% 40
\BOOKMARK [1][-]{section.13}{\376\377\000P\000o\000t\000e\000n\000t\000i\000a\000l\000\040\000R\000e\000s\000o\000l\000u\000t\000i\000o\000n\000:\000\040\000G\000e\000n\000e\000r\000a\000l\000i\000z\000e\000d\000\040\000C\000o\000m\000p\000a\000r\000i\000s\000o\000n}{}% 41
\BOOKMARK [2][-]{subsection.13.1}{\376\377\000T\000h\000e\000\040\000R\000e\000n\000o\000r\000m\000a\000l\000i\000z\000e\000d\000\040\000Q\000u\000a\000n\000t\000i\000t\000y}{section.13}% 42
\BOOKMARK [1][-]{section.14}{\376\377\000S\000u\000m\000m\000a\000r\000y\000\040\000a\000n\000d\000\040\000S\000t\000a\000t\000u\000s}{}% 43
\BOOKMARK [2][-]{subsection.14.1}{\376\377\000W\000h\000a\000t\000\040\000W\000e\000\040\000C\000a\000n\000\040\000P\000r\000o\000v\000e}{section.14}% 44
\BOOKMARK [2][-]{subsection.14.2}{\376\377\000W\000h\000a\000t\000\040\000R\000e\000m\000a\000i\000n\000s\000\040\000O\000p\000e\000n}{section.14}% 45
\BOOKMARK [2][-]{subsection.14.3}{\376\377\000T\000h\000e\000\040\000P\000a\000t\000h\000\040\000F\000o\000r\000w\000a\000r\000d}{section.14}% 46
