\BOOKMARK [1][-]{section.1}{\376\377\0001\000.\000\040\000I\000n\000t\000r\000o\000d\000u\000c\000t\000i\000o\000n}{}% 1
\BOOKMARK [2][-]{subsection.1.1}{\376\377\0001\000.\0001\000.\000\040\000M\000a\000i\000n\000\040\000r\000e\000s\000u\000l\000t}{section.1}% 2
\BOOKMARK [2][-]{subsection.1.2}{\376\377\0001\000.\0002\000.\000\040\000T\000h\000e\000\040\000A\000r\000e\000a\000\040\000M\000o\000n\000o\000t\000o\000n\000i\000c\000i\000t\000y\000\040\000T\000h\000e\000o\000r\000e\000m}{section.1}% 3
\BOOKMARK [2][-]{subsection.1.3}{\376\377\0001\000.\0003\000.\000\040\000S\000i\000g\000n\000\040\000c\000o\000n\000v\000e\000n\000t\000i\000o\000n\000s\000\040\000a\000n\000d\000\040\000d\000e\000f\000i\000n\000i\000t\000i\000o\000n\000s}{section.1}% 4
\BOOKMARK [2][-]{subsection.1.4}{\376\377\0001\000.\0004\000.\000\040\000P\000r\000o\000o\000f\000\040\000o\000u\000t\000l\000i\000n\000e}{section.1}% 5
\BOOKMARK [2][-]{subsection.1.5}{\376\377\0001\000.\0005\000.\000\040\000T\000e\000c\000h\000n\000i\000c\000a\000l\000\040\000c\000o\000n\000t\000r\000i\000b\000u\000t\000i\000o\000n\000s}{section.1}% 6
\BOOKMARK [2][-]{subsection.1.6}{\376\377\0001\000.\0006\000.\000\040\000C\000o\000m\000p\000a\000r\000i\000s\000o\000n\000\040\000w\000i\000t\000h\000\040\000p\000r\000i\000o\000r\000\040\000w\000o\000r\000k}{section.1}% 7
\BOOKMARK [2][-]{subsection.1.7}{\376\377\0001\000.\0007\000.\000\040\000P\000r\000e\000l\000i\000m\000i\000n\000a\000r\000i\000e\000s}{section.1}% 8
\BOOKMARK [2][-]{section*.4}{\376\377\000P\000r\000o\000o\000f\000\040\000S\000t\000r\000u\000c\000t\000u\000r\000e}{section.1}% 9
\BOOKMARK [2][-]{subsection.1.8}{\376\377\0001\000.\0008\000.\000\040\000C\000o\000r\000e\000\040\000P\000r\000o\000o\000f\000\040\000S\000u\000m\000m\000a\000r\000y\000\040\000\050\000S\000e\000l\000f\000-\000C\000o\000n\000t\000a\000i\000n\000e\000d\000\051}{section.1}% 10
\BOOKMARK [2][-]{subsection.1.9}{\376\377\0001\000.\0009\000.\000\040\000O\000r\000g\000a\000n\000i\000z\000a\000t\000i\000o\000n}{section.1}% 11
\BOOKMARK [2][-]{subsection.1.10}{\376\377\0001\000.\0001\0000\000.\000\040\000D\000e\000p\000e\000n\000d\000e\000n\000c\000y\000\040\000d\000i\000a\000g\000r\000a\000m}{section.1}% 12
\BOOKMARK [2][-]{section*.5}{\376\377\000N\000o\000t\000a\000t\000i\000o\000n\000\040\000Q\000u\000i\000c\000k\000\040\000R\000e\000f\000e\000r\000e\000n\000c\000e}{section.1}% 13
\BOOKMARK [2][-]{section*.6}{\376\377\000E\000x\000p\000l\000i\000c\000i\000t\000\040\000N\000u\000m\000e\000r\000i\000c\000a\000l\000\040\000B\000o\000u\000n\000d\000s}{section.1}% 14
\BOOKMARK [2][-]{subsection.1.11}{\376\377\0001\000.\0001\0001\000.\000\040\000A\000n\000a\000l\000y\000t\000i\000c\000a\000l\000\040\000d\000i\000f\000f\000i\000c\000u\000l\000t\000i\000e\000s}{section.1}% 15
\BOOKMARK [1][-]{section.2}{\376\377\0002\000.\000\040\000T\000h\000e\000\040\000P\000e\000n\000r\000o\000s\000e\000\040\000C\000o\000n\000j\000e\000c\000t\000u\000r\000e}{}% 16
\BOOKMARK [2][-]{subsection.2.1}{\376\377\0002\000.\0001\000.\000\040\000O\000v\000e\000r\000v\000i\000e\000w\000\040\000o\000f\000\040\000c\000o\000n\000t\000r\000i\000b\000u\000t\000i\000o\000n\000s}{section.2}% 17
\BOOKMARK [2][-]{subsection.2.2}{\376\377\0002\000.\0002\000.\000\040\000G\000l\000o\000b\000a\000l\000\040\000s\000t\000a\000n\000d\000i\000n\000g\000\040\000a\000s\000s\000u\000m\000p\000t\000i\000o\000n\000s}{section.2}% 18
\BOOKMARK [2][-]{subsection.2.3}{\376\377\0002\000.\0003\000.\000\040\000G\000l\000o\000b\000a\000l\000\040\000r\000e\000g\000u\000l\000a\000r\000i\000t\000y\000\040\000f\000r\000a\000m\000e\000w\000o\000r\000k\000\040\000a\000n\000d\000\040\000d\000i\000s\000t\000r\000i\000b\000u\000t\000i\000o\000n\000a\000l\000\040\000c\000u\000r\000v\000a\000t\000u\000r\000e}{section.2}% 19
\BOOKMARK [2][-]{subsection.2.4}{\376\377\0002\000.\0004\000.\000\040\000R\000e\000l\000a\000t\000e\000d\000\040\000w\000o\000r\000k\000\040\000a\000n\000d\000\040\000p\000r\000e\000c\000i\000s\000e\000\040\000d\000i\000f\000f\000e\000r\000e\000n\000t\000i\000a\000t\000i\000o\000n}{section.2}% 20
\BOOKMARK [2][-]{subsection.2.5}{\376\377\0002\000.\0005\000.\000\040\000A\000n\000a\000l\000y\000t\000i\000c\000a\000l\000\040\000F\000r\000a\000m\000e\000w\000o\000r\000k}{section.2}% 21
\BOOKMARK [2][-]{subsection.2.6}{\376\377\0002\000.\0006\000.\000\040\000A\000n\000a\000l\000y\000t\000i\000c\000\040\000I\000n\000t\000e\000r\000f\000a\000c\000e\000s\000\040\000a\000n\000d\000\040\000P\000a\000r\000a\000m\000e\000t\000e\000r\000\040\000D\000e\000f\000i\000n\000i\000t\000i\000o\000n\000s}{section.2}% 22
\BOOKMARK [2][-]{subsection.2.7}{\376\377\0002\000.\0007\000.\000\040\000O\000r\000g\000a\000n\000i\000z\000a\000t\000i\000o\000n\000\040\000o\000f\000\040\000t\000h\000e\000\040\000P\000a\000p\000e\000r}{section.2}% 23
\BOOKMARK [2][-]{subsection.2.8}{\376\377\0002\000.\0008\000.\000\040\000P\000r\000o\000o\000f\000\040\000O\000v\000e\000r\000v\000i\000e\000w}{section.2}% 24
\BOOKMARK [2][-]{subsection.2.9}{\376\377\0002\000.\0009\000.\000\040\000A\000s\000s\000u\000m\000p\000t\000i\000o\000n\000s\000\040\000a\000n\000d\000\040\000d\000e\000p\000e\000n\000d\000e\000n\000c\000i\000e\000s\000\040\000l\000e\000d\000g\000e\000r}{section.2}% 25
\BOOKMARK [2][-]{subsection.2.10}{\376\377\0002\000.\0001\0000\000.\000\040\000V\000i\000s\000u\000a\000l\000\040\000A\000r\000c\000h\000i\000t\000e\000c\000t\000u\000r\000e\000\040\000o\000f\000\040\000t\000h\000e\000\040\000P\000r\000o\000o\000f}{section.2}% 26
\BOOKMARK [2][-]{subsection.2.11}{\376\377\0002\000.\0001\0001\000.\000\040\000C\000o\000m\000p\000o\000n\000e\000n\000t\000\040\000S\000t\000a\000t\000u\000s}{section.2}% 27
\BOOKMARK [2][-]{subsection.2.12}{\376\377\0002\000.\0001\0002\000.\000\040\000D\000e\000f\000i\000n\000i\000t\000i\000o\000n\000s\000\040\000a\000n\000d\000\040\000M\000a\000i\000n\000\040\000T\000h\000e\000o\000r\000e\000m}{section.2}% 28
\BOOKMARK [2][-]{subsection.2.13}{\376\377\0002\000.\0001\0003\000.\000\040\000R\000i\000g\000i\000d\000i\000t\000y\000:\000\040\000e\000q\000u\000a\000l\000i\000t\000y\000\040\000c\000a\000s\000e\000\040\000v\000i\000a\000\040\000A\000M\000O}{section.2}% 29
\BOOKMARK [1][-]{section.3}{\376\377\0003\000.\000\040\000O\000v\000e\000r\000v\000i\000e\000w}{}% 30
\BOOKMARK [2][-]{subsection.3.1}{\376\377\0003\000.\0001\000.\000\040\000O\000u\000t\000l\000i\000n\000e\000\040\000o\000f\000\040\000t\000h\000e\000\040\000P\000r\000o\000o\000f}{section.3}% 31
\BOOKMARK [2][-]{subsection.3.2}{\376\377\0003\000.\0002\000.\000\040\000E\000x\000t\000e\000n\000d\000e\000d\000\040\000P\000r\000o\000o\000f\000\040\000o\000f\000\040\000t\000h\000e\000\040\000P\000e\000n\000r\000o\000s\000e\000\040\000I\000n\000e\000q\000u\000a\000l\000i\000t\000y}{section.3}% 32
\BOOKMARK [2][-]{subsection.3.3}{\376\377\0003\000.\0003\000.\000\040\000O\000v\000e\000r\000v\000i\000e\000w\000\040\000o\000f\000\040\000t\000h\000e\000\040\000T\000e\000c\000h\000n\000i\000c\000a\000l\000\040\000A\000r\000g\000u\000m\000e\000n\000t}{section.3}% 33
\BOOKMARK [1][-]{section.4}{\376\377\0004\000.\000\040\000T\000h\000e\000\040\003\270\040\172\000-\000F\000l\000o\000w\000\040\000M\000e\000t\000h\000o\000d}{}% 34
\BOOKMARK [2][-]{subsection.4.1}{\376\377\0004\000.\0001\000.\000\040\000M\000o\000t\000i\000v\000a\000t\000i\000o\000n\000:\000\040\000T\000h\000e\000\040\000U\000n\000f\000a\000v\000o\000r\000a\000b\000l\000e\000\040\000C\000a\000s\000e\000\040\000P\000r\000o\000b\000l\000e\000m}{section.4}% 35
\BOOKMARK [2][-]{subsection.4.2}{\376\377\0004\000.\0002\000.\000\040\000D\000e\000f\000i\000n\000i\000t\000i\000o\000n\000\040\000a\000n\000d\000\040\000B\000a\000s\000i\000c\000\040\000P\000r\000o\000p\000e\000r\000t\000i\000e\000s}{section.4}% 36
\BOOKMARK [2][-]{subsection.4.3}{\376\377\0004\000.\0003\000.\000\040\000T\000h\000e\000\040\000F\000u\000n\000d\000a\000m\000e\000n\000t\000a\000l\000\040\000A\000r\000e\000a\000\040\000M\000o\000n\000o\000t\000o\000n\000i\000c\000i\000t\000y}{section.4}% 37
\BOOKMARK [2][-]{subsection.4.4}{\376\377\0004\000.\0004\000.\000\040\000L\000o\000n\000g\000-\000T\000i\000m\000e\000\040\000E\000x\000i\000s\000t\000e\000n\000c\000e}{section.4}% 38
\BOOKMARK [2][-]{subsection.4.5}{\376\377\0004\000.\0005\000.\000\040\000V\000e\000r\000i\000f\000i\000c\000a\000t\000i\000o\000n\000\040\000i\000n\000\040\000S\000c\000h\000w\000a\000r\000z\000s\000c\000h\000i\000l\000d\000\040\000S\000p\000a\000c\000e\000t\000i\000m\000e}{section.4}% 39
\BOOKMARK [2][-]{subsection.4.6}{\376\377\0004\000.\0006\000.\000\040\000T\000h\000e\000\040\000S\000l\000i\000c\000e\000\040\000I\000n\000d\000e\000p\000e\000n\000d\000e\000n\000c\000e\000\040\000T\000h\000e\000o\000r\000e\000m}{section.4}% 40
\BOOKMARK [2][-]{subsection.4.7}{\376\377\0004\000.\0007\000.\000\040\000C\000o\000m\000p\000l\000e\000t\000e\000\040\000P\000r\000o\000o\000f\000\040\000S\000t\000r\000a\000t\000e\000g\000y}{section.4}% 41
\BOOKMARK [2][-]{subsection.4.8}{\376\377\0004\000.\0008\000.\000\040\000S\000u\000m\000m\000a\000r\000y\000\040\000a\000n\000d\000\040\000F\000u\000t\000u\000r\000e\000\040\000D\000i\000r\000e\000c\000t\000i\000o\000n\000s}{section.4}% 42
\BOOKMARK [1][-]{section.5}{\376\377\0005\000.\000\040\000T\000h\000e\000\040\000p\000-\000H\000a\000r\000m\000o\000n\000i\000c\000\040\000L\000e\000v\000e\000l\000\040\000S\000e\000t\000\040\000M\000e\000t\000h\000o\000d\000\040\000\050\000A\000M\000O\000\040\000F\000r\000a\000m\000e\000w\000o\000r\000k\000\051}{}% 43
\BOOKMARK [2][-]{subsection.5.1}{\376\377\0005\000.\0001\000.\000\040\000R\000i\000g\000o\000r\000o\000u\000s\000\040\000V\000e\000r\000i\000f\000i\000c\000a\000t\000i\000o\000n\000\040\000o\000f\000\040\000A\000M\000O\000\040\000H\000y\000p\000o\000t\000h\000e\000s\000e\000s\000\040\000f\000o\000r\000\040\000J\000a\000n\000g\000\040\000M\000e\000t\000r\000i\000c\000s}{section.5}% 44
\BOOKMARK [2][-]{subsection.5.2}{\376\377\0005\000.\0002\000.\000\040\000M\000o\000s\000c\000o\000\040\000c\000o\000n\000v\000e\000r\000g\000e\000n\000c\000e\000\040\000a\000n\000d\000\040\000a\000r\000e\000a\000\040\000s\000t\000a\000b\000i\000l\000i\000t\000y\000:\000\040\000a\000\040\000s\000u\000m\000m\000a\000r\000y}{section.5}% 45
\BOOKMARK [1][-]{section.6}{\376\377\0006\000.\000\040\000T\000h\000e\000\040\000G\000e\000n\000e\000r\000a\000l\000i\000z\000e\000d\000\040\000J\000a\000n\000g\000\040\000R\000e\000d\000u\000c\000t\000i\000o\000n\000\040\000a\000n\000d\000\040\000A\000n\000a\000l\000y\000t\000i\000c\000a\000l\000\040\000O\000b\000s\000t\000r\000u\000c\000t\000i\000o\000n\000s}{}% 46
\BOOKMARK [2][-]{subsection.6.1}{\376\377\0006\000.\0001\000.\000\040\000L\000o\000c\000k\000h\000a\000r\000t\040\023\000M\000c\000O\000w\000e\000n\000\040\000W\000e\000i\000g\000h\000t\000e\000d\000\040\000S\000o\000b\000o\000l\000e\000v\000\040\000S\000p\000a\000c\000e\000s\000:\000\040\000A\000\040\000D\000e\000t\000a\000i\000l\000e\000d\000\040\000F\000r\000a\000m\000e\000w\000o\000r\000k}{section.6}% 47
\BOOKMARK [2][-]{subsection.6.2}{\376\377\0006\000.\0002\000.\000\040\000T\000h\000e\000\040\000G\000e\000o\000m\000e\000t\000r\000i\000c\000\040\000S\000e\000t\000u\000p\000\040\000o\000f\000\040\000t\000h\000e\000\040\000G\000J\000E}{section.6}% 48
\BOOKMARK [2][-]{subsection.6.3}{\376\377\0006\000.\0003\000.\000\040\000F\000r\000e\000d\000h\000o\000l\000m\000\040\000P\000r\000o\000p\000e\000r\000t\000i\000e\000s\000\040\000o\000n\000\040\000C\000y\000l\000i\000n\000d\000r\000i\000c\000a\000l\000\040\000E\000n\000d\000s}{section.6}% 49
\BOOKMARK [2][-]{subsection.6.4}{\376\377\0006\000.\0004\000.\000\040\000S\000c\000a\000l\000a\000r\000\040\000C\000u\000r\000v\000a\000t\000u\000r\000e\000\040\000I\000d\000e\000n\000t\000i\000t\000y\000\040\000a\000n\000d\000\040\000O\000b\000s\000t\000r\000u\000c\000t\000i\000o\000n\000s}{section.6}% 50
\BOOKMARK [1][-]{section.7}{\376\377\0007\000.\000\040\000A\000n\000a\000l\000y\000s\000i\000s\000\040\000o\000f\000\040\000t\000h\000e\000\040\000S\000i\000n\000g\000u\000l\000a\000r\000\040\000L\000i\000c\000h\000n\000e\000r\000o\000w\000i\000c\000z\000\040\000E\000q\000u\000a\000t\000i\000o\000n\000\040\000a\000n\000d\000\040\000M\000e\000t\000r\000i\000c\000\040\000D\000e\000f\000o\000r\000m\000a\000t\000i\000o\000n}{}% 51
\BOOKMARK [2][-]{subsection.7.1}{\376\377\0007\000.\0001\000.\000\040\000T\000h\000e\000\040\000"\000I\000n\000t\000e\000r\000n\000a\000l\000\040\000C\000o\000r\000n\000e\000r\000"\000\040\000S\000m\000o\000o\000t\000h\000i\000n\000g\000\040\000\050\000M\000i\000a\000o\000\040\000A\000d\000a\000p\000t\000a\000t\000i\000o\000n\000\051}{section.7}% 52
\BOOKMARK [2][-]{subsection.7.2}{\376\377\0007\000.\0002\000.\000\040\000L\000o\000c\000k\000h\000a\000r\000t\040\023\000M\000c\000O\000w\000e\000n\000\040\000F\000r\000e\000d\000h\000o\000l\000m\000\040\000T\000h\000e\000o\000r\000y\000\040\000o\000n\000\040\000C\000y\000l\000i\000n\000d\000r\000i\000c\000a\000l\000\040\000E\000n\000d\000s}{section.7}% 53
\BOOKMARK [2][-]{subsection.7.3}{\376\377\0007\000.\0003\000.\000\040\000T\000h\000e\000\040\000G\000l\000o\000b\000a\000l\000\040\000B\000o\000u\000n\000d\000\040\000v\000i\000a\000\040\000t\000h\000e\000\040\000I\000n\000t\000e\000g\000r\000a\000l\000\040\000M\000e\000t\000h\000o\000d}{section.7}% 54
\BOOKMARK [2][-]{subsection.7.4}{\376\377\0007\000.\0004\000.\000\040\000A\000d\000d\000i\000t\000i\000o\000n\000a\000l\000\040\000c\000l\000a\000r\000i\000f\000i\000c\000a\000t\000i\000o\000n\000s\000\040\000a\000n\000d\000\040\000t\000e\000c\000h\000n\000i\000c\000a\000l\000\040\000l\000e\000m\000m\000a\000s}{section.7}% 55
\BOOKMARK [2][-]{subsection.7.5}{\376\377\0007\000.\0005\000.\000\040\000M\000a\000s\000s\000\040\000C\000o\000n\000t\000i\000n\000u\000i\000t\000y\000\040\000a\000n\000d\000\040\000A\000s\000y\000m\000p\000t\000o\000t\000i\000c\000s}{section.7}% 56
\BOOKMARK [2][-]{subsection.7.6}{\376\377\0007\000.\0006\000.\000\040\000C\000o\000n\000s\000t\000r\000u\000c\000t\000i\000o\000n\000\040\000o\000f\000\040\000t\000h\000e\000\040\000C\000o\000n\000f\000o\000r\000m\000a\000l\000\040\000F\000a\000c\000t\000o\000r}{section.7}% 57
\BOOKMARK [2][-]{subsection.7.7}{\376\377\0007\000.\0007\000.\000\040\000F\000o\000r\000m\000a\000l\000\040\000D\000e\000f\000i\000n\000i\000t\000i\000o\000n\000\040\000o\000f\000\040\000t\000h\000e\000\040\000S\000m\000o\000o\000t\000h\000e\000d\000\040\000M\000a\000n\000i\000f\000o\000l\000d\000\040\000w\000i\000t\000h\000\040\000C\000o\000r\000n\000e\000r\000s}{section.7}% 58
\BOOKMARK [2][-]{subsection.7.8}{\376\377\0007\000.\0008\000.\000\040\000S\000t\000a\000b\000i\000l\000i\000t\000y\000\040\000o\000f\000\040\000t\000h\000e\000\040\000M\000i\000n\000i\000m\000a\000l\000\040\000S\000u\000r\000f\000a\000c\000e}{section.7}% 59
\BOOKMARK [2][-]{subsection.7.9}{\376\377\0007\000.\0009\000.\000\040\000A\000p\000p\000l\000i\000c\000a\000t\000i\000o\000n\000\040\000o\000f\000\040\000t\000h\000e\000\040\000A\000M\000O\000\040\000M\000o\000n\000o\000t\000o\000n\000i\000c\000i\000t\000y}{section.7}% 60
\BOOKMARK [1][-]{section.8}{\376\377\0008\000.\000\040\000S\000y\000n\000t\000h\000e\000s\000i\000s\000:\000\040\000L\000i\000m\000i\000t\000\040\000o\000f\000\040\000I\000n\000e\000q\000u\000a\000l\000i\000t\000i\000e\000s}{}% 61
\BOOKMARK [1][-]{section.9}{\376\377\0009\000.\000\040\000R\000i\000g\000i\000d\000i\000t\000y\000\040\000a\000n\000d\000\040\000t\000h\000e\000\040\000U\000n\000i\000q\000u\000e\000n\000e\000s\000s\000\040\000o\000f\000\040\000S\000c\000h\000w\000a\000r\000z\000s\000c\000h\000i\000l\000d}{}% 62
\BOOKMARK [1][-]{section.10}{\376\377\0001\0000\000.\000\040\000C\000o\000m\000p\000l\000e\000t\000e\000\040\000R\000i\000g\000o\000r\000o\000u\000s\000\040\000P\000r\000o\000o\000f\000:\000\040\000C\000o\000n\000s\000o\000l\000i\000d\000a\000t\000e\000d\000\040\000S\000t\000a\000t\000e\000m\000e\000n\000t}{}% 63
\BOOKMARK [1][-]{section.11}{\376\377\0001\0001\000.\000\040\000I\000n\000d\000e\000x\000\040\000o\000f\000\040\000N\000o\000t\000a\000t\000i\000o\000n}{}% 64
\BOOKMARK [1][-]{section.12}{\376\377\0001\0002\000.\000\040\000C\000o\000n\000c\000l\000u\000s\000i\000o\000n\000\040\000a\000n\000d\000\040\000O\000u\000t\000l\000o\000o\000k}{}% 65
\BOOKMARK [2][-]{subsection.12.1}{\376\377\0001\0002\000.\0001\000.\000\040\000F\000u\000t\000u\000r\000e\000\040\000D\000i\000r\000e\000c\000t\000i\000o\000n\000s}{section.12}% 66
\BOOKMARK [1][-]{appendix.A}{\376\377\000A\000p\000p\000e\000n\000d\000i\000x\000\040\000A\000.\000\040\000G\000l\000o\000b\000a\000l\000\040\000L\000i\000p\000s\000c\000h\000i\000t\000z\000\040\000S\000t\000r\000u\000c\000t\000u\000r\000e\000\040\000o\000f\000\040\000t\000h\000e\000\040\000J\000a\000n\000g\000\040\000M\000e\000t\000r\000i\000c}{}% 67
\BOOKMARK [2][-]{subsection.A.1}{\376\377\000A\000.\0001\000.\000\040\000T\000h\000e\000\040\000C\000y\000l\000i\000n\000d\000r\000i\000c\000a\000l\000\040\000T\000r\000a\000n\000s\000f\000o\000r\000m\000a\000t\000i\000o\000n}{appendix.A}% 68
\BOOKMARK [2][-]{subsection.A.2}{\376\377\000A\000.\0002\000.\000\040\000T\000h\000e\000\040\000R\000e\000g\000u\000l\000a\000r\000i\000z\000e\000d\000\040\000A\000t\000l\000a\000s}{appendix.A}% 69
\BOOKMARK [2][-]{subsection.A.3}{\376\377\000A\000.\0003\000.\000\040\000I\000m\000p\000l\000i\000c\000a\000t\000i\000o\000n\000\040\000f\000o\000r\000\040\000S\000m\000o\000o\000t\000h\000i\000n\000g}{appendix.A}% 70
\BOOKMARK [2][-]{subsection.A.4}{\376\377\000A\000.\0004\000.\000\040\000C\000o\000m\000p\000l\000e\000t\000e\000\040\000C\000o\000o\000r\000d\000i\000n\000a\000t\000e\000\040\000T\000r\000a\000n\000s\000i\000t\000i\000o\000n\000\040\000A\000n\000a\000l\000y\000s\000i\000s}{appendix.A}% 71
\BOOKMARK [1][-]{appendix.B}{\376\377\000A\000p\000p\000e\000n\000d\000i\000x\000\040\000B\000.\000\040\000G\000e\000o\000m\000e\000t\000r\000i\000c\000\040\000M\000e\000a\000s\000u\000r\000e\000\040\000T\000h\000e\000o\000r\000y\000\040\000A\000n\000a\000l\000y\000s\000i\000s\000\040\000o\000f\000\040\000t\000h\000e\000\040\000S\000m\000o\000o\000t\000h\000i\000n\000g}{}% 72
\BOOKMARK [2][-]{subsection.B.1}{\376\377\000B\000.\0001\000.\000\040\000G\000e\000o\000m\000e\000t\000r\000y\000\040\000o\000f\000\040\000t\000h\000e\000\040\000S\000m\000o\000o\000t\000h\000i\000n\000g\000\040\000C\000o\000l\000l\000a\000r}{appendix.B}% 73
\BOOKMARK [2][-]{subsection.B.2}{\376\377\000B\000.\0002\000.\000\040\000U\000n\000i\000f\000o\000r\000m\000\040\000D\000e\000n\000s\000i\000t\000y\000\040\000E\000s\000t\000i\000m\000a\000t\000e\000s}{appendix.B}% 74
\BOOKMARK [2][-]{subsection.B.3}{\376\377\000B\000.\0003\000.\000\040\000I\000s\000o\000p\000e\000r\000i\000m\000e\000t\000r\000i\000c\000\040\000S\000t\000a\000b\000i\000l\000i\000t\000y\000\040\000v\000i\000a\000\040\000Q\000u\000a\000s\000i\000-\000C\000o\000n\000f\000o\000r\000m\000a\000l\000i\000t\000y}{appendix.B}% 75
\BOOKMARK [2][-]{subsection.B.4}{\376\377\000B\000.\0004\000.\000\040\000Q\000u\000a\000n\000t\000i\000t\000a\000t\000i\000v\000e\000\040\000H\000o\000m\000o\000l\000o\000g\000y\000\040\000\050\000T\000h\000e\000\040\000P\000i\000p\000e\000\040\000A\000r\000g\000u\000m\000e\000n\000t\000\051}{appendix.B}% 76
\BOOKMARK [2][-]{subsection.B.5}{\376\377\000B\000.\0005\000.\000\040\000V\000a\000r\000i\000f\000o\000l\000d\000\040\000C\000o\000n\000v\000e\000r\000g\000e\000n\000c\000e\000\040\000a\000n\000d\000\040\000R\000e\000g\000u\000l\000a\000r\000i\000t\000y}{appendix.B}% 77
\BOOKMARK [1][-]{appendix.C}{\376\377\000A\000p\000p\000e\000n\000d\000i\000x\000\040\000C\000.\000\040\000S\000p\000e\000c\000t\000r\000a\000l\000\040\000P\000o\000s\000i\000t\000i\000v\000i\000t\000y\000\040\000a\000n\000d\000\040\000R\000e\000m\000o\000v\000a\000b\000i\000l\000i\000t\000y\000\040\000o\000f\000\040\000S\000i\000n\000g\000u\000l\000a\000r\000i\000t\000i\000e\000s}{}% 78
\BOOKMARK [2][-]{subsection.C.1}{\376\377\000C\000.\0001\000.\000\040\000P\000o\000s\000i\000t\000i\000v\000i\000t\000y\000\040\000o\000f\000\040\000t\000h\000e\000\040\000D\000e\000c\000a\000y\000\040\000R\000a\000t\000e}{appendix.C}% 79
\BOOKMARK [2][-]{subsection.C.2}{\376\377\000C\000.\0002\000.\000\040\000C\000a\000p\000a\000c\000i\000t\000y\000\040\000Z\000e\000r\000o}{appendix.C}% 80
\BOOKMARK [2][-]{subsection.C.3}{\376\377\000C\000.\0003\000.\000\040\000A\000b\000s\000e\000n\000c\000e\000\040\000o\000f\000\040\000G\000h\000o\000s\000t\000\040\000C\000u\000r\000v\000a\000t\000u\000r\000e}{appendix.C}% 81
\BOOKMARK [1][-]{appendix.D}{\376\377\000A\000p\000p\000e\000n\000d\000i\000x\000\040\000D\000.\000\040\000C\000a\000p\000a\000c\000i\000t\000y\000\040\000o\000f\000\040\000S\000i\000n\000g\000u\000l\000a\000r\000i\000t\000i\000e\000s\000\040\000a\000n\000d\000\040\000F\000l\000u\000x\000\040\000E\000s\000t\000i\000m\000a\000t\000e\000s}{}% 82
\BOOKMARK [1][-]{appendix.E}{\376\377\000A\000p\000p\000e\000n\000d\000i\000x\000\040\000E\000.\000\040\000V\000a\000n\000i\000s\000h\000i\000n\000g\000\040\000F\000l\000u\000x\000\040\000a\000t\000\040\000T\000i\000p\000s\000\040\000\050\000C\000o\000r\000r\000e\000c\000t\000i\000o\000n\000\051}{}% 83
\BOOKMARK [1][-]{appendix.F}{\376\377\000A\000p\000p\000e\000n\000d\000i\000x\000\040\000F\000.\000\040\000D\000i\000s\000t\000r\000i\000b\000u\000t\000i\000o\000n\000a\000l\000\040\000I\000d\000e\000n\000t\000i\000t\000i\000e\000s\000\040\000a\000n\000d\000\040\000t\000h\000e\000\040\000B\000o\000c\000h\000n\000e\000r\000\040\000F\000o\000r\000m\000u\000l\000a}{}% 84
\BOOKMARK [2][-]{subsection.F.1}{\376\377\000F\000.\0001\000.\000\040\000C\000o\000m\000p\000l\000e\000t\000e\000\040\000V\000e\000r\000i\000f\000i\000c\000a\000t\000i\000o\000n\000\040\000o\000f\000\040\000C\000N\000V\000\040\000H\000y\000p\000o\000t\000h\000e\000s\000e\000s\000\040\000f\000o\000r\000\040\000C\000r\000i\000t\000i\000c\000a\000l\000\040\000S\000e\000t\000\040\000S\000t\000r\000a\000t\000i\000f\000i\000c\000a\000t\000i\000o\000n}{appendix.F}% 85
\BOOKMARK [1][-]{appendix.G}{\376\377\000A\000p\000p\000e\000n\000d\000i\000x\000\040\000G\000.\000\040\000L\000o\000c\000k\000h\000a\000r\000t\040\023\000M\000c\000O\000w\000e\000n\000\040\000F\000r\000e\000d\000h\000o\000l\000m\000\040\000T\000h\000e\000o\000r\000y\000\040\000o\000n\000\040\000M\000a\000n\000i\000f\000o\000l\000d\000s\000\040\000w\000i\000t\000h\000\040\000E\000n\000d\000s}{}% 86
\BOOKMARK [2][-]{subsection.G.1}{\376\377\000G\000.\0001\000.\000\040\000W\000e\000i\000g\000h\000t\000e\000d\000\040\000S\000o\000b\000o\000l\000e\000v\000\040\000S\000p\000a\000c\000e\000s\000\040\000o\000n\000\040\000t\000h\000e\000\040\000E\000n\000d\000s}{appendix.G}% 87
\BOOKMARK [2][-]{subsection.G.2}{\376\377\000G\000.\0002\000.\000\040\000C\000o\000m\000p\000a\000c\000t\000n\000e\000s\000s\000\040\000o\000f\000\040\000t\000h\000e\000\040\000P\000o\000t\000e\000n\000t\000i\000a\000l\000\040\000T\000e\000r\000m}{appendix.G}% 88
\BOOKMARK [2][-]{subsection.G.3}{\376\377\000G\000.\0003\000.\000\040\000F\000r\000e\000d\000h\000o\000l\000m\000\040\000P\000r\000o\000p\000e\000r\000t\000y\000\040\000a\000n\000d\000\040\000S\000o\000l\000v\000a\000b\000i\000l\000i\000t\000y}{appendix.G}% 89
\BOOKMARK [2][-]{subsection.G.4}{\376\377\000G\000.\0004\000.\000\040\000I\000n\000d\000i\000c\000i\000a\000l\000\040\000R\000o\000o\000t\000s\000\040\000a\000n\000d\000\040\000W\000e\000i\000g\000h\000t\000\040\000C\000h\000o\000i\000c\000e}{appendix.G}% 90
\BOOKMARK [2][-]{subsection.G.5}{\376\377\000G\000.\0005\000.\000\040\000E\000x\000p\000l\000i\000c\000i\000t\000\040\000I\000n\000t\000e\000g\000r\000a\000b\000i\000l\000i\000t\000y\000\040\000V\000e\000r\000i\000f\000i\000c\000a\000t\000i\000o\000n\000\040\000f\000o\000r\000\040\000t\000h\000e\000\040\000S\000o\000u\000r\000c\000e\000\040\000T\000e\000r\000m}{appendix.G}% 91
\BOOKMARK [1][-]{appendix.H}{\376\377\000A\000p\000p\000e\000n\000d\000i\000x\000\040\000H\000.\000\040\000E\000s\000t\000i\000m\000a\000t\000e\000s\000\040\000f\000o\000r\000\040\000t\000h\000e\000\040\000I\000n\000t\000e\000r\000n\000a\000l\000\040\000C\000o\000r\000n\000e\000r\000\040\000S\000m\000o\000o\000t\000h\000i\000n\000g}{}% 92
\BOOKMARK [2][-]{subsection.H.1}{\376\377\000H\000.\0001\000.\000\040\000S\000c\000a\000l\000a\000r\000\040\000C\000u\000r\000v\000a\000t\000u\000r\000e\000\040\000i\000n\000\040\000G\000a\000u\000s\000s\000i\000a\000n\000\040\000N\000o\000r\000m\000a\000l\000\040\000C\000o\000o\000r\000d\000i\000n\000a\000t\000e\000s}{appendix.H}% 93
\BOOKMARK [2][-]{subsection.H.2}{\376\377\000H\000.\0002\000.\000\040\000A\000n\000a\000l\000y\000s\000i\000s\000\040\000o\000f\000\040\000t\000h\000e\000\040\000Q\000u\000a\000d\000r\000a\000t\000i\000c\000\040\000E\000r\000r\000o\000r}{appendix.H}% 94
\BOOKMARK [2][-]{subsection.H.3}{\376\377\000H\000.\0003\000.\000\040\000U\000n\000i\000f\000o\000r\000m\000\040\000i\000s\000o\000p\000e\000r\000i\000m\000e\000t\000r\000i\000c\000\040\000i\000n\000e\000q\000u\000a\000l\000i\000t\000y\000\040\000i\000n\000\040\000t\000h\000e\000\040\000s\000m\000o\000o\000t\000h\000i\000n\000g\000\040\000c\000o\000l\000l\000a\000r}{appendix.H}% 95
\BOOKMARK [2][-]{subsection.H.4}{\376\377\000H\000.\0004\000.\000\040\000E\000x\000p\000l\000i\000c\000i\000t\000\040\000S\000c\000a\000l\000a\000r\000\040\000C\000u\000r\000v\000a\000t\000u\000r\000e\000\040\000E\000x\000p\000a\000n\000s\000i\000o\000n}{appendix.H}% 96
\BOOKMARK [1][-]{appendix.I}{\376\377\000A\000p\000p\000e\000n\000d\000i\000x\000\040\000I\000.\000\040\000D\000e\000r\000i\000v\000a\000t\000i\000o\000n\000\040\000o\000f\000\040\000t\000h\000e\000\040\000B\000r\000a\000y\040\023\000K\000h\000u\000r\000i\000\040\000D\000i\000v\000e\000r\000g\000e\000n\000c\000e\000\040\000I\000d\000e\000n\000t\000i\000t\000y}{}% 97
\BOOKMARK [2][-]{subsection.I.1}{\376\377\000I\000.\0001\000.\000\040\000P\000r\000o\000o\000f\000\040\000o\000f\000\040\000t\000h\000e\000\040\000C\000o\000n\000f\000o\000r\000m\000a\000l\000\040\000B\000o\000u\000n\000d\000\040\000p\000h\000i\000\040\000<\000=\000\040\0001}{appendix.I}% 98
\BOOKMARK [1][-]{appendix.J}{\376\377\000A\000p\000p\000e\000n\000d\000i\000x\000\040\000J\000.\000\040\000R\000i\000g\000o\000r\000o\000u\000s\000\040\000S\000c\000a\000l\000a\000r\000\040\000C\000u\000r\000v\000a\000t\000u\000r\000e\000\040\000E\000s\000t\000i\000m\000a\000t\000e\000s\000\040\000f\000o\000r\000\040\000t\000h\000e\000\040\000S\000m\000o\000o\000t\000h\000e\000d\000\040\000M\000e\000t\000r\000i\000c}{}% 99
\BOOKMARK [2][-]{subsection.J.1}{\376\377\000J\000.\0001\000.\000\040\000S\000e\000t\000u\000p\000\040\000a\000n\000d\000\040\000M\000e\000t\000r\000i\000c\000\040\000E\000x\000p\000a\000n\000s\000i\000o\000n}{appendix.J}% 100
\BOOKMARK [2][-]{subsection.J.2}{\376\377\000J\000.\0002\000.\000\040\000E\000x\000p\000l\000i\000c\000i\000t\000\040\000S\000c\000a\000l\000a\000r\000\040\000C\000u\000r\000v\000a\000t\000u\000r\000e\000\040\000E\000x\000p\000a\000n\000s\000i\000o\000n}{appendix.J}% 101
\BOOKMARK [2][-]{subsection.J.3}{\376\377\000J\000.\0003\000.\000\040\000P\000r\000o\000o\000f\000\040\000o\000f\000\040\000t\000h\000e\000\040\000L\000\050\0003\000/\0002\000\051\000\040\000B\000o\000u\000n\000d}{appendix.J}% 102
\BOOKMARK [2][-]{subsection.J.4}{\376\377\000J\000.\0004\000.\000\040\000C\000o\000m\000p\000l\000e\000t\000e\000\040\000F\000e\000r\000m\000i\000\040\000C\000o\000o\000r\000d\000i\000n\000a\000t\000e\000\040\000D\000e\000r\000i\000v\000a\000t\000i\000o\000n\000\040\000o\000f\000\040\000C\000o\000l\000l\000a\000r\000\040\000G\000e\000o\000m\000e\000t\000r\000y}{appendix.J}% 103
\BOOKMARK [2][-]{subsection.J.5}{\376\377\000J\000.\0005\000.\000\040\000M\000i\000a\000o\000-\000P\000i\000u\000b\000e\000l\000l\000o\000\040\000T\000e\000c\000h\000n\000i\000q\000u\000e\000:\000\040\000C\000o\000m\000p\000l\000e\000t\000e\000\040\000T\000e\000c\000h\000n\000i\000c\000a\000l\000\040\000D\000e\000t\000a\000i\000l\000s}{appendix.J}% 104
\BOOKMARK [1][-]{appendix.K}{\376\377\000A\000p\000p\000e\000n\000d\000i\000x\000\040\000K\000.\000\040\000T\000h\000e\000\040\000M\000a\000r\000g\000i\000n\000a\000l\000l\000y\000\040\000T\000r\000a\000p\000p\000e\000d\000\040\000L\000i\000m\000i\000t\000\040\000a\000n\000d\000\040\000F\000l\000u\000x\000\040\000C\000a\000n\000c\000e\000l\000l\000a\000t\000i\000o\000n}{}% 105
\BOOKMARK [1][-]{section*.45}{\376\377\000D\000e\000c\000l\000a\000r\000a\000t\000i\000o\000n\000s}{}% 106
\BOOKMARK [1][-]{appendix.L}{\376\377\000A\000p\000p\000e\000n\000d\000i\000x\000\040\000L\000.\000\040\000M\000o\000s\000c\000o\000\040\000C\000o\000n\000v\000e\000r\000g\000e\000n\000c\000e\000\040\000o\000f\000\040\000p\000-\000E\000n\000e\000r\000g\000i\000e\000s}{}% 107
\BOOKMARK [2][-]{subsection.L.1}{\376\377\000L\000.\0001\000.\000\040\000S\000e\000t\000u\000p\000\040\000a\000n\000d\000\040\000D\000e\000f\000i\000n\000i\000t\000i\000o\000n\000s}{appendix.L}% 108
\BOOKMARK [2][-]{subsection.L.2}{\376\377\000L\000.\0002\000.\000\040\000C\000o\000n\000v\000e\000r\000g\000e\000n\000c\000e\000\040\000o\000f\000\040\000C\000a\000p\000a\000c\000i\000t\000a\000r\000y\000\040\000P\000o\000t\000e\000n\000t\000i\000a\000l\000s}{appendix.L}% 109
\BOOKMARK [1][-]{appendix.M}{\376\377\000A\000p\000p\000e\000n\000d\000i\000x\000\040\000M\000.\000\040\000D\000i\000s\000t\000r\000i\000b\000u\000t\000i\000o\000n\000a\000l\000\040\000B\000o\000c\000h\000n\000e\000r\000\040\000I\000d\000e\000n\000t\000i\000t\000y\000\040\000w\000i\000t\000h\000\040\000M\000e\000a\000s\000u\000r\000e\000-\000V\000a\000l\000u\000e\000d\000\040\000C\000u\000r\000v\000a\000t\000u\000r\000e}{}% 110
\BOOKMARK [2][-]{subsection.M.1}{\376\377\000M\000.\0001\000.\000\040\000S\000e\000t\000u\000p\000\040\000a\000n\000d\000\040\000P\000r\000e\000l\000i\000m\000i\000n\000a\000r\000i\000e\000s}{appendix.M}% 111
\BOOKMARK [2][-]{subsection.M.2}{\376\377\000M\000.\0002\000.\000\040\000T\000h\000e\000\040\000W\000e\000i\000g\000h\000t\000e\000d\000\040\000B\000o\000c\000h\000n\000e\000r\000\040\000I\000d\000e\000n\000t\000i\000t\000y}{appendix.M}% 112
\BOOKMARK [2][-]{subsection.M.3}{\376\377\000M\000.\0003\000.\000\040\000E\000x\000t\000e\000n\000s\000i\000o\000n\000\040\000t\000o\000\040\000L\000i\000p\000s\000c\000h\000i\000t\000z\000\040\000M\000e\000t\000r\000i\000c\000s}{appendix.M}% 113
\BOOKMARK [2][-]{subsection.M.4}{\376\377\000M\000.\0004\000.\000\040\000A\000p\000p\000l\000i\000c\000a\000t\000i\000o\000n\000\040\000t\000o\000\040\000A\000M\000O\000\040\000M\000o\000n\000o\000t\000o\000n\000i\000c\000i\000t\000y}{appendix.M}% 114
\BOOKMARK [1][-]{appendix.N}{\376\377\000A\000p\000p\000e\000n\000d\000i\000x\000\040\000N\000.\000\040\000W\000e\000a\000k\000\040\000I\000n\000v\000e\000r\000s\000e\000\040\000M\000e\000a\000n\000\040\000C\000u\000r\000v\000a\000t\000u\000r\000e\000\040\000F\000l\000o\000w\000\040\000a\000n\000d\000\040\000H\000a\000w\000k\000i\000n\000g\000\040\000M\000a\000s\000s\000\040\000M\000o\000n\000o\000t\000o\000n\000i\000c\000i\000t\000y}{}% 115
\BOOKMARK [2][-]{subsection.N.1}{\376\377\000N\000.\0001\000.\000\040\000L\000e\000v\000e\000l\000\040\000S\000e\000t\000\040\000F\000o\000r\000m\000u\000l\000a\000t\000i\000o\000n}{appendix.N}% 116
\BOOKMARK [2][-]{subsection.N.2}{\376\377\000N\000.\0002\000.\000\040\000E\000x\000i\000s\000t\000e\000n\000c\000e\000\040\000v\000i\000a\000\040\000p\000-\000R\000e\000g\000u\000l\000a\000r\000i\000z\000a\000t\000i\000o\000n}{appendix.N}% 117
\BOOKMARK [2][-]{subsection.N.3}{\376\377\000N\000.\0003\000.\000\040\000H\000a\000w\000k\000i\000n\000g\000\040\000M\000a\000s\000s\000\040\000M\000o\000n\000o\000t\000o\000n\000i\000c\000i\000t\000y\000\040\000u\000n\000d\000e\000r\000\040\000D\000E\000C}{appendix.N}% 118
\BOOKMARK [2][-]{subsection.N.4}{\376\377\000N\000.\0004\000.\000\040\000L\000i\000m\000i\000t\000\040\000a\000t\000\040\000I\000n\000f\000i\000n\000i\000t\000y}{appendix.N}% 119
\BOOKMARK [1][-]{appendix.O}{\376\377\000A\000p\000p\000e\000n\000d\000i\000x\000\040\000O\000.\000\040\000O\000p\000t\000i\000m\000a\000l\000\040\000T\000r\000a\000n\000s\000p\000o\000r\000t\000\040\000I\000d\000e\000n\000t\000i\000f\000i\000c\000a\000t\000i\000o\000n\000\040\000o\000f\000\040\000A\000D\000M\000\040\000M\000a\000s\000s}{}% 120
\BOOKMARK [2][-]{subsection.O.1}{\376\377\000O\000.\0001\000.\000\040\000W\000a\000s\000s\000e\000r\000s\000t\000e\000i\000n\000\040\000D\000i\000s\000t\000a\000n\000c\000e\000\040\000a\000n\000d\000\040\000M\000a\000s\000s}{appendix.O}% 121
\BOOKMARK [2][-]{subsection.O.2}{\376\377\000O\000.\0002\000.\000\040\000A\000p\000p\000l\000i\000c\000a\000t\000i\000o\000n\000\040\000t\000o\000\040\000P\000e\000n\000r\000o\000s\000e\000\040\000I\000n\000e\000q\000u\000a\000l\000i\000t\000y}{appendix.O}% 122
\BOOKMARK [1][-]{appendix.P}{\376\377\000A\000p\000p\000e\000n\000d\000i\000x\000\040\000P\000.\000\040\000W\000o\000r\000k\000e\000d\000\040\000E\000x\000a\000m\000p\000l\000e\000:\000\040\000S\000c\000h\000w\000a\000r\000z\000s\000c\000h\000i\000l\000d\000\040\000I\000n\000i\000t\000i\000a\000l\000\040\000D\000a\000t\000a}{}% 123
\BOOKMARK [2][-]{subsection.P.1}{\376\377\000P\000.\0001\000.\000\040\000S\000e\000t\000u\000p}{appendix.P}% 124
\BOOKMARK [2][-]{subsection.P.2}{\376\377\000P\000.\0002\000.\000\040\000S\000t\000e\000p\000\040\0001\000:\000\040\000G\000e\000n\000e\000r\000a\000l\000i\000z\000e\000d\000\040\000J\000a\000n\000g\000\040\000E\000q\000u\000a\000t\000i\000o\000n}{appendix.P}% 125
\BOOKMARK [2][-]{subsection.P.3}{\376\377\000P\000.\0003\000.\000\040\000S\000t\000e\000p\000\040\0002\000:\000\040\000T\000h\000e\000\040\000C\000o\000n\000f\000o\000r\000m\000a\000l\000\040\000M\000e\000t\000r\000i\000c}{appendix.P}% 126
\BOOKMARK [2][-]{subsection.P.4}{\376\377\000P\000.\0004\000.\000\040\000S\000t\000e\000p\000\040\0003\000:\000\040\000A\000M\000O\000\040\000p\000-\000H\000a\000r\000m\000o\000n\000i\000c\000\040\000F\000u\000n\000c\000t\000i\000o\000n\000s}{appendix.P}% 127
\BOOKMARK [2][-]{subsection.P.5}{\376\377\000P\000.\0005\000.\000\040\000S\000t\000e\000p\000\040\0004\000:\000\040\000H\000a\000w\000k\000i\000n\000g\000\040\000M\000a\000s\000s\000\040\000C\000o\000m\000p\000u\000t\000a\000t\000i\000o\000n}{appendix.P}% 128
\BOOKMARK [2][-]{subsection.P.6}{\376\377\000P\000.\0006\000.\000\040\000S\000t\000e\000p\000\040\0005\000:\000\040\000T\000h\000e\000\040\000D\000o\000u\000b\000l\000e\000\040\000L\000i\000m\000i\000t}{appendix.P}% 129
\BOOKMARK [2][-]{subsection.P.7}{\376\377\000P\000.\0007\000.\000\040\000E\000x\000p\000l\000i\000c\000i\000t\000\040\000V\000e\000r\000i\000f\000i\000c\000a\000t\000i\000o\000n\000\040\000o\000f\000\040\000I\000n\000e\000q\000u\000a\000l\000i\000t\000y\000\040\000S\000a\000t\000u\000r\000a\000t\000i\000o\000n}{appendix.P}% 130
\BOOKMARK [2][-]{subsection.P.8}{\376\377\000P\000.\0008\000.\000\040\000V\000e\000r\000i\000f\000i\000c\000a\000t\000i\000o\000n\000\040\000S\000u\000m\000m\000a\000r\000y}{appendix.P}% 131
\BOOKMARK [1][-]{appendix.Q}{\376\377\000A\000p\000p\000e\000n\000d\000i\000x\000\040\000Q\000.\000\040\000C\000o\000m\000p\000l\000e\000t\000e\000\040\000R\000i\000g\000o\000r\000o\000u\000s\000\040\000M\000a\000t\000h\000e\000m\000a\000t\000i\000c\000a\000l\000\040\000D\000e\000r\000i\000v\000a\000t\000i\000o\000n\000s}{}% 132
\BOOKMARK [2][-]{subsection.Q.1}{\376\377\000Q\000.\0001\000.\000\040\000R\000i\000g\000o\000r\000o\000u\000s\000\040\000D\000e\000r\000i\000v\000a\000t\000i\000o\000n\000\040\000o\000f\000\040\000t\000h\000e\000\040\000M\000e\000a\000n\000\040\000C\000u\000r\000v\000a\000t\000u\000r\000e\000\040\000J\000u\000m\000p\000\040\000F\000o\000r\000m\000u\000l\000a}{appendix.Q}% 133
\BOOKMARK [2][-]{subsection.Q.2}{\376\377\000Q\000.\0002\000.\000\040\000R\000i\000g\000o\000r\000o\000u\000s\000\040\000D\000e\000r\000i\000v\000a\000t\000i\000o\000n\000\040\000o\000f\000\040\000t\000h\000e\000\040\000C\000o\000n\000f\000o\000r\000m\000a\000l\000\040\000B\000o\000u\000n\000d\000\040\000p\000h\000i\000\040\000<\000=\000\040\0001}{appendix.Q}% 134
\BOOKMARK [2][-]{subsection.Q.3}{\376\377\000Q\000.\0003\000.\000\040\000R\000i\000g\000o\000r\000o\000u\000s\000\040\000D\000e\000r\000i\000v\000a\000t\000i\000o\000n\000\040\000o\000f\000\040\000t\000h\000e\000\040\000D\000o\000u\000b\000l\000e\000\040\000L\000i\000m\000i\000t\000\040\000I\000n\000t\000e\000r\000c\000h\000a\000n\000g\000e}{appendix.Q}% 135
\BOOKMARK [2][-]{subsection.Q.4}{\376\377\000Q\000.\0004\000.\000\040\000R\000i\000g\000o\000r\000o\000u\000s\000\040\000D\000e\000r\000i\000v\000a\000t\000i\000o\000n\000\040\000o\000f\000\040\000t\000h\000e\000\040\000D\000i\000s\000t\000r\000i\000b\000u\000t\000i\000o\000n\000a\000l\000\040\000B\000o\000c\000h\000n\000e\000r\000\040\000I\000n\000e\000q\000u\000a\000l\000i\000t\000y}{appendix.Q}% 136
\BOOKMARK [2][-]{subsection.Q.5}{\376\377\000Q\000.\0005\000.\000\040\000S\000u\000m\000m\000a\000r\000y\000\040\000o\000f\000\040\000R\000i\000g\000o\000r\000o\000u\000s\000\040\000D\000e\000r\000i\000v\000a\000t\000i\000o\000n\000s}{appendix.Q}% 137
\BOOKMARK [2][-]{subsection.Q.6}{\376\377\000Q\000.\0006\000.\000\040\000F\000i\000n\000a\000l\000\040\000C\000o\000n\000s\000o\000l\000i\000d\000a\000t\000e\000d\000\040\000P\000r\000o\000o\000f\000:\000\040\000T\000h\000e\000\040\000S\000p\000a\000c\000e\000t\000i\000m\000e\000\040\000P\000e\000n\000r\000o\000s\000e\000\040\000I\000n\000e\000q\000u\000a\000l\000i\000t\000y}{appendix.Q}% 138
\BOOKMARK [2][-]{subsection.Q.7}{\376\377\000Q\000.\0007\000.\000\040\000R\000i\000g\000o\000r\000o\000u\000s\000\040\000P\000r\000o\000o\000f\000\040\000o\000f\000\040\000M\000e\000a\000n\000\040\000C\000u\000r\000v\000a\000t\000u\000r\000e\000\040\000J\000u\000m\000p\000\040\000P\000o\000s\000i\000t\000i\000v\000i\000t\000y\000\040\000\050\000B\0001\000\051}{appendix.Q}% 139
\BOOKMARK [2][-]{subsection.Q.8}{\376\377\000Q\000.\0008\000.\000\040\000R\000i\000g\000o\000r\000o\000u\000s\000\040\000P\000r\000o\000o\000f\000\040\000o\000f\000\040\000C\000o\000n\000f\000o\000r\000m\000a\000l\000\040\000F\000a\000c\000t\000o\000r\000\040\000B\000o\000u\000n\000d\000\040\000\050\000B\0002\000\051}{appendix.Q}% 140
\BOOKMARK [2][-]{subsection.Q.9}{\376\377\000Q\000.\0009\000.\000\040\000R\000i\000g\000o\000r\000o\000u\000s\000\040\000P\000r\000o\000o\000f\000\040\000o\000f\000\040\000D\000o\000u\000b\000l\000e\000\040\000L\000i\000m\000i\000t\000\040\000I\000n\000t\000e\000r\000c\000h\000a\000n\000g\000e\000\040\000\050\000B\0003\000\051}{appendix.Q}% 141
\BOOKMARK [2][-]{subsection.Q.10}{\376\377\000Q\000.\0001\0000\000.\000\040\000R\000i\000g\000o\000r\000o\000u\000s\000\040\000P\000r\000o\000o\000f\000\040\000o\000f\000\040\000D\000i\000s\000t\000r\000i\000b\000u\000t\000i\000o\000n\000a\000l\000\040\000B\000o\000c\000h\000n\000e\000r\000\040\000I\000n\000e\000q\000u\000a\000l\000i\000t\000y\000\040\000\050\000B\0004\000\051}{appendix.Q}% 142
\BOOKMARK [2][-]{subsection.Q.11}{\376\377\000Q\000.\0001\0001\000.\000\040\000C\000o\000m\000p\000l\000e\000t\000e\000\040\000S\000y\000n\000t\000h\000e\000s\000i\000s\000:\000\040\000T\000h\000e\000\040\000M\000a\000i\000n\000\040\000T\000h\000e\000o\000r\000e\000m}{appendix.Q}% 143
\BOOKMARK [1][-]{section*.46}{\376\377\000A\000c\000k\000n\000o\000w\000l\000e\000d\000g\000m\000e\000n\000t\000s}{}% 144
\BOOKMARK [1][-]{section*.46}{\376\377\000A\000c\000k\000n\000o\000w\000l\000e\000d\000g\000m\000e\000n\000t\000s}{}% 145
\BOOKMARK [1][-]{section*.47}{\376\377\000R\000e\000f\000e\000r\000e\000n\000c\000e\000s}{}% 146
