This is pdfTeX, Version 3.141592653-2.6-1.40.27 (MiKTeX 25.4) (preloaded format=pdflatex 2025.11.16)  10 DEC 2025 11:32
entering extended mode
 restricted \write18 enabled.
 %&-line parsing enabled.
**./paper.tex
(paper.tex
LaTeX2e <2025-11-01>
L3 programming layer <2025-10-24>
(C:\Users\Lenovo\AppData\Local\Programs\MiKTeX\tex/latex/amscls\amsart.cls
Document Class: amsart 2020/05/29 v2.20.6
\linespacing=\dimen148
\normalparindent=\dimen149
\normaltopskip=\skip49
(C:\Users\Lenovo\AppData\Local\Programs\MiKTeX\tex/latex/amsmath\amsmath.sty
Package: amsmath 2025/07/09 v2.17z AMS math features
\@mathmargin=\skip50

For additional information on amsmath, use the `?' option.
(C:\Users\Lenovo\AppData\Local\Programs\MiKTeX\tex/latex/amsmath\amstext.sty
Package: amstext 2024/11/17 v2.01 AMS text

(C:\Users\Lenovo\AppData\Local\Programs\MiKTeX\tex/latex/amsmath\amsgen.sty
File: amsgen.sty 1999/11/30 v2.0 generic functions
\@emptytoks=\toks17
\ex@=\dimen150
))
(C:\Users\Lenovo\AppData\Local\Programs\MiKTeX\tex/latex/amsmath\amsbsy.sty
Package: amsbsy 1999/11/29 v1.2d Bold Symbols
\pmbraise@=\dimen151
)
(C:\Users\Lenovo\AppData\Local\Programs\MiKTeX\tex/latex/amsmath\amsopn.sty
Package: amsopn 2022/04/08 v2.04 operator names
)
\inf@bad=\count275
LaTeX Info: Redefining \frac on input line 233.
\uproot@=\count276
\leftroot@=\count277
LaTeX Info: Redefining \overline on input line 398.
LaTeX Info: Redefining \colon on input line 409.
\classnum@=\count278
\DOTSCASE@=\count279
LaTeX Info: Redefining \ldots on input line 495.
LaTeX Info: Redefining \dots on input line 498.
LaTeX Info: Redefining \cdots on input line 619.
\Mathstrutbox@=\box53
\strutbox@=\box54
LaTeX Info: Redefining \big on input line 721.
LaTeX Info: Redefining \Big on input line 722.
LaTeX Info: Redefining \bigg on input line 723.
LaTeX Info: Redefining \Bigg on input line 724.
\big@size=\dimen152
LaTeX Font Info:    Redeclaring font encoding OML on input line 742.
LaTeX Font Info:    Redeclaring font encoding OMS on input line 743.
\macc@depth=\count280
LaTeX Info: Redefining \bmod on input line 904.
LaTeX Info: Redefining \pmod on input line 909.
LaTeX Info: Redefining \smash on input line 939.
LaTeX Info: Redefining \relbar on input line 969.
LaTeX Info: Redefining \Relbar on input line 970.
\c@MaxMatrixCols=\count281
\dotsspace@=\muskip17
\c@parentequation=\count282
\dspbrk@lvl=\count283
\tag@help=\toks18
\row@=\count284
\column@=\count285
\maxfields@=\count286
\andhelp@=\toks19
\eqnshift@=\dimen153
\alignsep@=\dimen154
\tagshift@=\dimen155
\tagwidth@=\dimen156
\totwidth@=\dimen157
\lineht@=\dimen158
\@envbody=\toks20
\multlinegap=\skip51
\multlinetaggap=\skip52
\mathdisplay@stack=\toks21
LaTeX Info: Redefining \[ on input line 2950.
LaTeX Info: Redefining \] on input line 2951.
)
LaTeX Font Info:    Trying to load font information for U+msa on input line 397
.

(C:\Users\Lenovo\AppData\Local\Programs\MiKTeX\tex/latex/amsfonts\umsa.fd
File: umsa.fd 2013/01/14 v3.01 AMS symbols A
)
(C:\Users\Lenovo\AppData\Local\Programs\MiKTeX\tex/latex/amsfonts\amsfonts.sty
Package: amsfonts 2013/01/14 v3.01 Basic AMSFonts support
\symAMSa=\mathgroup4
\symAMSb=\mathgroup5
LaTeX Font Info:    Redeclaring math symbol \hbar on input line 98.
LaTeX Font Info:    Overwriting math alphabet `\mathfrak' in version `bold'
(Font)                  U/euf/m/n --> U/euf/b/n on input line 106.
)
\copyins=\insert252
\abstractbox=\box55
\listisep=\skip53
\c@part=\count287
\c@section=\count288
\c@subsection=\count289
\c@subsubsection=\count290
\c@paragraph=\count291
\c@subparagraph=\count292
\c@figure=\count293
\c@table=\count294
\abovecaptionskip=\skip54
\belowcaptionskip=\skip55
\captionindent=\dimen159
\thm@style=\toks22
\thm@bodyfont=\toks23
\thm@headfont=\toks24
\thm@notefont=\toks25
\thm@headpunct=\toks26
\thm@preskip=\skip56
\thm@postskip=\skip57
\thm@headsep=\skip58
\dth@everypar=\toks27
)
LaTeX Info: Redefining \markboth on input line 3.
 (C:\Users\Lenovo\AppData\Local\Programs\MiKTeX\tex/latex/amsfonts\amssymb.sty
Package: amssymb 2013/01/14 v3.01 AMS font symbols
)
(C:\Users\Lenovo\AppData\Local\Programs\MiKTeX\tex/latex/mathtools\mathtools.st
y
Package: mathtools 2024/10/04 v1.31 mathematical typesetting tools
 (C:\Users\Lenovo\AppData\Local\Programs\MiKTeX\tex/latex/graphics\keyval.sty
Package: keyval 2022/05/29 v1.15 key=value parser (DPC)
\KV@toks@=\toks28
) (C:\Users\Lenovo\AppData\Local\Programs\MiKTeX\tex/latex/tools\calc.sty
Package: calc 2025/03/01 v4.3b Infix arithmetic (KKT,FJ)
\calc@Acount=\count295
\calc@Bcount=\count296
\calc@Adimen=\dimen160
\calc@Bdimen=\dimen161
\calc@Askip=\skip59
\calc@Bskip=\skip60
LaTeX Info: Redefining \setlength on input line 86.
LaTeX Info: Redefining \addtolength on input line 87.
\calc@Ccount=\count297
\calc@Cskip=\skip61
)
(C:\Users\Lenovo\AppData\Local\Programs\MiKTeX\tex/latex/mathtools\mhsetup.sty
Package: mhsetup 2021/03/18 v1.4 programming setup (MH)
)
\g_MT_multlinerow_int=\count298
\l_MT_multwidth_dim=\dimen162
\origjot=\skip62
\l_MT_shortvdotswithinadjustabove_dim=\dimen163
\l_MT_shortvdotswithinadjustbelow_dim=\dimen164
\l_MT_above_intertext_sep=\dimen165
\l_MT_below_intertext_sep=\dimen166
\l_MT_above_shortintertext_sep=\dimen167
\l_MT_below_shortintertext_sep=\dimen168
\xmathstrut@box=\box56
\xmathstrut@dim=\dimen169
) (C:\Users\Lenovo\AppData\Local\Programs\MiKTeX\tex/latex/base\fontenc.sty
Package: fontenc 2025/07/18 v2.1d Standard LaTeX package
)
(C:\Users\Lenovo\AppData\Local\Programs\MiKTeX\tex/latex/lm\lmodern.sty
Package: lmodern 2015/05/01 v1.6.1 Latin Modern Fonts
LaTeX Font Info:    Overwriting symbol font `operators' in version `normal'
(Font)                  OT1/cmr/m/n --> OT1/lmr/m/n on input line 22.
LaTeX Font Info:    Overwriting symbol font `letters' in version `normal'
(Font)                  OML/cmm/m/it --> OML/lmm/m/it on input line 23.
LaTeX Font Info:    Overwriting symbol font `symbols' in version `normal'
(Font)                  OMS/cmsy/m/n --> OMS/lmsy/m/n on input line 24.
LaTeX Font Info:    Overwriting symbol font `largesymbols' in version `normal'
(Font)                  OMX/cmex/m/n --> OMX/lmex/m/n on input line 25.
LaTeX Font Info:    Overwriting symbol font `operators' in version `bold'
(Font)                  OT1/cmr/bx/n --> OT1/lmr/bx/n on input line 26.
LaTeX Font Info:    Overwriting symbol font `letters' in version `bold'
(Font)                  OML/cmm/b/it --> OML/lmm/b/it on input line 27.
LaTeX Font Info:    Overwriting symbol font `symbols' in version `bold'
(Font)                  OMS/cmsy/b/n --> OMS/lmsy/b/n on input line 28.
LaTeX Font Info:    Overwriting symbol font `largesymbols' in version `bold'
(Font)                  OMX/cmex/m/n --> OMX/lmex/m/n on input line 29.
LaTeX Font Info:    Overwriting math alphabet `\mathbf' in version `normal'
(Font)                  OT1/cmr/bx/n --> OT1/lmr/bx/n on input line 31.
LaTeX Font Info:    Overwriting math alphabet `\mathsf' in version `normal'
(Font)                  OT1/cmss/m/n --> OT1/lmss/m/n on input line 32.
LaTeX Font Info:    Overwriting math alphabet `\mathit' in version `normal'
(Font)                  OT1/cmr/m/it --> OT1/lmr/m/it on input line 33.
LaTeX Font Info:    Overwriting math alphabet `\mathtt' in version `normal'
(Font)                  OT1/cmtt/m/n --> OT1/lmtt/m/n on input line 34.
LaTeX Font Info:    Overwriting math alphabet `\mathbf' in version `bold'
(Font)                  OT1/cmr/bx/n --> OT1/lmr/bx/n on input line 35.
LaTeX Font Info:    Overwriting math alphabet `\mathsf' in version `bold'
(Font)                  OT1/cmss/bx/n --> OT1/lmss/bx/n on input line 36.
LaTeX Font Info:    Overwriting math alphabet `\mathit' in version `bold'
(Font)                  OT1/cmr/bx/it --> OT1/lmr/bx/it on input line 37.
LaTeX Font Info:    Overwriting math alphabet `\mathtt' in version `bold'
(Font)                  OT1/cmtt/m/n --> OT1/lmtt/m/n on input line 38.
)
(C:\Users\Lenovo\AppData\Local\Programs\MiKTeX\tex/latex/microtype\microtype.st
y
Package: microtype 2025/07/09 v3.2b Micro-typographical refinements (RS)

(C:\Users\Lenovo\AppData\Local\Programs\MiKTeX\tex/latex/etoolbox\etoolbox.sty
Package: etoolbox 2025/10/02 v2.5m e-TeX tools for LaTeX (JAW)
\etb@tempcnta=\count299
)
\MT@toks=\toks29
\MT@tempbox=\box57
\MT@count=\count300
LaTeX Info: Redefining \noprotrusionifhmode on input line 1087.
LaTeX Info: Redefining \leftprotrusion on input line 1088.
\MT@prot@toks=\toks30
LaTeX Info: Redefining \rightprotrusion on input line 1107.
LaTeX Info: Redefining \textls on input line 1449.
\MT@outer@kern=\dimen170
LaTeX Info: Redefining \microtypecontext on input line 2053.
LaTeX Info: Redefining \textmicrotypecontext on input line 2070.
\MT@listname@count=\count301

(C:\Users\Lenovo\AppData\Local\Programs\MiKTeX\tex/latex/microtype\microtype-pd
ftex.def
File: microtype-pdftex.def 2025/07/09 v3.2b Definitions specific to pdftex (RS)

LaTeX Info: Redefining \lsstyle on input line 944.
LaTeX Info: Redefining \lslig on input line 944.
\MT@outer@space=\skip63
)
Package microtype Info: Loading configuration file microtype.cfg.

(C:\Users\Lenovo\AppData\Local\Programs\MiKTeX\tex/latex/microtype\microtype.cf
g
File: microtype.cfg 2025/07/09 v3.2b microtype main configuration file (RS)
)
LaTeX Info: Redefining \microtypesetup on input line 3065.
)
(C:\Users\Lenovo\AppData\Local\Programs\MiKTeX\tex/latex/graphics\graphicx.sty
Package: graphicx 2024/12/31 v1.2e Enhanced LaTeX Graphics (DPC,SPQR)

(C:\Users\Lenovo\AppData\Local\Programs\MiKTeX\tex/latex/graphics\graphics.sty
Package: graphics 2024/08/06 v1.4g Standard LaTeX Graphics (DPC,SPQR)

(C:\Users\Lenovo\AppData\Local\Programs\MiKTeX\tex/latex/graphics\trig.sty
Package: trig 2023/12/02 v1.11 sin cos tan (DPC)
)
(C:\Users\Lenovo\AppData\Local\Programs\MiKTeX\tex/latex/graphics-cfg\graphics.
cfg
File: graphics.cfg 2016/06/04 v1.11 sample graphics configuration
)
Package graphics Info: Driver file: pdftex.def on input line 106.

(C:\Users\Lenovo\AppData\Local\Programs\MiKTeX\tex/latex/graphics-def\pdftex.de
f
File: pdftex.def 2025/09/29 v1.2d Graphics/color driver for pdftex
))
\Gin@req@height=\dimen171
\Gin@req@width=\dimen172
)
(C:\Users\Lenovo\AppData\Local\Programs\MiKTeX\tex/latex/booktabs\booktabs.sty
Package: booktabs 2020/01/12 v1.61803398 Publication quality tables
\heavyrulewidth=\dimen173
\lightrulewidth=\dimen174
\cmidrulewidth=\dimen175
\belowrulesep=\dimen176
\belowbottomsep=\dimen177
\aboverulesep=\dimen178
\abovetopsep=\dimen179
\cmidrulesep=\dimen180
\cmidrulekern=\dimen181
\defaultaddspace=\dimen182
\@cmidla=\count302
\@cmidlb=\count303
\@aboverulesep=\dimen183
\@belowrulesep=\dimen184
\@thisruleclass=\count304
\@lastruleclass=\count305
\@thisrulewidth=\dimen185
) (C:\Users\Lenovo\AppData\Local\Programs\MiKTeX\tex/latex/enumitem\enumitem.st
y
Package: enumitem 2025/02/06 v3.11 Customized lists
\labelindent=\skip64
\enit@outerparindent=\dimen186
\enit@toks=\toks31
\enit@inbox=\box58
\enit@count@id=\count306
\enitdp@description=\count307
)
(C:\Users\Lenovo\AppData\Local\Programs\MiKTeX\tex/latex/pgf/frontendlayer\tikz
.sty
(C:\Users\Lenovo\AppData\Local\Programs\MiKTeX\tex/latex/pgf/basiclayer\pgf.sty

(C:\Users\Lenovo\AppData\Local\Programs\MiKTeX\tex/latex/pgf/utilities\pgfrcs.s
ty
(C:\Users\Lenovo\AppData\Local\Programs\MiKTeX\tex/generic/pgf/utilities\pgfuti
l-common.tex
\pgfutil@everybye=\toks32
\pgfutil@tempdima=\dimen187
\pgfutil@tempdimb=\dimen188
)
(C:\Users\Lenovo\AppData\Local\Programs\MiKTeX\tex/generic/pgf/utilities\pgfuti
l-latex.def
\pgfutil@abb=\box59
)
(C:\Users\Lenovo\AppData\Local\Programs\MiKTeX\tex/generic/pgf/utilities\pgfrcs
.code.tex
(C:\Users\Lenovo\AppData\Local\Programs\MiKTeX\tex/generic/pgf\pgf.revision.tex
)
Package: pgfrcs 2025-08-29 v3.1.11a (3.1.11a)
))
Package: pgf 2025-08-29 v3.1.11a (3.1.11a)

(C:\Users\Lenovo\AppData\Local\Programs\MiKTeX\tex/latex/pgf/basiclayer\pgfcore
.sty
(C:\Users\Lenovo\AppData\Local\Programs\MiKTeX\tex/latex/pgf/systemlayer\pgfsys
.sty
(C:\Users\Lenovo\AppData\Local\Programs\MiKTeX\tex/generic/pgf/systemlayer\pgfs
ys.code.tex
Package: pgfsys 2025-08-29 v3.1.11a (3.1.11a)

(C:\Users\Lenovo\AppData\Local\Programs\MiKTeX\tex/generic/pgf/utilities\pgfkey
s.code.tex
\pgfkeys@pathtoks=\toks33
\pgfkeys@temptoks=\toks34

(C:\Users\Lenovo\AppData\Local\Programs\MiKTeX\tex/generic/pgf/utilities\pgfkey
slibraryfiltered.code.tex
\pgfkeys@tmptoks=\toks35
))
\pgf@x=\dimen189
\pgf@y=\dimen190
\pgf@xa=\dimen191
\pgf@ya=\dimen192
\pgf@xb=\dimen193
\pgf@yb=\dimen194
\pgf@xc=\dimen195
\pgf@yc=\dimen196
\pgf@xd=\dimen197
\pgf@yd=\dimen198
\w@pgf@writea=\write3
\r@pgf@reada=\read2
\c@pgf@counta=\count308
\c@pgf@countb=\count309
\c@pgf@countc=\count310
\c@pgf@countd=\count311
\t@pgf@toka=\toks36
\t@pgf@tokb=\toks37
\t@pgf@tokc=\toks38
\pgf@sys@id@count=\count312

(C:\Users\Lenovo\AppData\Local\Programs\MiKTeX\tex/generic/pgf/systemlayer\pgf.
cfg
File: pgf.cfg 2025-08-29 v3.1.11a (3.1.11a)
)
Driver file for pgf: pgfsys-pdftex.def

(C:\Users\Lenovo\AppData\Local\Programs\MiKTeX\tex/generic/pgf/systemlayer\pgfs
ys-pdftex.def
File: pgfsys-pdftex.def 2025-08-29 v3.1.11a (3.1.11a)

(C:\Users\Lenovo\AppData\Local\Programs\MiKTeX\tex/generic/pgf/systemlayer\pgfs
ys-common-pdf.def
File: pgfsys-common-pdf.def 2025-08-29 v3.1.11a (3.1.11a)
)))
(C:\Users\Lenovo\AppData\Local\Programs\MiKTeX\tex/generic/pgf/systemlayer\pgfs
yssoftpath.code.tex
File: pgfsyssoftpath.code.tex 2025-08-29 v3.1.11a (3.1.11a)
\pgfsyssoftpath@smallbuffer@items=\count313
\pgfsyssoftpath@bigbuffer@items=\count314
)
(C:\Users\Lenovo\AppData\Local\Programs\MiKTeX\tex/generic/pgf/systemlayer\pgfs
ysprotocol.code.tex
File: pgfsysprotocol.code.tex 2025-08-29 v3.1.11a (3.1.11a)
))
(C:\Users\Lenovo\AppData\Local\Programs\MiKTeX\tex/latex/xcolor\xcolor.sty
Package: xcolor 2024/09/29 v3.02 LaTeX color extensions (UK)

(C:\Users\Lenovo\AppData\Local\Programs\MiKTeX\tex/latex/graphics-cfg\color.cfg
File: color.cfg 2016/01/02 v1.6 sample color configuration
)
Package xcolor Info: Driver file: pdftex.def on input line 274.

(C:\Users\Lenovo\AppData\Local\Programs\MiKTeX\tex/latex/graphics\mathcolor.ltx
)
Package xcolor Info: Model `cmy' substituted by `cmy0' on input line 1349.
Package xcolor Info: Model `hsb' substituted by `rgb' on input line 1353.
Package xcolor Info: Model `RGB' extended on input line 1365.
Package xcolor Info: Model `HTML' substituted by `rgb' on input line 1367.
Package xcolor Info: Model `Hsb' substituted by `hsb' on input line 1368.
Package xcolor Info: Model `tHsb' substituted by `hsb' on input line 1369.
Package xcolor Info: Model `HSB' substituted by `hsb' on input line 1370.
Package xcolor Info: Model `Gray' substituted by `gray' on input line 1371.
Package xcolor Info: Model `wave' substituted by `hsb' on input line 1372.
)
(C:\Users\Lenovo\AppData\Local\Programs\MiKTeX\tex/generic/pgf/basiclayer\pgfco
re.code.tex
Package: pgfcore 2025-08-29 v3.1.11a (3.1.11a)

(C:\Users\Lenovo\AppData\Local\Programs\MiKTeX\tex/generic/pgf/math\pgfmath.cod
e.tex
(C:\Users\Lenovo\AppData\Local\Programs\MiKTeX\tex/generic/pgf/math\pgfmathutil
.code.tex)
(C:\Users\Lenovo\AppData\Local\Programs\MiKTeX\tex/generic/pgf/math\pgfmathpars
er.code.tex
\pgfmath@dimen=\dimen199
\pgfmath@count=\count315
\pgfmath@box=\box60
\pgfmath@toks=\toks39
\pgfmath@stack@operand=\toks40
\pgfmath@stack@operation=\toks41
)
(C:\Users\Lenovo\AppData\Local\Programs\MiKTeX\tex/generic/pgf/math\pgfmathfunc
tions.code.tex)
(C:\Users\Lenovo\AppData\Local\Programs\MiKTeX\tex/generic/pgf/math\pgfmathfunc
tions.basic.code.tex)
(C:\Users\Lenovo\AppData\Local\Programs\MiKTeX\tex/generic/pgf/math\pgfmathfunc
tions.trigonometric.code.tex)
(C:\Users\Lenovo\AppData\Local\Programs\MiKTeX\tex/generic/pgf/math\pgfmathfunc
tions.random.code.tex)
(C:\Users\Lenovo\AppData\Local\Programs\MiKTeX\tex/generic/pgf/math\pgfmathfunc
tions.comparison.code.tex)
(C:\Users\Lenovo\AppData\Local\Programs\MiKTeX\tex/generic/pgf/math\pgfmathfunc
tions.base.code.tex)
(C:\Users\Lenovo\AppData\Local\Programs\MiKTeX\tex/generic/pgf/math\pgfmathfunc
tions.round.code.tex)
(C:\Users\Lenovo\AppData\Local\Programs\MiKTeX\tex/generic/pgf/math\pgfmathfunc
tions.misc.code.tex)
(C:\Users\Lenovo\AppData\Local\Programs\MiKTeX\tex/generic/pgf/math\pgfmathfunc
tions.integerarithmetics.code.tex)
(C:\Users\Lenovo\AppData\Local\Programs\MiKTeX\tex/generic/pgf/math\pgfmathcalc
.code.tex)
(C:\Users\Lenovo\AppData\Local\Programs\MiKTeX\tex/generic/pgf/math\pgfmathfloa
t.code.tex
\c@pgfmathroundto@lastzeros=\count316
))
(C:\Users\Lenovo\AppData\Local\Programs\MiKTeX\tex/generic/pgf/math\pgfint.code
.tex)
(C:\Users\Lenovo\AppData\Local\Programs\MiKTeX\tex/generic/pgf/basiclayer\pgfco
repoints.code.tex
File: pgfcorepoints.code.tex 2025-08-29 v3.1.11a (3.1.11a)
\pgf@picminx=\dimen256
\pgf@picmaxx=\dimen257
\pgf@picminy=\dimen258
\pgf@picmaxy=\dimen259
\pgf@pathminx=\dimen260
\pgf@pathmaxx=\dimen261
\pgf@pathminy=\dimen262
\pgf@pathmaxy=\dimen263
\pgf@xx=\dimen264
\pgf@xy=\dimen265
\pgf@yx=\dimen266
\pgf@yy=\dimen267
\pgf@zx=\dimen268
\pgf@zy=\dimen269
)
(C:\Users\Lenovo\AppData\Local\Programs\MiKTeX\tex/generic/pgf/basiclayer\pgfco
repathconstruct.code.tex
File: pgfcorepathconstruct.code.tex 2025-08-29 v3.1.11a (3.1.11a)
\pgf@path@lastx=\dimen270
\pgf@path@lasty=\dimen271
)
(C:\Users\Lenovo\AppData\Local\Programs\MiKTeX\tex/generic/pgf/basiclayer\pgfco
repathusage.code.tex
File: pgfcorepathusage.code.tex 2025-08-29 v3.1.11a (3.1.11a)
\pgf@shorten@end@additional=\dimen272
\pgf@shorten@start@additional=\dimen273
)
(C:\Users\Lenovo\AppData\Local\Programs\MiKTeX\tex/generic/pgf/basiclayer\pgfco
rescopes.code.tex
File: pgfcorescopes.code.tex 2025-08-29 v3.1.11a (3.1.11a)
\pgfpic=\box61
\pgf@hbox=\box62
\pgf@layerbox@main=\box63
\pgf@picture@serial@count=\count317
)
(C:\Users\Lenovo\AppData\Local\Programs\MiKTeX\tex/generic/pgf/basiclayer\pgfco
regraphicstate.code.tex
File: pgfcoregraphicstate.code.tex 2025-08-29 v3.1.11a (3.1.11a)
\pgflinewidth=\dimen274
)
(C:\Users\Lenovo\AppData\Local\Programs\MiKTeX\tex/generic/pgf/basiclayer\pgfco
retransformations.code.tex
File: pgfcoretransformations.code.tex 2025-08-29 v3.1.11a (3.1.11a)
\pgf@pt@x=\dimen275
\pgf@pt@y=\dimen276
\pgf@pt@temp=\dimen277
)
(C:\Users\Lenovo\AppData\Local\Programs\MiKTeX\tex/generic/pgf/basiclayer\pgfco
requick.code.tex
File: pgfcorequick.code.tex 2025-08-29 v3.1.11a (3.1.11a)
)
(C:\Users\Lenovo\AppData\Local\Programs\MiKTeX\tex/generic/pgf/basiclayer\pgfco
reobjects.code.tex
File: pgfcoreobjects.code.tex 2025-08-29 v3.1.11a (3.1.11a)
)
(C:\Users\Lenovo\AppData\Local\Programs\MiKTeX\tex/generic/pgf/basiclayer\pgfco
repathprocessing.code.tex
File: pgfcorepathprocessing.code.tex 2025-08-29 v3.1.11a (3.1.11a)
)
(C:\Users\Lenovo\AppData\Local\Programs\MiKTeX\tex/generic/pgf/basiclayer\pgfco
rearrows.code.tex
File: pgfcorearrows.code.tex 2025-08-29 v3.1.11a (3.1.11a)
\pgfarrowsep=\dimen278
)
(C:\Users\Lenovo\AppData\Local\Programs\MiKTeX\tex/generic/pgf/basiclayer\pgfco
reshade.code.tex
File: pgfcoreshade.code.tex 2025-08-29 v3.1.11a (3.1.11a)
\pgf@max=\dimen279
\pgf@sys@shading@range@num=\count318
\pgf@shadingcount=\count319
)
(C:\Users\Lenovo\AppData\Local\Programs\MiKTeX\tex/generic/pgf/basiclayer\pgfco
reimage.code.tex
File: pgfcoreimage.code.tex 2025-08-29 v3.1.11a (3.1.11a)
)
(C:\Users\Lenovo\AppData\Local\Programs\MiKTeX\tex/generic/pgf/basiclayer\pgfco
reexternal.code.tex
File: pgfcoreexternal.code.tex 2025-08-29 v3.1.11a (3.1.11a)
\pgfexternal@startupbox=\box64
)
(C:\Users\Lenovo\AppData\Local\Programs\MiKTeX\tex/generic/pgf/basiclayer\pgfco
relayers.code.tex
File: pgfcorelayers.code.tex 2025-08-29 v3.1.11a (3.1.11a)
)
(C:\Users\Lenovo\AppData\Local\Programs\MiKTeX\tex/generic/pgf/basiclayer\pgfco
retransparency.code.tex
File: pgfcoretransparency.code.tex 2025-08-29 v3.1.11a (3.1.11a)
)
(C:\Users\Lenovo\AppData\Local\Programs\MiKTeX\tex/generic/pgf/basiclayer\pgfco
repatterns.code.tex
File: pgfcorepatterns.code.tex 2025-08-29 v3.1.11a (3.1.11a)
)
(C:\Users\Lenovo\AppData\Local\Programs\MiKTeX\tex/generic/pgf/basiclayer\pgfco
rerdf.code.tex
File: pgfcorerdf.code.tex 2025-08-29 v3.1.11a (3.1.11a)
)))
(C:\Users\Lenovo\AppData\Local\Programs\MiKTeX\tex/generic/pgf/modules\pgfmodul
eshapes.code.tex
File: pgfmoduleshapes.code.tex 2025-08-29 v3.1.11a (3.1.11a)
\pgfnodeparttextbox=\box65
)
(C:\Users\Lenovo\AppData\Local\Programs\MiKTeX\tex/generic/pgf/modules\pgfmodul
eplot.code.tex
File: pgfmoduleplot.code.tex 2025-08-29 v3.1.11a (3.1.11a)
)
(C:\Users\Lenovo\AppData\Local\Programs\MiKTeX\tex/latex/pgf/compatibility\pgfc
omp-version-0-65.sty
Package: pgfcomp-version-0-65 2025-08-29 v3.1.11a (3.1.11a)
\pgf@nodesepstart=\dimen280
\pgf@nodesepend=\dimen281
)
(C:\Users\Lenovo\AppData\Local\Programs\MiKTeX\tex/latex/pgf/compatibility\pgfc
omp-version-1-18.sty
Package: pgfcomp-version-1-18 2025-08-29 v3.1.11a (3.1.11a)
))
(C:\Users\Lenovo\AppData\Local\Programs\MiKTeX\tex/latex/pgf/utilities\pgffor.s
ty
(C:\Users\Lenovo\AppData\Local\Programs\MiKTeX\tex/latex/pgf/utilities\pgfkeys.
sty
(C:\Users\Lenovo\AppData\Local\Programs\MiKTeX\tex/generic/pgf/utilities\pgfkey
s.code.tex))
(C:\Users\Lenovo\AppData\Local\Programs\MiKTeX\tex/latex/pgf/math\pgfmath.sty
(C:\Users\Lenovo\AppData\Local\Programs\MiKTeX\tex/generic/pgf/math\pgfmath.cod
e.tex))
(C:\Users\Lenovo\AppData\Local\Programs\MiKTeX\tex/generic/pgf/utilities\pgffor
.code.tex
Package: pgffor 2025-08-29 v3.1.11a (3.1.11a)
\pgffor@iter=\dimen282
\pgffor@skip=\dimen283
\pgffor@stack=\toks42
\pgffor@toks=\toks43
))
(C:\Users\Lenovo\AppData\Local\Programs\MiKTeX\tex/generic/pgf/frontendlayer/ti
kz\tikz.code.tex
Package: tikz 2025-08-29 v3.1.11a (3.1.11a)

(C:\Users\Lenovo\AppData\Local\Programs\MiKTeX\tex/generic/pgf/libraries\pgflib
raryplothandlers.code.tex
File: pgflibraryplothandlers.code.tex 2025-08-29 v3.1.11a (3.1.11a)
\pgf@plot@mark@count=\count320
\pgfplotmarksize=\dimen284
)
\tikz@lastx=\dimen285
\tikz@lasty=\dimen286
\tikz@lastxsaved=\dimen287
\tikz@lastysaved=\dimen288
\tikz@lastmovetox=\dimen289
\tikz@lastmovetoy=\dimen290
\tikzleveldistance=\dimen291
\tikzsiblingdistance=\dimen292
\tikz@figbox=\box66
\tikz@figbox@bg=\box67
\tikz@tempbox=\box68
\tikz@tempbox@bg=\box69
\tikztreelevel=\count321
\tikznumberofchildren=\count322
\tikznumberofcurrentchild=\count323
\tikz@fig@count=\count324

(C:\Users\Lenovo\AppData\Local\Programs\MiKTeX\tex/generic/pgf/modules\pgfmodul
ematrix.code.tex
File: pgfmodulematrix.code.tex 2025-08-29 v3.1.11a (3.1.11a)
\pgfmatrixcurrentrow=\count325
\pgfmatrixcurrentcolumn=\count326
\pgf@matrix@numberofcolumns=\count327
)
\tikz@expandcount=\count328

(C:\Users\Lenovo\AppData\Local\Programs\MiKTeX\tex/generic/pgf/frontendlayer/ti
kz/libraries\tikzlibrarytopaths.code.tex
File: tikzlibrarytopaths.code.tex 2025-08-29 v3.1.11a (3.1.11a)
)))
(C:\Users\Lenovo\AppData\Local\Programs\MiKTeX\tex/generic/pgf/libraries\pgflib
raryarrows.meta.code.tex
File: pgflibraryarrows.meta.code.tex 2025-08-29 v3.1.11a (3.1.11a)
\pgfarrowinset=\dimen293
\pgfarrowlength=\dimen294
\pgfarrowwidth=\dimen295
\pgfarrowlinewidth=\dimen296
)
(C:\Users\Lenovo\AppData\Local\Programs\MiKTeX\tex/generic/pgf/frontendlayer/ti
kz/libraries\tikzlibrarycalc.code.tex
File: tikzlibrarycalc.code.tex 2025-08-29 v3.1.11a (3.1.11a)
)
(C:\Users\Lenovo\AppData\Local\Programs\MiKTeX\tex/generic/pgf/frontendlayer/ti
kz/libraries\tikzlibrarypositioning.code.tex
File: tikzlibrarypositioning.code.tex 2025-08-29 v3.1.11a (3.1.11a)
)
(C:\Users\Lenovo\AppData\Local\Programs\MiKTeX\tex/latex/tikz-cd\tikz-cd.sty
Package: tikz-cd 2021/05/04 v1.0 Commutative diagrams with TikZ

(C:\Users\Lenovo\AppData\Local\Programs\MiKTeX\tex/latex/tikz-cd\tikzlibrarycd.
code.tex
(C:\Users\Lenovo\AppData\Local\Programs\MiKTeX\tex/generic/pgf/frontendlayer/ti
kz/libraries\tikzlibrarymatrix.code.tex
File: tikzlibrarymatrix.code.tex 2025-08-29 v3.1.11a (3.1.11a)
)
(C:\Users\Lenovo\AppData\Local\Programs\MiKTeX\tex/generic/pgf/frontendlayer/ti
kz/libraries\tikzlibraryquotes.code.tex
File: tikzlibraryquotes.code.tex 2025-08-29 v3.1.11a (3.1.11a)
)))
(C:\Users\Lenovo\AppData\Local\Programs\MiKTeX\tex/latex/mdframed\mdframed.sty
Package: mdframed 2013/07/01 1.9b: mdframed

(C:\Users\Lenovo\AppData\Local\Programs\MiKTeX\tex/latex/kvoptions\kvoptions.st
y
Package: kvoptions 2022-06-15 v3.15 Key value format for package options (HO)

(C:\Users\Lenovo\AppData\Local\Programs\MiKTeX\tex/generic/ltxcmds\ltxcmds.sty
Package: ltxcmds 2023-12-04 v1.26 LaTeX kernel commands for general use (HO)
)
(C:\Users\Lenovo\AppData\Local\Programs\MiKTeX\tex/latex/kvsetkeys\kvsetkeys.st
y
Package: kvsetkeys 2022-10-05 v1.19 Key value parser (HO)
))
(C:\Users\Lenovo\AppData\Local\Programs\MiKTeX\tex/latex/l3packages/xparse\xpar
se.sty
(C:\Users\Lenovo\AppData\Local\Programs\MiKTeX\tex/latex/l3kernel\expl3.sty
Package: expl3 2025-10-24 L3 programming layer (loader) 

(C:\Users\Lenovo\AppData\Local\Programs\MiKTeX\tex/latex/l3backend\l3backend-pd
ftex.def
File: l3backend-pdftex.def 2025-10-09 L3 backend support: PDF output (pdfTeX)
\l__color_backend_stack_int=\count329
))
Package: xparse 2025-10-09 L3 Experimental document command parser
)
(C:\Users\Lenovo\AppData\Local\Programs\MiKTeX\tex/latex/zref\zref-abspage.sty
Package: zref-abspage 2025-06-08 v2.36 Module abspage for zref (HO)

(C:\Users\Lenovo\AppData\Local\Programs\MiKTeX\tex/latex/zref\zref-base.sty
Package: zref-base 2025-06-08 v2.36 Module base for zref (HO)

(C:\Users\Lenovo\AppData\Local\Programs\MiKTeX\tex/generic/infwarerr\infwarerr.
sty
Package: infwarerr 2019/12/03 v1.5 Providing info/warning/error messages (HO)
)
(C:\Users\Lenovo\AppData\Local\Programs\MiKTeX\tex/generic/kvdefinekeys\kvdefin
ekeys.sty
Package: kvdefinekeys 2019-12-19 v1.6 Define keys (HO)
)
(C:\Users\Lenovo\AppData\Local\Programs\MiKTeX\tex/generic/pdftexcmds\pdftexcmd
s.sty
Package: pdftexcmds 2020-06-27 v0.33 Utility functions of pdfTeX for LuaTeX (HO
)

(C:\Users\Lenovo\AppData\Local\Programs\MiKTeX\tex/generic/iftex\iftex.sty
Package: iftex 2024/12/12 v1.0g TeX engine tests
)
Package pdftexcmds Info: \pdf@primitive is available.
Package pdftexcmds Info: \pdf@ifprimitive is available.
Package pdftexcmds Info: \pdfdraftmode found.
)
(C:\Users\Lenovo\AppData\Local\Programs\MiKTeX\tex/generic/etexcmds\etexcmds.st
y
Package: etexcmds 2019/12/15 v1.7 Avoid name clashes with e-TeX commands (HO)
) (C:\Users\Lenovo\AppData\Local\Programs\MiKTeX\tex/latex/auxhook\auxhook.sty
Package: auxhook 2019-12-17 v1.6 Hooks for auxiliary files (HO)
)
Package zref Info: New property list: main on input line 767.
Package zref Info: New property: default on input line 768.
Package zref Info: New property: page on input line 769.
)
\c@abspage=\count330
Package zref Info: New property: abspage on input line 67.
)
(C:\Users\Lenovo\AppData\Local\Programs\MiKTeX\tex/latex/needspace\needspace.st
y
Package: needspace 2025/03/13 v1.3e reserve vertical space
)
\mdf@templength=\skip65
\c@mdf@globalstyle@cnt=\count331
\mdf@skipabove@length=\skip66
\mdf@skipbelow@length=\skip67
\mdf@leftmargin@length=\skip68
\mdf@rightmargin@length=\skip69
\mdf@innerleftmargin@length=\skip70
\mdf@innerrightmargin@length=\skip71
\mdf@innertopmargin@length=\skip72
\mdf@innerbottommargin@length=\skip73
\mdf@splittopskip@length=\skip74
\mdf@splitbottomskip@length=\skip75
\mdf@outermargin@length=\skip76
\mdf@innermargin@length=\skip77
\mdf@linewidth@length=\skip78
\mdf@innerlinewidth@length=\skip79
\mdf@middlelinewidth@length=\skip80
\mdf@outerlinewidth@length=\skip81
\mdf@roundcorner@length=\skip82
\mdf@footenotedistance@length=\skip83
\mdf@userdefinedwidth@length=\skip84
\mdf@needspace@length=\skip85
\mdf@frametitleaboveskip@length=\skip86
\mdf@frametitlebelowskip@length=\skip87
\mdf@frametitlerulewidth@length=\skip88
\mdf@frametitleleftmargin@length=\skip89
\mdf@frametitlerightmargin@length=\skip90
\mdf@shadowsize@length=\skip91
\mdf@extratopheight@length=\skip92
\mdf@subtitleabovelinewidth@length=\skip93
\mdf@subtitlebelowlinewidth@length=\skip94
\mdf@subtitleaboveskip@length=\skip95
\mdf@subtitlebelowskip@length=\skip96
\mdf@subtitleinneraboveskip@length=\skip97
\mdf@subtitleinnerbelowskip@length=\skip98
\mdf@subsubtitleabovelinewidth@length=\skip99
\mdf@subsubtitlebelowlinewidth@length=\skip100
\mdf@subsubtitleaboveskip@length=\skip101
\mdf@subsubtitlebelowskip@length=\skip102
\mdf@subsubtitleinneraboveskip@length=\skip103
\mdf@subsubtitleinnerbelowskip@length=\skip104

(C:\Users\Lenovo\AppData\Local\Programs\MiKTeX\tex/latex/mdframed\md-frame-0.md
f
File: md-frame-0.mdf 2013/07/01\ 1.9b: md-frame-0
)
\mdf@frametitlebox=\box70
\mdf@footnotebox=\box71
\mdf@splitbox@one=\box72
\mdf@splitbox@two=\box73
\mdf@splitbox@save=\box74
\mdfsplitboxwidth=\skip105
\mdfsplitboxtotalwidth=\skip106
\mdfsplitboxheight=\skip107
\mdfsplitboxdepth=\skip108
\mdfsplitboxtotalheight=\skip109
\mdfframetitleboxwidth=\skip110
\mdfframetitleboxtotalwidth=\skip111
\mdfframetitleboxheight=\skip112
\mdfframetitleboxdepth=\skip113
\mdfframetitleboxtotalheight=\skip114
\mdffootnoteboxwidth=\skip115
\mdffootnoteboxtotalwidth=\skip116
\mdffootnoteboxheight=\skip117
\mdffootnoteboxdepth=\skip118
\mdffootnoteboxtotalheight=\skip119
\mdftotallinewidth=\skip120
\mdfboundingboxwidth=\skip121
\mdfboundingboxtotalwidth=\skip122
\mdfboundingboxheight=\skip123
\mdfboundingboxdepth=\skip124
\mdfboundingboxtotalheight=\skip125
\mdf@freevspace@length=\skip126
\mdf@horizontalwidthofbox@length=\skip127
\mdf@verticalmarginwhole@length=\skip128
\mdf@horizontalspaceofbox=\skip129
\mdfsubtitleheight=\skip130
\mdfsubsubtitleheight=\skip131
\c@mdfcountframes=\count332

****** mdframed patching \endmdf@trivlist

****** -- success******

\mdf@envdepth=\count333
\c@mdf@env@i=\count334
\c@mdf@env@ii=\count335
\c@mdf@zref@counter=\count336
Package zref Info: New property: mdf@pagevalue on input line 895.
)
(C:\Users\Lenovo\AppData\Local\Programs\MiKTeX\tex/latex/hyperref\hyperref.sty
Package: hyperref 2025-07-12 v7.01o Hypertext links for LaTeX

(C:\Users\Lenovo\AppData\Local\Programs\MiKTeX\tex/generic/pdfescape\pdfescape.
sty
Package: pdfescape 2019/12/09 v1.15 Implements pdfTeX's escape features (HO)
)
(C:\Users\Lenovo\AppData\Local\Programs\MiKTeX\tex/latex/hycolor\hycolor.sty
Package: hycolor 2020-01-27 v1.10 Color options for hyperref/bookmark (HO)
)
(C:\Users\Lenovo\AppData\Local\Programs\MiKTeX\tex/latex/hyperref\nameref.sty
Package: nameref 2025-06-21 v2.57 Cross-referencing by name of section

(C:\Users\Lenovo\AppData\Local\Programs\MiKTeX\tex/latex/refcount\refcount.sty
Package: refcount 2019/12/15 v3.6 Data extraction from label references (HO)
)
(C:\Users\Lenovo\AppData\Local\Programs\MiKTeX\tex/generic/gettitlestring\getti
tlestring.sty
Package: gettitlestring 2019/12/15 v1.6 Cleanup title references (HO)
)
\c@section@level=\count337
)
(C:\Users\Lenovo\AppData\Local\Programs\MiKTeX\tex/generic/stringenc\stringenc.
sty
Package: stringenc 2019/11/29 v1.12 Convert strings between diff. encodings (HO
)
)
\@linkdim=\dimen297
\Hy@linkcounter=\count338
\Hy@pagecounter=\count339

(C:\Users\Lenovo\AppData\Local\Programs\MiKTeX\tex/latex/hyperref\pd1enc.def
File: pd1enc.def 2025-07-12 v7.01o Hyperref: PDFDocEncoding definition (HO)
Now handling font encoding PD1 ...
... no UTF-8 mapping file for font encoding PD1
)
(C:\Users\Lenovo\AppData\Local\Programs\MiKTeX\tex/generic/intcalc\intcalc.sty
Package: intcalc 2019/12/15 v1.3 Expandable calculations with integers (HO)
)
\Hy@SavedSpaceFactor=\count340
(C:\Users\Lenovo\AppData\Local\Programs\MiKTeX\tex/latex/hyperref\puenc.def
File: puenc.def 2025-07-12 v7.01o Hyperref: PDF Unicode definition (HO)
Now handling font encoding PU ...
... no UTF-8 mapping file for font encoding PU
)
Package hyperref Info: Hyper figures OFF on input line 4195.
Package hyperref Info: Link nesting OFF on input line 4200.
Package hyperref Info: Hyper index ON on input line 4203.
Package hyperref Info: Plain pages OFF on input line 4210.
Package hyperref Info: Backreferencing OFF on input line 4215.
Package hyperref Info: Implicit mode ON; LaTeX internals redefined.
Package hyperref Info: Bookmarks ON on input line 4462.
\c@Hy@tempcnt=\count341

(C:\Users\Lenovo\AppData\Local\Programs\MiKTeX\tex/latex/url\url.sty
\Urlmuskip=\muskip18
Package: url 2013/09/16  ver 3.4  Verb mode for urls, etc.
)
LaTeX Info: Redefining \url on input line 4801.
\XeTeXLinkMargin=\dimen298

(C:\Users\Lenovo\AppData\Local\Programs\MiKTeX\tex/generic/bitset\bitset.sty
Package: bitset 2019/12/09 v1.3 Handle bit-vector datatype (HO)

(C:\Users\Lenovo\AppData\Local\Programs\MiKTeX\tex/generic/bigintcalc\bigintcal
c.sty
Package: bigintcalc 2019/12/15 v1.5 Expandable calculations on big integers (HO
)
))
\Fld@menulength=\count342
\Field@Width=\dimen299
\Fld@charsize=\dimen300
Package hyperref Info: Hyper figures OFF on input line 6078.
Package hyperref Info: Link nesting OFF on input line 6083.
Package hyperref Info: Hyper index ON on input line 6086.
Package hyperref Info: backreferencing OFF on input line 6093.
Package hyperref Info: Link coloring OFF on input line 6098.
Package hyperref Info: Link coloring with OCG OFF on input line 6103.
Package hyperref Info: PDF/A mode OFF on input line 6108.
\Hy@abspage=\count343
\c@Item=\count344
\c@Hfootnote=\count345
)
Package hyperref Info: Driver (autodetected): hpdftex.

(C:\Users\Lenovo\AppData\Local\Programs\MiKTeX\tex/latex/hyperref\hpdftex.def
File: hpdftex.def 2025-07-12 v7.01o Hyperref driver for pdfTeX
\HyAnn@Count=\count346
\Fld@listcount=\count347
\c@bookmark@seq@number=\count348

(C:\Users\Lenovo\AppData\Local\Programs\MiKTeX\tex/latex/rerunfilecheck\rerunfi
lecheck.sty
Package: rerunfilecheck 2025-06-21 v1.11 Rerun checks for auxiliary files (HO)

(C:\Users\Lenovo\AppData\Local\Programs\MiKTeX\tex/generic/uniquecounter\unique
counter.sty
Package: uniquecounter 2019/12/15 v1.4 Provide unlimited unique counter (HO)
)
Package uniquecounter Info: New unique counter `rerunfilecheck' on input line 2
84.
)
\Hy@SectionHShift=\skip132
)
(C:\Users\Lenovo\AppData\Local\Programs\MiKTeX\tex/latex/cleveref\cleveref.sty
Package: cleveref 2018/03/27 v0.21.4 Intelligent cross-referencing
Package cleveref Info: `hyperref' support loaded on input line 2370.
LaTeX Info: Redefining \cref on input line 2370.
LaTeX Info: Redefining \Cref on input line 2370.
LaTeX Info: Redefining \crefrange on input line 2370.
LaTeX Info: Redefining \Crefrange on input line 2370.
LaTeX Info: Redefining \cpageref on input line 2370.
LaTeX Info: Redefining \Cpageref on input line 2370.
LaTeX Info: Redefining \cpagerefrange on input line 2370.
LaTeX Info: Redefining \Cpagerefrange on input line 2370.
LaTeX Info: Redefining \labelcref on input line 2370.
LaTeX Info: Redefining \labelcpageref on input line 2370.
Package cleveref Info: `amsthm' support loaded on input line 3026.
Package cleveref Info: always capitalise cross-reference names on input line 78
30.
Package cleveref Info: always capitalise cross-reference names on input line 78
52.
)
==> First Aid for cleveref.sty applied!
Package hyperref Info: Option `colorlinks' set `true' on input line 28.
\c@theorem=\count349
LaTeX Font Info:    Trying to load font information for T1+lmr on input line 11
0.
(C:\Users\Lenovo\AppData\Local\Programs\MiKTeX\tex/latex/lm\t1lmr.fd
File: t1lmr.fd 2015/05/01 v1.6.1 Font defs for Latin Modern
)
(paper.aux)
\openout1 = `paper.aux'.

LaTeX Font Info:    Checking defaults for OML/cmm/m/it on input line 110.
LaTeX Font Info:    ... okay on input line 110.
LaTeX Font Info:    Checking defaults for OMS/cmsy/m/n on input line 110.
LaTeX Font Info:    ... okay on input line 110.
LaTeX Font Info:    Checking defaults for OT1/cmr/m/n on input line 110.
LaTeX Font Info:    ... okay on input line 110.
LaTeX Font Info:    Checking defaults for T1/cmr/m/n on input line 110.
LaTeX Font Info:    ... okay on input line 110.
LaTeX Font Info:    Checking defaults for TS1/cmr/m/n on input line 110.
LaTeX Font Info:    ... okay on input line 110.
LaTeX Font Info:    Checking defaults for OMX/cmex/m/n on input line 110.
LaTeX Font Info:    ... okay on input line 110.
LaTeX Font Info:    Checking defaults for U/cmr/m/n on input line 110.
LaTeX Font Info:    ... okay on input line 110.
LaTeX Font Info:    Checking defaults for PD1/pdf/m/n on input line 110.
LaTeX Font Info:    ... okay on input line 110.
LaTeX Font Info:    Checking defaults for PU/pdf/m/n on input line 110.
LaTeX Font Info:    ... okay on input line 110.
LaTeX Font Info:    Trying to load font information for OT1+lmr on input line 1
10.

(C:\Users\Lenovo\AppData\Local\Programs\MiKTeX\tex/latex/lm\ot1lmr.fd
File: ot1lmr.fd 2015/05/01 v1.6.1 Font defs for Latin Modern
)
LaTeX Font Info:    Trying to load font information for OML+lmm on input line 1
10.

(C:\Users\Lenovo\AppData\Local\Programs\MiKTeX\tex/latex/lm\omllmm.fd
File: omllmm.fd 2015/05/01 v1.6.1 Font defs for Latin Modern
)
LaTeX Font Info:    Trying to load font information for OMS+lmsy on input line 
110.

(C:\Users\Lenovo\AppData\Local\Programs\MiKTeX\tex/latex/lm\omslmsy.fd
File: omslmsy.fd 2015/05/01 v1.6.1 Font defs for Latin Modern
)
LaTeX Font Info:    Trying to load font information for OMX+lmex on input line 
110.

(C:\Users\Lenovo\AppData\Local\Programs\MiKTeX\tex/latex/lm\omxlmex.fd
File: omxlmex.fd 2015/05/01 v1.6.1 Font defs for Latin Modern
)
LaTeX Font Info:    External font `lmex10' loaded for size
(Font)              <9> on input line 110.
LaTeX Font Info:    External font `lmex10' loaded for size
(Font)              <6> on input line 110.
LaTeX Font Info:    External font `lmex10' loaded for size
(Font)              <5> on input line 110.
LaTeX Font Info:    Trying to load font information for U+msa on input line 110
.

(C:\Users\Lenovo\AppData\Local\Programs\MiKTeX\tex/latex/amsfonts\umsa.fd
File: umsa.fd 2013/01/14 v3.01 AMS symbols A
)
LaTeX Font Info:    Trying to load font information for U+msb on input line 110
.

(C:\Users\Lenovo\AppData\Local\Programs\MiKTeX\tex/latex/amsfonts\umsb.fd
File: umsb.fd 2013/01/14 v3.01 AMS symbols B
)
LaTeX Info: Redefining \microtypecontext on input line 110.
Package microtype Info: Applying patch `item' on input line 110.
Package microtype Info: Applying patch `toc' on input line 110.
Package microtype Info: Applying patch `eqnum' on input line 110.
Package microtype Info: Applying patch `footnote' on input line 110.
Package microtype Info: Applying patch `verbatim' on input line 110.
LaTeX Info: Redefining \microtypesetup on input line 110.
Package microtype Info: Generating PDF output.
Package microtype Info: Character protrusion enabled (level 2).
Package microtype Info: Using default protrusion set `alltext'.
Package microtype Info: Automatic font expansion enabled (level 2),
(microtype)             stretch: 20, shrink: 20, step: 1, non-selected.
Package microtype Info: Using default expansion set `alltext-nott'.
Package microtype Info: Patching command `\showhyphens'.
Package microtype Info: No adjustment of tracking.
Package microtype Info: No adjustment of interword spacing.
Package microtype Info: No adjustment of character kerning.

(C:\Users\Lenovo\AppData\Local\Programs\MiKTeX\tex/latex/microtype\mt-cmr.cfg
File: mt-cmr.cfg 2013/05/19 v2.2 microtype config. file: Computer Modern Roman 
(RS)
)
(C:\Users\Lenovo\AppData\Local\Programs\MiKTeX\tex/context/base/mkii\supp-pdf.m
kii
[Loading MPS to PDF converter (version 2006.09.02).]
\scratchcounter=\count350
\scratchdimen=\dimen301
\scratchbox=\box75
\nofMPsegments=\count351
\nofMParguments=\count352
\everyMPshowfont=\toks44
\MPscratchCnt=\count353
\MPscratchDim=\dimen302
\MPnumerator=\count354
\makeMPintoPDFobject=\count355
\everyMPtoPDFconversion=\toks45
)
(C:\Users\Lenovo\AppData\Local\Programs\MiKTeX\tex/latex/epstopdf-pkg\epstopdf-
base.sty
Package: epstopdf-base 2020-01-24 v2.11 Base part for package epstopdf

(C:\Users\Lenovo\AppData\Local\Programs\MiKTeX\tex/latex/grfext\grfext.sty
Package: grfext 2019/12/03 v1.3 Manage graphics extensions (HO)
)
Package epstopdf-base Info: Redefining graphics rule for `.eps' on input line 4
85.
Package grfext Info: Graphics extension search list:
(grfext)             [.pdf,.png,.jpg,.mps,.jpeg,.jbig2,.jb2,.PDF,.PNG,.JPG,.JPE
G,.JBIG2,.JB2,.eps]
(grfext)             \AppendGraphicsExtensions on input line 504.

(C:\Users\Lenovo\AppData\Local\Programs\MiKTeX\tex/latex/00miktex\epstopdf-sys.
cfg
File: epstopdf-sys.cfg 2021/03/18 v2.0 Configuration of epstopdf for MiKTeX
))
Package hyperref Info: Link coloring ON on input line 110.
 (paper.out) (paper.out)
\@outlinefile=\write4
\openout4 = `paper.out'.

Package microtype Info: Character `029' is missing
(microtype)             in font `T1/lmr/m/sc/9'.
(microtype)             Ignoring protrusion settings for this character.
Package microtype Info: Character `029' is missing
(microtype)             in font `T1/lmr/m/sc/10.95'.
(microtype)             Ignoring protrusion settings for this character.
 (paper.toc
Underfull \vbox (badness 1389) has occurred while \output is active []

 [1{C:/Users/Lenovo/AppData/Local/MiKTeX/fonts/map/pdftex/pdftex.map}{C:/Users/
Lenovo/AppData/Local/Programs/MiKTeX/fonts/enc/dvips/lm/lm-ec.enc}{C:/Users/Len
ovo/AppData/Local/Programs/MiKTeX/fonts/enc/dvips/lm/lm-mathit.enc}{C:/Users/Le
novo/AppData/Local/Programs/MiKTeX/fonts/enc/dvips/lm/lm-rm.enc}{C:/Users/Lenov
o/AppData/Local/Programs/MiKTeX/fonts/enc/dvips/lm/lm-mathsy.enc}{C:/Users/Leno
vo/AppData/Local/Programs/MiKTeX/fonts/enc/dvips/lm/lm-mathex.enc}]
pdfTeX warning (font expansion): font should be expanded before its first use
LaTeX Font Info:    External font `lmex10' loaded for size
(Font)              <10.95> on input line 52.
LaTeX Font Info:    External font `lmex10' loaded for size
(Font)              <8> on input line 52.
(C:\Users\Lenovo\AppData\Local\Programs\MiKTeX\tex/latex/microtype\mt-msa.cfg
File: mt-msa.cfg 2006/02/04 v1.1 microtype config. file: AMS symbols (a) (RS)
)
(C:\Users\Lenovo\AppData\Local\Programs\MiKTeX\tex/latex/microtype\mt-msb.cfg
File: mt-msb.cfg 2005/06/01 v1.0 microtype config. file: AMS symbols (b) (RS)
)
Underfull \vbox (badness 10000) has occurred while \output is active []

 [2]
Underfull \vbox (badness 10000) has occurred while \output is active []

 [3]
Underfull \vbox (badness 10000) has occurred while \output is active []

 [4])
\tf@toc=\write5
\openout5 = `paper.toc'.


[5] [6]
LaTeX Font Info:    External font `lmex10' loaded for size
(Font)              <10> on input line 229.
LaTeX Font Info:    External font `lmex10' loaded for size
(Font)              <7> on input line 229.

Underfull \hbox (badness 10000) in paragraph at lines 232--232
[]\T1/lmr/m/n/10 (+20) Jang equa-tion ex-is-
 []


Underfull \hbox (badness 2080) in paragraph at lines 235--235
[]$\OT1/lmr/m/n/10 (+20) [\OML/lmm/m/it/10 H\OT1/lmr/m/n/10 (+20) ] \OMS/lmsy/m
/n/10 ^^U \OT1/lmr/m/n/10 (+20) 0$ \T1/lmr/m/n/10 (+20) at sta-ble
 []

[7] [8]
Underfull \vbox (badness 1253) has occurred while \output is active []

 [9]
pdfTeX warning (font expansion): font should be expanded before its first use
[10]
Overfull \hbox (4.22618pt too wide) in paragraph at lines 409--416
 [] 
 []

LaTeX Font Info:    Trying to load font information for T1+lmtt on input line 4
19.
(C:\Users\Lenovo\AppData\Local\Programs\MiKTeX\tex/latex/lm\t1lmtt.fd
File: t1lmtt.fd 2015/05/01 v1.6.1 Font defs for Latin Modern
)
Package microtype Info: Loading generic protrusion settings for font family
(microtype)             `lmtt' (encoding: T1).
(microtype)             For optimal results, create family-specific settings.
(microtype)             See the microtype manual for details.

Overfull \hbox (8.05305pt too wide) in paragraph at lines 422--432
 [] 
 []

[11]
Underfull \hbox (badness 10000) in paragraph at lines 511--511
\T1/lmr/bx/n/10.95 (+20) va-ture jump
 []


Underfull \hbox (badness 4024) in paragraph at lines 511--511
\OT1/lmr/m/n/10.95 (+20) 2[\OML/lmm/m/it/10.95 H\OT1/lmr/m/n/10.95 (+20) ]\OML/
lmm/m/it/10.95 ^^N[]$\T1/lmr/m/n/10.95 (+20) , break-ing mono-
 []


Underfull \hbox (badness 3942) in paragraph at lines 513--513
[]\T1/lmr/bx/n/10.95 (+20) B2: Con-for-
 []


Underfull \hbox (badness 2409) in paragraph at lines 513--513
\T1/lmr/m/n/10.95 (+20) di-ver-gence iden-tity with
 []


Underfull \hbox (badness 10000) in paragraph at lines 513--514
[]\T1/lmr/m/n/10.95 (+20) Bray--Khuri di-ver-gence iden-
 []


Underfull \hbox (badness 10000) in paragraph at lines 513--514
\T1/lmr/m/n/10.95 (+20) tity; trans-mis-sion reg-u-lar-ity
 []


Underfull \hbox (badness 10000) in paragraph at lines 513--514
\T1/lmr/m/n/10.95 (+20) across in-ter-face; Lockhart--
 []


Underfull \hbox (badness 10000) in paragraph at lines 513--514
\T1/lmr/m/n/10.95 (+20) cylin-dri-cal end flux (The-o-
 []


Underfull \hbox (badness 4505) in paragraph at lines 515--515
[]\T1/lmr/bx/n/10.95 (+20) B3: Dou-ble
 []


Underfull \hbox (badness 1540) in paragraph at lines 515--515
\T1/lmr/bx/n/10.95 (+20) limit $\OT1/lmr/m/n/10.95 (+20) (\OML/lmm/m/it/10.95 p
; ^^O\OT1/lmr/m/n/10.95 (+20) ) \OMS/lmsy/m/n/10.95 !
 []


Underfull \hbox (badness 10000) in paragraph at lines 515--515
[]\T1/lmr/m/n/10.95 (+20) AMO method re-quires
 []


Underfull \hbox (badness 10000) in paragraph at lines 517--518
[]\T1/lmr/m/n/10.95 (+20) Establish mono-tonic-ity on
 []


Underfull \hbox (badness 1533) in paragraph at lines 517--518
\T1/lmr/m/n/10.95 (+20) in-te-grated in-equal-ity to limit;
 []


Overfull \hbox (34.19534pt too wide) in paragraph at lines 507--520
 [] 
 []


Underfull \vbox (badness 10000) has occurred while \output is active []

 [12]
[13] [14] [15] [16] [17] [18] [19]
Underfull \vbox (badness 10000) has occurred while \output is active []

 [20]
Underfull \hbox (badness 1052) in paragraph at lines 758--759
[]\T1/lmr/m/it/10.95 (+20) Cohomogeneity-one data: \T1/lmr/m/n/10.95 (+20) Khur
i and Kun-duri [[]] es-tab-
 []

[21]
Underfull \hbox (badness 10000) in paragraph at lines 788--788
[]\T1/lmr/m/n/10.95 (+20) Huisken--Ilmanen
 []


Underfull \hbox (badness 10000) in paragraph at lines 789--789
[]\T1/lmr/m/n/10.95 (+20) (Thm. 1.1,
 []


Underfull \hbox (badness 10000) in paragraph at lines 792--792
[]\T1/lmr/m/n/10.95 (+20) (Thm. 1,
 []


Underfull \hbox (badness 10000) in paragraph at lines 794--794
[]\T1/lmr/m/n/10.95 (+20) Khuri--Kunduri
 []


Overfull \hbox (11.2821pt too wide) in paragraph at lines 794--794
[]\T1/lmr/m/n/10.95 (-20) Cohomogeneity-
 []


Underfull \hbox (badness 10000) in paragraph at lines 797--797
[]\T1/lmr/m/n/10.95 (+20) Kunduri--
 []


Underfull \hbox (badness 10000) in paragraph at lines 797--797
\T1/lmr/m/n/10.95 (+20) Margalef--Muth
 []


Underfull \hbox (badness 10000) in paragraph at lines 798--798
[]\T1/lmr/m/n/10.95 (+20) (Spacetime +
 []


Underfull \hbox (badness 10000) in paragraph at lines 800--800
[]\T1/lmr/m/n/10.95 (+20) Allen--Bryden--
 []


Underfull \hbox (badness 10000) in paragraph at lines 800--801
[]\T1/lmr/m/n/10.95 (+20) Harmonic level
 []


Underfull \hbox (badness 10000) in paragraph at lines 801--801
[]\T1/lmr/m/n/10.95 (+20) (Spacetime,
 []


Underfull \hbox (badness 10000) in paragraph at lines 801--801
[]\T1/lmr/m/n/10.95 (+20) ($\OML/lmm/m/it/10.95 C < \OT1/lmr/m/n/10.95 (+20) 1$
\T1/lmr/m/n/10.95 (+20) ,
 []


Underfull \hbox (badness 2856) in paragraph at lines 803--804
[]\T1/lmr/m/n/10.95 (+20) Han--Khuri GJE
 []


Overfull \hbox (48.50441pt too wide) in paragraph at lines 784--807
 [][] 
 []

[22] [23] [24] [25]
Overfull \hbox (7.20665pt too wide) in paragraph at lines 894--937
 [][] 
 []

[26] [27] [28]
Underfull \vbox (badness 10000) has occurred while \output is active []

 [29]
[30] [31] [32]
Underfull \vbox (badness 10000) has occurred while \output is active []

 [33]
[34] [35]
Underfull \hbox (badness 1917) in paragraph at lines 1264--1265
[]\T1/lmr/bx/n/10.95 (+20) Preprints (as of 2025): \T1/lmr/m/n/10.95 (+20) Alle
n--Bryden--Kazaras--Khuri [[]]
 []


Underfull \vbox (badness 10000) has occurred while \output is active []

 [36]
[37] [38]
Underfull \vbox (badness 10000) has occurred while \output is active []

 [39]
[40] [41] [42] [43] [44] [45] [46] [47] [48] [49] [50] [51]
Overfull \hbox (19.95319pt too wide) detected at line 1904
[]
 []

[52] [53] [54] [55] [56]
Overfull \hbox (36.77545pt too wide) in paragraph at lines 2083--2091
 [] 
 []

[57] [58] [59] [60] [61] [62] [63]
Overfull \hbox (2.7618pt too wide) in paragraph at lines 2360--2368
 [] 
 []

[64] [65] [66] [67] [68] [69] [70]
Overfull \hbox (25.28416pt too wide) in paragraph at lines 2653--2654
 [] 
 []

[71]
Overfull \hbox (36.79225pt too wide) detected at line 2700
[]\OMS/lmsy/m/n/10.95 M[]\OT1/lmr/m/n/10.95 (\OML/lmm/m/it/10.95 t\OT1/lmr/m/n/
10.95 ) = [] [][] \OMS/lmsy/m/n/10.95 jr\OML/lmm/m/it/10.95 u\OMS/lmsy/m/n/10.9
5 j[] [] \OML/lmm/m/it/10.95 d^^[
 []

[72] [73] [74] [75] [76]
Overfull \hbox (32.76382pt too wide) detected at line 2881
[]
 []

[77] [78] [79] [80] [81]
Underfull \hbox (badness 1430) in paragraph at lines 3089--3090
[]\T1/lmr/bx/n/10.95 (+20) Penrose in-equal-ity: $\OML/lmm/m/it/10.95 M[] \OT1/
lmr/m/n/10.95 (+20) = \OML/lmm/m/it/10.95 M \OT1/lmr/m/n/10.95 (+20) = [] =
 []

[82]
Overfull \hbox (9.94473pt too wide) in paragraph at lines 3143--3189
 [][] 
 []


Underfull \vbox (badness 2538) has occurred while \output is active []

 [83]
[84] [85] [86]
Underfull \vbox (badness 1314) has occurred while \output is active []

 [87]
Overfull \hbox (4.77592pt too wide) in paragraph at lines 3332--3333
[]\T1/lmr/bx/n/10.95 (-20) Program
 []

[88] [89] [90] [91] [92] [93] [94]
Overfull \hbox (35.8549pt too wide) detected at line 3646
[]
 []

[95]
Overfull \hbox (11.51855pt too wide) detected at line 3656
[][][][]\OML/lmm/m/it/10.95 C[] \OT1/lmr/m/n/10.95 := [] [][] \OML/lmm/m/it/10.
95 h[] d^^[ \OT1/lmr/m/n/10.95 = [] [][] \OML/lmm/m/it/10.95 m[] d\OT1/lmr/m/n/
10.95 
 + \OML/lmm/m/it/10.95 O\OT1/lmr/m/n/10.95 (\OML/lmm/m/it/10.95 R[]\OT1/lmr/m/n
/10.95 ) = \OML/lmm/m/it/10.95 R[]m[] \OT1/lmr/m/n/10.95 + \OML/lmm/m/it/10.95 
O\OT1/lmr/m/n/10.95 (\OML/lmm/m/it/10.95 R[]\OT1/lmr/m/n/10.95 )\OML/lmm/m/it/1
0.95 :
 []

[96] [97] [98] [99]
Overfull \hbox (4.53513pt too wide) detected at line 3851
\OML/lmm/m/it/10.95 M[]\OT1/lmr/m/n/10.95 (\OML/lmm/m/it/10.95 g\OT1/lmr/m/n/10
.95 ) \OMS/lmsy/m/n/10.95 ^^U \OML/lmm/m/it/10.95 M[]\OT1/lmr/m/n/10.95 ([]) \O
MS/lmsy/m/n/10.95 ^^U \OML/lmm/m/it/10.95 M[]\OT1/lmr/m/n/10.95 ([]) = [] \OMS/
lmsy/m/n/10.95 M[]\OT1/lmr/m/n/10.95 (1) \OMS/lmsy/m/n/10.95 ^^U [] M[]\OT1/lmr
/m/n/10.95 (0) = []\OML/lmm/m/it/10.95 :
 []

[100] [101]
Overfull \hbox (2.42381pt too wide) detected at line 3915
[][][][]\OMS/lmsy/m/n/10.95 j\OML/lmm/m/it/10.95 Y\OMS/lmsy/m/n/10.95 j ^^T \OM
L/lmm/m/it/10.95 C\OT1/lmr/m/n/10.95 (\OML/lmm/m/it/10.95  []\OMS/lmsy/m/n/10.9
5 jr\OML/lmm/m/it/10.95 ^^^\OMS/lmsy/m/n/10.95 j \OT1/lmr/m/n/10.95 + \OML/lmm/
m/it/10.95  []\OMS/lmsy/m/n/10.95 j\OML/lmm/m/it/10.95 q\OMS/lmsy/m/n/10.95 j\O
T1/lmr/m/n/10.95 ) = \OML/lmm/m/it/10.95 O\OT1/lmr/m/n/10.95 (\OML/lmm/m/it/10.
95 r[]\OT1/lmr/m/n/10.95 ) \OMS/lmsy/m/n/10.95 ^^A \OML/lmm/m/it/10.95 O\OT1/lm
r/m/n/10.95 (\OML/lmm/m/it/10.95 r[]\OT1/lmr/m/n/10.95 ) + \OML/lmm/m/it/10.95 
O\OT1/lmr/m/n/10.95 (\OML/lmm/m/it/10.95 r[]\OT1/lmr/m/n/10.95 ) \OMS/lmsy/m/n/
10.95 ^^A \OML/lmm/m/it/10.95 O\OT1/lmr/m/n/10.95 (\OML/lmm/m/it/10.95 r[]\OT1/
lmr/m/n/10.95 ) = \OML/lmm/m/it/10.95 O\OT1/lmr/m/n/10.95 (\OML/lmm/m/it/10.95 
r[]\OT1/lmr/m/n/10.95 )\OML/lmm/m/it/10.95 :
 []

[102] [103] [104]
Overfull \hbox (9.98248pt too wide) detected at line 4037
[] \OT1/lmr/m/n/10.95 + [] [] [] \OMS/lmsy/m/n/10.95 jr\OML/lmm/m/it/10.95 u[]\
OMS/lmsy/m/n/10.95 j[] \OML/lmm/m/it/10.95 d\OMS/lmsy/m/n/10.95 R[] \OT1/lmr/m/
n/10.95 = 0 [] [] [] []\OML/lmm/m/it/10.95 :
 []

[105] [106]
Underfull \hbox (badness 10000) in paragraph at lines 4082--4083
[]
 []

[107] [108] [109] [110] [111] [112] [113] [114] [115] [116] [117] [118]
Overfull \hbox (50.10313pt too wide) in paragraph at lines 4584--4585
[]\T1/lmr/m/it/10.95 (-20) (e) Bound-ary term con-ver-gence. \T1/lmr/m/n/10.95 
(-20) The bound-ary in-te-gral $[][] \OMS/lmsy/m/n/10.95 jr\OML/lmm/m/it/10.95 
u[]\OMS/lmsy/m/n/10.95 j[]hrjr\OML/lmm/m/it/10.95 u[]\OMS/lmsy/m/n/10.95 j[]\OM
L/lmm/m/it/10.95 ; ^^W\OMS/lmsy/m/n/10.95 i \OML/lmm/m/it/10.95 d^^[[]$
 []

[119] [120] [121]
Overfull \hbox (51.521pt too wide) detected at line 4718
[]
 []

[122] [123] [124] [125] [126] [127]
Overfull \hbox (5.22105pt too wide) in paragraph at lines 5005--5005
 \T1/lmr/m/n/10.95 (-20) 3.2.3.\T1/lmr/m/it/10.95 (-20) Program C: Weak IMCF an
d Space-time Hawk-ing Mass---Complementary
 []

[128] [129]
Overfull \hbox (20.95062pt too wide) in paragraph at lines 5074--5074
 \T1/lmr/m/n/10.95 (-20) 3.2.4.\T1/lmr/m/it/10.95 (-20) Program D: Syn-thetic C
ur-va-ture and Ca-pac-ity Techniques---Complementary
 []

[130] [131] [132] [133] [134] [135] [136] [137] [138] [139] [140] [141]
Underfull \hbox (badness 10000) in paragraph at lines 5566--5566
[]\T1/lmr/m/n/10 (+20) Hawking mono-
 []


Underfull \hbox (badness 1325) in paragraph at lines 5568--5568
[]\T1/lmr/m/n/10 (+20) Reduction to sph.
 []


Underfull \hbox (badness 3514) in paragraph at lines 5568--5568
[]\T1/lmr/m/n/10 (+20) Area comp., Galloway--
 []


Overfull \hbox (44.32193pt too wide) detected at line 5588
[][][][][] \OMS/lmsy/m/n/10.95 ) [] ) [] [] []\OML/lmm/m/it/10.95 :
 []

[142] [143] [144] [145]
Overfull \hbox (15.40472pt too wide) in paragraph at lines 5773--5774
[]\T1/lmr/bx/it/10.95 (-20) Identification: $[][] \OMS/lmsy/m/n/10.95 M[]\OT1/l
mr/m/n/10.95 (-20) (0) = []$ \T1/lmr/m/it/10.95 (-20) and $[][] \OMS/lmsy/m/n/1
0.95 M[]\OT1/lmr/m/n/10.95 (-20) (1) =
 []

[146]
Underfull \hbox (badness 1067) in paragraph at lines 5787--5789
[]\T1/lmr/bx/it/10.95 (+20) IV. Fi-nal Con-clu-sion: \T1/lmr/m/it/10.95 (+20) C
om-bin-ing all com-po-nents, for any 3-
 []

[147] [148]
Underfull \hbox (badness 2111) in paragraph at lines 5891--5892
[]\T1/lmr/bx/it/10.95 (+20) Stability: \T1/lmr/m/it/10.95 (+20) The in-equal-it
y is sta-ble un-der per-tur-ba-tions: if
 []

[149] [150]
Underfull \vbox (badness 10000) has occurred while \output is active []

 [151]
[152] [153] [154] [155] [156] [157] [158] [159] [160] [161]
Overfull \hbox (44.85593pt too wide) detected at line 6391
[][][][][][]\OT1/lmr/m/n/10.95 (\OMS/lmsy/m/n/10.95 r\OML/lmm/m/it/10.95 u[]; \
OMS/lmsy/m/n/10.95 r\OML/lmm/m/it/10.95 u[]\OT1/lmr/m/n/10.95 ) = [][](\OMS/lms
y/m/n/10.95 r\OML/lmm/m/it/10.95 u; \OMS/lmsy/m/n/10.95 r\OML/lmm/m/it/10.95 u\
OT1/lmr/m/n/10.95 ) + 2[][](\OMS/lmsy/m/n/10.95 r\OML/lmm/m/it/10.95 u; \OMS/lm
sy/m/n/10.95 r\OML/lmm/m/it/10.95 u[] \OMS/lmsy/m/n/10.95 ^^@ r\OML/lmm/m/it/10
.95 u\OT1/lmr/m/n/10.95 ) + [][](\OMS/lmsy/m/n/10.95 r\OML/lmm/m/it/10.95 u[] \
OMS/lmsy/m/n/10.95 ^^@ r\OML/lmm/m/it/10.95 u; \OMS/lmsy/m/n/10.95 r\OML/lmm/m/
it/10.95 u[] \OMS/lmsy/m/n/10.95 ^^@ r\OML/lmm/m/it/10.95 u\OT1/lmr/m/n/10.95 )
\OML/lmm/m/it/10.95 :
 []

[162]
Underfull \hbox (badness 2990) in paragraph at lines 6411--6412
[]\T1/lmr/m/n/10.95 (+20) The $\OML/lmm/m/it/10.95 p$\T1/lmr/m/n/10.95 (+20) -h
armonic func-tion $\OML/lmm/m/it/10.95 u$ \T1/lmr/m/n/10.95 (+20) has $\OML/lmm
/m/it/10.95 C[]$ \T1/lmr/m/n/10.95 (+20) reg-u-lar-ity (Tolksdorf--
 []

[163] [164] [165] [166] [167] [168]
Overfull \hbox (43.48784pt too wide) detected at line 6664
[][][][][]\OMS/lmsy/m/n/10.95 M[]\OT1/lmr/m/n/10.95 (\OML/lmm/m/it/10.95 t\OT1/
lmr/m/n/10.95 )[] = []\OMS/lmsy/m/n/10.95 f\OML/lmm/m/it/10.95 u[] > t\OMS/lmsy
/m/n/10.95 g[] \OT1/lmr/m/n/10.95 + []\OML/lmm/m/it/10.95 @\OMS/lmsy/m/n/10.95 
f\OML/lmm/m/it/10.95 u[] > t\OMS/lmsy/m/n/10.95 g[]\OML/lmm/m/it/10.95 :
 []

[169] [170] [171] [172] [173]
Underfull \vbox (badness 2351) has occurred while \output is active []

 [174]
Overfull \hbox (10.37943pt too wide) in paragraph at lines 6932--6933
 [][] 
 []

[175]
Overfull \hbox (4.51987pt too wide) detected at line 6951
\OMS/lmsy/m/n/10.95 k\OML/lmm/m/it/10.95 u\OMS/lmsy/m/n/10.95 k[] \OT1/lmr/m/n/
10.95 := \OMS/lmsy/m/n/10.95 k\OML/lmm/m/it/10.95 u\OMS/lmsy/m/n/10.95 k[] \OT1
/lmr/m/n/10.95 + \OMS/lmsy/m/n/10.95 k\OML/lmm/m/it/10.95 u\OMS/lmsy/m/n/10.95 
k[] \OT1/lmr/m/n/10.95 + \OMS/lmsy/m/n/10.95 k\OML/lmm/m/it/10.95 u\OMS/lmsy/m/
n/10.95 k[] \OT1/lmr/m/n/10.95 + [] \OMS/lmsy/m/n/10.95 k\OML/lmm/m/it/10.95 u\
OMS/lmsy/m/n/10.95 k[]\OML/lmm/m/it/10.95 :
 []

[176] [177] [178] [179] [180]
Underfull \vbox (badness 1348) has occurred while \output is active []

 [181]
[182] [183] [184] [185] [186] [187] [188] [189] [190] [191] [192] [193]
[194] [195] [196] [197] [198] [199] [200] [201]
Underfull \hbox (badness 1112) in paragraph at lines 7880--7881
\OML/lmm/m/it/10.95 ^^^[] \OT1/lmr/m/n/10.95 (+20) = 1 + 2\OML/lmm/m/it/10.95 c
[][] \OT1/lmr/m/n/10.95 (+20) + \OML/lmm/m/it/10.95 O\OT1/lmr/m/n/10.95 (+20) (
\OML/lmm/m/it/10.95 ^^U[]\OT1/lmr/m/n/10.95 (+20) )$\T1/lmr/m/it/10.95 (+20) , 
and the cor-rec-tion to $\OT1/lmr/m/n/10.95 (+20) [\OML/lmm/m/it/10.95 H\OT1/lm
r/m/n/10.95 (+20) ][]$ \T1/lmr/m/it/10.95 (+20) is
 []

[202]
Overfull \hbox (39.76442pt too wide) detected at line 7926
[][][][]\OMS/lmsy/m/n/10.95 L[]\OML/lmm/m/it/10.95 ^^R[] \OT1/lmr/m/n/10.95 = \
OML/lmm/m/it/10.95 L[]\OT1/lmr/m/n/10.95 (1) = \OMS/lmsy/m/n/10.95 ^^@\OT1/lmr/
m/n/10.95 ^^A[](1) \OMS/lmsy/m/n/10.95 ^^@ \OT1/lmr/m/n/10.95 (\OMS/lmsy/m/n/10
.95 j\OML/lmm/m/it/10.95 A\OMS/lmsy/m/n/10.95 j[] \OT1/lmr/m/n/10.95 + [](\OML/
lmm/m/it/10.95 ^^W; ^^W\OT1/lmr/m/n/10.95 ) \OMS/lmsy/m/n/10.95 ^^@ []L[]\OML/l
mm/m/it/10.95 ^^R[]\OT1/lmr/m/n/10.95 ) \OMS/lmsy/m/n/10.95 ^^A \OT1/lmr/m/n/10
.95 1 = \OMS/lmsy/m/n/10.95 ^^@\OT1/lmr/m/n/10.95 (\OMS/lmsy/m/n/10.95 j\OML/lm
m/m/it/10.95 A\OMS/lmsy/m/n/10.95 j[] \OT1/lmr/m/n/10.95 + [](\OML/lmm/m/it/10.
95 ^^W; ^^W\OT1/lmr/m/n/10.95 )) + \OML/lmm/m/it/10.95 O\OT1/lmr/m/n/10.95 (\OM
L/lmm/m/it/10.95 ^^R[]\OT1/lmr/m/n/10.95 )\OML/lmm/m/it/10.95 :
 []

[203] [204] [205] [206] [207] [208] [209]
Overfull \hbox (3.89561pt too wide) detected at line 8279
[]
 []

[210] [211] [212]
Overfull \hbox (17.48131pt too wide) in paragraph at lines 8411--8426
 [] 
 []

[213] [214] [215]
Underfull \hbox (badness 1184) in paragraph at lines 8565--8566
[]\T1/lmr/bx/n/10.95 (+20) Step 2 (Met-ric com-pu-ta-tion): \T1/lmr/m/n/10.95 (
+20) The Jang met-ric com-po-nents
 []

[216]
Underfull \hbox (badness 10000) in paragraph at lines 8603--8603
[]\T1/lmr/m/n/9 (+20) Blows
 []


Underfull \vbox (badness 10000) has occurred while \output is active []

 [217]
[218]
Overfull \hbox (1.03014pt too wide) in paragraph at lines 8654--8656
[]\T1/lmr/bx/it/10.95 (-20) Case 1: Schwarzschild ini-tial data. \T1/lmr/m/it/1
0.95 (-20) For time-symmetric Schwarzschild
 []

[219] [220] [221] [222] [223] [224] [225] [226] [227] [228] [229] [230]
Underfull \vbox (badness 1478) has occurred while \output is active []

 [231]
Overfull \hbox (28.07382pt too wide) in paragraph at lines 9223--9224
 [][] 
 []

[232]
Overfull \hbox (76.89493pt too wide) in paragraph at lines 9279--9280
 [][] 
 []

[233] [234] [235] [236] [237] [238] [239] [240]
Overfull \hbox (5.01854pt too wide) in paragraph at lines 9603--9604
[]$\OML/lmm/m/it/10.95 L[]$ \T1/lmr/bx/n/10.95 (-20) mem-ber-ship: $\OMS/lmsy/m
/n/10.95 k\OML/lmm/m/it/10.95 f\OMS/lmsy/m/n/10.95 k[] \OML/lmm/m/it/10.95 < \O
MS/lmsy/m/n/10.95 1$ \T1/lmr/m/n/10.95 (-20) for $\OML/lmm/m/it/10.95 ^^L \OMS/
lmsy/m/n/10.95 2 \OT1/lmr/m/n/10.95 (-20) (\OMS/lmsy/m/n/10.95 ^^@\OT1/lmr/m/n/
10.95 (-20) 1\OML/lmm/m/it/10.95 ; \OT1/lmr/m/n/10.95 (-20) 0)$\T1/lmr/m/n/10.9
5 (-20) , since $[][] \OML/lmm/m/it/10.95 t[]e[]dt <
 []

[241] [242] [243] [244] [245] [246] [247] [248] [249] [250] [251]
Underfull \vbox (badness 5563) has occurred while \output is active []

 [252]
[253] [254] [255] [256] [257] [258] [259] [260] [261]
Underfull \hbox (badness 1082) in paragraph at lines 10483--10484
[]\T1/lmr/bx/n/10.95 (+20) (I) The Hlder reg-u-lar-ity ex-po-nent $\OML/lmm/m/
it/10.95 []\OT1/lmr/m/n/10.95 (+20) (\OML/lmm/m/it/10.95 p\OT1/lmr/m/n/10.95 (
+20) )$\T1/lmr/bx/n/10.95 (+20) : \T1/lmr/m/n/10.95 (+20) The Tolksdorf--
 []

[262] [263] [264] [265] [266] [267] [268] [269] [270] [271] [272] [273]
[274] [275] [276]
Underfull \hbox (badness 2582) in paragraph at lines 11112--11113
[]\T1/lmr/m/n/10.95 (+20) The $\OML/lmm/m/it/10.95 p$\T1/lmr/m/n/10.95 (+20) -h
armonic func-tion has $\OML/lmm/m/it/10.95 C[]$ \T1/lmr/m/n/10.95 (+20) reg-u-l
ar-ity across $\OT1/lmr/m/n/10.95 (+20) ^^F$ \T1/lmr/m/n/10.95 (+20) (by
 []

[277] [278]
Overfull \hbox (46.6554pt too wide) in paragraph at lines 11188--11205
 [] 
 []

[279] [280] [281] [282] [283] [284] [285] [286]
Overfull \hbox (35.94153pt too wide) in paragraph at lines 11487--11488
 [][] 
 []

[287] [288]
Overfull \hbox (29.51115pt too wide) in paragraph at lines 11569--11570
 [][] 
 []

[289]
Underfull \vbox (badness 1237) has occurred while \output is active []

 [290]
[291] [292] [293] [294] [295] [296]
Overfull \hbox (20.35172pt too wide) detected at line 11914
[]
 []

[297] [298] [299] [300] [301] [302] [303] [304] [305] [306] [307] [308]
[309]
Overfull \hbox (3.0243pt too wide) detected at line 12465
\OMS/lmsy/m/n/10.95 j\OML/lmm/m/it/10.95 E[]\OT1/lmr/m/n/10.95 (\OML/lmm/m/it/1
0.95 u\OT1/lmr/m/n/10.95 ) \OMS/lmsy/m/n/10.95 ^^@ \OML/lmm/m/it/10.95 E[]\OT1/
lmr/m/n/10.95 (\OML/lmm/m/it/10.95 u\OT1/lmr/m/n/10.95 )\OMS/lmsy/m/n/10.95 j \
OT1/lmr/m/n/10.95 = [] \OMS/lmsy/m/n/10.95 ^^T \OML/lmm/m/it/10.95 C [][] \OMS/
lmsy/m/n/10.95 jr\OML/lmm/m/it/10.95 u\OMS/lmsy/m/n/10.95 j[] ^^A \OML/lmm/m/it
/10.95 ^^O dV \OMS/lmsy/m/n/10.95 ^^T \OML/lmm/m/it/10.95 C^^O \OMS/lmsy/m/n/10
.95 ^^A \OML/lmm/m/it/10.95 E[]\OT1/lmr/m/n/10.95 (\OML/lmm/m/it/10.95 u\OT1/lm
r/m/n/10.95 )\OML/lmm/m/it/10.95 :
 []

[310] [311] [312] [313] [314] [315] [316] [317] [318] [319]
Underfull \vbox (badness 10000) has occurred while \output is active []

 [320]
[321] [322] [323] [324] [325] [326] [327] [328] [329] [330] [331] [332]
[333]
Underfull \vbox (badness 1009) has occurred while \output is active []

 [334]
[335] [336] [337] [338] [339] [340] [341] [342] [343] [344] [345]
Underfull \vbox (badness 1052) has occurred while \output is active []

 [346]
[347] [348] [349] [350] [351] [352]
Overfull \hbox (22.38145pt too wide) in paragraph at lines 13956--13970
 [][] 
 []


Underfull \vbox (badness 1622) has occurred while \output is active []

 [353]
Overfull \hbox (18.984pt too wide) in paragraph at lines 13975--13987
 [][] 
 []

[354] [355] [356] [357] [358] [359] [360] [361]
Overfull \hbox (72.1934pt too wide) detected at line 14317
\OML/lmm/m/it/10.95 A[]\OT1/lmr/m/n/10.95 (\OML/lmm/m/it/10.95 @\OT1/lmr/m/n/10
.95 
) \OMS/lmsy/m/n/10.95 ^^U \OML/lmm/m/it/10.95 C[]A[]\OT1/lmr/m/n/10.95 (\OML/lm
m/m/it/10.95 @\OT1/lmr/m/n/10.95 
) \OMS/lmsy/m/n/10.95 ^^U \OML/lmm/m/it/10.95 C[]I\OT1/lmr/m/n/10.95 (\OML/lmm/
m/it/10.95 g\OT1/lmr/m/n/10.95 )\OML/lmm/m/it/10.95 V[]\OT1/lmr/m/n/10.95 (
)[] \OMS/lmsy/m/n/10.95 ^^U \OML/lmm/m/it/10.95 C[]I\OT1/lmr/m/n/10.95 (\OML/lm
m/m/it/10.95 g\OT1/lmr/m/n/10.95 )(\OML/lmm/m/it/10.95 C[]V[]\OT1/lmr/m/n/10.95
 (
))[] = \OML/lmm/m/it/10.95 C[]I\OT1/lmr/m/n/10.95 (\OML/lmm/m/it/10.95 g\OT1/lm
r/m/n/10.95 )\OML/lmm/m/it/10.95 V[]\OT1/lmr/m/n/10.95 (
)[]\OML/lmm/m/it/10.95 :
 []

[362]
Underfull \vbox (badness 1859) has occurred while \output is active []

 [363]
[364] [365] [366] [367] [368] [369] [370] [371] [372] [373] [374]
Overfull \hbox (54.5374pt too wide) detected at line 14833
\OMS/lmsy/m/n/10.95 K\OT1/lmr/m/n/10.95 (\OML/lmm/m/it/10.95 H; ^^W\OT1/lmr/m/n
/10.95 ) = [] \OML/lmm/m/it/10.95 H[] \OMS/lmsy/m/n/10.95 ^^@ [] [] \OML/lmm/m/
it/10.95 H[] \OT1/lmr/m/n/10.95 = [] \OML/lmm/m/it/10.95 H[] \OT1/lmr/m/n/10.95
 + [] [] \OML/lmm/m/it/10.95 H[] \OT1/lmr/m/n/10.95 + [] \OML/lmm/m/it/10.95 H[
]:
 []


Overfull \hbox (6.19424pt too wide) detected at line 14843
\OT1/lmr/m/n/10.95 ^^A[]\OML/lmm/m/it/10.95 u \OT1/lmr/m/n/10.95 = [](\OMS/lmsy
/m/n/10.95 jr\OML/lmm/m/it/10.95 u\OMS/lmsy/m/n/10.95 j[]r\OML/lmm/m/it/10.95 u
\OT1/lmr/m/n/10.95 ) = 0  =[]\OMS/lmsy/m/n/10.95 )  \OT1/lmr/m/n/10.95 ^^A\OML/
lmm/m/it/10.95 u \OT1/lmr/m/n/10.95 = \OMS/lmsy/m/n/10.95 ^^@\OT1/lmr/m/n/10.95
 (\OML/lmm/m/it/10.95 p \OMS/lmsy/m/n/10.95 ^^@ \OT1/lmr/m/n/10.95 2)[] = \OMS/
lmsy/m/n/10.95 ^^@\OT1/lmr/m/n/10.95 (\OML/lmm/m/it/10.95 p \OMS/lmsy/m/n/10.95
 ^^@ \OT1/lmr/m/n/10.95 2)\OML/lmm/m/it/10.95 H[]:
 []

[375] [376] [377] [378] [379]
Package mdframed Info: mdframed works in twoside mode on input line 15026.
Package mdframed Info: mdframed detected package amsthm 
 changed the theorem header of amsthm
(mdframed)              on input line 15026.
 [380] [381] [382] [383] [384] [385] [386]
[387] [388] [389]
Underfull \vbox (badness 1838) has occurred while \output is active []

 [390]
[391] [392] [393] [394]
Overfull \hbox (16.17838pt too wide) detected at line 15564
[][][][][]
 []

[395] [396] [397] [398]
Overfull \hbox (29.71625pt too wide) detected at line 15746
\OMS/lmsy/m/n/10.95 k\OT1/lmr/m/n/10.95 (\OML/lmm/m/it/10.95 f \OMS/lmsy/m/n/10
.95 ^^C \OML/lmm/m/it/10.95 ^^Q[]\OT1/lmr/m/n/10.95 )(\OML/lmm/m/it/10.95 g \OM
S/lmsy/m/n/10.95 ^^C \OML/lmm/m/it/10.95 ^^Q[]\OT1/lmr/m/n/10.95 ) \OMS/lmsy/m/
n/10.95 ^^@ \OT1/lmr/m/n/10.95 (\OML/lmm/m/it/10.95 fg\OT1/lmr/m/n/10.95 ) \OMS
/lmsy/m/n/10.95 ^^C \OML/lmm/m/it/10.95 ^^Q[]\OMS/lmsy/m/n/10.95 k[] ! \OT1/lmr
/m/n/10.95 0 [] \OMS/lmsy/m/n/10.95 k\OT1/lmr/m/n/10.95 (\OML/lmm/m/it/10.95 f 
\OMS/lmsy/m/n/10.95 ^^C \OML/lmm/m/it/10.95 ^^Q[]\OT1/lmr/m/n/10.95 )(\OML/lmm/
m/it/10.95 g \OMS/lmsy/m/n/10.95 ^^C \OML/lmm/m/it/10.95 ^^Q[]\OT1/lmr/m/n/10.9
5 ) \OMS/lmsy/m/n/10.95 ^^@ \OT1/lmr/m/n/10.95 (\OML/lmm/m/it/10.95 fg\OT1/lmr/
m/n/10.95 ) \OMS/lmsy/m/n/10.95 ^^C \OML/lmm/m/it/10.95 ^^Q[]\OMS/lmsy/m/n/10.9
5 k[] ^^T \OT1/lmr/m/n/10.95 2\OMS/lmsy/m/n/10.95 k\OML/lmm/m/it/10.95 f\OMS/lm
sy/m/n/10.95 k[]k\OML/lmm/m/it/10.95 g\OMS/lmsy/m/n/10.95 k[]\OML/lmm/m/it/10.9
5 :
 []

[399] [400] [401] [402] [403] [404] [405] [406] [407] [408] [409] [410]
[411]
Overfull \hbox (3.05148pt too wide) detected at line 16392
 []$[] \OT1/lmr/m/n/10.95 + [] [][] \OML/lmm/m/it/10.95 ' \OMS/lmsy/m/n/10.95 j
r\OML/lmm/m/it/10.95 u[]\OMS/lmsy/m/n/10.95 j[]jrjr\OML/lmm/m/it/10.95 u[]\OMS/
lmsy/m/n/10.95 j[]j[] \OML/lmm/m/it/10.95 dV[] \OT1/lmr/m/n/10.95 + [][] \OML/l
mm/m/it/10.95 ' \OMS/lmsy/m/n/10.95 jr\OML/lmm/m/it/10.95 u[]\OMS/lmsy/m/n/10.9
5 j[][][]\OT1/lmr/m/n/10.95 (\OMS/lmsy/m/n/10.95 r\OML/lmm/m/it/10.95 u[]; \OMS
/lmsy/m/n/10.95 r\OML/lmm/m/it/10.95 u[]\OT1/lmr/m/n/10.95 ) \OML/lmm/m/it/10.9
5 dV[]:  $ 
 []

[412] [413] [414] [415] [416] [417]
Overfull \hbox (1.45007pt too wide) detected at line 16696
[]
 []

[418] [419]
Underfull \hbox (badness 1728) in paragraph at lines 16753--16754
[]\T1/lmr/m/n/10.95 (+20) This ap-pen-dix demon-strates the com-plete proof pip
eline on the
 []


Overfull \hbox (13.56976pt too wide) in paragraph at lines 16767--16769
\T1/lmr/m/n/10.95 (-20) The Pen-rose in-equal-ity $\OML/lmm/m/it/10.95 M[] \OMS
/lmsy/m/n/10.95 ^^U []$ \T1/lmr/m/n/10.95 (-20) be-comes $\OML/lmm/m/it/10.95 m
 \OMS/lmsy/m/n/10.95 ^^U [] \OT1/lmr/m/n/10.95 (-20) =
 []

[420] [421] [422]
Overfull \hbox (28.28662pt too wide) in paragraph at lines 16894--16905
 [] 
 []

[423]
Overfull \hbox (25.83163pt too wide) detected at line 16988
[][][][][] \OT1/lmr/m/n/10.95 = []\OML/lmm/m/it/10.95 @[] [] \OT1/lmr/m/n/10.95
 = [] \OMS/lmsy/m/n/10.95 ^^A \OT1/lmr/m/n/10.95 (\OMS/lmsy/m/n/10.95 ^^@\OT1/l
mr/m/n/10.95 2\OML/lmm/m/it/10.95 A[]\OT1/lmr/m/n/10.95 ) + \OML/lmm/m/it/10.95
 O\OT1/lmr/m/n/10.95 (\OML/lmm/m/it/10.95 s[]\OT1/lmr/m/n/10.95 ) = \OMS/lmsy/m
/n/10.95 ^^@[] \OT1/lmr/m/n/10.95 + \OML/lmm/m/it/10.95 O\OT1/lmr/m/n/10.95 (\O
ML/lmm/m/it/10.95 s[]\OT1/lmr/m/n/10.95 )\OML/lmm/m/it/10.95 :
 []

[424]
Overfull \hbox (15.64499pt too wide) detected at line 17022
[][][][][] \OT1/lmr/m/n/10.95 = [] \OML/lmm/m/it/10.95 ds[] \OT1/lmr/m/n/10.95 
+ []\OML/lmm/m/it/10.95 ds dy[] \OT1/lmr/m/n/10.95 + [] \OML/lmm/m/it/10.95 dy[
]dy[]:
 []

[425]
Overfull \hbox (38.0076pt too wide) detected at line 17077
[]
 []

[426] [427] [428] [429] [430] [431]
Overfull \hbox (30.1135pt too wide) detected at line 17373
[][][][]\OT1/lmr/m/n/10.95 2 [][] \OMS/lmsy/m/n/10.95 jr\OML/lmm/m/it/10.95 u\O
MS/lmsy/m/n/10.95 j[]jr[]\OML/lmm/m/it/10.95 u\OMS/lmsy/m/n/10.95 j[] \OML/lmm/
m/it/10.95 dV \OMS/lmsy/m/n/10.95 ^^T [][] jr\OML/lmm/m/it/10.95 u\OMS/lmsy/m/n
/10.95 j[]hrjr\OML/lmm/m/it/10.95 u\OMS/lmsy/m/n/10.95 j[]\OML/lmm/m/it/10.95 ;
 ^^W\OMS/lmsy/m/n/10.95 i \OML/lmm/m/it/10.95 d^^[ \OMS/lmsy/m/n/10.95 ^^@ \OT1
/lmr/m/n/10.95 2 [][] \OMS/lmsy/m/n/10.95 jr\OML/lmm/m/it/10.95 u\OMS/lmsy/m/n/
10.95 j[][]\OT1/lmr/m/n/10.95 (\OMS/lmsy/m/n/10.95 r\OML/lmm/m/it/10.95 u; \OMS
/lmsy/m/n/10.95 r\OML/lmm/m/it/10.95 u\OT1/lmr/m/n/10.95 ) \OML/lmm/m/it/10.95 
dV:
 []

[432] [433] [434] [435] [436] [437] [438] [439] [440] [441] [442] [443]
Overfull \hbox (12.1675pt too wide) detected at line 17964
[][][][][][] \OMS/lmsy/m/n/10.95 jr\OML/lmm/m/it/10.95 u\OMS/lmsy/m/n/10.95 j[]
 [] \OML/lmm/m/it/10.95 dV \OMS/lmsy/m/n/10.95 ^^U ^^@\OML/lmm/m/it/10.95 C[] [
][] \OMS/lmsy/m/n/10.95 jr\OML/lmm/m/it/10.95 u\OMS/lmsy/m/n/10.95 j[] jr[]\OML
/lmm/m/it/10.95 u\OMS/lmsy/m/n/10.95 j \OML/lmm/m/it/10.95 d^^[ \OMS/lmsy/m/n/1
0.95 ^^@ [][] jr\OML/lmm/m/it/10.95 u\OMS/lmsy/m/n/10.95 j[] \OML/lmm/m/it/10.9
5 d\OMS/lmsy/m/n/10.95 R[]\OML/lmm/m/it/10.95 :
 []


Overfull \hbox (68.52739pt too wide) detected at line 17997
[][][][][][] \OMS/lmsy/m/n/10.95 jr\OML/lmm/m/it/10.95 u[]\OMS/lmsy/m/n/10.95 j
[]jr[]\OML/lmm/m/it/10.95 u[]\OMS/lmsy/m/n/10.95 j[] \OML/lmm/m/it/10.95 dV[] \
OMS/lmsy/m/n/10.95 ^^U ^^@ [][] jr\OML/lmm/m/it/10.95 u[]\OMS/lmsy/m/n/10.95 j[
][][]\OT1/lmr/m/n/10.95 (\OMS/lmsy/m/n/10.95 r\OML/lmm/m/it/10.95 u[]; \OMS/lms
y/m/n/10.95 r\OML/lmm/m/it/10.95 u[]\OT1/lmr/m/n/10.95 ) \OML/lmm/m/it/10.95 dV
[] \OMS/lmsy/m/n/10.95 ^^@ \OML/lmm/m/it/10.95 C[] [][] \OMS/lmsy/m/n/10.95 jr\
OML/lmm/m/it/10.95 u[]\OMS/lmsy/m/n/10.95 j[]jr[]\OML/lmm/m/it/10.95 u[]\OMS/lm
sy/m/n/10.95 j \OML/lmm/m/it/10.95 d^^[[]:
 []

[444] [445] [446] [447]
Underfull \vbox (badness 10000) has occurred while \output is active []

 [448]
[449] (paper.aux)
 ***********
LaTeX2e <2025-11-01>
L3 programming layer <2025-10-24>
 ***********
Package rerunfilecheck Info: File `paper.out' has not changed.
(rerunfilecheck)             Checksum: 1DEB861CD9EE8D2C42A248ABA7D4DA44;36689.
 ) 
Here is how much of TeX's memory you used:
 33506 strings out of 467871
 620142 string characters out of 5417891
 1055847 words of memory out of 5000000
 58032 multiletter control sequences out of 15000+600000
 781817 words of font info for 424 fonts, out of 8000000 for 9000
 1302 hyphenation exceptions out of 8191
 84i,17n,104p,1129b,1138s stack positions out of 10000i,1000n,20000p,200000b,200000s
<C:/Users/Lenovo/AppData/Local/Programs/MiKTeX/fonts/type1/public/lm/lmbx10.p
fb><C:/Users/Lenovo/AppData/Local/Programs/MiKTeX/fonts/type1/public/lm/lmbx9.p
fb><C:/Users/Lenovo/AppData/Local/Programs/MiKTeX/fonts/type1/public/lm/lmbxi10
.pfb><C:/Users/Lenovo/AppData/Local/Programs/MiKTeX/fonts/type1/public/lm/lmcsc
10.pfb><C:/Users/Lenovo/AppData/Local/Programs/MiKTeX/fonts/type1/public/lm/lme
x10.pfb><C:/Users/Lenovo/AppData/Local/Programs/MiKTeX/fonts/type1/public/lm/lm
mi10.pfb><C:/Users/Lenovo/AppData/Local/Programs/MiKTeX/fonts/type1/public/lm/l
mmi5.pfb><C:/Users/Lenovo/AppData/Local/Programs/MiKTeX/fonts/type1/public/lm/l
mmi6.pfb><C:/Users/Lenovo/AppData/Local/Programs/MiKTeX/fonts/type1/public/lm/l
mmi7.pfb><C:/Users/Lenovo/AppData/Local/Programs/MiKTeX/fonts/type1/public/lm/l
mmi8.pfb><C:/Users/Lenovo/AppData/Local/Programs/MiKTeX/fonts/type1/public/lm/l
mmi9.pfb><C:/Users/Lenovo/AppData/Local/Programs/MiKTeX/fonts/type1/public/lm/l
mr10.pfb><C:/Users/Lenovo/AppData/Local/Programs/MiKTeX/fonts/type1/public/lm/l
mr5.pfb><C:/Users/Lenovo/AppData/Local/Programs/MiKTeX/fonts/type1/public/lm/lm
r6.pfb><C:/Users/Lenovo/AppData/Local/Programs/MiKTeX/fonts/type1/public/lm/lmr
7.pfb><C:/Users/Lenovo/AppData/Local/Programs/MiKTeX/fonts/type1/public/lm/lmr8
.pfb><C:/Users/Lenovo/AppData/Local/Programs/MiKTeX/fonts/type1/public/lm/lmr9.
pfb><C:/Users/Lenovo/AppData/Local/Programs/MiKTeX/fonts/type1/public/lm/lmri10
.pfb><C:/Users/Lenovo/AppData/Local/Programs/MiKTeX/fonts/type1/public/lm/lmri7
.pfb><C:/Users/Lenovo/AppData/Local/Programs/MiKTeX/fonts/type1/public/lm/lmri8
.pfb><C:/Users/Lenovo/AppData/Local/Programs/MiKTeX/fonts/type1/public/lm/lmri9
.pfb><C:/Users/Lenovo/AppData/Local/Programs/MiKTeX/fonts/type1/public/lm/lmsy1
0.pfb><C:/Users/Lenovo/AppData/Local/Programs/MiKTeX/fonts/type1/public/lm/lmsy
5.pfb><C:/Users/Lenovo/AppData/Local/Programs/MiKTeX/fonts/type1/public/lm/lmsy
6.pfb><C:/Users/Lenovo/AppData/Local/Programs/MiKTeX/fonts/type1/public/lm/lmsy
7.pfb><C:/Users/Lenovo/AppData/Local/Programs/MiKTeX/fonts/type1/public/lm/lmsy
8.pfb><C:/Users/Lenovo/AppData/Local/Programs/MiKTeX/fonts/type1/public/lm/lmsy
9.pfb><C:/Users/Lenovo/AppData/Local/Programs/MiKTeX/fonts/type1/public/lm/lmtt
10.pfb><C:/Users/Lenovo/AppData/Local/Programs/MiKTeX/fonts/type1/public/lm/lmt
t9.pfb><C:/Users/Lenovo/AppData/Local/Programs/MiKTeX/fonts/type1/public/amsfon
ts/symbols/msam10.pfb><C:/Users/Lenovo/AppData/Local/Programs/MiKTeX/fonts/type
1/public/amsfonts/symbols/msbm10.pfb>
Output written on paper.pdf (449 pages, 3553693 bytes).
PDF statistics:
 7372 PDF objects out of 7423 (max. 8388607)
 3085 named destinations out of 3580 (max. 500000)
 73789 words of extra memory for PDF output out of 74296 (max. 10000000)

