\BOOKMARK [1][-]{section.1}{\376\377\000S\000e\000t\000u\000p\000:\000\040\000S\000p\000i\000n\000o\000r\000s\000\040\000o\000n\000\040\000I\000n\000i\000t\000i\000a\000l\000\040\000D\000a\000t\000a}{}% 1
\BOOKMARK [2][-]{subsection.1.1}{\376\377\000S\000p\000i\000n\000\040\000S\000t\000r\000u\000c\000t\000u\000r\000e}{section.1}% 2
\BOOKMARK [2][-]{subsection.1.2}{\376\377\000T\000h\000e\000\040\000W\000i\000t\000t\000e\000n\000\040\000S\000p\000i\000n\000o\000r}{section.1}% 3
\BOOKMARK [1][-]{section.2}{\376\377\000T\000h\000e\000\040\000W\000e\000i\000t\000z\000e\000n\000b\000\366\000c\000k\000\040\000I\000d\000e\000n\000t\000i\000t\000y}{}% 4
\BOOKMARK [2][-]{subsection.2.1}{\376\377\000T\000h\000e\000\040\000L\000i\000c\000h\000n\000e\000r\000o\000w\000i\000c\000z\000\040\000F\000o\000r\000m\000u\000l\000a}{section.2}% 5
\BOOKMARK [2][-]{subsection.2.2}{\376\377\000I\000n\000t\000e\000g\000r\000a\000t\000i\000o\000n\000\040\000b\000y\000\040\000P\000a\000r\000t\000s}{section.2}% 6
\BOOKMARK [2][-]{subsection.2.3}{\376\377\000W\000i\000t\000h\000\040\000B\000o\000u\000n\000d\000a\000r\000y}{section.2}% 7
\BOOKMARK [1][-]{section.3}{\376\377\000B\000o\000u\000n\000d\000a\000r\000y\000\040\000C\000o\000n\000d\000i\000t\000i\000o\000n\000s\000\040\000a\000t\000\040\000t\000h\000e\000\040\000H\000o\000r\000i\000z\000o\000n}{}% 8
\BOOKMARK [2][-]{subsection.3.1}{\376\377\000T\000h\000e\000\040\000S\000t\000a\000n\000d\000a\000r\000d\000\040\000W\000i\000t\000t\000e\000n\000\040\000A\000r\000g\000u\000m\000e\000n\000t\000\040\000\050\000M\000i\000n\000i\000m\000a\000l\000\040\000B\000o\000u\000n\000d\000a\000r\000y\000\051}{section.3}% 9
\BOOKMARK [2][-]{subsection.3.2}{\376\377\000T\000h\000e\000\040\000P\000r\000o\000b\000l\000e\000m\000\040\000w\000i\000t\000h\000\040\000T\000r\000a\000p\000p\000e\000d\000\040\000S\000u\000r\000f\000a\000c\000e\000s}{section.3}% 10
\BOOKMARK [2][-]{subsection.3.3}{\376\377\000M\000o\000d\000i\000f\000i\000e\000d\000\040\000B\000o\000u\000n\000d\000a\000r\000y\000\040\000C\000o\000n\000d\000i\000t\000i\000o\000n\000\040\000f\000o\000r\000\040\000T\000r\000a\000p\000p\000e\000d\000\040\000S\000u\000r\000f\000a\000c\000e\000s}{section.3}% 11
\BOOKMARK [1][-]{section.4}{\376\377\000T\000h\000e\000\040\000A\000t\000i\000y\000a\000h\000-\000P\000a\000t\000o\000d\000i\000-\000S\000i\000n\000g\000e\000r\000\040\000F\000r\000a\000m\000e\000w\000o\000r\000k}{}% 12
\BOOKMARK [2][-]{subsection.4.1}{\376\377\000A\000P\000S\000\040\000B\000o\000u\000n\000d\000a\000r\000y\000\040\000C\000o\000n\000d\000i\000t\000i\000o\000n\000s}{section.4}% 13
\BOOKMARK [2][-]{subsection.4.2}{\376\377\000E\000t\000a\000\040\000I\000n\000v\000a\000r\000i\000a\000n\000t\000\040\000o\000f\000\040\000T\000r\000a\000p\000p\000e\000d\000\040\000S\000u\000r\000f\000a\000c\000e\000s}{section.4}% 14
\BOOKMARK [2][-]{subsection.4.3}{\376\377\000A\000p\000p\000l\000i\000c\000a\000t\000i\000o\000n\000\040\000t\000o\000\040\000M\000a\000s\000s}{section.4}% 15
\BOOKMARK [1][-]{section.5}{\376\377\000T\000h\000e\000\040\000S\000p\000a\000c\000e\000t\000i\000m\000e\000\040\000D\000i\000r\000a\000c\000\040\000O\000p\000e\000r\000a\000t\000o\000r}{}% 16
\BOOKMARK [2][-]{subsection.5.1}{\376\377\000E\000m\000b\000e\000d\000d\000i\000n\000g\000\040\000i\000n\000\040\000S\000p\000a\000c\000e\000t\000i\000m\000e}{section.5}% 17
\BOOKMARK [2][-]{subsection.5.2}{\376\377\000T\000h\000e\000\040\000C\000o\000u\000p\000l\000e\000d\000\040\000S\000y\000s\000t\000e\000m}{section.5}% 18
\BOOKMARK [1][-]{section.6}{\376\377\000B\000o\000u\000n\000d\000a\000r\000y\000\040\000A\000n\000a\000l\000y\000s\000i\000s\000\040\000f\000o\000r\000\040\000T\000r\000a\000p\000p\000e\000d\000\040\000S\000u\000r\000f\000a\000c\000e\000s}{}% 19
\BOOKMARK [2][-]{subsection.6.1}{\376\377\000T\000h\000e\000\040\000N\000u\000l\000l\000\040\000E\000x\000p\000a\000n\000s\000i\000o\000n\000s\000\040\000i\000n\000\040\000S\000p\000i\000n\000o\000r\000\040\000F\000o\000r\000m}{section.6}% 20
\BOOKMARK [2][-]{subsection.6.2}{\376\377\000T\000h\000e\000\040\000C\000o\000r\000r\000e\000c\000t\000\040\000B\000o\000u\000n\000d\000a\000r\000y\000\040\000C\000o\000n\000d\000i\000t\000i\000o\000n}{section.6}% 21
\BOOKMARK [1][-]{section.7}{\376\377\000T\000h\000e\000\040\000M\000a\000i\000n\000\040\000I\000d\000e\000n\000t\000i\000t\000y}{}% 22
\BOOKMARK [2][-]{subsection.7.1}{\376\377\000F\000u\000l\000l\000\040\000W\000e\000i\000t\000z\000e\000n\000b\000\366\000c\000k\000\040\000w\000i\000t\000h\000\040\000B\000o\000u\000n\000d\000a\000r\000y}{section.7}% 23
\BOOKMARK [2][-]{subsection.7.2}{\376\377\000E\000x\000t\000r\000a\000c\000t\000i\000n\000g\000\040\000t\000h\000e\000\040\000M\000a\000s\000s}{section.7}% 24
\BOOKMARK [2][-]{subsection.7.3}{\376\377\000T\000h\000e\000\040\000M\000a\000s\000s\000\040\000F\000o\000r\000m\000u\000l\000a}{section.7}% 25
\BOOKMARK [1][-]{section.8}{\376\377\000A\000n\000a\000l\000y\000s\000i\000s\000\040\000o\000f\000\040\000t\000h\000e\000\040\000B\000o\000u\000n\000d\000a\000r\000y\000\040\000I\000n\000t\000e\000g\000r\000a\000l}{}% 26
\BOOKMARK [2][-]{subsection.8.1}{\376\377\000T\000h\000e\000\040\000B\000o\000u\000n\000d\000a\000r\000y\000\040\000T\000e\000r\000m\000\040\000i\000n\000\040\000D\000e\000t\000a\000i\000l}{section.8}% 27
\BOOKMARK [2][-]{subsection.8.2}{\376\377\000T\000h\000e\000\040\000K\000e\000y\000\040\000O\000b\000s\000e\000r\000v\000a\000t\000i\000o\000n}{section.8}% 28
\BOOKMARK [2][-]{subsection.8.3}{\376\377\000S\000p\000e\000c\000t\000r\000a\000l\000\040\000A\000n\000a\000l\000y\000s\000i\000s}{section.8}% 29
\BOOKMARK [1][-]{section.9}{\376\377\000T\000h\000e\000\040\000P\000e\000n\000r\000o\000s\000e\000\040\000I\000n\000e\000q\000u\000a\000l\000i\000t\000y\000\040\000f\000r\000o\000m\000\040\000S\000p\000i\000n\000o\000r\000s}{}% 30
\BOOKMARK [2][-]{subsection.9.1}{\376\377\000C\000a\000s\000e\000\040\0001\000:\000\040\000M\000O\000T\000S\000\040\000B\000o\000u\000n\000d\000a\000r\000y}{section.9}% 31
\BOOKMARK [2][-]{subsection.9.2}{\376\377\000C\000a\000s\000e\000\040\0002\000:\000\040\000G\000e\000n\000e\000r\000a\000l\000\040\000T\000r\000a\000p\000p\000e\000d\000\040\000S\000u\000r\000f\000a\000c\000e}{section.9}% 32
\BOOKMARK [1][-]{section.10}{\376\377\000T\000h\000e\000\040\000S\000p\000e\000c\000t\000r\000a\000l\000\040\000G\000a\000p\000\040\000C\000o\000n\000d\000i\000t\000i\000o\000n}{}% 33
\BOOKMARK [2][-]{subsection.10.1}{\376\377\000W\000h\000e\000n\000\040\000D\000o\000e\000s\000\040\000t\000h\000e\000\040\000C\000o\000n\000d\000i\000t\000i\000o\000n\000\040\000H\000o\000l\000d\000?}{section.10}% 34
\BOOKMARK [2][-]{subsection.10.2}{\376\377\000T\000h\000e\000\040\000O\000b\000s\000t\000r\000u\000c\000t\000i\000o\000n\000\040\000R\000e\000v\000i\000s\000i\000t\000e\000d}{section.10}% 35
\BOOKMARK [1][-]{section.11}{\376\377\000A\000\040\000N\000e\000w\000\040\000A\000p\000p\000r\000o\000a\000c\000h\000:\000\040\000M\000o\000d\000i\000f\000i\000e\000d\000\040\000S\000p\000i\000n\000o\000r\000\040\000A\000n\000s\000a\000t\000z}{}% 36
\BOOKMARK [2][-]{subsection.11.1}{\376\377\000T\000h\000e\000\040\000I\000d\000e\000a}{section.11}% 37
\BOOKMARK [2][-]{subsection.11.2}{\376\377\000C\000o\000u\000p\000l\000i\000n\000g\000\040\000t\000o\000\040\000J\000a\000n\000g\000\040\000E\000q\000u\000a\000t\000i\000o\000n}{section.11}% 38
\BOOKMARK [1][-]{section.12}{\376\377\000S\000u\000m\000m\000a\000r\000y\000\040\000a\000n\000d\000\040\000C\000o\000n\000c\000l\000u\000s\000i\000o\000n\000s}{}% 39
\BOOKMARK [2][-]{subsection.12.1}{\376\377\000W\000h\000a\000t\000\040\000S\000p\000i\000n\000o\000r\000\040\000M\000e\000t\000h\000o\000d\000s\000\040\000A\000c\000h\000i\000e\000v\000e}{section.12}% 40
\BOOKMARK [2][-]{subsection.12.2}{\376\377\000T\000h\000e\000\040\000R\000e\000m\000a\000i\000n\000i\000n\000g\000\040\000G\000a\000p}{section.12}% 41
\BOOKMARK [2][-]{subsection.12.3}{\376\377\000T\000h\000e\000\040\000S\000p\000e\000c\000t\000r\000a\000l\000\040\000C\000o\000n\000d\000i\000t\000i\000o\000n}{section.12}% 42
