\BOOKMARK [1][-]{section.1}{\376\377\000T\000h\000e\000\040\000K\000e\000y\000\040\000I\000n\000s\000i\000g\000h\000t}{}% 1
\BOOKMARK [1][-]{section.2}{\376\377\000T\000h\000e\000\040\000S\000y\000m\000m\000e\000t\000r\000i\000c\000\040\000J\000a\000n\000g\000\040\000E\000q\000u\000a\000t\000i\000o\000n}{}% 2
\BOOKMARK [2][-]{subsection.2.1}{\376\377\000S\000t\000a\000n\000d\000a\000r\000d\000\040\000v\000s\000.\000\040\000D\000u\000a\000l\000\040\000J\000a\000n\000g}{section.2}% 3
\BOOKMARK [2][-]{subsection.2.2}{\376\377\000T\000h\000e\000\040\000S\000y\000m\000m\000e\000t\000r\000i\000c\000\040\000C\000o\000n\000s\000t\000r\000u\000c\000t\000i\000o\000n}{section.2}% 4
\BOOKMARK [1][-]{section.3}{\376\377\000S\000c\000a\000l\000a\000r\000\040\000C\000u\000r\000v\000a\000t\000u\000r\000e\000\040\000o\000f\000\040\000t\000h\000e\000\040\000S\000y\000m\000m\000e\000t\000r\000i\000c\000\040\000J\000a\000n\000g\000\040\000M\000e\000t\000r\000i\000c}{}% 5
\BOOKMARK [2][-]{subsection.3.1}{\376\377\000T\000h\000e\000\040\000B\000r\000a\000y\000-\000K\000h\000u\000r\000i\000\040\000I\000d\000e\000n\000t\000i\000t\000y}{section.3}% 6
\BOOKMARK [2][-]{subsection.3.2}{\376\377\000T\000h\000e\000\040\000D\000u\000a\000l\000\040\000B\000r\000a\000y\000-\000K\000h\000u\000r\000i\000\040\000I\000d\000e\000n\000t\000i\000t\000y}{section.3}% 7
\BOOKMARK [1][-]{section.4}{\376\377\000T\000h\000e\000\040\000S\000y\000m\000m\000e\000t\000r\000i\000c\000\040\000M\000a\000s\000s\000\040\000F\000u\000n\000c\000t\000i\000o\000n\000a\000l}{}% 8
\BOOKMARK [2][-]{subsection.4.1}{\376\377\000D\000e\000f\000i\000n\000i\000t\000i\000o\000n}{section.4}% 9
\BOOKMARK [2][-]{subsection.4.2}{\376\377\000R\000e\000l\000a\000t\000i\000o\000n\000\040\000t\000o\000\040\000A\000r\000e\000a}{section.4}% 10
\BOOKMARK [1][-]{section.5}{\376\377\000T\000h\000e\000\040\000S\000y\000m\000m\000e\000t\000r\000i\000c\000\040\000B\000l\000o\000w\000-\000U\000p\000\040\000A\000n\000a\000l\000y\000s\000i\000s}{}% 11
\BOOKMARK [2][-]{subsection.5.1}{\376\377\000B\000l\000o\000w\000-\000U\000p\000\040\000S\000t\000r\000u\000c\000t\000u\000r\000e}{section.5}% 12
\BOOKMARK [2][-]{subsection.5.2}{\376\377\000R\000e\000s\000o\000l\000u\000t\000i\000o\000n\000:\000\040\000T\000h\000e\000\040\000R\000e\000g\000u\000l\000a\000r\000i\000z\000e\000d\000\040\000S\000y\000m\000m\000e\000t\000r\000i\000c\000\040\000J\000a\000n\000g}{section.5}% 13
\BOOKMARK [1][-]{section.6}{\376\377\000M\000a\000i\000n\000\040\000T\000h\000e\000o\000r\000e\000m\000\040\000A\000t\000t\000e\000m\000p\000t}{}% 14
\BOOKMARK [1][-]{section.7}{\376\377\000G\000a\000p\000\040\000A\000n\000a\000l\000y\000s\000i\000s}{}% 15
\BOOKMARK [1][-]{section.8}{\376\377\000A\000l\000t\000e\000r\000n\000a\000t\000i\000v\000e\000:\000\040\000D\000i\000r\000e\000c\000t\000\040\000T\000r\000a\000p\000p\000i\000n\000g\000\040\000P\000r\000o\000d\000u\000c\000t\000\040\000A\000p\000p\000r\000o\000a\000c\000h}{}% 16
\BOOKMARK [1][-]{section.9}{\376\377\000C\000o\000n\000c\000l\000u\000s\000i\000o\000n\000\040\000a\000n\000d\000\040\000A\000s\000s\000e\000s\000s\000m\000e\000n\000t}{}% 17
\BOOKMARK [2][-]{subsection.9.1}{\376\377\000W\000h\000a\000t\000\040\000W\000e\000\040\000A\000c\000h\000i\000e\000v\000e\000d}{section.9}% 18
\BOOKMARK [2][-]{subsection.9.2}{\376\377\000W\000h\000a\000t\000\040\000R\000e\000m\000a\000i\000n\000s\000\040\000O\000p\000e\000n}{section.9}% 19
\BOOKMARK [2][-]{subsection.9.3}{\376\377\000H\000o\000n\000e\000s\000t\000\040\000A\000s\000s\000e\000s\000s\000m\000e\000n\000t}{section.9}% 20
\BOOKMARK [2][-]{subsection.9.4}{\376\377\000M\000o\000s\000t\000\040\000P\000r\000o\000m\000i\000s\000i\000n\000g\000\040\000P\000a\000t\000h\000\040\000F\000o\000r\000w\000a\000r\000d}{section.9}% 21
