\BOOKMARK [1][-]{section.1}{\376\377\000T\000h\000e\000\040\000T\000h\000r\000e\000e\000\040\000S\000p\000e\000c\000t\000r\000a\000l\000\040\000C\000o\000n\000d\000i\000t\000i\000o\000n\000s}{}% 1
\BOOKMARK [2][-]{subsection.1.1}{\376\377\000C\000o\000n\000d\000i\000t\000i\000o\000n\000\040\0001\000:\000\040\000M\000O\000T\000S\000\040\000S\000t\000a\000b\000i\000l\000i\000t\000y}{section.1}% 2
\BOOKMARK [2][-]{subsection.1.2}{\376\377\000C\000o\000n\000d\000i\000t\000i\000o\000n\000\040\0002\000:\000\040\000T\000r\000a\000p\000p\000i\000n\000g\000\040\000S\000p\000e\000c\000t\000r\000a\000l\000\040\000G\000a\000p}{section.1}% 3
\BOOKMARK [2][-]{subsection.1.3}{\376\377\000C\000o\000n\000d\000i\000t\000i\000o\000n\000\040\0003\000:\000\040\000J\000a\000n\000g\000\040\000E\000l\000l\000i\000p\000t\000i\000c\000i\000t\000y}{section.1}% 4
\BOOKMARK [1][-]{section.2}{\376\377\000T\000h\000e\000\040\000U\000n\000i\000f\000i\000e\000d\000\040\000S\000p\000e\000c\000t\000r\000a\000l\000\040\000I\000n\000e\000q\000u\000a\000l\000i\000t\000y}{}% 5
\BOOKMARK [2][-]{subsection.2.1}{\376\377\000T\000h\000e\000\040\000M\000a\000s\000t\000e\000r\000\040\000C\000o\000n\000d\000i\000t\000i\000o\000n}{section.2}% 6
\BOOKMARK [2][-]{subsection.2.2}{\376\377\000I\000n\000t\000e\000r\000p\000r\000e\000t\000a\000t\000i\000o\000n}{section.2}% 7
\BOOKMARK [2][-]{subsection.2.3}{\376\377\000W\000h\000e\000n\000\040\000A\000l\000l\000\040\000T\000h\000r\000e\000e\000\040\000H\000o\000l\000d}{section.2}% 8
\BOOKMARK [1][-]{section.3}{\376\377\000T\000h\000e\000\040\000O\000b\000s\000t\000r\000u\000c\000t\000i\000o\000n\000\040\000i\000n\000\040\000S\000p\000e\000c\000t\000r\000a\000l\000\040\000T\000e\000r\000m\000s}{}% 9
\BOOKMARK [2][-]{subsection.3.1}{\376\377\000W\000h\000e\000n\000\040\000C\000o\000n\000d\000i\000t\000i\000o\000n\000s\000\040\000F\000a\000i\000l}{section.3}% 10
\BOOKMARK [2][-]{subsection.3.2}{\376\377\000T\000h\000e\000\040\000G\000e\000n\000e\000r\000i\000c\000\040\000C\000a\000s\000e}{section.3}% 11
\BOOKMARK [2][-]{subsection.3.3}{\376\377\000Q\000u\000a\000n\000t\000i\000t\000a\000t\000i\000v\000e\000\040\000A\000n\000a\000l\000y\000s\000i\000s}{section.3}% 12
\BOOKMARK [1][-]{section.4}{\376\377\000A\000\040\000P\000o\000t\000e\000n\000t\000i\000a\000l\000\040\000P\000a\000t\000h\000\040\000t\000o\000\040\000R\000e\000s\000o\000l\000u\000t\000i\000o\000n}{}% 13
\BOOKMARK [2][-]{subsection.4.1}{\376\377\000W\000e\000a\000k\000e\000n\000i\000n\000g\000\040\000t\000h\000e\000\040\000S\000p\000i\000n\000o\000r\000i\000a\000l\000\040\000C\000o\000n\000d\000i\000t\000i\000o\000n}{section.4}% 14
\BOOKMARK [2][-]{subsection.4.2}{\376\377\000T\000h\000e\000\040\000J\000a\000n\000g\000-\000S\000p\000i\000n\000o\000r\000\040\000H\000y\000b\000r\000i\000d}{section.4}% 15
\BOOKMARK [1][-]{section.5}{\376\377\000T\000h\000e\000\040\000S\000p\000e\000c\000t\000r\000a\000l\000-\000G\000e\000o\000m\000e\000t\000r\000i\000c\000\040\000D\000u\000a\000l\000i\000t\000y}{}% 16
\BOOKMARK [2][-]{subsection.5.1}{\376\377\000R\000e\000l\000a\000t\000i\000n\000g\000\040\000t\000h\000e\000\040\000T\000h\000r\000e\000e\000\040\000O\000p\000e\000r\000a\000t\000o\000r\000s}{section.5}% 17
\BOOKMARK [2][-]{subsection.5.2}{\376\377\000T\000h\000e\000\040\000J\000a\000n\000g\000-\000D\000i\000r\000a\000c\000\040\000C\000o\000n\000n\000e\000c\000t\000i\000o\000n}{section.5}% 18
\BOOKMARK [2][-]{subsection.5.3}{\376\377\000U\000n\000i\000f\000i\000e\000d\000\040\000S\000p\000e\000c\000t\000r\000a\000l\000\040\000T\000h\000e\000o\000r\000y}{section.5}% 19
\BOOKMARK [1][-]{section.6}{\376\377\000H\000e\000a\000t\000\040\000K\000e\000r\000n\000e\000l\000\040\000a\000n\000d\000\040\000F\000u\000n\000c\000t\000i\000o\000n\000a\000l\000\040\000I\000n\000e\000q\000u\000a\000l\000i\000t\000i\000e\000s}{}% 20
\BOOKMARK [2][-]{subsection.6.1}{\376\377\000H\000e\000a\000t\000\040\000K\000e\000r\000n\000e\000l\000\040\000f\000o\000r\000\040\000T\000r\000a\000p\000p\000i\000n\000g\000\040\000O\000p\000e\000r\000a\000t\000o\000r}{section.6}% 21
\BOOKMARK [2][-]{subsection.6.2}{\376\377\000L\000o\000g\000-\000S\000o\000b\000o\000l\000e\000v\000\040\000I\000n\000e\000q\000u\000a\000l\000i\000t\000y}{section.6}% 22
\BOOKMARK [1][-]{section.7}{\376\377\000C\000D\000\040\000C\000o\000n\000d\000i\000t\000i\000o\000n\000s\000\040\000a\000n\000d\000\040\000S\000y\000n\000t\000h\000e\000t\000i\000c\000\040\000A\000p\000p\000r\000o\000a\000c\000h}{}% 23
\BOOKMARK [2][-]{subsection.7.1}{\376\377\000C\000u\000r\000v\000a\000t\000u\000r\000e\000-\000D\000i\000m\000e\000n\000s\000i\000o\000n\000\040\000C\000o\000n\000d\000i\000t\000i\000o\000n\000s}{section.7}% 24
\BOOKMARK [2][-]{subsection.7.2}{\376\377\000A\000p\000p\000l\000i\000c\000a\000t\000i\000o\000n\000\040\000t\000o\000\040\000T\000r\000a\000p\000p\000e\000d\000\040\000S\000u\000r\000f\000a\000c\000e\000s}{section.7}% 25
\BOOKMARK [1][-]{section.8}{\376\377\000S\000u\000m\000m\000a\000r\000y\000:\000\040\000T\000h\000e\000\040\000C\000o\000m\000p\000l\000e\000t\000e\000\040\000P\000i\000c\000t\000u\000r\000e}{}% 26
\BOOKMARK [2][-]{subsection.8.1}{\376\377\000W\000h\000a\000t\000\040\000H\000a\000r\000m\000o\000n\000i\000c\000\040\000A\000n\000a\000l\000y\000s\000i\000s\000\040\000R\000e\000v\000e\000a\000l\000s}{section.8}% 27
\BOOKMARK [2][-]{subsection.8.2}{\376\377\000T\000h\000e\000\040\000U\000n\000i\000f\000i\000e\000d\000\040\000O\000b\000s\000t\000r\000u\000c\000t\000i\000o\000n}{section.8}% 28
\BOOKMARK [2][-]{subsection.8.3}{\376\377\000W\000h\000a\000t\000\040\000W\000o\000u\000l\000d\000\040\000P\000r\000o\000v\000e\000\040\000t\000h\000e\000\040\000C\000o\000n\000j\000e\000c\000t\000u\000r\000e}{section.8}% 29
\BOOKMARK [2][-]{subsection.8.4}{\376\377\000C\000u\000r\000r\000e\000n\000t\000\040\000S\000t\000a\000t\000u\000s}{section.8}% 30
