\BOOKMARK [1][-]{section.1}{\376\377\000I\000n\000t\000r\000o\000d\000u\000c\000t\000i\000o\000n}{}% 1
\BOOKMARK [2][-]{subsection.1.1}{\376\377\000T\000h\000e\000\040\000F\000u\000n\000d\000a\000m\000e\000n\000t\000a\000l\000\040\000T\000e\000n\000s\000i\000o\000n}{section.1}% 2
\BOOKMARK [2][-]{subsection.1.2}{\376\377\000O\000u\000r\000\040\000C\000o\000n\000t\000r\000i\000b\000u\000t\000i\000o\000n\000:\000\040\000T\000h\000e\000\040\000C\000r\000i\000t\000i\000c\000a\000l\000\040\000E\000n\000t\000a\000n\000g\000l\000e\000m\000e\000n\000t\000\040\000H\000y\000p\000o\000t\000h\000e\000s\000i\000s}{section.1}% 3
\BOOKMARK [2][-]{subsection.1.3}{\376\377\000S\000i\000g\000n\000i\000f\000i\000c\000a\000n\000c\000e\000\040\000a\000n\000d\000\040\000S\000c\000o\000p\000e}{section.1}% 4
\BOOKMARK [1][-]{section.2}{\376\377\000M\000a\000t\000h\000e\000m\000a\000t\000i\000c\000a\000l\000\040\000F\000o\000u\000n\000d\000a\000t\000i\000o\000n\000s\000\040\000o\000f\000\040\000Q\000u\000a\000n\000t\000u\000m\000\040\000L\000e\000a\000r\000n\000i\000n\000g}{}% 5
\BOOKMARK [2][-]{subsection.2.1}{\376\377\000Q\000u\000a\000n\000t\000u\000m\000\040\000S\000t\000a\000t\000e\000\040\000S\000p\000a\000c\000e\000s\000\040\000a\000n\000d\000\040\000O\000b\000s\000e\000r\000v\000a\000b\000l\000e\000s}{section.2}% 6
\BOOKMARK [2][-]{subsection.2.2}{\376\377\000Q\000u\000a\000n\000t\000u\000m\000\040\000C\000h\000a\000n\000n\000e\000l\000s\000\040\000a\000n\000d\000\040\000E\000v\000o\000l\000u\000t\000i\000o\000n}{section.2}% 7
\BOOKMARK [2][-]{subsection.2.3}{\376\377\000Q\000u\000a\000n\000t\000u\000m\000\040\000E\000n\000t\000r\000o\000p\000y\000\040\000a\000n\000d\000\040\000I\000n\000f\000o\000r\000m\000a\000t\000i\000o\000n}{section.2}% 8
\BOOKMARK [2][-]{subsection.2.4}{\376\377\000E\000n\000t\000a\000n\000g\000l\000e\000m\000e\000n\000t\000\040\000T\000h\000e\000o\000r\000y}{section.2}% 9
\BOOKMARK [2][-]{subsection.2.5}{\376\377\000Q\000u\000a\000n\000t\000u\000m\000\040\000I\000n\000f\000o\000r\000m\000a\000t\000i\000o\000n\000\040\000G\000e\000o\000m\000e\000t\000r\000y}{section.2}% 10
\BOOKMARK [2][-]{subsection.2.6}{\376\377\000H\000o\000l\000e\000v\000o\000\040\000B\000o\000u\000n\000d\000\040\000a\000n\000d\000\040\000Q\000u\000a\000n\000t\000u\000m\000\040\000C\000a\000p\000a\000c\000i\000t\000y}{section.2}% 11
\BOOKMARK [2][-]{subsection.2.7}{\376\377\000Q\000u\000a\000n\000t\000u\000m\000\040\000C\000o\000n\000c\000e\000n\000t\000r\000a\000t\000i\000o\000n\000\040\000I\000n\000e\000q\000u\000a\000l\000i\000t\000i\000e\000s}{section.2}% 12
\BOOKMARK [1][-]{section.3}{\376\377\000Q\000u\000a\000n\000t\000u\000m\000\040\000S\000t\000a\000t\000i\000s\000t\000i\000c\000a\000l\000\040\000L\000e\000a\000r\000n\000i\000n\000g\000\040\000T\000h\000e\000o\000r\000y}{}% 13
\BOOKMARK [2][-]{subsection.3.1}{\376\377\000T\000h\000e\000\040\000Q\000u\000a\000n\000t\000u\000m\000\040\000L\000e\000a\000r\000n\000i\000n\000g\000\040\000S\000e\000t\000t\000i\000n\000g}{section.3}% 14
\BOOKMARK [2][-]{subsection.3.2}{\376\377\000Q\000u\000a\000n\000t\000u\000m\000\040\000P\000A\000C\000\040\000L\000e\000a\000r\000n\000i\000n\000g}{section.3}% 15
\BOOKMARK [2][-]{subsection.3.3}{\376\377\000Q\000u\000a\000n\000t\000u\000m\000\040\000V\000C\000\040\000D\000i\000m\000e\000n\000s\000i\000o\000n}{section.3}% 16
\BOOKMARK [2][-]{subsection.3.4}{\376\377\000Q\000u\000a\000n\000t\000u\000m\000\040\000R\000a\000d\000e\000m\000a\000c\000h\000e\000r\000\040\000C\000o\000m\000p\000l\000e\000x\000i\000t\000y}{section.3}% 17
\BOOKMARK [2][-]{subsection.3.5}{\376\377\000Q\000u\000a\000n\000t\000u\000m\000\040\000C\000o\000v\000e\000r\000i\000n\000g\000\040\000N\000u\000m\000b\000e\000r\000s}{section.3}% 18
\BOOKMARK [2][-]{subsection.3.6}{\376\377\000M\000a\000i\000n\000\040\000G\000e\000n\000e\000r\000a\000l\000i\000z\000a\000t\000i\000o\000n\000\040\000T\000h\000e\000o\000r\000e\000m}{section.3}% 19
\BOOKMARK [1][-]{section.4}{\376\377\000R\000e\000l\000a\000t\000e\000d\000\040\000W\000o\000r\000k\000\040\000a\000n\000d\000\040\000C\000o\000n\000t\000e\000x\000t}{}% 20
\BOOKMARK [2][-]{subsection.4.1}{\376\377\000E\000x\000p\000r\000e\000s\000s\000i\000b\000i\000l\000i\000t\000y\000\040\000a\000n\000d\000\040\000B\000a\000r\000r\000e\000n\000\040\000P\000l\000a\000t\000e\000a\000u\000s}{section.4}% 21
\BOOKMARK [2][-]{subsection.4.2}{\376\377\000G\000e\000n\000e\000r\000a\000l\000i\000z\000a\000t\000i\000o\000n\000\040\000i\000n\000\040\000Q\000u\000a\000n\000t\000u\000m\000\040\000M\000a\000c\000h\000i\000n\000e\000\040\000L\000e\000a\000r\000n\000i\000n\000g}{section.4}% 22
\BOOKMARK [2][-]{subsection.4.3}{\376\377\000Q\000u\000a\000n\000t\000u\000m\000\040\000P\000h\000a\000s\000e\000\040\000T\000r\000a\000n\000s\000i\000t\000i\000o\000n\000s\000\040\000a\000n\000d\000\040\000C\000o\000m\000p\000u\000t\000a\000t\000i\000o\000n}{section.4}% 23
\BOOKMARK [2][-]{subsection.4.4}{\376\377\000T\000e\000n\000s\000o\000r\000\040\000N\000e\000t\000w\000o\000r\000k\000s\000\040\000a\000n\000d\000\040\000Q\000u\000a\000n\000t\000u\000m\000\040\000M\000a\000c\000h\000i\000n\000e\000\040\000L\000e\000a\000r\000n\000i\000n\000g}{section.4}% 24
\BOOKMARK [2][-]{subsection.4.5}{\376\377\000I\000n\000f\000o\000r\000m\000a\000t\000i\000o\000n\000\040\000G\000e\000o\000m\000e\000t\000r\000y\000\040\000o\000f\000\040\000Q\000u\000a\000n\000t\000u\000m\000\040\000S\000t\000a\000t\000e\000s}{section.4}% 25
\BOOKMARK [1][-]{section.5}{\376\377\000T\000h\000e\000o\000r\000e\000t\000i\000c\000a\000l\000\040\000F\000r\000a\000m\000e\000w\000o\000r\000k}{}% 26
\BOOKMARK [2][-]{subsection.5.1}{\376\377\000Q\000u\000a\000n\000t\000u\000m\000\040\000S\000t\000a\000t\000i\000s\000t\000i\000c\000a\000l\000\040\000M\000e\000c\000h\000a\000n\000i\000c\000s\000\040\000o\000f\000\040\000L\000e\000a\000r\000n\000i\000n\000g}{section.5}% 27
\BOOKMARK [3][-]{subsubsection.5.1.1}{\376\377\000T\000h\000e\000\040\000E\000i\000g\000e\000n\000s\000t\000a\000t\000e\000\040\000T\000h\000e\000r\000m\000a\000l\000i\000z\000a\000t\000i\000o\000n\000\040\000H\000y\000p\000o\000t\000h\000e\000s\000i\000s\000\040\000a\000n\000d\000\040\000L\000e\000a\000r\000n\000i\000n\000g}{subsection.5.1}% 28
\BOOKMARK [3][-]{subsubsection.5.1.2}{\376\377\000Q\000u\000a\000n\000t\000u\000m\000\040\000T\000y\000p\000i\000c\000a\000l\000i\000t\000y\000\040\000a\000n\000d\000\040\000B\000a\000r\000r\000e\000n\000\040\000P\000l\000a\000t\000e\000a\000u\000s}{subsection.5.1}% 29
\BOOKMARK [3][-]{subsubsection.5.1.3}{\376\377\000F\000r\000e\000e\000\040\000E\000n\000e\000r\000g\000y\000\040\000a\000n\000d\000\040\000G\000e\000n\000e\000r\000a\000l\000i\000z\000a\000t\000i\000o\000n}{subsection.5.1}% 30
\BOOKMARK [2][-]{subsection.5.2}{\376\377\000V\000a\000r\000i\000a\000t\000i\000o\000n\000a\000l\000\040\000Q\000u\000a\000n\000t\000u\000m\000\040\000C\000l\000a\000s\000s\000i\000f\000i\000e\000r\000s}{section.5}% 31
\BOOKMARK [2][-]{subsection.5.3}{\376\377\000E\000f\000f\000e\000c\000t\000i\000v\000e\000\040\000H\000a\000m\000i\000l\000t\000o\000n\000i\000a\000n\000\040\000D\000e\000s\000c\000r\000i\000p\000t\000i\000o\000n}{section.5}% 32
\BOOKMARK [2][-]{subsection.5.4}{\376\377\000P\000h\000a\000s\000e\000\040\000S\000t\000r\000u\000c\000t\000u\000r\000e\000\040\000o\000f\000\040\000t\000h\000e\000\040\000E\000f\000f\000e\000c\000t\000i\000v\000e\000\040\000H\000a\000m\000i\000l\000t\000o\000n\000i\000a\000n}{section.5}% 33
\BOOKMARK [2][-]{subsection.5.5}{\376\377\000E\000n\000t\000a\000n\000g\000l\000e\000m\000e\000n\000t\000\040\000a\000n\000d\000\040\000C\000l\000a\000s\000s\000i\000c\000a\000l\000\040\000S\000i\000m\000u\000l\000a\000b\000i\000l\000i\000t\000y}{section.5}% 34
\BOOKMARK [2][-]{subsection.5.6}{\376\377\000Q\000u\000a\000n\000t\000u\000m\000\040\000F\000i\000s\000h\000e\000r\000\040\000I\000n\000f\000o\000r\000m\000a\000t\000i\000o\000n\000\040\000a\000n\000d\000\040\000M\000o\000d\000e\000l\000\040\000C\000a\000p\000a\000c\000i\000t\000y}{section.5}% 35
\BOOKMARK [2][-]{subsection.5.7}{\376\377\000G\000r\000a\000d\000i\000e\000n\000t\000\040\000V\000a\000r\000i\000a\000n\000c\000e\000\040\000a\000n\000d\000\040\000T\000r\000a\000i\000n\000a\000b\000i\000l\000i\000t\000y}{section.5}% 36
\BOOKMARK [2][-]{subsection.5.8}{\376\377\000T\000h\000e\000\040\000R\000G\000\040\000F\000l\000o\000w\000\040\000I\000n\000t\000e\000r\000p\000r\000e\000t\000a\000t\000i\000o\000n}{section.5}% 37
\BOOKMARK [2][-]{subsection.5.9}{\376\377\000Q\000u\000a\000n\000t\000u\000m\000\040\000N\000o\000i\000s\000e\000\040\000a\000n\000d\000\040\000D\000e\000c\000o\000h\000e\000r\000e\000n\000c\000e\000\040\000T\000h\000e\000o\000r\000y}{section.5}% 38
\BOOKMARK [3][-]{subsubsection.5.9.1}{\376\377\000N\000o\000i\000s\000e\000\040\000M\000o\000d\000e\000l\000s}{subsection.5.9}% 39
\BOOKMARK [3][-]{subsubsection.5.9.2}{\376\377\000N\000o\000i\000s\000e\000-\000I\000n\000d\000u\000c\000e\000d\000\040\000P\000h\000a\000s\000e\000\040\000T\000r\000a\000n\000s\000i\000t\000i\000o\000n}{subsection.5.9}% 40
\BOOKMARK [3][-]{subsubsection.5.9.3}{\376\377\000E\000n\000t\000a\000n\000g\000l\000e\000m\000e\000n\000t\000\040\000D\000e\000g\000r\000a\000d\000a\000t\000i\000o\000n\000\040\000u\000n\000d\000e\000r\000\040\000N\000o\000i\000s\000e}{subsection.5.9}% 41
\BOOKMARK [3][-]{subsubsection.5.9.4}{\376\377\000E\000r\000r\000o\000r\000\040\000M\000i\000t\000i\000g\000a\000t\000i\000o\000n\000\040\000a\000n\000d\000\040\000G\000e\000n\000e\000r\000a\000l\000i\000z\000a\000t\000i\000o\000n}{subsection.5.9}% 42
\BOOKMARK [3][-]{subsubsection.5.9.5}{\376\377\000T\000h\000e\000\040\000Q\000u\000a\000n\000t\000u\000m\000-\000C\000l\000a\000s\000s\000i\000c\000a\000l\000\040\000T\000r\000a\000n\000s\000i\000t\000i\000o\000n}{subsection.5.9}% 43
\BOOKMARK [1][-]{section.6}{\376\377\000M\000a\000i\000n\000\040\000T\000h\000e\000o\000r\000e\000t\000i\000c\000a\000l\000\040\000R\000e\000s\000u\000l\000t\000s}{}% 44
\BOOKMARK [2][-]{subsection.6.1}{\376\377\000T\000h\000e\000\040\000C\000r\000i\000t\000i\000c\000a\000l\000\040\000O\000p\000t\000i\000m\000u\000m\000\040\000T\000h\000e\000o\000r\000e\000m}{section.6}% 45
\BOOKMARK [2][-]{subsection.6.2}{\376\377\000I\000n\000f\000o\000r\000m\000a\000t\000i\000o\000n\000-\000T\000h\000e\000o\000r\000e\000t\000i\000c\000\040\000L\000o\000w\000e\000r\000\040\000B\000o\000u\000n\000d\000\040\000o\000n\000\040\000E\000n\000t\000a\000n\000g\000l\000e\000m\000e\000n\000t}{section.6}% 46
\BOOKMARK [2][-]{subsection.6.3}{\376\377\000F\000i\000s\000h\000e\000r\000\040\000I\000n\000f\000o\000r\000m\000a\000t\000i\000o\000n\000\040\000P\000h\000a\000s\000e\000\040\000T\000r\000a\000n\000s\000i\000t\000i\000o\000n}{section.6}% 47
\BOOKMARK [2][-]{subsection.6.4}{\376\377\000S\000c\000a\000l\000i\000n\000g\000\040\000L\000a\000w\000s\000\040\000a\000n\000d\000\040\000U\000n\000i\000v\000e\000r\000s\000a\000l\000i\000t\000y}{section.6}% 48
\BOOKMARK [2][-]{subsection.6.5}{\376\377\000Q\000u\000a\000n\000t\000u\000m\000\040\000N\000o\000-\000F\000r\000e\000e\000-\000L\000u\000n\000c\000h\000\040\000T\000h\000e\000o\000r\000e\000m}{section.6}% 49
\BOOKMARK [2][-]{subsection.6.6}{\376\377\000Q\000u\000a\000n\000t\000u\000m\000-\000C\000l\000a\000s\000s\000i\000c\000a\000l\000\040\000S\000e\000p\000a\000r\000a\000t\000i\000o\000n}{section.6}% 50
\BOOKMARK [2][-]{subsection.6.7}{\376\377\000I\000n\000f\000o\000r\000m\000a\000t\000i\000o\000n\000-\000T\000h\000e\000o\000r\000e\000t\000i\000c\000\040\000B\000o\000u\000n\000d\000s}{section.6}% 51
\BOOKMARK [1][-]{section.7}{\376\377\000M\000e\000t\000h\000o\000d\000o\000l\000o\000g\000y}{}% 52
\BOOKMARK [2][-]{subsection.7.1}{\376\377\000Q\000u\000a\000n\000t\000u\000m\000\040\000C\000i\000r\000c\000u\000i\000t\000\040\000A\000r\000c\000h\000i\000t\000e\000c\000t\000u\000r\000e}{section.7}% 53
\BOOKMARK [3][-]{subsubsection.7.1.1}{\376\377\000S\000y\000s\000t\000e\000m\000\040\000C\000o\000n\000f\000i\000g\000u\000r\000a\000t\000i\000o\000n}{subsection.7.1}% 54
\BOOKMARK [3][-]{subsubsection.7.1.2}{\376\377\000D\000a\000t\000a\000\040\000E\000n\000c\000o\000d\000i\000n\000g}{subsection.7.1}% 55
\BOOKMARK [3][-]{subsubsection.7.1.3}{\376\377\000V\000a\000r\000i\000a\000t\000i\000o\000n\000a\000l\000\040\000A\000n\000s\000a\000t\000z}{subsection.7.1}% 56
\BOOKMARK [3][-]{subsubsection.7.1.4}{\376\377\000M\000e\000a\000s\000u\000r\000e\000m\000e\000n\000t}{subsection.7.1}% 57
\BOOKMARK [2][-]{subsection.7.2}{\376\377\000L\000e\000a\000r\000n\000i\000n\000g\000\040\000T\000a\000s\000k}{section.7}% 58
\BOOKMARK [2][-]{subsection.7.3}{\376\377\000T\000r\000a\000i\000n\000i\000n\000g\000\040\000P\000r\000o\000t\000o\000c\000o\000l}{section.7}% 59
\BOOKMARK [3][-]{subsubsection.7.3.1}{\376\377\000L\000o\000s\000s\000\040\000F\000u\000n\000c\000t\000i\000o\000n}{subsection.7.3}% 60
\BOOKMARK [3][-]{subsubsection.7.3.2}{\376\377\000O\000p\000t\000i\000m\000i\000z\000a\000t\000i\000o\000n\000\040\000A\000l\000g\000o\000r\000i\000t\000h\000m}{subsection.7.3}% 61
\BOOKMARK [3][-]{subsubsection.7.3.3}{\376\377\000E\000x\000p\000e\000r\000i\000m\000e\000n\000t\000a\000l\000\040\000D\000e\000s\000i\000g\000n}{subsection.7.3}% 62
\BOOKMARK [3][-]{subsubsection.7.3.4}{\376\377\000R\000e\000p\000r\000o\000d\000u\000c\000i\000b\000i\000l\000i\000t\000y}{subsection.7.3}% 63
\BOOKMARK [2][-]{subsection.7.4}{\376\377\000M\000e\000t\000r\000i\000c\000s}{section.7}% 64
\BOOKMARK [3][-]{subsubsection.7.4.1}{\376\377\000G\000e\000n\000e\000r\000a\000l\000i\000z\000a\000t\000i\000o\000n\000\040\000E\000r\000r\000o\000r}{subsection.7.4}% 65
\BOOKMARK [3][-]{subsubsection.7.4.2}{\376\377\000E\000n\000t\000a\000n\000g\000l\000e\000m\000e\000n\000t\000\040\000E\000n\000t\000r\000o\000p\000y}{subsection.7.4}% 66
\BOOKMARK [3][-]{subsubsection.7.4.3}{\376\377\000E\000f\000f\000e\000c\000t\000i\000v\000e\000\040\000D\000i\000m\000e\000n\000s\000i\000o\000n}{subsection.7.4}% 67
\BOOKMARK [2][-]{subsection.7.5}{\376\377\000I\000m\000p\000l\000e\000m\000e\000n\000t\000a\000t\000i\000o\000n}{section.7}% 68
\BOOKMARK [1][-]{section.8}{\376\377\000E\000x\000p\000e\000r\000i\000m\000e\000n\000t\000a\000l\000\040\000R\000e\000s\000u\000l\000t\000s}{}% 69
\BOOKMARK [2][-]{subsection.8.1}{\376\377\000T\000h\000e\000\040\000U\000-\000S\000h\000a\000p\000e\000d\000\040\000G\000e\000n\000e\000r\000a\000l\000i\000z\000a\000t\000i\000o\000n\000\040\000C\000u\000r\000v\000e}{section.8}% 70
\BOOKMARK [3][-]{subsubsection.8.1.1}{\376\377\000Q\000u\000a\000n\000t\000i\000t\000a\000t\000i\000v\000e\000\040\000A\000n\000a\000l\000y\000s\000i\000s}{subsection.8.1}% 71
\BOOKMARK [3][-]{subsubsection.8.1.2}{\376\377\000P\000h\000a\000s\000e\000\040\000I\000d\000e\000n\000t\000i\000f\000i\000c\000a\000t\000i\000o\000n}{subsection.8.1}% 72
\BOOKMARK [2][-]{subsection.8.2}{\376\377\000E\000f\000f\000e\000c\000t\000i\000v\000e\000\040\000D\000i\000m\000e\000n\000s\000i\000o\000n\000\040\000A\000n\000a\000l\000y\000s\000i\000s}{section.8}% 73
\BOOKMARK [2][-]{subsection.8.3}{\376\377\000V\000e\000r\000i\000f\000i\000c\000a\000t\000i\000o\000n\000\040\000o\000f\000\040\000S\000c\000a\000l\000i\000n\000g\000\040\000P\000r\000e\000d\000i\000c\000t\000i\000o\000n\000s}{section.8}% 74
\BOOKMARK [2][-]{subsection.8.4}{\376\377\000T\000r\000a\000i\000n\000i\000n\000g\000\040\000D\000y\000n\000a\000m\000i\000c\000s}{section.8}% 75
\BOOKMARK [2][-]{subsection.8.5}{\376\377\000R\000o\000b\000u\000s\000t\000n\000e\000s\000s\000\040\000A\000n\000a\000l\000y\000s\000i\000s}{section.8}% 76
\BOOKMARK [1][-]{section.9}{\376\377\000D\000i\000s\000c\000u\000s\000s\000i\000o\000n}{}% 77
\BOOKMARK [2][-]{subsection.9.1}{\376\377\000U\000n\000i\000f\000i\000c\000a\000t\000i\000o\000n\000\040\000o\000f\000\040\000D\000i\000s\000p\000a\000r\000a\000t\000e\000\040\000P\000h\000e\000n\000o\000m\000e\000n\000a}{section.9}% 78
\BOOKMARK [2][-]{subsection.9.2}{\376\377\000D\000e\000s\000i\000g\000n\000\040\000P\000r\000i\000n\000c\000i\000p\000l\000e\000s\000\040\000f\000o\000r\000\040\000Q\000u\000a\000n\000t\000u\000m\000\040\000C\000i\000r\000c\000u\000i\000t\000s}{section.9}% 79
\BOOKMARK [2][-]{subsection.9.3}{\376\377\000C\000o\000n\000n\000e\000c\000t\000i\000o\000n\000\040\000t\000o\000\040\000P\000h\000y\000s\000i\000c\000s\000\040\000o\000f\000\040\000L\000e\000a\000r\000n\000i\000n\000g}{section.9}% 80
\BOOKMARK [2][-]{subsection.9.4}{\376\377\000L\000i\000m\000i\000t\000a\000t\000i\000o\000n\000s\000\040\000a\000n\000d\000\040\000F\000u\000t\000u\000r\000e\000\040\000D\000i\000r\000e\000c\000t\000i\000o\000n\000s}{section.9}% 81
\BOOKMARK [2][-]{subsection.9.5}{\376\377\000O\000u\000t\000l\000o\000o\000k\000:\000\040\000A\000\040\000R\000e\000s\000e\000a\000r\000c\000h\000\040\000A\000g\000e\000n\000d\000a}{section.9}% 82
\BOOKMARK [1][-]{section.10}{\376\377\000C\000o\000m\000p\000u\000t\000a\000t\000i\000o\000n\000a\000l\000\040\000C\000o\000m\000p\000l\000e\000x\000i\000t\000y\000\040\000o\000f\000\040\000Q\000u\000a\000n\000t\000u\000m\000\040\000L\000e\000a\000r\000n\000i\000n\000g}{}% 83
\BOOKMARK [2][-]{subsection.10.1}{\376\377\000C\000o\000m\000p\000l\000e\000x\000i\000t\000y\000\040\000C\000l\000a\000s\000s\000e\000s\000\040\000f\000o\000r\000\040\000Q\000u\000a\000n\000t\000u\000m\000\040\000L\000e\000a\000r\000n\000i\000n\000g}{section.10}% 84
\BOOKMARK [2][-]{subsection.10.2}{\376\377\000H\000a\000r\000d\000n\000e\000s\000s\000\040\000o\000f\000\040\000Q\000u\000a\000n\000t\000u\000m\000\040\000L\000e\000a\000r\000n\000i\000n\000g}{section.10}% 85
\BOOKMARK [2][-]{subsection.10.3}{\376\377\000S\000t\000r\000u\000c\000t\000u\000r\000e\000-\000E\000x\000p\000l\000o\000i\000t\000i\000n\000g\000\040\000Q\000u\000a\000n\000t\000u\000m\000\040\000L\000e\000a\000r\000n\000i\000n\000g}{section.10}% 86
\BOOKMARK [2][-]{subsection.10.4}{\376\377\000O\000r\000a\000c\000l\000e\000\040\000C\000o\000m\000p\000l\000e\000x\000i\000t\000y\000\040\000o\000f\000\040\000V\000Q\000C\000\040\000T\000r\000a\000i\000n\000i\000n\000g}{section.10}% 87
\BOOKMARK [2][-]{subsection.10.5}{\376\377\000I\000n\000f\000o\000r\000m\000a\000t\000i\000o\000n\000-\000C\000o\000m\000p\000l\000e\000x\000i\000t\000y\000\040\000T\000r\000a\000d\000e\000o\000f\000f\000s}{section.10}% 88
\BOOKMARK [1][-]{section.11}{\376\377\000C\000o\000n\000c\000l\000u\000s\000i\000o\000n}{}% 89
\BOOKMARK [2][-]{subsection.11.1}{\376\377\000S\000u\000m\000m\000a\000r\000y\000\040\000o\000f\000\040\000C\000o\000n\000t\000r\000i\000b\000u\000t\000i\000o\000n\000s}{section.11}% 90
\BOOKMARK [2][-]{subsection.11.2}{\376\377\000B\000r\000o\000a\000d\000e\000r\000\040\000I\000m\000p\000a\000c\000t}{section.11}% 91
\BOOKMARK [2][-]{subsection.11.3}{\376\377\000L\000i\000m\000i\000t\000a\000t\000i\000o\000n\000s}{section.11}% 92
\BOOKMARK [2][-]{subsection.11.4}{\376\377\000F\000u\000t\000u\000r\000e\000\040\000D\000i\000r\000e\000c\000t\000i\000o\000n\000s}{section.11}% 93
\BOOKMARK [1][-]{appendix.A}{\376\377\000P\000r\000o\000o\000f\000\040\000D\000e\000t\000a\000i\000l\000s}{}% 94
\BOOKMARK [2][-]{subsection.A.1}{\376\377\000P\000r\000o\000o\000f\000\040\000o\000f\000\040\000P\000r\000o\000p\000o\000s\000i\000t\000i\000o\000n\000\040\0005\000.\0006}{appendix.A}% 95
\BOOKMARK [2][-]{subsection.A.2}{\376\377\000P\000r\000o\000o\000f\000\040\000o\000f\000\040\000T\000h\000e\000o\000r\000e\000m\000\040\0006\000.\0002}{appendix.A}% 96
\BOOKMARK [2][-]{subsection.A.3}{\376\377\000P\000r\000o\000o\000f\000\040\000o\000f\000\040\000T\000h\000e\000o\000r\000e\000m\000\040\0003\000.\0006}{appendix.A}% 97
\BOOKMARK [2][-]{subsection.A.4}{\376\377\000P\000r\000o\000o\000f\000\040\000o\000f\000\040\000T\000h\000e\000o\000r\000e\000m\000\040\0006\000.\0006}{appendix.A}% 98
\BOOKMARK [2][-]{subsection.A.5}{\376\377\000F\000i\000s\000h\000e\000r\000\040\000I\000n\000f\000o\000r\000m\000a\000t\000i\000o\000n\000\040\000C\000a\000l\000c\000u\000l\000a\000t\000i\000o\000n}{appendix.A}% 99
\BOOKMARK [2][-]{subsection.A.6}{\376\377\000P\000r\000o\000o\000f\000\040\000o\000f\000\040\000T\000h\000e\000o\000r\000e\000m\000\040\0005\000.\0001\0004}{appendix.A}% 100
\BOOKMARK [1][-]{appendix.B}{\376\377\000A\000d\000d\000i\000t\000i\000o\000n\000a\000l\000\040\000E\000x\000p\000e\000r\000i\000m\000e\000n\000t\000a\000l\000\040\000D\000e\000t\000a\000i\000l\000s}{}% 101
\BOOKMARK [2][-]{subsection.B.1}{\376\377\000H\000y\000p\000e\000r\000p\000a\000r\000a\000m\000e\000t\000e\000r\000\040\000S\000e\000n\000s\000i\000t\000i\000v\000i\000t\000y}{appendix.B}% 102
\BOOKMARK [2][-]{subsection.B.2}{\376\377\000S\000t\000a\000t\000i\000s\000t\000i\000c\000a\000l\000\040\000T\000e\000s\000t\000s}{appendix.B}% 103
\BOOKMARK [1][-]{appendix.C}{\376\377\000E\000x\000t\000e\000n\000d\000e\000d\000\040\000R\000e\000l\000a\000t\000e\000d\000\040\000W\000o\000r\000k}{}% 104
\BOOKMARK [2][-]{subsection.C.1}{\376\377\000Q\000u\000a\000n\000t\000u\000m\000\040\000C\000o\000m\000p\000u\000t\000a\000t\000i\000o\000n\000a\000l\000\040\000C\000o\000m\000p\000l\000e\000x\000i\000t\000y}{appendix.C}% 105
\BOOKMARK [2][-]{subsection.C.2}{\376\377\000Q\000u\000a\000n\000t\000u\000m\000\040\000E\000r\000r\000o\000r\000\040\000C\000o\000r\000r\000e\000c\000t\000i\000o\000n\000\040\000a\000n\000d\000\040\000L\000e\000a\000r\000n\000i\000n\000g}{appendix.C}% 106
