\BOOKMARK [1][-]{section.1}{\376\377\000I\000n\000t\000r\000o\000d\000u\000c\000t\000i\000o\000n}{}% 1
\BOOKMARK [2][-]{subsection.1.1}{\376\377\000T\000h\000e\000\040\000F\000u\000n\000d\000a\000m\000e\000n\000t\000a\000l\000\040\000Q\000u\000e\000s\000t\000i\000o\000n}{section.1}% 2
\BOOKMARK [2][-]{subsection.1.2}{\376\377\000P\000h\000y\000s\000i\000c\000a\000l\000\040\000M\000o\000t\000i\000v\000a\000t\000i\000o\000n}{section.1}% 3
\BOOKMARK [2][-]{subsection.1.3}{\376\377\000H\000i\000s\000t\000o\000r\000i\000c\000a\000l\000\040\000O\000v\000e\000r\000v\000i\000e\000w}{section.1}% 4
\BOOKMARK [1][-]{section.2}{\376\377\000M\000a\000t\000h\000e\000m\000a\000t\000i\000c\000a\000l\000\040\000F\000r\000a\000m\000e\000w\000o\000r\000k}{}% 5
\BOOKMARK [2][-]{subsection.2.1}{\376\377\000T\000h\000e\000\040\000E\000i\000n\000s\000t\000e\000i\000n\000\040\000V\000a\000c\000u\000u\000m\000\040\000E\000q\000u\000a\000t\000i\000o\000n\000s}{section.2}% 6
\BOOKMARK [2][-]{subsection.2.2}{\376\377\000T\000h\000e\000\040\000K\000e\000r\000r\000\040\000F\000a\000m\000i\000l\000y}{section.2}% 7
\BOOKMARK [2][-]{subsection.2.3}{\376\377\000T\000h\000e\000\040\000S\000t\000a\000b\000i\000l\000i\000t\000y\000\040\000P\000r\000o\000b\000l\000e\000m}{section.2}% 8
\BOOKMARK [2][-]{subsection.2.4}{\376\377\000P\000r\000e\000c\000i\000s\000e\000\040\000F\000o\000r\000m\000u\000l\000a\000t\000i\000o\000n\000\040\000o\000f\000\040\000t\000h\000e\000\040\000C\000o\000n\000j\000e\000c\000t\000u\000r\000e}{section.2}% 9
\BOOKMARK [3][-]{subsubsection.2.4.1}{\376\377\000I\000n\000i\000t\000i\000a\000l\000\040\000D\000a\000t\000a\000\040\000S\000p\000a\000c\000e}{subsection.2.4}% 10
\BOOKMARK [3][-]{subsubsection.2.4.2}{\376\377\000F\000i\000n\000a\000l\000\040\000S\000t\000a\000t\000e\000\040\000P\000a\000r\000a\000m\000e\000t\000e\000r\000s}{subsection.2.4}% 11
\BOOKMARK [3][-]{subsubsection.2.4.3}{\376\377\000D\000e\000c\000a\000y\000\040\000R\000a\000t\000e\000s}{subsection.2.4}% 12
\BOOKMARK [1][-]{section.3}{\376\377\000S\000c\000h\000w\000a\000r\000z\000s\000c\000h\000i\000l\000d\000\040\000S\000t\000a\000b\000i\000l\000i\000t\000y\000:\000\040\000T\000h\000e\000\040\000F\000o\000u\000n\000d\000a\000t\000i\000o\000n}{}% 13
\BOOKMARK [2][-]{subsection.3.1}{\376\377\000L\000i\000n\000e\000a\000r\000\040\000P\000e\000r\000t\000u\000r\000b\000a\000t\000i\000o\000n\000\040\000T\000h\000e\000o\000r\000y}{section.3}% 14
\BOOKMARK [2][-]{subsection.3.2}{\376\377\000M\000o\000d\000e\000\040\000S\000t\000a\000b\000i\000l\000i\000t\000y}{section.3}% 15
\BOOKMARK [2][-]{subsection.3.3}{\376\377\000Q\000u\000a\000n\000t\000i\000t\000a\000t\000i\000v\000e\000\040\000D\000e\000c\000a\000y}{section.3}% 16
\BOOKMARK [3][-]{subsubsection.3.3.1}{\376\377\000T\000h\000e\000\040\000M\000e\000c\000h\000a\000n\000i\000s\000m\000\040\000B\000e\000h\000i\000n\000d\000\040\000P\000r\000i\000c\000e\000'\000s\000\040\000L\000a\000w}{subsection.3.3}% 17
\BOOKMARK [2][-]{subsection.3.4}{\376\377\000L\000i\000n\000e\000a\000r\000\040\000S\000t\000a\000b\000i\000l\000i\000t\000y\000\040\000o\000f\000\040\000S\000c\000h\000w\000a\000r\000z\000s\000c\000h\000i\000l\000d}{section.3}% 18
\BOOKMARK [2][-]{subsection.3.5}{\376\377\000N\000o\000n\000l\000i\000n\000e\000a\000r\000\040\000S\000t\000a\000b\000i\000l\000i\000t\000y\000\040\000o\000f\000\040\000S\000c\000h\000w\000a\000r\000z\000s\000c\000h\000i\000l\000d}{section.3}% 19
\BOOKMARK [3][-]{subsubsection.3.5.1}{\376\377\000T\000h\000e\000\040\000N\000u\000l\000l\000\040\000S\000t\000r\000u\000c\000t\000u\000r\000e\000\040\000o\000f\000\040\000E\000i\000n\000s\000t\000e\000i\000n\000'\000s\000\040\000E\000q\000u\000a\000t\000i\000o\000n\000s}{subsection.3.5}% 20
\BOOKMARK [3][-]{subsubsection.3.5.2}{\376\377\000P\000e\000e\000l\000i\000n\000g\000\040\000a\000n\000d\000\040\000A\000s\000y\000m\000p\000t\000o\000t\000i\000c\000\040\000S\000t\000r\000u\000c\000t\000u\000r\000e}{subsection.3.5}% 21
\BOOKMARK [1][-]{section.4}{\376\377\000T\000h\000e\000\040\000K\000e\000r\000r\000\040\000C\000h\000a\000l\000l\000e\000n\000g\000e}{}% 22
\BOOKMARK [2][-]{subsection.4.1}{\376\377\000W\000h\000y\000\040\000K\000e\000r\000r\000\040\000i\000s\000\040\000H\000a\000r\000d\000e\000r}{section.4}% 23
\BOOKMARK [2][-]{subsection.4.2}{\376\377\000T\000h\000e\000\040\000T\000e\000u\000k\000o\000l\000s\000k\000y\000\040\000E\000q\000u\000a\000t\000i\000o\000n}{section.4}% 24
\BOOKMARK [3][-]{subsubsection.4.2.1}{\376\377\000T\000h\000e\000\040\000A\000n\000g\000u\000l\000a\000r\000\040\000E\000q\000u\000a\000t\000i\000o\000n}{subsection.4.2}% 25
\BOOKMARK [3][-]{subsubsection.4.2.2}{\376\377\000P\000h\000y\000s\000i\000c\000a\000l\000\040\000I\000n\000t\000e\000r\000p\000r\000e\000t\000a\000t\000i\000o\000n}{subsection.4.2}% 26
\BOOKMARK [2][-]{subsection.4.3}{\376\377\000T\000h\000e\000\040\000T\000e\000u\000k\000o\000l\000s\000k\000y\000-\000S\000t\000a\000r\000o\000b\000i\000n\000s\000k\000y\000\040\000I\000d\000e\000n\000t\000i\000t\000i\000e\000s}{section.4}% 27
\BOOKMARK [2][-]{subsection.4.4}{\376\377\000S\000u\000p\000e\000r\000r\000a\000d\000i\000a\000n\000c\000e}{section.4}% 28
\BOOKMARK [2][-]{subsection.4.5}{\376\377\000M\000o\000d\000e\000\040\000S\000t\000a\000b\000i\000l\000i\000t\000y\000\040\000v\000s\000.\000\040\000N\000o\000n\000l\000i\000n\000e\000a\000r\000\040\000S\000t\000a\000b\000i\000l\000i\000t\000y}{section.4}% 29
\BOOKMARK [2][-]{subsection.4.6}{\376\377\000T\000h\000e\000\040\000T\000r\000a\000p\000p\000i\000n\000g\000\040\000P\000h\000e\000n\000o\000m\000e\000n\000o\000n}{section.4}% 30
\BOOKMARK [1][-]{section.5}{\376\377\000T\000h\000e\000\040\0002\0000\0002\0002\000\040\000B\000r\000e\000a\000k\000t\000h\000r\000o\000u\000g\000h\000:\000\040\000S\000l\000o\000w\000l\000y\000\040\000R\000o\000t\000a\000t\000i\000n\000g\000\040\000K\000e\000r\000r}{}% 31
\BOOKMARK [2][-]{subsection.5.1}{\376\377\000M\000a\000i\000n\000\040\000R\000e\000s\000u\000l\000t}{section.5}% 32
\BOOKMARK [2][-]{subsection.5.2}{\376\377\000T\000h\000e\000\040\000M\000a\000t\000h\000e\000m\000a\000t\000i\000c\000a\000l\000\040\000F\000r\000a\000m\000e\000w\000o\000r\000k}{section.5}% 33
\BOOKMARK [3][-]{subsubsection.5.2.1}{\376\377\000G\000a\000u\000g\000e\000\040\000C\000h\000o\000i\000c\000e}{subsection.5.2}% 34
\BOOKMARK [3][-]{subsubsection.5.2.2}{\376\377\000T\000h\000e\000\040\000G\000C\000M\000\040\000S\000p\000h\000e\000r\000e\000s}{subsection.5.2}% 35
\BOOKMARK [3][-]{subsubsection.5.2.3}{\376\377\000T\000h\000e\000\040\000r\000p\000-\000W\000e\000i\000g\000h\000t\000e\000d\000\040\000E\000s\000t\000i\000m\000a\000t\000e\000s}{subsection.5.2}% 36
\BOOKMARK [2][-]{subsection.5.3}{\376\377\000K\000e\000y\000\040\000S\000t\000e\000p\000s\000\040\000i\000n\000\040\000t\000h\000e\000\040\000P\000r\000o\000o\000f}{section.5}% 37
\BOOKMARK [3][-]{subsubsection.5.3.1}{\376\377\000T\000h\000e\000\040\000B\000o\000o\000t\000s\000t\000r\000a\000p\000\040\000A\000r\000g\000u\000m\000e\000n\000t\000\040\000i\000n\000\040\000D\000e\000t\000a\000i\000l}{subsection.5.3}% 38
\BOOKMARK [2][-]{subsection.5.4}{\376\377\000T\000e\000c\000h\000n\000i\000c\000a\000l\000\040\000C\000h\000a\000l\000l\000e\000n\000g\000e\000s\000\040\000O\000v\000e\000r\000c\000o\000m\000e}{section.5}% 39
\BOOKMARK [3][-]{subsubsection.5.4.1}{\376\377\000T\000h\000e\000\040\000T\000r\000a\000p\000p\000i\000n\000g\000\040\000P\000r\000o\000b\000l\000e\000m}{subsection.5.4}% 40
\BOOKMARK [3][-]{subsubsection.5.4.2}{\376\377\000T\000h\000e\000\040\000E\000r\000g\000o\000r\000e\000g\000i\000o\000n}{subsection.5.4}% 41
\BOOKMARK [3][-]{subsubsection.5.4.3}{\376\377\000S\000u\000p\000e\000r\000r\000a\000d\000i\000a\000n\000c\000e}{subsection.5.4}% 42
\BOOKMARK [2][-]{subsection.5.5}{\376\377\000T\000h\000e\000\040\000S\000l\000o\000w\000l\000y\000\040\000R\000o\000t\000a\000t\000i\000n\000g\000\040\000R\000e\000s\000t\000r\000i\000c\000t\000i\000o\000n}{section.5}% 43
\BOOKMARK [1][-]{section.6}{\376\377\000L\000i\000n\000e\000a\000r\000\040\000S\000t\000a\000b\000i\000l\000i\000t\000y\000\040\000f\000o\000r\000\040\000t\000h\000e\000\040\000F\000u\000l\000l\000\040\000S\000u\000b\000e\000x\000t\000r\000e\000m\000a\000l\000\040\000R\000a\000n\000g\000e}{}% 44
\BOOKMARK [2][-]{subsection.6.1}{\376\377\000T\000h\000e\000\040\000K\000e\000r\000r\000\040\000L\000i\000n\000e\000a\000r\000\040\000S\000t\000a\000b\000i\000l\000i\000t\000y\000\040\000R\000e\000s\000u\000l\000t}{section.6}% 45
\BOOKMARK [2][-]{subsection.6.2}{\376\377\000K\000e\000y\000\040\000T\000e\000c\000h\000n\000i\000q\000u\000e\000s}{section.6}% 46
\BOOKMARK [3][-]{subsubsection.6.2.1}{\376\377\000T\000h\000e\000\040\000C\000h\000a\000n\000d\000r\000a\000s\000e\000k\000h\000a\000r\000\040\000T\000r\000a\000n\000s\000f\000o\000r\000m\000a\000t\000i\000o\000n}{subsection.6.2}% 47
\BOOKMARK [3][-]{subsubsection.6.2.2}{\376\377\000P\000h\000y\000s\000i\000c\000a\000l\000\040\000S\000p\000a\000c\000e\000\040\000M\000e\000t\000h\000o\000d\000s}{subsection.6.2}% 48
\BOOKMARK [3][-]{subsubsection.6.2.3}{\376\377\000T\000h\000e\000\040\000R\000e\000d\000-\000S\000h\000i\000f\000t\000\040\000E\000f\000f\000e\000c\000t}{subsection.6.2}% 49
\BOOKMARK [2][-]{subsection.6.3}{\376\377\000R\000e\000m\000a\000i\000n\000i\000n\000g\000\040\000G\000a\000p\000\040\000t\000o\000\040\000N\000o\000n\000l\000i\000n\000e\000a\000r\000\040\000S\000t\000a\000b\000i\000l\000i\000t\000y}{section.6}% 50
\BOOKMARK [1][-]{section.7}{\376\377\000T\000h\000e\000\040\000R\000o\000a\000d\000\040\000A\000h\000e\000a\000d\000:\000\040\000F\000u\000l\000l\000\040\000K\000e\000r\000r\000\040\000S\000t\000a\000b\000i\000l\000i\000t\000y}{}% 51
\BOOKMARK [2][-]{subsection.7.1}{\376\377\000T\000h\000e\000\040\000R\000e\000m\000a\000i\000n\000i\000n\000g\000\040\000C\000o\000n\000j\000e\000c\000t\000u\000r\000e}{section.7}% 52
\BOOKMARK [2][-]{subsection.7.2}{\376\377\000C\000h\000a\000l\000l\000e\000n\000g\000e\000s\000\040\000f\000o\000r\000\040\000R\000a\000p\000i\000d\000l\000y\000\040\000R\000o\000t\000a\000t\000i\000n\000g\000\040\000K\000e\000r\000r}{section.7}% 53
\BOOKMARK [3][-]{subsubsection.7.2.1}{\376\377\000T\000h\000e\000\040\000L\000a\000r\000g\000e\000\040\000E\000r\000g\000o\000s\000p\000h\000e\000r\000e}{subsection.7.2}% 54
\BOOKMARK [3][-]{subsubsection.7.2.2}{\376\377\000N\000e\000a\000r\000-\000E\000x\000t\000r\000e\000m\000a\000l\000\040\000I\000n\000s\000t\000a\000b\000i\000l\000i\000t\000i\000e\000s}{subsection.7.2}% 55
\BOOKMARK [3][-]{subsubsection.7.2.3}{\376\377\000T\000h\000e\000\040\000A\000r\000e\000t\000a\000k\000i\000s\000\040\000I\000n\000s\000t\000a\000b\000i\000l\000i\000t\000y\000\040\000i\000n\000\040\000D\000e\000t\000a\000i\000l}{subsection.7.2}% 56
\BOOKMARK [3][-]{subsubsection.7.2.4}{\376\377\000A\000p\000p\000r\000o\000a\000c\000h\000\040\000t\000o\000\040\000E\000x\000t\000r\000e\000m\000a\000l\000i\000t\000y}{subsection.7.2}% 57
\BOOKMARK [3][-]{subsubsection.7.2.5}{\376\377\000T\000e\000c\000h\000n\000i\000c\000a\000l\000\040\000B\000a\000r\000r\000i\000e\000r\000s}{subsection.7.2}% 58
\BOOKMARK [2][-]{subsection.7.3}{\376\377\000P\000r\000o\000m\000i\000s\000i\000n\000g\000\040\000A\000p\000p\000r\000o\000a\000c\000h\000e\000s}{section.7}% 59
\BOOKMARK [3][-]{subsubsection.7.3.1}{\376\377\000I\000m\000p\000r\000o\000v\000e\000d\000\040\000V\000e\000c\000t\000o\000r\000\040\000F\000i\000e\000l\000d\000\040\000M\000e\000t\000h\000o\000d\000s}{subsection.7.3}% 60
\BOOKMARK [3][-]{subsubsection.7.3.2}{\376\377\000D\000i\000s\000p\000e\000r\000s\000i\000v\000e\000\040\000E\000s\000t\000i\000m\000a\000t\000e\000s}{subsection.7.3}% 61
\BOOKMARK [3][-]{subsubsection.7.3.3}{\376\377\000S\000p\000e\000c\000t\000r\000a\000l\000\040\000M\000e\000t\000h\000o\000d\000s}{subsection.7.3}% 62
\BOOKMARK [3][-]{subsubsection.7.3.4}{\376\377\000N\000u\000m\000e\000r\000i\000c\000a\000l\000\040\000S\000u\000p\000p\000o\000r\000t}{subsection.7.3}% 63
\BOOKMARK [1][-]{section.8}{\376\377\000C\000o\000n\000n\000e\000c\000t\000i\000o\000n\000s\000\040\000t\000o\000\040\000O\000t\000h\000e\000r\000\040\000P\000r\000o\000b\000l\000e\000m\000s}{}% 64
\BOOKMARK [2][-]{subsection.8.1}{\376\377\000C\000o\000s\000m\000i\000c\000\040\000C\000e\000n\000s\000o\000r\000s\000h\000i\000p}{section.8}% 65
\BOOKMARK [2][-]{subsection.8.2}{\376\377\000I\000n\000t\000e\000r\000i\000o\000r\000\040\000S\000t\000a\000b\000i\000l\000i\000t\000y\000\040\000a\000n\000d\000\040\000S\000t\000r\000o\000n\000g\000\040\000C\000o\000s\000m\000i\000c\000\040\000C\000e\000n\000s\000o\000r\000s\000h\000i\000p}{section.8}% 66
\BOOKMARK [2][-]{subsection.8.3}{\376\377\000T\000h\000e\000\040\000F\000i\000n\000a\000l\000\040\000S\000t\000a\000t\000e\000\040\000C\000o\000n\000j\000e\000c\000t\000u\000r\000e}{section.8}% 67
\BOOKMARK [2][-]{subsection.8.4}{\376\377\000G\000r\000a\000v\000i\000t\000a\000t\000i\000o\000n\000a\000l\000\040\000W\000a\000v\000e\000\040\000A\000s\000t\000r\000o\000n\000o\000m\000y}{section.8}% 68
\BOOKMARK [2][-]{subsection.8.5}{\376\377\000K\000e\000r\000r\000-\000d\000e\000\040\000S\000i\000t\000t\000e\000r\000\040\000a\000n\000d\000\040\000K\000e\000r\000r\000-\000N\000e\000w\000m\000a\000n}{section.8}% 69
\BOOKMARK [1][-]{section.9}{\376\377\000M\000a\000t\000h\000e\000m\000a\000t\000i\000c\000a\000l\000\040\000T\000e\000c\000h\000n\000i\000q\000u\000e\000s}{}% 70
\BOOKMARK [2][-]{subsection.9.1}{\376\377\000V\000e\000c\000t\000o\000r\000\040\000F\000i\000e\000l\000d\000\040\000M\000e\000t\000h\000o\000d}{section.9}% 71
\BOOKMARK [3][-]{subsubsection.9.1.1}{\376\377\000E\000n\000e\000r\000g\000y\000-\000M\000o\000m\000e\000n\000t\000u\000m\000\040\000T\000e\000n\000s\000o\000r\000\040\000f\000o\000r\000\040\000W\000a\000v\000e\000s}{subsection.9.1}% 72
\BOOKMARK [3][-]{subsubsection.9.1.2}{\376\377\000C\000h\000o\000i\000c\000e\000\040\000o\000f\000\040\000M\000u\000l\000t\000i\000p\000l\000i\000e\000r\000s}{subsection.9.1}% 73
\BOOKMARK [2][-]{subsection.9.2}{\376\377\000T\000h\000e\000\040\000B\000o\000o\000t\000s\000t\000r\000a\000p\000\040\000M\000e\000t\000h\000o\000d}{section.9}% 74
\BOOKMARK [2][-]{subsection.9.3}{\376\377\000T\000h\000e\000\040\000R\000o\000l\000e\000\040\000o\000f\000\040\000S\000y\000m\000m\000e\000t\000r\000y}{section.9}% 75
\BOOKMARK [1][-]{section.10}{\376\377\000P\000h\000y\000s\000i\000c\000a\000l\000\040\000P\000i\000c\000t\000u\000r\000e}{}% 76
\BOOKMARK [2][-]{subsection.10.1}{\376\377\000W\000h\000a\000t\000\040\000H\000a\000p\000p\000e\000n\000s\000\040\000W\000h\000e\000n\000\040\000Y\000o\000u\000\040\000P\000e\000r\000t\000u\000r\000b\000\040\000a\000\040\000B\000l\000a\000c\000k\000\040\000H\000o\000l\000e\000?}{section.10}% 77
\BOOKMARK [2][-]{subsection.10.2}{\376\377\000E\000n\000e\000r\000g\000y\000\040\000B\000u\000d\000g\000e\000t\000\040\000o\000f\000\040\000P\000e\000r\000t\000u\000r\000b\000a\000t\000i\000o\000n\000s}{section.10}% 78
\BOOKMARK [2][-]{subsection.10.3}{\376\377\000Q\000u\000a\000s\000i\000n\000o\000r\000m\000a\000l\000\040\000M\000o\000d\000e\000s}{section.10}% 79
\BOOKMARK [2][-]{subsection.10.4}{\376\377\000T\000h\000e\000\040\000R\000i\000n\000g\000d\000o\000w\000n\000\040\000a\000s\000\040\000a\000\040\000T\000e\000s\000t\000\040\000o\000f\000\040\000G\000R}{section.10}% 80
\BOOKMARK [1][-]{section.11}{\376\377\000O\000b\000s\000e\000r\000v\000a\000t\000i\000o\000n\000a\000l\000\040\000T\000e\000s\000t\000s\000\040\000o\000f\000\040\000B\000l\000a\000c\000k\000\040\000H\000o\000l\000e\000\040\000S\000t\000a\000b\000i\000l\000i\000t\000y}{}% 81
\BOOKMARK [2][-]{subsection.11.1}{\376\377\000G\000r\000a\000v\000i\000t\000a\000t\000i\000o\000n\000a\000l\000\040\000W\000a\000v\000e\000\040\000R\000i\000n\000g\000d\000o\000w\000n\000\040\000A\000n\000a\000l\000y\000s\000i\000s}{section.11}% 82
\BOOKMARK [3][-]{subsubsection.11.1.1}{\376\377\000Q\000u\000a\000s\000i\000n\000o\000r\000m\000a\000l\000\040\000M\000o\000d\000e\000\040\000S\000p\000e\000c\000t\000r\000u\000m}{subsection.11.1}% 83
\BOOKMARK [3][-]{subsubsection.11.1.2}{\376\377\000T\000e\000s\000t\000i\000n\000g\000\040\000t\000h\000e\000\040\000N\000o\000-\000H\000a\000i\000r\000\040\000T\000h\000e\000o\000r\000e\000m}{subsection.11.1}% 84
\BOOKMARK [2][-]{subsection.11.2}{\376\377\000C\000u\000r\000r\000e\000n\000t\000\040\000O\000b\000s\000e\000r\000v\000a\000t\000i\000o\000n\000a\000l\000\040\000C\000o\000n\000s\000t\000r\000a\000i\000n\000t\000s}{section.11}% 85
\BOOKMARK [3][-]{subsubsection.11.2.1}{\376\377\000M\000u\000l\000t\000i\000-\000M\000o\000d\000e\000\040\000R\000i\000n\000g\000d\000o\000w\000n}{subsection.11.2}% 86
\BOOKMARK [3][-]{subsubsection.11.2.2}{\376\377\000B\000o\000u\000n\000d\000s\000\040\000o\000n\000\040\000I\000n\000s\000t\000a\000b\000i\000l\000i\000t\000y\000\040\000T\000i\000m\000e\000s\000c\000a\000l\000e\000s}{subsection.11.2}% 87
\BOOKMARK [2][-]{subsection.11.3}{\376\377\000F\000u\000t\000u\000r\000e\000\040\000O\000b\000s\000e\000r\000v\000a\000t\000i\000o\000n\000a\000l\000\040\000P\000r\000o\000s\000p\000e\000c\000t\000s}{section.11}% 88
\BOOKMARK [3][-]{subsubsection.11.3.1}{\376\377\000T\000h\000i\000r\000d\000-\000G\000e\000n\000e\000r\000a\000t\000i\000o\000n\000\040\000D\000e\000t\000e\000c\000t\000o\000r\000s}{subsection.11.3}% 89
\BOOKMARK [3][-]{subsubsection.11.3.2}{\376\377\000L\000I\000S\000A\000\040\000a\000n\000d\000\040\000E\000x\000t\000r\000e\000m\000e\000\040\000M\000a\000s\000s\000\040\000R\000a\000t\000i\000o\000\040\000I\000n\000s\000p\000i\000r\000a\000l\000s}{subsection.11.3}% 90
\BOOKMARK [2][-]{subsection.11.4}{\376\377\000S\000t\000a\000b\000i\000l\000i\000t\000y\000\040\000a\000n\000d\000\040\000G\000r\000a\000v\000i\000t\000a\000t\000i\000o\000n\000a\000l\000\040\000W\000a\000v\000e\000\040\000E\000c\000h\000o\000e\000s}{section.11}% 91
\BOOKMARK [1][-]{section.12}{\376\377\000S\000c\000a\000t\000t\000e\000r\000i\000n\000g\000\040\000T\000h\000e\000o\000r\000y\000\040\000a\000n\000d\000\040\000D\000e\000c\000a\000y\000\040\000M\000e\000c\000h\000a\000n\000i\000s\000m\000s}{}% 92
\BOOKMARK [2][-]{subsection.12.1}{\376\377\000T\000h\000e\000\040\000W\000a\000v\000e\000\040\000E\000q\000u\000a\000t\000i\000o\000n\000\040\000o\000n\000\040\000B\000l\000a\000c\000k\000\040\000H\000o\000l\000e\000\040\000B\000a\000c\000k\000g\000r\000o\000u\000n\000d\000s}{section.12}% 93
\BOOKMARK [2][-]{subsection.12.2}{\376\377\000T\000r\000a\000n\000s\000m\000i\000s\000s\000i\000o\000n\000\040\000a\000n\000d\000\040\000R\000e\000f\000l\000e\000c\000t\000i\000o\000n\000\040\000C\000o\000e\000f\000f\000i\000c\000i\000e\000n\000t\000s}{section.12}% 94
\BOOKMARK [2][-]{subsection.12.3}{\376\377\000T\000h\000e\000\040\000R\000o\000l\000e\000\040\000o\000f\000\040\000T\000r\000a\000p\000p\000e\000d\000\040\000G\000e\000o\000d\000e\000s\000i\000c\000s}{section.12}% 95
\BOOKMARK [3][-]{subsubsection.12.3.1}{\376\377\000T\000h\000e\000\040\000P\000h\000o\000t\000o\000n\000\040\000S\000p\000h\000e\000r\000e\000\040\000a\000n\000d\000\040\000T\000r\000a\000p\000p\000i\000n\000g}{subsection.12.3}% 96
\BOOKMARK [3][-]{subsubsection.12.3.2}{\376\377\000E\000f\000f\000e\000c\000t\000\040\000o\000n\000\040\000D\000e\000c\000a\000y\000\040\000R\000a\000t\000e\000s}{subsection.12.3}% 97
\BOOKMARK [2][-]{subsection.12.4}{\376\377\000L\000o\000c\000a\000l\000\040\000E\000n\000e\000r\000g\000y\000\040\000D\000e\000c\000a\000y\000\040\000a\000n\000d\000\040\000M\000o\000r\000a\000w\000e\000t\000z\000\040\000E\000s\000t\000i\000m\000a\000t\000e\000s}{section.12}% 98
\BOOKMARK [3][-]{subsubsection.12.4.1}{\376\377\000T\000h\000e\000\040\000M\000o\000r\000a\000w\000e\000t\000z\000\040\000M\000u\000l\000t\000i\000p\000l\000i\000e\000r}{subsection.12.4}% 99
\BOOKMARK [3][-]{subsubsection.12.4.2}{\376\377\000F\000r\000e\000q\000u\000e\000n\000c\000y\000-\000L\000o\000c\000a\000l\000i\000z\000e\000d\000\040\000E\000s\000t\000i\000m\000a\000t\000e\000s}{subsection.12.4}% 100
\BOOKMARK [2][-]{subsection.12.5}{\376\377\000T\000h\000e\000\040\000R\000e\000d\000-\000S\000h\000i\000f\000t\000\040\000E\000f\000f\000e\000c\000t}{section.12}% 101
\BOOKMARK [3][-]{subsubsection.12.5.1}{\376\377\000T\000h\000e\000\040\000M\000e\000c\000h\000a\000n\000i\000s\000m}{subsection.12.5}% 102
\BOOKMARK [1][-]{section.13}{\376\377\000N\000e\000a\000r\000-\000E\000x\000t\000r\000e\000m\000a\000l\000\040\000A\000n\000a\000l\000y\000s\000i\000s\000\040\000a\000n\000d\000\040\000A\000r\000e\000t\000a\000k\000i\000s\000\040\000I\000n\000s\000t\000a\000b\000i\000l\000i\000t\000y}{}% 103
\BOOKMARK [2][-]{subsection.13.1}{\376\377\000T\000h\000e\000\040\000E\000x\000t\000r\000e\000m\000a\000l\000\040\000L\000i\000m\000i\000t}{section.13}% 104
\BOOKMARK [2][-]{subsection.13.2}{\376\377\000T\000h\000e\000\040\000A\000r\000e\000t\000a\000k\000i\000s\000\040\000I\000n\000s\000t\000a\000b\000i\000l\000i\000t\000y}{section.13}% 105
\BOOKMARK [3][-]{subsubsection.13.2.1}{\376\377\000T\000h\000e\000\040\000A\000r\000e\000t\000a\000k\000i\000s\000\040\000C\000h\000a\000r\000g\000e\000s}{subsection.13.2}% 106
\BOOKMARK [3][-]{subsubsection.13.2.2}{\376\377\000P\000h\000y\000s\000i\000c\000a\000l\000\040\000I\000n\000t\000e\000r\000p\000r\000e\000t\000a\000t\000i\000o\000n}{subsection.13.2}% 107
\BOOKMARK [2][-]{subsection.13.3}{\376\377\000N\000e\000a\000r\000-\000E\000x\000t\000r\000e\000m\000a\000l\000\040\000D\000e\000c\000a\000y\000\040\000R\000a\000t\000e\000s}{section.13}% 108
\BOOKMARK [2][-]{subsection.13.4}{\376\377\000T\000h\000e\000\040\000N\000H\000E\000K\000\040\000G\000e\000o\000m\000e\000t\000r\000y}{section.13}% 109
\BOOKMARK [3][-]{subsubsection.13.4.1}{\376\377\000W\000a\000v\000e\000\040\000E\000q\000u\000a\000t\000i\000o\000n\000\040\000o\000n\000\040\000N\000H\000E\000K}{subsection.13.4}% 110
\BOOKMARK [2][-]{subsection.13.5}{\376\377\000S\000t\000a\000b\000i\000l\000i\000t\000y\000\040\000v\000s\000.\000\040\000I\000n\000s\000t\000a\000b\000i\000l\000i\000t\000y\000\040\000a\000t\000\040\000E\000x\000t\000r\000e\000m\000a\000l\000i\000t\000y}{section.13}% 111
\BOOKMARK [2][-]{subsection.13.6}{\376\377\000M\000a\000t\000c\000h\000e\000d\000\040\000A\000s\000y\000m\000p\000t\000o\000t\000i\000c\000\040\000A\000n\000a\000l\000y\000s\000i\000s}{section.13}% 112
\BOOKMARK [3][-]{subsubsection.13.6.1}{\376\377\000O\000u\000t\000e\000r\000\040\000R\000e\000g\000i\000o\000n}{subsection.13.6}% 113
\BOOKMARK [3][-]{subsubsection.13.6.2}{\376\377\000I\000n\000n\000e\000r\000\040\000R\000e\000g\000i\000o\000n}{subsection.13.6}% 114
\BOOKMARK [3][-]{subsubsection.13.6.3}{\376\377\000M\000a\000t\000c\000h\000i\000n\000g\000\040\000C\000o\000n\000d\000i\000t\000i\000o\000n\000s}{subsection.13.6}% 115
\BOOKMARK [1][-]{section.14}{\376\377\000T\000o\000w\000a\000r\000d\000\040\000t\000h\000e\000\040\000F\000u\000l\000l\000\040\000S\000t\000a\000b\000i\000l\000i\000t\000y\000\040\000T\000h\000e\000o\000r\000e\000m}{}% 116
\BOOKMARK [2][-]{subsection.14.1}{\376\377\000A\000\040\000C\000o\000n\000c\000r\000e\000t\000e\000\040\000M\000a\000t\000h\000e\000m\000a\000t\000i\000c\000a\000l\000\040\000S\000t\000r\000a\000t\000e\000g\000y}{section.14}% 117
\BOOKMARK [3][-]{subsubsection.14.1.1}{\376\377\000S\000t\000e\000p\000\040\0001\000:\000\040\000I\000m\000p\000r\000o\000v\000e\000d\000\040\000M\000o\000r\000a\000w\000e\000t\000z\000\040\000E\000s\000t\000i\000m\000a\000t\000e\000s}{subsection.14.1}% 118
\BOOKMARK [3][-]{subsubsection.14.1.2}{\376\377\000S\000t\000e\000p\000\040\0002\000:\000\040\000R\000e\000f\000i\000n\000e\000d\000\040\000S\000u\000p\000e\000r\000r\000a\000d\000i\000a\000n\000c\000e\000\040\000C\000o\000n\000t\000r\000o\000l}{subsection.14.1}% 119
\BOOKMARK [3][-]{subsubsection.14.1.3}{\376\377\000S\000t\000e\000p\000\040\0003\000:\000\040\000N\000e\000a\000r\000-\000E\000x\000t\000r\000e\000m\000a\000l\000\040\000T\000r\000a\000n\000s\000i\000t\000i\000o\000n}{subsection.14.1}% 120
\BOOKMARK [3][-]{subsubsection.14.1.4}{\376\377\000S\000t\000e\000p\000\040\0004\000:\000\040\000N\000o\000n\000l\000i\000n\000e\000a\000r\000\040\000C\000l\000o\000s\000u\000r\000e}{subsection.14.1}% 121
\BOOKMARK [2][-]{subsection.14.2}{\376\377\000R\000o\000l\000e\000\040\000o\000f\000\040\000H\000i\000d\000d\000e\000n\000\040\000S\000y\000m\000m\000e\000t\000r\000i\000e\000s}{section.14}% 122
\BOOKMARK [3][-]{subsubsection.14.2.1}{\376\377\000T\000h\000e\000\040\000P\000r\000i\000n\000c\000i\000p\000a\000l\000\040\000T\000e\000n\000s\000o\000r\000\040\000a\000n\000d\000\040\000S\000y\000m\000m\000e\000t\000r\000y\000\040\000O\000p\000e\000r\000a\000t\000o\000r\000s}{subsection.14.2}% 123
\BOOKMARK [3][-]{subsubsection.14.2.2}{\376\377\000A\000l\000g\000e\000b\000r\000a\000i\000c\000\040\000S\000p\000e\000c\000i\000a\000l\000\040\000S\000t\000r\000u\000c\000t\000u\000r\000e\000\040\000\050\000P\000e\000t\000r\000o\000v\000\040\000T\000y\000p\000e\000\040\000D\000\051}{subsection.14.2}% 124
\BOOKMARK [2][-]{subsection.14.3}{\376\377\000L\000e\000s\000s\000o\000n\000s\000\040\000f\000r\000o\000m\000\040\000K\000e\000r\000r\000-\000d\000e\000\040\000S\000i\000t\000t\000e\000r}{section.14}% 125
\BOOKMARK [3][-]{subsubsection.14.3.1}{\376\377\000M\000i\000c\000r\000o\000l\000o\000c\000a\000l\000\040\000A\000n\000a\000l\000y\000s\000i\000s\000\040\000i\000n\000\040\000K\000e\000r\000r\000-\000d\000e\000\040\000S\000i\000t\000t\000e\000r}{subsection.14.3}% 126
\BOOKMARK [2][-]{subsection.14.4}{\376\377\000N\000u\000m\000e\000r\000i\000c\000a\000l\000\040\000E\000v\000i\000d\000e\000n\000c\000e}{section.14}% 127
\BOOKMARK [2][-]{subsection.14.5}{\376\377\000T\000h\000e\000\040\000G\000C\000M\000\040\000P\000r\000o\000c\000e\000d\000u\000r\000e\000\040\000i\000n\000\040\000D\000e\000t\000a\000i\000l}{section.14}% 128
\BOOKMARK [2][-]{subsection.14.6}{\376\377\000G\000a\000u\000g\000e\000\040\000C\000h\000o\000i\000c\000e\000s\000\040\000a\000n\000d\000\040\000T\000h\000e\000i\000r\000\040\000C\000o\000n\000s\000e\000q\000u\000e\000n\000c\000e\000s}{section.14}% 129
\BOOKMARK [3][-]{subsubsection.14.6.1}{\376\377\000W\000a\000v\000e\000\040\000C\000o\000o\000r\000d\000i\000n\000a\000t\000e\000\040\000\050\000H\000a\000r\000m\000o\000n\000i\000c\000\051\000\040\000G\000a\000u\000g\000e}{subsection.14.6}% 130
\BOOKMARK [3][-]{subsubsection.14.6.2}{\376\377\000D\000o\000u\000b\000l\000e\000\040\000N\000u\000l\000l\000\040\000G\000a\000u\000g\000e}{subsection.14.6}% 131
\BOOKMARK [3][-]{subsubsection.14.6.3}{\376\377\000K\000e\000r\000r\000-\000A\000d\000a\000p\000t\000e\000d\000\040\000G\000a\000u\000g\000e}{subsection.14.6}% 132
\BOOKMARK [1][-]{section.15}{\376\377\000S\000u\000m\000m\000a\000r\000y\000\040\000a\000n\000d\000\040\000O\000u\000t\000l\000o\000o\000k}{}% 133
\BOOKMARK [2][-]{subsection.15.1}{\376\377\000S\000t\000a\000t\000e\000\040\000o\000f\000\040\000t\000h\000e\000\040\000A\000r\000t}{section.15}% 134
\BOOKMARK [2][-]{subsection.15.2}{\376\377\000A\000\040\000D\000e\000t\000a\000i\000l\000e\000d\000\040\000A\000s\000s\000e\000s\000s\000m\000e\000n\000t\000\040\000o\000f\000\040\000R\000e\000m\000a\000i\000n\000i\000n\000g\000\040\000O\000b\000s\000t\000a\000c\000l\000e\000s}{section.15}% 135
\BOOKMARK [3][-]{subsubsection.15.2.1}{\376\377\000O\000b\000s\000t\000a\000c\000l\000e\000\040\0001\000:\000\040\000E\000r\000g\000o\000s\000p\000h\000e\000r\000e\000\040\000E\000n\000e\000r\000g\000y\000\040\000I\000s\000s\000u\000e\000s}{subsection.15.2}% 136
\BOOKMARK [3][-]{subsubsection.15.2.2}{\376\377\000O\000b\000s\000t\000a\000c\000l\000e\000\040\0002\000:\000\040\000S\000u\000p\000e\000r\000r\000a\000d\000i\000a\000n\000t\000\040\000A\000m\000p\000l\000i\000f\000i\000c\000a\000t\000i\000o\000n}{subsection.15.2}% 137
\BOOKMARK [3][-]{subsubsection.15.2.3}{\376\377\000O\000b\000s\000t\000a\000c\000l\000e\000\040\0003\000:\000\040\000N\000e\000a\000r\000-\000E\000x\000t\000r\000e\000m\000a\000l\000\040\000S\000l\000o\000w\000d\000o\000w\000n}{subsection.15.2}% 138
\BOOKMARK [2][-]{subsection.15.3}{\376\377\000K\000e\000y\000\040\000O\000p\000e\000n\000\040\000P\000r\000o\000b\000l\000e\000m\000s}{section.15}% 139
\BOOKMARK [2][-]{subsection.15.4}{\376\377\000T\000h\000e\000\040\000P\000a\000t\000h\000\040\000F\000o\000r\000w\000a\000r\000d}{section.15}% 140
\BOOKMARK [2][-]{subsection.15.5}{\376\377\000P\000r\000o\000p\000o\000s\000e\000d\000\040\000R\000e\000s\000e\000a\000r\000c\000h\000\040\000D\000i\000r\000e\000c\000t\000i\000o\000n\000s}{section.15}% 141
\BOOKMARK [3][-]{subsubsection.15.5.1}{\376\377\000D\000i\000r\000e\000c\000t\000i\000o\000n\000\040\0001\000:\000\040\000M\000i\000c\000r\000o\000l\000o\000c\000a\000l\000\040\000A\000n\000a\000l\000y\000s\000i\000s}{subsection.15.5}% 142
\BOOKMARK [2][-]{subsection.15.6}{\376\377\000M\000u\000l\000t\000i\000-\000M\000e\000s\000s\000e\000n\000g\000e\000r\000\040\000I\000m\000p\000l\000i\000c\000a\000t\000i\000o\000n\000s}{section.15}% 143
\BOOKMARK [3][-]{subsubsection.15.6.1}{\376\377\000G\000r\000a\000v\000i\000t\000a\000t\000i\000o\000n\000a\000l\000\040\000W\000a\000v\000e\000\040\000I\000n\000f\000e\000r\000e\000n\000c\000e}{subsection.15.6}% 144
\BOOKMARK [3][-]{subsubsection.15.6.2}{\376\377\000B\000l\000a\000c\000k\000\040\000H\000o\000l\000e\000\040\000S\000p\000e\000c\000t\000r\000o\000s\000c\000o\000p\000y}{subsection.15.6}% 145
\BOOKMARK [3][-]{subsubsection.15.6.3}{\376\377\000E\000x\000t\000r\000e\000m\000e\000\040\000M\000a\000s\000s\000\040\000R\000a\000t\000i\000o\000\040\000I\000n\000s\000p\000i\000r\000a\000l\000s}{subsection.15.6}% 146
\BOOKMARK [1][-]{section.16}{\376\377\000I\000n\000n\000o\000v\000a\000t\000i\000v\000e\000\040\000M\000e\000t\000h\000o\000d\000s\000\040\000a\000n\000d\000\040\000N\000e\000w\000\040\000F\000r\000o\000n\000t\000i\000e\000r\000s}{}% 147
\BOOKMARK [2][-]{subsection.16.1}{\376\377\000G\000e\000o\000m\000e\000t\000r\000i\000c\000\040\000I\000n\000e\000q\000u\000a\000l\000i\000t\000i\000e\000s\000\040\000a\000n\000d\000\040\000N\000o\000n\000p\000e\000r\000t\000u\000r\000b\000a\000t\000i\000v\000e\000\040\000B\000o\000u\000n\000d\000s}{section.16}% 148
\BOOKMARK [3][-]{subsubsection.16.1.1}{\376\377\000A\000\040\000N\000e\000w\000\040\000S\000t\000a\000b\000i\000l\000i\000t\000y\000\040\000C\000r\000i\000t\000e\000r\000i\000o\000n\000\040\000v\000i\000a\000\040\000P\000e\000n\000r\000o\000s\000e\000\040\000I\000n\000e\000q\000u\000a\000l\000i\000t\000y}{subsection.16.1}% 149
\BOOKMARK [3][-]{subsubsection.16.1.2}{\376\377\000P\000r\000o\000o\000f\000\040\000S\000k\000e\000t\000c\000h\000\040\000f\000o\000r\000\040\000S\000c\000h\000w\000a\000r\000z\000s\000c\000h\000i\000l\000d}{subsection.16.1}% 150
\BOOKMARK [3][-]{subsubsection.16.1.3}{\376\377\000E\000x\000t\000e\000n\000s\000i\000o\000n\000\040\000t\000o\000\040\000K\000e\000r\000r}{subsection.16.1}% 151
\BOOKMARK [2][-]{subsection.16.2}{\376\377\000I\000n\000f\000o\000r\000m\000a\000t\000i\000o\000n\000-\000T\000h\000e\000o\000r\000e\000t\000i\000c\000\040\000A\000p\000p\000r\000o\000a\000c\000h\000\040\000t\000o\000\040\000S\000t\000a\000b\000i\000l\000i\000t\000y}{section.16}% 152
\BOOKMARK [3][-]{subsubsection.16.2.1}{\376\377\000B\000l\000a\000c\000k\000\040\000H\000o\000l\000e\000\040\000E\000n\000t\000r\000o\000p\000y\000\040\000a\000n\000d\000\040\000S\000t\000a\000b\000i\000l\000i\000t\000y}{subsection.16.2}% 153
\BOOKMARK [3][-]{subsubsection.16.2.2}{\376\377\000M\000u\000t\000u\000a\000l\000\040\000I\000n\000f\000o\000r\000m\000a\000t\000i\000o\000n\000\040\000a\000n\000d\000\040\000D\000e\000c\000a\000y}{subsection.16.2}% 154
\BOOKMARK [2][-]{subsection.16.3}{\376\377\000M\000a\000c\000h\000i\000n\000e\000\040\000L\000e\000a\000r\000n\000i\000n\000g\000\040\000a\000n\000d\000\040\000N\000u\000m\000e\000r\000i\000c\000a\000l\000\040\000D\000i\000s\000c\000o\000v\000e\000r\000y}{section.16}% 155
\BOOKMARK [3][-]{subsubsection.16.3.1}{\376\377\000N\000e\000u\000r\000a\000l\000\040\000N\000e\000t\000w\000o\000r\000k\000\040\000D\000i\000s\000c\000o\000v\000e\000r\000y\000\040\000o\000f\000\040\000M\000u\000l\000t\000i\000p\000l\000i\000e\000r\000s}{subsection.16.3}% 156
\BOOKMARK [3][-]{subsubsection.16.3.2}{\376\377\000P\000h\000y\000s\000i\000c\000s\000-\000I\000n\000f\000o\000r\000m\000e\000d\000\040\000N\000e\000u\000r\000a\000l\000\040\000N\000e\000t\000w\000o\000r\000k\000s\000\040\000f\000o\000r\000\040\000D\000e\000c\000a\000y}{subsection.16.3}% 157
\BOOKMARK [3][-]{subsubsection.16.3.3}{\376\377\000R\000e\000i\000n\000f\000o\000r\000c\000e\000m\000e\000n\000t\000\040\000L\000e\000a\000r\000n\000i\000n\000g\000\040\000f\000o\000r\000\040\000P\000r\000o\000o\000f\000\040\000D\000i\000s\000c\000o\000v\000e\000r\000y}{subsection.16.3}% 158
\BOOKMARK [3][-]{subsubsection.16.3.4}{\376\377\000T\000r\000a\000n\000s\000f\000o\000r\000m\000e\000r\000\040\000M\000o\000d\000e\000l\000s\000\040\000f\000o\000r\000\040\000S\000y\000m\000b\000o\000l\000i\000c\000\040\000C\000o\000m\000p\000u\000t\000a\000t\000i\000o\000n}{subsection.16.3}% 159
\BOOKMARK [2][-]{subsection.16.4}{\376\377\000H\000i\000g\000h\000-\000P\000r\000e\000c\000i\000s\000i\000o\000n\000\040\000S\000p\000e\000c\000t\000r\000a\000l\000\040\000M\000e\000t\000h\000o\000d\000s}{section.16}% 160
\BOOKMARK [3][-]{subsubsection.16.4.1}{\376\377\000C\000o\000m\000p\000u\000t\000i\000n\000g\000\040\000Q\000u\000a\000s\000i\000n\000o\000r\000m\000a\000l\000\040\000M\000o\000d\000e\000s\000\040\000t\000o\000\040\000A\000r\000b\000i\000t\000r\000a\000r\000y\000\040\000P\000r\000e\000c\000i\000s\000i\000o\000n}{subsection.16.4}% 161
\BOOKMARK [3][-]{subsubsection.16.4.2}{\376\377\000S\000p\000e\000c\000t\000r\000a\000l\000\040\000G\000a\000p\000\040\000C\000o\000m\000p\000u\000t\000a\000t\000i\000o\000n}{subsection.16.4}% 162
\BOOKMARK [2][-]{subsection.16.5}{\376\377\000C\000a\000r\000l\000e\000m\000a\000n\000\040\000E\000s\000t\000i\000m\000a\000t\000e\000s\000\040\000a\000n\000d\000\040\000U\000n\000i\000q\000u\000e\000\040\000C\000o\000n\000t\000i\000n\000u\000a\000t\000i\000o\000n}{section.16}% 163
\BOOKMARK [3][-]{subsubsection.16.5.1}{\376\377\000C\000a\000r\000l\000e\000m\000a\000n\000\040\000E\000s\000t\000i\000m\000a\000t\000e\000s\000\040\000f\000o\000r\000\040\000W\000a\000v\000e\000\040\000E\000q\000u\000a\000t\000i\000o\000n\000s}{subsection.16.5}% 164
\BOOKMARK [3][-]{subsubsection.16.5.2}{\376\377\000A\000p\000p\000l\000i\000c\000a\000t\000i\000o\000n\000\040\000t\000o\000\040\000t\000h\000e\000\040\000E\000r\000g\000o\000s\000p\000h\000e\000r\000e}{subsection.16.5}% 165
\BOOKMARK [2][-]{subsection.16.6}{\376\377\000S\000p\000e\000c\000t\000r\000a\000l\000\040\000T\000h\000e\000o\000r\000y\000\040\000a\000n\000d\000\040\000R\000e\000s\000o\000l\000v\000e\000n\000t\000\040\000E\000s\000t\000i\000m\000a\000t\000e\000s}{section.16}% 166
\BOOKMARK [3][-]{subsubsection.16.6.1}{\376\377\000M\000e\000r\000o\000m\000o\000r\000p\000h\000i\000c\000\040\000C\000o\000n\000t\000i\000n\000u\000a\000t\000i\000o\000n\000\040\000o\000f\000\040\000t\000h\000e\000\040\000R\000e\000s\000o\000l\000v\000e\000n\000t}{subsection.16.6}% 167
\BOOKMARK [3][-]{subsubsection.16.6.2}{\376\377\000R\000e\000s\000o\000n\000a\000n\000c\000e\000-\000F\000r\000e\000e\000\040\000R\000e\000g\000i\000o\000n\000s}{subsection.16.6}% 168
\BOOKMARK [2][-]{subsection.16.7}{\376\377\000S\000y\000m\000m\000e\000t\000r\000y\000-\000B\000a\000s\000e\000d\000\040\000A\000p\000p\000r\000o\000a\000c\000h\000e\000s}{section.16}% 169
\BOOKMARK [3][-]{subsubsection.16.7.1}{\376\377\000E\000x\000p\000l\000o\000i\000t\000i\000n\000g\000\040\000t\000h\000e\000\040\000F\000u\000l\000l\000\040\000S\000y\000m\000m\000e\000t\000r\000y\000\040\000A\000l\000g\000e\000b\000r\000a}{subsection.16.7}% 170
\BOOKMARK [3][-]{subsubsection.16.7.2}{\376\377\000T\000h\000e\000\040\000T\000e\000u\000k\000o\000l\000s\000k\000y\000-\000S\000t\000a\000r\000o\000b\000i\000n\000s\000k\000y\000\040\000E\000n\000e\000r\000g\000y}{subsection.16.7}% 171
\BOOKMARK [2][-]{subsection.16.8}{\376\377\000N\000o\000n\000l\000i\000n\000e\000a\000r\000\040\000G\000e\000o\000m\000e\000t\000r\000i\000c\000\040\000A\000n\000a\000l\000y\000s\000i\000s}{section.16}% 172
\BOOKMARK [3][-]{subsubsection.16.8.1}{\376\377\000R\000i\000c\000c\000i\000\040\000F\000l\000o\000w\000\040\000a\000n\000d\000\040\000G\000e\000o\000m\000e\000t\000r\000i\000c\000\040\000S\000t\000a\000b\000i\000l\000i\000t\000y}{subsection.16.8}% 173
\BOOKMARK [3][-]{subsubsection.16.8.2}{\376\377\000M\000e\000a\000n\000\040\000C\000u\000r\000v\000a\000t\000u\000r\000e\000\040\000F\000l\000o\000w\000\040\000o\000f\000\040\000H\000o\000r\000i\000z\000o\000n\000s}{subsection.16.8}% 174
\BOOKMARK [2][-]{subsection.16.9}{\376\377\000E\000f\000f\000e\000c\000t\000i\000v\000e\000\040\000F\000i\000e\000l\000d\000\040\000T\000h\000e\000o\000r\000y\000\040\000M\000e\000t\000h\000o\000d\000s}{section.16}% 175
\BOOKMARK [3][-]{subsubsection.16.9.1}{\376\377\000M\000a\000t\000c\000h\000e\000d\000\040\000A\000s\000y\000m\000p\000t\000o\000t\000i\000c\000\040\000E\000x\000p\000a\000n\000s\000i\000o\000n\000s}{subsection.16.9}% 176
\BOOKMARK [3][-]{subsubsection.16.9.2}{\376\377\000T\000h\000e\000\040\000N\000e\000a\000r\000-\000H\000o\000r\000i\000z\000o\000n\000\040\000K\000e\000r\000r\000/\000C\000F\000T\000\040\000C\000o\000r\000r\000e\000s\000p\000o\000n\000d\000e\000n\000c\000e}{subsection.16.9}% 177
\BOOKMARK [3][-]{subsubsection.16.9.3}{\376\377\000H\000o\000l\000o\000g\000r\000a\000p\000h\000i\000c\000\040\000I\000n\000t\000e\000r\000p\000r\000e\000t\000a\000t\000i\000o\000n\000\040\000o\000f\000\040\000S\000t\000a\000b\000i\000l\000i\000t\000y}{subsection.16.9}% 178
\BOOKMARK [2][-]{subsection.16.10}{\376\377\000Q\000u\000a\000n\000t\000u\000m\000\040\000a\000n\000d\000\040\000S\000e\000m\000i\000c\000l\000a\000s\000s\000i\000c\000a\000l\000\040\000C\000o\000n\000s\000i\000d\000e\000r\000a\000t\000i\000o\000n\000s}{section.16}% 179
\BOOKMARK [3][-]{subsubsection.16.10.1}{\376\377\000H\000a\000w\000k\000i\000n\000g\000\040\000R\000a\000d\000i\000a\000t\000i\000o\000n\000\040\000a\000n\000d\000\040\000S\000t\000a\000b\000i\000l\000i\000t\000y}{subsection.16.10}% 180
\BOOKMARK [3][-]{subsubsection.16.10.2}{\376\377\000E\000f\000f\000e\000c\000t\000i\000v\000e\000\040\000A\000c\000t\000i\000o\000n\000\040\000f\000r\000o\000m\000\040\000I\000n\000t\000e\000g\000r\000a\000t\000i\000n\000g\000\040\000O\000u\000t\000\040\000M\000o\000d\000e\000s}{subsection.16.10}% 181
\BOOKMARK [2][-]{subsection.16.11}{\376\377\000S\000u\000m\000m\000a\000r\000y\000\040\000o\000f\000\040\000I\000n\000n\000o\000v\000a\000t\000i\000v\000e\000\040\000M\000e\000t\000h\000o\000d\000s}{section.16}% 182
\BOOKMARK [1][-]{section.17}{\376\377\000P\000r\000o\000o\000f\000s\000\040\000o\000f\000\040\000K\000e\000y\000\040\000R\000e\000s\000u\000l\000t\000s}{}% 183
\BOOKMARK [2][-]{subsection.17.1}{\376\377\000T\000h\000e\000\040\000R\000e\000s\000o\000n\000a\000n\000c\000e\000-\000F\000r\000e\000e\000\040\000S\000t\000r\000i\000p\000\040\000T\000h\000e\000o\000r\000e\000m}{section.17}% 184
\BOOKMARK [2][-]{subsection.17.2}{\376\377\000C\000a\000r\000l\000e\000m\000a\000n\000\040\000E\000s\000t\000i\000m\000a\000t\000e\000\040\000f\000o\000r\000\040\000t\000h\000e\000\040\000E\000r\000g\000o\000s\000p\000h\000e\000r\000e}{section.17}% 185
\BOOKMARK [2][-]{subsection.17.3}{\376\377\000C\000o\000e\000r\000c\000i\000v\000i\000t\000y\000\040\000o\000f\000\040\000t\000h\000e\000\040\000T\000e\000u\000k\000o\000l\000s\000k\000y\000-\000S\000t\000a\000r\000o\000b\000i\000n\000s\000k\000y\000\040\000E\000n\000e\000r\000g\000y}{section.17}% 186
\BOOKMARK [2][-]{subsection.17.4}{\376\377\000D\000e\000c\000a\000y\000\040\000R\000a\000t\000e\000\040\000D\000e\000p\000e\000n\000d\000e\000n\000c\000e\000\040\000o\000n\000\040\000S\000p\000i\000n}{section.17}% 187
\BOOKMARK [2][-]{subsection.17.5}{\376\377\000E\000r\000g\000o\000s\000p\000h\000e\000r\000e\000\040\000E\000n\000e\000r\000g\000y\000\040\000B\000o\000u\000n\000d}{section.17}% 188
\BOOKMARK [2][-]{subsection.17.6}{\376\377\000S\000u\000m\000m\000a\000r\000y\000\040\000o\000f\000\040\000P\000r\000o\000v\000e\000d\000\040\000R\000e\000s\000u\000l\000t\000s}{section.17}% 189
\BOOKMARK [3][-]{subsubsection.17.6.1}{\376\377\000D\000i\000r\000e\000c\000t\000i\000o\000n\000\040\0002\000:\000\040\000P\000h\000y\000s\000i\000c\000a\000l\000\040\000S\000p\000a\000c\000e\000\040\000M\000u\000l\000t\000i\000p\000l\000i\000e\000r\000s}{subsection.17.6}% 190
\BOOKMARK [3][-]{subsubsection.17.6.2}{\376\377\000D\000i\000r\000e\000c\000t\000i\000o\000n\000\040\0003\000:\000\040\000S\000p\000e\000c\000t\000r\000a\000l\000\040\000T\000h\000e\000o\000r\000y}{subsection.17.6}% 191
\BOOKMARK [3][-]{subsubsection.17.6.3}{\376\377\000D\000i\000r\000e\000c\000t\000i\000o\000n\000\040\0004\000:\000\040\000N\000o\000n\000l\000i\000n\000e\000a\000r\000\040\000I\000t\000e\000r\000a\000t\000i\000o\000n\000\040\000S\000c\000h\000e\000m\000e\000s}{subsection.17.6}% 192
\BOOKMARK [2][-]{subsection.17.7}{\376\377\000E\000s\000t\000i\000m\000a\000t\000e\000d\000\040\000T\000i\000m\000e\000l\000i\000n\000e}{section.17}% 193
\BOOKMARK [2][-]{subsection.17.8}{\376\377\000B\000r\000o\000a\000d\000e\000r\000\040\000I\000m\000p\000a\000c\000t}{section.17}% 194
\BOOKMARK [2][-]{subsection.17.9}{\376\377\000C\000o\000n\000n\000e\000c\000t\000i\000o\000n\000s\000\040\000t\000o\000\040\000F\000u\000n\000d\000a\000m\000e\000n\000t\000a\000l\000\040\000P\000h\000y\000s\000i\000c\000s}{section.17}% 195
\BOOKMARK [3][-]{subsubsection.17.9.1}{\376\377\000T\000h\000e\000\040\000I\000n\000f\000o\000r\000m\000a\000t\000i\000o\000n\000\040\000P\000a\000r\000a\000d\000o\000x}{subsection.17.9}% 196
\BOOKMARK [3][-]{subsubsection.17.9.2}{\376\377\000Q\000u\000a\000n\000t\000u\000m\000\040\000E\000r\000r\000o\000r\000\040\000C\000o\000r\000r\000e\000c\000t\000i\000o\000n\000\040\000a\000n\000d\000\040\000B\000l\000a\000c\000k\000\040\000H\000o\000l\000e\000s}{subsection.17.9}% 197
\BOOKMARK [3][-]{subsubsection.17.9.3}{\376\377\000C\000o\000m\000p\000l\000e\000x\000i\000t\000y\000\040\000G\000r\000o\000w\000t\000h\000\040\000a\000n\000d\000\040\000S\000t\000a\000b\000i\000l\000i\000t\000y}{subsection.17.9}% 198
\BOOKMARK [3][-]{subsubsection.17.9.4}{\376\377\000W\000e\000a\000k\000\040\000G\000r\000a\000v\000i\000t\000y\000\040\000C\000o\000n\000j\000e\000c\000t\000u\000r\000e}{subsection.17.9}% 199
\BOOKMARK [3][-]{subsubsection.17.9.5}{\376\377\000S\000w\000a\000m\000p\000l\000a\000n\000d\000\040\000C\000o\000n\000j\000e\000c\000t\000u\000r\000e\000s}{subsection.17.9}% 200
\BOOKMARK [1][-]{section.18}{\376\377\000H\000i\000g\000h\000e\000r\000\040\000D\000i\000m\000e\000n\000s\000i\000o\000n\000s\000\040\000a\000n\000d\000\040\000S\000t\000r\000i\000n\000g\000\040\000T\000h\000e\000o\000r\000y\000\040\000C\000o\000n\000n\000e\000c\000t\000i\000o\000n\000s}{}% 201
\BOOKMARK [2][-]{subsection.18.1}{\376\377\000H\000i\000g\000h\000e\000r\000-\000D\000i\000m\000e\000n\000s\000i\000o\000n\000a\000l\000\040\000B\000l\000a\000c\000k\000\040\000H\000o\000l\000e\000s}{section.18}% 202
\BOOKMARK [3][-]{subsubsection.18.1.1}{\376\377\000T\000h\000e\000\040\000M\000y\000e\000r\000s\000-\000P\000e\000r\000r\000y\000\040\000S\000o\000l\000u\000t\000i\000o\000n\000s}{subsection.18.1}% 203
\BOOKMARK [3][-]{subsubsection.18.1.2}{\376\377\000T\000h\000e\000\040\000G\000r\000e\000g\000o\000r\000y\000-\000L\000a\000f\000l\000a\000m\000m\000e\000\040\000I\000n\000s\000t\000a\000b\000i\000l\000i\000t\000y}{subsection.18.1}% 204
\BOOKMARK [3][-]{subsubsection.18.1.3}{\376\377\000U\000l\000t\000r\000a\000-\000S\000p\000i\000n\000n\000i\000n\000g\000\040\000I\000n\000s\000t\000a\000b\000i\000l\000i\000t\000y}{subsection.18.1}% 205
\BOOKMARK [2][-]{subsection.18.2}{\376\377\000B\000l\000a\000c\000k\000\040\000H\000o\000l\000e\000s\000\040\000i\000n\000\040\000S\000t\000r\000i\000n\000g\000\040\000T\000h\000e\000o\000r\000y}{section.18}% 206
\BOOKMARK [3][-]{subsubsection.18.2.1}{\376\377\000S\000u\000p\000e\000r\000s\000y\000m\000m\000e\000t\000r\000i\000c\000\040\000B\000l\000a\000c\000k\000\040\000H\000o\000l\000e\000s}{subsection.18.2}% 207
\BOOKMARK [3][-]{subsubsection.18.2.2}{\376\377\000T\000h\000e\000\040\000A\000t\000t\000r\000a\000c\000t\000o\000r\000\040\000M\000e\000c\000h\000a\000n\000i\000s\000m}{subsection.18.2}% 208
\BOOKMARK [3][-]{subsubsection.18.2.3}{\376\377\000T\000h\000e\000\040\000F\000u\000z\000z\000b\000a\000l\000l\000\040\000P\000r\000o\000p\000o\000s\000a\000l}{subsection.18.2}% 209
\BOOKMARK [2][-]{subsection.18.3}{\376\377\000A\000d\000S\000/\000C\000F\000T\000\040\000a\000n\000d\000\040\000S\000t\000a\000b\000i\000l\000i\000t\000y}{section.18}% 210
\BOOKMARK [3][-]{subsubsection.18.3.1}{\376\377\000S\000t\000a\000b\000i\000l\000i\000t\000y\000\040\000a\000s\000\040\000T\000h\000e\000r\000m\000a\000l\000i\000z\000a\000t\000i\000o\000n}{subsection.18.3}% 211
\BOOKMARK [3][-]{subsubsection.18.3.2}{\376\377\000H\000o\000l\000o\000g\000r\000a\000p\000h\000i\000c\000\040\000C\000h\000a\000o\000s}{subsection.18.3}% 212
\BOOKMARK [2][-]{subsection.18.4}{\376\377\000S\000t\000a\000b\000i\000l\000i\000t\000y\000\040\000i\000n\000\040\000M\000o\000d\000i\000f\000i\000e\000d\000\040\000G\000r\000a\000v\000i\000t\000y}{section.18}% 213
\BOOKMARK [3][-]{subsubsection.18.4.1}{\376\377\000E\000i\000n\000s\000t\000e\000i\000n\000-\000G\000a\000u\000s\000s\000-\000B\000o\000n\000n\000e\000t\000\040\000G\000r\000a\000v\000i\000t\000y}{subsection.18.4}% 214
\BOOKMARK [3][-]{subsubsection.18.4.2}{\376\377\000f\000\050\000R\000\051\000\040\000G\000r\000a\000v\000i\000t\000y}{subsection.18.4}% 215
\BOOKMARK [3][-]{subsubsection.18.4.3}{\376\377\000M\000a\000s\000s\000i\000v\000e\000\040\000G\000r\000a\000v\000i\000t\000y}{subsection.18.4}% 216
\BOOKMARK [3][-]{subsubsection.18.4.4}{\376\377\000A\000d\000S\000/\000C\000F\000T\000\040\000C\000o\000r\000r\000e\000s\000p\000o\000n\000d\000e\000n\000c\000e}{subsection.18.4}% 217
\BOOKMARK [1][-]{section.19}{\376\377\000T\000o\000p\000o\000l\000o\000g\000i\000c\000a\000l\000\040\000a\000n\000d\000\040\000G\000e\000o\000m\000e\000t\000r\000i\000c\000\040\000M\000e\000t\000h\000o\000d\000s}{}% 218
\BOOKMARK [2][-]{subsection.19.1}{\376\377\000T\000o\000p\000o\000l\000o\000g\000i\000c\000a\000l\000\040\000C\000e\000n\000s\000o\000r\000s\000h\000i\000p\000\040\000a\000n\000d\000\040\000S\000t\000a\000b\000i\000l\000i\000t\000y}{section.19}% 219
\BOOKMARK [2][-]{subsection.19.2}{\376\377\000M\000o\000r\000s\000e\000\040\000T\000h\000e\000o\000r\000y\000\040\000o\000n\000\040\000t\000h\000e\000\040\000S\000p\000a\000c\000e\000\040\000o\000f\000\040\000B\000l\000a\000c\000k\000\040\000H\000o\000l\000e\000s}{section.19}% 220
\BOOKMARK [2][-]{subsection.19.3}{\376\377\000C\000h\000a\000r\000a\000c\000t\000e\000r\000i\000s\000t\000i\000c\000\040\000C\000o\000h\000o\000m\000o\000l\000o\000g\000y\000\040\000a\000n\000d\000\040\000C\000o\000n\000s\000e\000r\000v\000e\000d\000\040\000C\000h\000a\000r\000g\000e\000s}{section.19}% 221
\BOOKMARK [2][-]{subsection.19.4}{\376\377\000K\000\344\000h\000l\000e\000r\000\040\000G\000e\000o\000m\000e\000t\000r\000y\000\040\000o\000f\000\040\000t\000h\000e\000\040\000S\000o\000l\000u\000t\000i\000o\000n\000\040\000S\000p\000a\000c\000e}{section.19}% 222
\BOOKMARK [2][-]{subsection.19.5}{\376\377\000S\000p\000i\000n\000o\000r\000\040\000M\000e\000t\000h\000o\000d\000s\000\040\000a\000n\000d\000\040\000t\000h\000e\000\040\000W\000i\000t\000t\000e\000n\000\040\000P\000r\000o\000o\000f}{section.19}% 223
\BOOKMARK [1][-]{section.20}{\376\377\000N\000u\000m\000e\000r\000i\000c\000a\000l\000\040\000R\000e\000l\000a\000t\000i\000v\000i\000t\000y\000\040\000a\000n\000d\000\040\000C\000o\000m\000p\000u\000t\000a\000t\000i\000o\000n\000a\000l\000\040\000A\000p\000p\000r\000o\000a\000c\000h\000e\000s}{}% 224
\BOOKMARK [2][-]{subsection.20.1}{\376\377\000S\000t\000a\000t\000e\000-\000o\000f\000-\000t\000h\000e\000-\000A\000r\000t\000\040\000N\000u\000m\000e\000r\000i\000c\000a\000l\000\040\000M\000e\000t\000h\000o\000d\000s}{section.20}% 225
\BOOKMARK [3][-]{subsubsection.20.1.1}{\376\377\000S\000p\000e\000c\000t\000r\000a\000l\000\040\000M\000e\000t\000h\000o\000d\000s\000\040\000f\000o\000r\000\040\000Q\000N\000M\000\040\000C\000o\000m\000p\000u\000t\000a\000t\000i\000o\000n}{subsection.20.1}% 226
\BOOKMARK [3][-]{subsubsection.20.1.2}{\376\377\000T\000i\000m\000e\000-\000D\000o\000m\000a\000i\000n\000\040\000E\000v\000o\000l\000u\000t\000i\000o\000n}{subsection.20.1}% 227
\BOOKMARK [2][-]{subsection.20.2}{\376\377\000M\000a\000c\000h\000i\000n\000e\000\040\000L\000e\000a\000r\000n\000i\000n\000g\000\040\000A\000p\000p\000l\000i\000c\000a\000t\000i\000o\000n\000s}{section.20}% 228
\BOOKMARK [3][-]{subsubsection.20.2.1}{\376\377\000N\000e\000u\000r\000a\000l\000\040\000N\000e\000t\000w\000o\000r\000k\000\040\000S\000u\000r\000r\000o\000g\000a\000t\000e\000\040\000M\000o\000d\000e\000l\000s}{subsection.20.2}% 229
\BOOKMARK [3][-]{subsubsection.20.2.2}{\376\377\000A\000u\000t\000o\000m\000a\000t\000e\000d\000\040\000T\000h\000e\000o\000r\000e\000m\000\040\000P\000r\000o\000v\000i\000n\000g}{subsection.20.2}% 230
\BOOKMARK [2][-]{subsection.20.3}{\376\377\000G\000r\000a\000v\000i\000t\000a\000t\000i\000o\000n\000a\000l\000\040\000W\000a\000v\000e\000\040\000T\000e\000m\000p\000l\000a\000t\000e\000\040\000B\000a\000n\000k\000s}{section.20}% 231
\BOOKMARK [2][-]{subsection.20.4}{\376\377\000A\000d\000a\000p\000t\000i\000v\000e\000\040\000M\000e\000s\000h\000\040\000R\000e\000f\000i\000n\000e\000m\000e\000n\000t\000\040\000f\000o\000r\000\040\000N\000o\000n\000l\000i\000n\000e\000a\000r\000\040\000E\000v\000o\000l\000u\000t\000i\000o\000n}{section.20}% 232
\BOOKMARK [1][-]{section.21}{\376\377\000C\000o\000m\000p\000l\000e\000t\000e\000\040\000C\000l\000a\000s\000s\000i\000f\000i\000c\000a\000t\000i\000o\000n\000\040\000o\000f\000\040\000O\000p\000e\000n\000\040\000P\000r\000o\000b\000l\000e\000m\000s}{}% 233
\BOOKMARK [2][-]{subsection.21.1}{\376\377\000T\000i\000e\000r\000\040\0001\000:\000\040\000N\000e\000a\000r\000-\000T\000e\000r\000m\000\040\000A\000c\000h\000i\000e\000v\000a\000b\000l\000e\000\040\000\050\0002\0000\0002\0005\000-\0002\0000\0002\0007\000\051}{section.21}% 234
\BOOKMARK [2][-]{subsection.21.2}{\376\377\000T\000i\000e\000r\000\040\0002\000:\000\040\000M\000e\000d\000i\000u\000m\000-\000T\000e\000r\000m\000\040\000G\000o\000a\000l\000s\000\040\000\050\0002\0000\0002\0007\000-\0002\0000\0003\0002\000\051}{section.21}% 235
\BOOKMARK [2][-]{subsection.21.3}{\376\377\000T\000i\000e\000r\000\040\0003\000:\000\040\000L\000o\000n\000g\000-\000T\000e\000r\000m\000\040\000C\000h\000a\000l\000l\000e\000n\000g\000e\000s\000\040\000\050\0002\0000\0003\0002\000+\000\051}{section.21}% 236
\BOOKMARK [2][-]{subsection.21.4}{\376\377\000C\000l\000a\000s\000s\000i\000f\000i\000c\000a\000t\000i\000o\000n\000\040\000b\000y\000\040\000M\000a\000t\000h\000e\000m\000a\000t\000i\000c\000a\000l\000\040\000T\000e\000c\000h\000n\000i\000q\000u\000e}{section.21}% 237
\BOOKMARK [1][-]{section.22}{\376\377\000B\000r\000e\000a\000k\000t\000h\000r\000o\000u\000g\000h\000s\000\040\000S\000i\000n\000c\000e\000\040\0002\0000\0002\0003\000:\000\040\000R\000e\000c\000e\000n\000t\000\040\000P\000r\000o\000g\000r\000e\000s\000s}{}% 238
\BOOKMARK [2][-]{subsection.22.1}{\376\377\000L\000i\000n\000e\000a\000r\000\040\000S\000t\000a\000b\000i\000l\000i\000t\000y\000\040\000i\000n\000\040\000t\000h\000e\000\040\000F\000u\000l\000l\000\040\000S\000u\000b\000e\000x\000t\000r\000e\000m\000a\000l\000\040\000R\000a\000n\000g\000e\000\040\000\050\0002\0000\0002\0005\000\051}{section.22}% 239
\BOOKMARK [2][-]{subsection.22.2}{\376\377\000F\000u\000l\000l\000\040\000S\000u\000b\000e\000x\000t\000r\000e\000m\000a\000l\000\040\000K\000e\000r\000r\000-\000d\000e\000\040\000S\000i\000t\000t\000e\000r\000\040\000S\000t\000a\000b\000i\000l\000i\000t\000y\000\040\000\050\0002\0000\0002\0005\000\051}{section.22}% 240
\BOOKMARK [2][-]{subsection.22.3}{\376\377\000E\000n\000e\000r\000g\000y\000-\000M\000o\000r\000a\000w\000e\000t\000z\000\040\000E\000s\000t\000i\000m\000a\000t\000e\000s\000\040\000f\000o\000r\000\040\000F\000u\000l\000l\000\040\000S\000u\000b\000e\000x\000t\000r\000e\000m\000a\000l\000\040\000K\000e\000r\000r\000\040\000\050\0002\0000\0002\0004\000\051}{section.22}% 241
\BOOKMARK [2][-]{subsection.22.4}{\376\377\000T\000o\000w\000a\000r\000d\000\040\000K\000e\000r\000r\000-\000N\000e\000w\000m\000a\000n\000\040\000S\000t\000a\000b\000i\000l\000i\000t\000y}{section.22}% 242
\BOOKMARK [2][-]{subsection.22.5}{\376\377\000D\000y\000n\000a\000m\000i\000c\000a\000l\000\040\000K\000e\000r\000r\000\040\000B\000l\000a\000c\000k\000\040\000H\000o\000l\000e\000\040\000F\000o\000r\000m\000a\000t\000i\000o\000n}{section.22}% 243
\BOOKMARK [2][-]{subsection.22.6}{\376\377\000C\000u\000r\000r\000e\000n\000t\000\040\000S\000t\000a\000t\000e\000\040\000o\000f\000\040\000t\000h\000e\000\040\000A\000r\000t\000\040\000\050\000D\000e\000c\000e\000m\000b\000e\000r\000\040\0002\0000\0002\0005\000\051}{section.22}% 244
\BOOKMARK [2][-]{subsection.22.7}{\376\377\000T\000h\000e\000\040\000R\000e\000m\000a\000i\000n\000i\000n\000g\000\040\000G\000a\000p\000:\000\040\000F\000u\000l\000l\000\040\000N\000o\000n\000l\000i\000n\000e\000a\000r\000\040\000K\000e\000r\000r\000\040\000S\000t\000a\000b\000i\000l\000i\000t\000y}{section.22}% 245
\BOOKMARK [2][-]{subsection.22.8}{\376\377\000I\000m\000p\000l\000i\000c\000a\000t\000i\000o\000n\000s\000\040\000o\000f\000\040\000t\000h\000e\000\040\000L\000i\000n\000e\000a\000r\000\040\000S\000t\000a\000b\000i\000l\000i\000t\000y\000\040\000R\000e\000s\000u\000l\000t}{section.22}% 246
\BOOKMARK [1][-]{section.23}{\376\377\000C\000o\000n\000c\000l\000u\000s\000i\000o\000n}{}% 247
\BOOKMARK [2][-]{subsection.23.1}{\376\377\000S\000u\000m\000m\000a\000r\000y\000\040\000o\000f\000\040\000K\000e\000y\000\040\000R\000e\000s\000u\000l\000t\000s}{section.23}% 248
\BOOKMARK [2][-]{subsection.23.2}{\376\377\000T\000h\000e\000\040\000C\000u\000r\000r\000e\000n\000t\000\040\000F\000r\000o\000n\000t\000i\000e\000r}{section.23}% 249
\BOOKMARK [2][-]{subsection.23.3}{\376\377\000I\000m\000p\000l\000i\000c\000a\000t\000i\000o\000n\000s\000\040\000f\000o\000r\000\040\000P\000h\000y\000s\000i\000c\000s}{section.23}% 250
\BOOKMARK [2][-]{subsection.23.4}{\376\377\000A\000\040\000S\000y\000n\000t\000h\000e\000s\000i\000s}{section.23}% 251
\BOOKMARK [2][-]{subsection.23.5}{\376\377\000F\000i\000n\000a\000l\000\040\000O\000u\000t\000l\000o\000o\000k}{section.23}% 252
\BOOKMARK [2][-]{subsection.23.6}{\376\377\000F\000i\000n\000a\000l\000\040\000R\000e\000m\000a\000r\000k\000s\000:\000\040\000W\000h\000y\000\040\000S\000t\000a\000b\000i\000l\000i\000t\000y\000\040\000M\000a\000t\000t\000e\000r\000s}{section.23}% 253
