This is pdfTeX, Version 3.141592653-2.6-1.40.27 (MiKTeX 25.4) (preloaded format=pdflatex 2025.8.10)  1 NOV 2025 13:53
entering extended mode
 restricted \write18 enabled.
 %&-line parsing enabled.
**.\output\black_hole\paper.tex

! Emergency stop.
<to be read again> 
                   \output 
<*> .\output
            \black_hole\paper.tex
*** (job aborted, file error in nonstop mode)

 
Here is how much of TeX's memory you used:
 2 strings out of 468134
 11 string characters out of 5430256
 427301 words of memory out of 5000000
 28723 multiletter control sequences out of 15000+600000
 626825 words of font info for 40 fonts, out of 8000000 for 9000
 1141 hyphenation exceptions out of 8191
 1i,0n,0p,1b,6s stack positions out of 10000i,1000n,20000p,200000b,200000s
!  ==> Fatal error occurred, no output PDF file produced!
