This is pdfTeX, Version 3.141592653-2.6-1.40.27 (MiKTeX 25.4) (preloaded format=pdflatex 2025.11.16)  23 DEC 2025 15:12
entering extended mode
 restricted \write18 enabled.
 %&-line parsing enabled.
**./main.tex
(main.tex
LaTeX2e <2025-11-01>
L3 programming layer <2025-10-24>
(C:\Users\Lenovo\AppData\Local\Programs\MiKTeX\tex/latex/base\article.cls
Document Class: article 2025/01/22 v1.4n Standard LaTeX document class
(C:\Users\Lenovo\AppData\Local\Programs\MiKTeX\tex/latex/base\size12.clo
File: size12.clo 2025/01/22 v1.4n Standard LaTeX file (size option)
)
\c@part=\count275
\c@section=\count276
\c@subsection=\count277
\c@subsubsection=\count278
\c@paragraph=\count279
\c@subparagraph=\count280
\c@figure=\count281
\c@table=\count282
\abovecaptionskip=\skip49
\belowcaptionskip=\skip50
\bibindent=\dimen148
)
(preamble_clean.tex
(C:\Users\Lenovo\AppData\Local\Programs\MiKTeX\tex/latex/amsmath\amsmath.sty
Package: amsmath 2025/07/09 v2.17z AMS math features
\@mathmargin=\skip51

For additional information on amsmath, use the `?' option.
(C:\Users\Lenovo\AppData\Local\Programs\MiKTeX\tex/latex/amsmath\amstext.sty
Package: amstext 2024/11/17 v2.01 AMS text

(C:\Users\Lenovo\AppData\Local\Programs\MiKTeX\tex/latex/amsmath\amsgen.sty
File: amsgen.sty 1999/11/30 v2.0 generic functions
\@emptytoks=\toks17
\ex@=\dimen149
))
(C:\Users\Lenovo\AppData\Local\Programs\MiKTeX\tex/latex/amsmath\amsbsy.sty
Package: amsbsy 1999/11/29 v1.2d Bold Symbols
\pmbraise@=\dimen150
)
(C:\Users\Lenovo\AppData\Local\Programs\MiKTeX\tex/latex/amsmath\amsopn.sty
Package: amsopn 2022/04/08 v2.04 operator names
)
\inf@bad=\count283
LaTeX Info: Redefining \frac on input line 233.
\uproot@=\count284
\leftroot@=\count285
LaTeX Info: Redefining \overline on input line 398.
LaTeX Info: Redefining \colon on input line 409.
\classnum@=\count286
\DOTSCASE@=\count287
LaTeX Info: Redefining \ldots on input line 495.
LaTeX Info: Redefining \dots on input line 498.
LaTeX Info: Redefining \cdots on input line 619.
\Mathstrutbox@=\box53
\strutbox@=\box54
LaTeX Info: Redefining \big on input line 721.
LaTeX Info: Redefining \Big on input line 722.
LaTeX Info: Redefining \bigg on input line 723.
LaTeX Info: Redefining \Bigg on input line 724.
\big@size=\dimen151
LaTeX Font Info:    Redeclaring font encoding OML on input line 742.
LaTeX Font Info:    Redeclaring font encoding OMS on input line 743.
\macc@depth=\count288
LaTeX Info: Redefining \bmod on input line 904.
LaTeX Info: Redefining \pmod on input line 909.
LaTeX Info: Redefining \smash on input line 939.
LaTeX Info: Redefining \relbar on input line 969.
LaTeX Info: Redefining \Relbar on input line 970.
\c@MaxMatrixCols=\count289
\dotsspace@=\muskip17
\c@parentequation=\count290
\dspbrk@lvl=\count291
\tag@help=\toks18
\row@=\count292
\column@=\count293
\maxfields@=\count294
\andhelp@=\toks19
\eqnshift@=\dimen152
\alignsep@=\dimen153
\tagshift@=\dimen154
\tagwidth@=\dimen155
\totwidth@=\dimen156
\lineht@=\dimen157
\@envbody=\toks20
\multlinegap=\skip52
\multlinetaggap=\skip53
\mathdisplay@stack=\toks21
LaTeX Info: Redefining \[ on input line 2950.
LaTeX Info: Redefining \] on input line 2951.
)
(C:\Users\Lenovo\AppData\Local\Programs\MiKTeX\tex/latex/amsfonts\amssymb.sty
Package: amssymb 2013/01/14 v3.01 AMS font symbols

(C:\Users\Lenovo\AppData\Local\Programs\MiKTeX\tex/latex/amsfonts\amsfonts.sty
Package: amsfonts 2013/01/14 v3.01 Basic AMSFonts support
\symAMSa=\mathgroup4
\symAMSb=\mathgroup5
LaTeX Font Info:    Redeclaring math symbol \hbar on input line 98.
LaTeX Font Info:    Overwriting math alphabet `\mathfrak' in version `bold'
(Font)                  U/euf/m/n --> U/euf/b/n on input line 106.
)) (C:\Users\Lenovo\AppData\Local\Programs\MiKTeX\tex/latex/amscls\amsthm.sty
Package: amsthm 2020/05/29 v2.20.6
\thm@style=\toks22
\thm@bodyfont=\toks23
\thm@headfont=\toks24
\thm@notefont=\toks25
\thm@headpunct=\toks26
\thm@preskip=\skip54
\thm@postskip=\skip55
\thm@headsep=\skip56
\dth@everypar=\toks27
)
(C:\Users\Lenovo\AppData\Local\Programs\MiKTeX\tex/latex/mathtools\mathtools.st
y
Package: mathtools 2024/10/04 v1.31 mathematical typesetting tools
 (C:\Users\Lenovo\AppData\Local\Programs\MiKTeX\tex/latex/graphics\keyval.sty
Package: keyval 2022/05/29 v1.15 key=value parser (DPC)
\KV@toks@=\toks28
) (C:\Users\Lenovo\AppData\Local\Programs\MiKTeX\tex/latex/tools\calc.sty
Package: calc 2025/03/01 v4.3b Infix arithmetic (KKT,FJ)
\calc@Acount=\count295
\calc@Bcount=\count296
\calc@Adimen=\dimen158
\calc@Bdimen=\dimen159
\calc@Askip=\skip57
\calc@Bskip=\skip58
LaTeX Info: Redefining \setlength on input line 86.
LaTeX Info: Redefining \addtolength on input line 87.
\calc@Ccount=\count297
\calc@Cskip=\skip59
)
(C:\Users\Lenovo\AppData\Local\Programs\MiKTeX\tex/latex/mathtools\mhsetup.sty
Package: mhsetup 2021/03/18 v1.4 programming setup (MH)
)
\g_MT_multlinerow_int=\count298
\l_MT_multwidth_dim=\dimen160
\origjot=\skip60
\l_MT_shortvdotswithinadjustabove_dim=\dimen161
\l_MT_shortvdotswithinadjustbelow_dim=\dimen162
\l_MT_above_intertext_sep=\dimen163
\l_MT_below_intertext_sep=\dimen164
\l_MT_above_shortintertext_sep=\dimen165
\l_MT_below_shortintertext_sep=\dimen166
\xmathstrut@box=\box55
\xmathstrut@dim=\dimen167
) (C:\Users\Lenovo\AppData\Local\Programs\MiKTeX\tex/latex/base\fontenc.sty
Package: fontenc 2025/07/18 v2.1d Standard LaTeX package
)
(C:\Users\Lenovo\AppData\Local\Programs\MiKTeX\tex/latex/hyperref\hyperref.sty
Package: hyperref 2025-07-12 v7.01o Hypertext links for LaTeX

(C:\Users\Lenovo\AppData\Local\Programs\MiKTeX\tex/generic/iftex\iftex.sty
Package: iftex 2024/12/12 v1.0g TeX engine tests
)
(C:\Users\Lenovo\AppData\Local\Programs\MiKTeX\tex/latex/kvsetkeys\kvsetkeys.st
y
Package: kvsetkeys 2022-10-05 v1.19 Key value parser (HO)
)
(C:\Users\Lenovo\AppData\Local\Programs\MiKTeX\tex/generic/kvdefinekeys\kvdefin
ekeys.sty
Package: kvdefinekeys 2019-12-19 v1.6 Define keys (HO)
)
(C:\Users\Lenovo\AppData\Local\Programs\MiKTeX\tex/generic/pdfescape\pdfescape.
sty
Package: pdfescape 2019/12/09 v1.15 Implements pdfTeX's escape features (HO)

(C:\Users\Lenovo\AppData\Local\Programs\MiKTeX\tex/generic/ltxcmds\ltxcmds.sty
Package: ltxcmds 2023-12-04 v1.26 LaTeX kernel commands for general use (HO)
)
(C:\Users\Lenovo\AppData\Local\Programs\MiKTeX\tex/generic/pdftexcmds\pdftexcmd
s.sty
Package: pdftexcmds 2020-06-27 v0.33 Utility functions of pdfTeX for LuaTeX (HO
)

(C:\Users\Lenovo\AppData\Local\Programs\MiKTeX\tex/generic/infwarerr\infwarerr.
sty
Package: infwarerr 2019/12/03 v1.5 Providing info/warning/error messages (HO)
)
Package pdftexcmds Info: \pdf@primitive is available.
Package pdftexcmds Info: \pdf@ifprimitive is available.
Package pdftexcmds Info: \pdfdraftmode found.
))
(C:\Users\Lenovo\AppData\Local\Programs\MiKTeX\tex/latex/hycolor\hycolor.sty
Package: hycolor 2020-01-27 v1.10 Color options for hyperref/bookmark (HO)
)
(C:\Users\Lenovo\AppData\Local\Programs\MiKTeX\tex/latex/hyperref\nameref.sty
Package: nameref 2025-06-21 v2.57 Cross-referencing by name of section

(C:\Users\Lenovo\AppData\Local\Programs\MiKTeX\tex/latex/refcount\refcount.sty
Package: refcount 2019/12/15 v3.6 Data extraction from label references (HO)
)
(C:\Users\Lenovo\AppData\Local\Programs\MiKTeX\tex/generic/gettitlestring\getti
tlestring.sty
Package: gettitlestring 2019/12/15 v1.6 Cleanup title references (HO)

(C:\Users\Lenovo\AppData\Local\Programs\MiKTeX\tex/latex/kvoptions\kvoptions.st
y
Package: kvoptions 2022-06-15 v3.15 Key value format for package options (HO)
))
\c@section@level=\count299
)
(C:\Users\Lenovo\AppData\Local\Programs\MiKTeX\tex/latex/etoolbox\etoolbox.sty
Package: etoolbox 2025/10/02 v2.5m e-TeX tools for LaTeX (JAW)
\etb@tempcnta=\count300
)
(C:\Users\Lenovo\AppData\Local\Programs\MiKTeX\tex/generic/stringenc\stringenc.
sty
Package: stringenc 2019/11/29 v1.12 Convert strings between diff. encodings (HO
)
)
\@linkdim=\dimen168
\Hy@linkcounter=\count301
\Hy@pagecounter=\count302

(C:\Users\Lenovo\AppData\Local\Programs\MiKTeX\tex/latex/hyperref\pd1enc.def
File: pd1enc.def 2025-07-12 v7.01o Hyperref: PDFDocEncoding definition (HO)
Now handling font encoding PD1 ...
... no UTF-8 mapping file for font encoding PD1
)
(C:\Users\Lenovo\AppData\Local\Programs\MiKTeX\tex/generic/intcalc\intcalc.sty
Package: intcalc 2019/12/15 v1.3 Expandable calculations with integers (HO)
)
\Hy@SavedSpaceFactor=\count303
(C:\Users\Lenovo\AppData\Local\Programs\MiKTeX\tex/latex/hyperref\puenc.def
File: puenc.def 2025-07-12 v7.01o Hyperref: PDF Unicode definition (HO)
Now handling font encoding PU ...
... no UTF-8 mapping file for font encoding PU
)
Package hyperref Info: Hyper figures OFF on input line 4195.
Package hyperref Info: Link nesting OFF on input line 4200.
Package hyperref Info: Hyper index ON on input line 4203.
Package hyperref Info: Plain pages OFF on input line 4210.
Package hyperref Info: Backreferencing OFF on input line 4215.
Package hyperref Info: Implicit mode ON; LaTeX internals redefined.
Package hyperref Info: Bookmarks ON on input line 4462.
\c@Hy@tempcnt=\count304

(C:\Users\Lenovo\AppData\Local\Programs\MiKTeX\tex/latex/url\url.sty
\Urlmuskip=\muskip18
Package: url 2013/09/16  ver 3.4  Verb mode for urls, etc.
)
LaTeX Info: Redefining \url on input line 4801.
\XeTeXLinkMargin=\dimen169

(C:\Users\Lenovo\AppData\Local\Programs\MiKTeX\tex/generic/bitset\bitset.sty
Package: bitset 2019/12/09 v1.3 Handle bit-vector datatype (HO)

(C:\Users\Lenovo\AppData\Local\Programs\MiKTeX\tex/generic/bigintcalc\bigintcal
c.sty
Package: bigintcalc 2019/12/15 v1.5 Expandable calculations on big integers (HO
)
))
\Fld@menulength=\count305
\Field@Width=\dimen170
\Fld@charsize=\dimen171
Package hyperref Info: Hyper figures OFF on input line 6078.
Package hyperref Info: Link nesting OFF on input line 6083.
Package hyperref Info: Hyper index ON on input line 6086.
Package hyperref Info: backreferencing OFF on input line 6093.
Package hyperref Info: Link coloring OFF on input line 6098.
Package hyperref Info: Link coloring with OCG OFF on input line 6103.
Package hyperref Info: PDF/A mode OFF on input line 6108.
\Hy@abspage=\count306
\c@Item=\count307
\c@Hfootnote=\count308
)
Package hyperref Info: Driver (autodetected): hpdftex.

(C:\Users\Lenovo\AppData\Local\Programs\MiKTeX\tex/latex/hyperref\hpdftex.def
File: hpdftex.def 2025-07-12 v7.01o Hyperref driver for pdfTeX
\Fld@listcount=\count309
\c@bookmark@seq@number=\count310

(C:\Users\Lenovo\AppData\Local\Programs\MiKTeX\tex/latex/rerunfilecheck\rerunfi
lecheck.sty
Package: rerunfilecheck 2025-06-21 v1.11 Rerun checks for auxiliary files (HO)

(C:\Users\Lenovo\AppData\Local\Programs\MiKTeX\tex/generic/uniquecounter\unique
counter.sty
Package: uniquecounter 2019/12/15 v1.4 Provide unlimited unique counter (HO)
)
Package uniquecounter Info: New unique counter `rerunfilecheck' on input line 2
84.
)
\Hy@SectionHShift=\skip61
)
(C:\Users\Lenovo\AppData\Local\Programs\MiKTeX\tex/latex/cleveref\cleveref.sty
Package: cleveref 2018/03/27 v0.21.4 Intelligent cross-referencing
Package cleveref Info: `hyperref' support loaded on input line 2370.
LaTeX Info: Redefining \cref on input line 2370.
LaTeX Info: Redefining \Cref on input line 2370.
LaTeX Info: Redefining \crefrange on input line 2370.
LaTeX Info: Redefining \Crefrange on input line 2370.
LaTeX Info: Redefining \cpageref on input line 2370.
LaTeX Info: Redefining \Cpageref on input line 2370.
LaTeX Info: Redefining \cpagerefrange on input line 2370.
LaTeX Info: Redefining \Cpagerefrange on input line 2370.
LaTeX Info: Redefining \labelcref on input line 2370.
LaTeX Info: Redefining \labelcpageref on input line 2370.
Package cleveref Info: `amsthm' support loaded on input line 3026.
)
==> First Aid for cleveref.sty applied!

(C:\Users\Lenovo\AppData\Local\Programs\MiKTeX\tex/latex/pgf/frontendlayer\tikz
.sty
(C:\Users\Lenovo\AppData\Local\Programs\MiKTeX\tex/latex/pgf/basiclayer\pgf.sty

(C:\Users\Lenovo\AppData\Local\Programs\MiKTeX\tex/latex/pgf/utilities\pgfrcs.s
ty
(C:\Users\Lenovo\AppData\Local\Programs\MiKTeX\tex/generic/pgf/utilities\pgfuti
l-common.tex
\pgfutil@everybye=\toks29
\pgfutil@tempdima=\dimen172
\pgfutil@tempdimb=\dimen173
)
(C:\Users\Lenovo\AppData\Local\Programs\MiKTeX\tex/generic/pgf/utilities\pgfuti
l-latex.def
\pgfutil@abb=\box56
)
(C:\Users\Lenovo\AppData\Local\Programs\MiKTeX\tex/generic/pgf/utilities\pgfrcs
.code.tex
(C:\Users\Lenovo\AppData\Local\Programs\MiKTeX\tex/generic/pgf\pgf.revision.tex
)
Package: pgfrcs 2025-08-29 v3.1.11a (3.1.11a)
))
Package: pgf 2025-08-29 v3.1.11a (3.1.11a)

(C:\Users\Lenovo\AppData\Local\Programs\MiKTeX\tex/latex/pgf/basiclayer\pgfcore
.sty
(C:\Users\Lenovo\AppData\Local\Programs\MiKTeX\tex/latex/graphics\graphicx.sty
Package: graphicx 2024/12/31 v1.2e Enhanced LaTeX Graphics (DPC,SPQR)

(C:\Users\Lenovo\AppData\Local\Programs\MiKTeX\tex/latex/graphics\graphics.sty
Package: graphics 2024/08/06 v1.4g Standard LaTeX Graphics (DPC,SPQR)

(C:\Users\Lenovo\AppData\Local\Programs\MiKTeX\tex/latex/graphics\trig.sty
Package: trig 2023/12/02 v1.11 sin cos tan (DPC)
)
(C:\Users\Lenovo\AppData\Local\Programs\MiKTeX\tex/latex/graphics-cfg\graphics.
cfg
File: graphics.cfg 2016/06/04 v1.11 sample graphics configuration
)
Package graphics Info: Driver file: pdftex.def on input line 106.

(C:\Users\Lenovo\AppData\Local\Programs\MiKTeX\tex/latex/graphics-def\pdftex.de
f
File: pdftex.def 2025/09/29 v1.2d Graphics/color driver for pdftex
))
\Gin@req@height=\dimen174
\Gin@req@width=\dimen175
)
(C:\Users\Lenovo\AppData\Local\Programs\MiKTeX\tex/latex/pgf/systemlayer\pgfsys
.sty
(C:\Users\Lenovo\AppData\Local\Programs\MiKTeX\tex/generic/pgf/systemlayer\pgfs
ys.code.tex
Package: pgfsys 2025-08-29 v3.1.11a (3.1.11a)

(C:\Users\Lenovo\AppData\Local\Programs\MiKTeX\tex/generic/pgf/utilities\pgfkey
s.code.tex
\pgfkeys@pathtoks=\toks30
\pgfkeys@temptoks=\toks31

(C:\Users\Lenovo\AppData\Local\Programs\MiKTeX\tex/generic/pgf/utilities\pgfkey
slibraryfiltered.code.tex
\pgfkeys@tmptoks=\toks32
))
\pgf@x=\dimen176
\pgf@y=\dimen177
\pgf@xa=\dimen178
\pgf@ya=\dimen179
\pgf@xb=\dimen180
\pgf@yb=\dimen181
\pgf@xc=\dimen182
\pgf@yc=\dimen183
\pgf@xd=\dimen184
\pgf@yd=\dimen185
\w@pgf@writea=\write3
\r@pgf@reada=\read2
\c@pgf@counta=\count311
\c@pgf@countb=\count312
\c@pgf@countc=\count313
\c@pgf@countd=\count314
\t@pgf@toka=\toks33
\t@pgf@tokb=\toks34
\t@pgf@tokc=\toks35
\pgf@sys@id@count=\count315

(C:\Users\Lenovo\AppData\Local\Programs\MiKTeX\tex/generic/pgf/systemlayer\pgf.
cfg
File: pgf.cfg 2025-08-29 v3.1.11a (3.1.11a)
)
Driver file for pgf: pgfsys-pdftex.def

(C:\Users\Lenovo\AppData\Local\Programs\MiKTeX\tex/generic/pgf/systemlayer\pgfs
ys-pdftex.def
File: pgfsys-pdftex.def 2025-08-29 v3.1.11a (3.1.11a)

(C:\Users\Lenovo\AppData\Local\Programs\MiKTeX\tex/generic/pgf/systemlayer\pgfs
ys-common-pdf.def
File: pgfsys-common-pdf.def 2025-08-29 v3.1.11a (3.1.11a)
)))
(C:\Users\Lenovo\AppData\Local\Programs\MiKTeX\tex/generic/pgf/systemlayer\pgfs
yssoftpath.code.tex
File: pgfsyssoftpath.code.tex 2025-08-29 v3.1.11a (3.1.11a)
\pgfsyssoftpath@smallbuffer@items=\count316
\pgfsyssoftpath@bigbuffer@items=\count317
)
(C:\Users\Lenovo\AppData\Local\Programs\MiKTeX\tex/generic/pgf/systemlayer\pgfs
ysprotocol.code.tex
File: pgfsysprotocol.code.tex 2025-08-29 v3.1.11a (3.1.11a)
))
(C:\Users\Lenovo\AppData\Local\Programs\MiKTeX\tex/latex/xcolor\xcolor.sty
Package: xcolor 2024/09/29 v3.02 LaTeX color extensions (UK)

(C:\Users\Lenovo\AppData\Local\Programs\MiKTeX\tex/latex/graphics-cfg\color.cfg
File: color.cfg 2016/01/02 v1.6 sample color configuration
)
Package xcolor Info: Driver file: pdftex.def on input line 274.

(C:\Users\Lenovo\AppData\Local\Programs\MiKTeX\tex/latex/graphics\mathcolor.ltx
)
Package xcolor Info: Model `cmy' substituted by `cmy0' on input line 1349.
Package xcolor Info: Model `hsb' substituted by `rgb' on input line 1353.
Package xcolor Info: Model `RGB' extended on input line 1365.
Package xcolor Info: Model `HTML' substituted by `rgb' on input line 1367.
Package xcolor Info: Model `Hsb' substituted by `hsb' on input line 1368.
Package xcolor Info: Model `tHsb' substituted by `hsb' on input line 1369.
Package xcolor Info: Model `HSB' substituted by `hsb' on input line 1370.
Package xcolor Info: Model `Gray' substituted by `gray' on input line 1371.
Package xcolor Info: Model `wave' substituted by `hsb' on input line 1372.
)
(C:\Users\Lenovo\AppData\Local\Programs\MiKTeX\tex/generic/pgf/basiclayer\pgfco
re.code.tex
Package: pgfcore 2025-08-29 v3.1.11a (3.1.11a)

(C:\Users\Lenovo\AppData\Local\Programs\MiKTeX\tex/generic/pgf/math\pgfmath.cod
e.tex
(C:\Users\Lenovo\AppData\Local\Programs\MiKTeX\tex/generic/pgf/math\pgfmathutil
.code.tex)
(C:\Users\Lenovo\AppData\Local\Programs\MiKTeX\tex/generic/pgf/math\pgfmathpars
er.code.tex
\pgfmath@dimen=\dimen186
\pgfmath@count=\count318
\pgfmath@box=\box57
\pgfmath@toks=\toks36
\pgfmath@stack@operand=\toks37
\pgfmath@stack@operation=\toks38
)
(C:\Users\Lenovo\AppData\Local\Programs\MiKTeX\tex/generic/pgf/math\pgfmathfunc
tions.code.tex)
(C:\Users\Lenovo\AppData\Local\Programs\MiKTeX\tex/generic/pgf/math\pgfmathfunc
tions.basic.code.tex)
(C:\Users\Lenovo\AppData\Local\Programs\MiKTeX\tex/generic/pgf/math\pgfmathfunc
tions.trigonometric.code.tex)
(C:\Users\Lenovo\AppData\Local\Programs\MiKTeX\tex/generic/pgf/math\pgfmathfunc
tions.random.code.tex)
(C:\Users\Lenovo\AppData\Local\Programs\MiKTeX\tex/generic/pgf/math\pgfmathfunc
tions.comparison.code.tex)
(C:\Users\Lenovo\AppData\Local\Programs\MiKTeX\tex/generic/pgf/math\pgfmathfunc
tions.base.code.tex)
(C:\Users\Lenovo\AppData\Local\Programs\MiKTeX\tex/generic/pgf/math\pgfmathfunc
tions.round.code.tex)
(C:\Users\Lenovo\AppData\Local\Programs\MiKTeX\tex/generic/pgf/math\pgfmathfunc
tions.misc.code.tex)
(C:\Users\Lenovo\AppData\Local\Programs\MiKTeX\tex/generic/pgf/math\pgfmathfunc
tions.integerarithmetics.code.tex)
(C:\Users\Lenovo\AppData\Local\Programs\MiKTeX\tex/generic/pgf/math\pgfmathcalc
.code.tex)
(C:\Users\Lenovo\AppData\Local\Programs\MiKTeX\tex/generic/pgf/math\pgfmathfloa
t.code.tex
\c@pgfmathroundto@lastzeros=\count319
))
(C:\Users\Lenovo\AppData\Local\Programs\MiKTeX\tex/generic/pgf/math\pgfint.code
.tex)
(C:\Users\Lenovo\AppData\Local\Programs\MiKTeX\tex/generic/pgf/basiclayer\pgfco
repoints.code.tex
File: pgfcorepoints.code.tex 2025-08-29 v3.1.11a (3.1.11a)
\pgf@picminx=\dimen187
\pgf@picmaxx=\dimen188
\pgf@picminy=\dimen189
\pgf@picmaxy=\dimen190
\pgf@pathminx=\dimen191
\pgf@pathmaxx=\dimen192
\pgf@pathminy=\dimen193
\pgf@pathmaxy=\dimen194
\pgf@xx=\dimen195
\pgf@xy=\dimen196
\pgf@yx=\dimen197
\pgf@yy=\dimen198
\pgf@zx=\dimen199
\pgf@zy=\dimen256
)
(C:\Users\Lenovo\AppData\Local\Programs\MiKTeX\tex/generic/pgf/basiclayer\pgfco
repathconstruct.code.tex
File: pgfcorepathconstruct.code.tex 2025-08-29 v3.1.11a (3.1.11a)
\pgf@path@lastx=\dimen257
\pgf@path@lasty=\dimen258
)
(C:\Users\Lenovo\AppData\Local\Programs\MiKTeX\tex/generic/pgf/basiclayer\pgfco
repathusage.code.tex
File: pgfcorepathusage.code.tex 2025-08-29 v3.1.11a (3.1.11a)
\pgf@shorten@end@additional=\dimen259
\pgf@shorten@start@additional=\dimen260
)
(C:\Users\Lenovo\AppData\Local\Programs\MiKTeX\tex/generic/pgf/basiclayer\pgfco
rescopes.code.tex
File: pgfcorescopes.code.tex 2025-08-29 v3.1.11a (3.1.11a)
\pgfpic=\box58
\pgf@hbox=\box59
\pgf@layerbox@main=\box60
\pgf@picture@serial@count=\count320
)
(C:\Users\Lenovo\AppData\Local\Programs\MiKTeX\tex/generic/pgf/basiclayer\pgfco
regraphicstate.code.tex
File: pgfcoregraphicstate.code.tex 2025-08-29 v3.1.11a (3.1.11a)
\pgflinewidth=\dimen261
)
(C:\Users\Lenovo\AppData\Local\Programs\MiKTeX\tex/generic/pgf/basiclayer\pgfco
retransformations.code.tex
File: pgfcoretransformations.code.tex 2025-08-29 v3.1.11a (3.1.11a)
\pgf@pt@x=\dimen262
\pgf@pt@y=\dimen263
\pgf@pt@temp=\dimen264
)
(C:\Users\Lenovo\AppData\Local\Programs\MiKTeX\tex/generic/pgf/basiclayer\pgfco
requick.code.tex
File: pgfcorequick.code.tex 2025-08-29 v3.1.11a (3.1.11a)
)
(C:\Users\Lenovo\AppData\Local\Programs\MiKTeX\tex/generic/pgf/basiclayer\pgfco
reobjects.code.tex
File: pgfcoreobjects.code.tex 2025-08-29 v3.1.11a (3.1.11a)
)
(C:\Users\Lenovo\AppData\Local\Programs\MiKTeX\tex/generic/pgf/basiclayer\pgfco
repathprocessing.code.tex
File: pgfcorepathprocessing.code.tex 2025-08-29 v3.1.11a (3.1.11a)
)
(C:\Users\Lenovo\AppData\Local\Programs\MiKTeX\tex/generic/pgf/basiclayer\pgfco
rearrows.code.tex
File: pgfcorearrows.code.tex 2025-08-29 v3.1.11a (3.1.11a)
\pgfarrowsep=\dimen265
)
(C:\Users\Lenovo\AppData\Local\Programs\MiKTeX\tex/generic/pgf/basiclayer\pgfco
reshade.code.tex
File: pgfcoreshade.code.tex 2025-08-29 v3.1.11a (3.1.11a)
\pgf@max=\dimen266
\pgf@sys@shading@range@num=\count321
\pgf@shadingcount=\count322
)
(C:\Users\Lenovo\AppData\Local\Programs\MiKTeX\tex/generic/pgf/basiclayer\pgfco
reimage.code.tex
File: pgfcoreimage.code.tex 2025-08-29 v3.1.11a (3.1.11a)
)
(C:\Users\Lenovo\AppData\Local\Programs\MiKTeX\tex/generic/pgf/basiclayer\pgfco
reexternal.code.tex
File: pgfcoreexternal.code.tex 2025-08-29 v3.1.11a (3.1.11a)
\pgfexternal@startupbox=\box61
)
(C:\Users\Lenovo\AppData\Local\Programs\MiKTeX\tex/generic/pgf/basiclayer\pgfco
relayers.code.tex
File: pgfcorelayers.code.tex 2025-08-29 v3.1.11a (3.1.11a)
)
(C:\Users\Lenovo\AppData\Local\Programs\MiKTeX\tex/generic/pgf/basiclayer\pgfco
retransparency.code.tex
File: pgfcoretransparency.code.tex 2025-08-29 v3.1.11a (3.1.11a)
)
(C:\Users\Lenovo\AppData\Local\Programs\MiKTeX\tex/generic/pgf/basiclayer\pgfco
repatterns.code.tex
File: pgfcorepatterns.code.tex 2025-08-29 v3.1.11a (3.1.11a)
)
(C:\Users\Lenovo\AppData\Local\Programs\MiKTeX\tex/generic/pgf/basiclayer\pgfco
rerdf.code.tex
File: pgfcorerdf.code.tex 2025-08-29 v3.1.11a (3.1.11a)
)))
(C:\Users\Lenovo\AppData\Local\Programs\MiKTeX\tex/generic/pgf/modules\pgfmodul
eshapes.code.tex
File: pgfmoduleshapes.code.tex 2025-08-29 v3.1.11a (3.1.11a)
\pgfnodeparttextbox=\box62
)
(C:\Users\Lenovo\AppData\Local\Programs\MiKTeX\tex/generic/pgf/modules\pgfmodul
eplot.code.tex
File: pgfmoduleplot.code.tex 2025-08-29 v3.1.11a (3.1.11a)
)
(C:\Users\Lenovo\AppData\Local\Programs\MiKTeX\tex/latex/pgf/compatibility\pgfc
omp-version-0-65.sty
Package: pgfcomp-version-0-65 2025-08-29 v3.1.11a (3.1.11a)
\pgf@nodesepstart=\dimen267
\pgf@nodesepend=\dimen268
)
(C:\Users\Lenovo\AppData\Local\Programs\MiKTeX\tex/latex/pgf/compatibility\pgfc
omp-version-1-18.sty
Package: pgfcomp-version-1-18 2025-08-29 v3.1.11a (3.1.11a)
))
(C:\Users\Lenovo\AppData\Local\Programs\MiKTeX\tex/latex/pgf/utilities\pgffor.s
ty
(C:\Users\Lenovo\AppData\Local\Programs\MiKTeX\tex/latex/pgf/utilities\pgfkeys.
sty
(C:\Users\Lenovo\AppData\Local\Programs\MiKTeX\tex/generic/pgf/utilities\pgfkey
s.code.tex))
(C:\Users\Lenovo\AppData\Local\Programs\MiKTeX\tex/latex/pgf/math\pgfmath.sty
(C:\Users\Lenovo\AppData\Local\Programs\MiKTeX\tex/generic/pgf/math\pgfmath.cod
e.tex))
(C:\Users\Lenovo\AppData\Local\Programs\MiKTeX\tex/generic/pgf/utilities\pgffor
.code.tex
Package: pgffor 2025-08-29 v3.1.11a (3.1.11a)
\pgffor@iter=\dimen269
\pgffor@skip=\dimen270
\pgffor@stack=\toks39
\pgffor@toks=\toks40
))
(C:\Users\Lenovo\AppData\Local\Programs\MiKTeX\tex/generic/pgf/frontendlayer/ti
kz\tikz.code.tex
Package: tikz 2025-08-29 v3.1.11a (3.1.11a)

(C:\Users\Lenovo\AppData\Local\Programs\MiKTeX\tex/generic/pgf/libraries\pgflib
raryplothandlers.code.tex
File: pgflibraryplothandlers.code.tex 2025-08-29 v3.1.11a (3.1.11a)
\pgf@plot@mark@count=\count323
\pgfplotmarksize=\dimen271
)
\tikz@lastx=\dimen272
\tikz@lasty=\dimen273
\tikz@lastxsaved=\dimen274
\tikz@lastysaved=\dimen275
\tikz@lastmovetox=\dimen276
\tikz@lastmovetoy=\dimen277
\tikzleveldistance=\dimen278
\tikzsiblingdistance=\dimen279
\tikz@figbox=\box63
\tikz@figbox@bg=\box64
\tikz@tempbox=\box65
\tikz@tempbox@bg=\box66
\tikztreelevel=\count324
\tikznumberofchildren=\count325
\tikznumberofcurrentchild=\count326
\tikz@fig@count=\count327

(C:\Users\Lenovo\AppData\Local\Programs\MiKTeX\tex/generic/pgf/modules\pgfmodul
ematrix.code.tex
File: pgfmodulematrix.code.tex 2025-08-29 v3.1.11a (3.1.11a)
\pgfmatrixcurrentrow=\count328
\pgfmatrixcurrentcolumn=\count329
\pgf@matrix@numberofcolumns=\count330
)
\tikz@expandcount=\count331

(C:\Users\Lenovo\AppData\Local\Programs\MiKTeX\tex/generic/pgf/frontendlayer/ti
kz/libraries\tikzlibrarytopaths.code.tex
File: tikzlibrarytopaths.code.tex 2025-08-29 v3.1.11a (3.1.11a)
)))
(C:\Users\Lenovo\AppData\Local\Programs\MiKTeX\tex/generic/pgf/frontendlayer/ti
kz/libraries\tikzlibrarypositioning.code.tex
File: tikzlibrarypositioning.code.tex 2025-08-29 v3.1.11a (3.1.11a)
)
(C:\Users\Lenovo\AppData\Local\Programs\MiKTeX\tex/latex/booktabs\booktabs.sty
Package: booktabs 2020/01/12 v1.61803398 Publication quality tables
\heavyrulewidth=\dimen280
\lightrulewidth=\dimen281
\cmidrulewidth=\dimen282
\belowrulesep=\dimen283
\belowbottomsep=\dimen284
\aboverulesep=\dimen285
\abovetopsep=\dimen286
\cmidrulesep=\dimen287
\cmidrulekern=\dimen288
\defaultaddspace=\dimen289
\@cmidla=\count332
\@cmidlb=\count333
\@aboverulesep=\dimen290
\@belowrulesep=\dimen291
\@thisruleclass=\count334
\@lastruleclass=\count335
\@thisrulewidth=\dimen292
) (C:\Users\Lenovo\AppData\Local\Programs\MiKTeX\tex/latex/enumitem\enumitem.st
y
Package: enumitem 2025/02/06 v3.11 Customized lists
\labelindent=\skip62
\enit@outerparindent=\dimen293
\enit@toks=\toks41
\enit@inbox=\box67
\enit@count@id=\count336
\enitdp@description=\count337
) (C:\Users\Lenovo\AppData\Local\Programs\MiKTeX\tex/latex/caption\caption.sty
Package: caption 2023/08/05 v3.6o Customizing captions (AR)

(C:\Users\Lenovo\AppData\Local\Programs\MiKTeX\tex/latex/caption\caption3.sty
Package: caption3 2023/07/31 v2.4d caption3 kernel (AR)
\caption@tempdima=\dimen294
\captionmargin=\dimen295
\caption@leftmargin=\dimen296
\caption@rightmargin=\dimen297
\caption@width=\dimen298
\caption@indent=\dimen299
\caption@parindent=\dimen300
\caption@hangindent=\dimen301
Package caption Info: Standard document class detected.
)
\c@caption@flags=\count338
\c@continuedfloat=\count339
Package caption Info: hyperref package is loaded.
)
(C:\Users\Lenovo\AppData\Local\Programs\MiKTeX\tex/latex/microtype\microtype.st
y
Package: microtype 2025/07/09 v3.2b Micro-typographical refinements (RS)
\MT@toks=\toks42
\MT@tempbox=\box68
\MT@count=\count340
LaTeX Info: Redefining \noprotrusionifhmode on input line 1087.
LaTeX Info: Redefining \leftprotrusion on input line 1088.
\MT@prot@toks=\toks43
LaTeX Info: Redefining \rightprotrusion on input line 1107.
LaTeX Info: Redefining \textls on input line 1449.
\MT@outer@kern=\dimen302
LaTeX Info: Redefining \microtypecontext on input line 2053.
LaTeX Info: Redefining \textmicrotypecontext on input line 2070.
\MT@listname@count=\count341

(C:\Users\Lenovo\AppData\Local\Programs\MiKTeX\tex/latex/microtype\microtype-pd
ftex.def
File: microtype-pdftex.def 2025/07/09 v3.2b Definitions specific to pdftex (RS)

LaTeX Info: Redefining \lsstyle on input line 944.
LaTeX Info: Redefining \lslig on input line 944.
\MT@outer@space=\skip63
)
Package microtype Info: Loading configuration file microtype.cfg.

(C:\Users\Lenovo\AppData\Local\Programs\MiKTeX\tex/latex/microtype\microtype.cf
g
File: microtype.cfg 2025/07/09 v3.2b microtype main configuration file (RS)
)
LaTeX Info: Redefining \microtypesetup on input line 3065.
)
(C:\Users\Lenovo\AppData\Local\Programs\MiKTeX\tex/latex/mdframed\mdframed.sty
Package: mdframed 2013/07/01 1.9b: mdframed

(C:\Users\Lenovo\AppData\Local\Programs\MiKTeX\tex/latex/l3packages/xparse\xpar
se.sty
(C:\Users\Lenovo\AppData\Local\Programs\MiKTeX\tex/latex/l3kernel\expl3.sty
Package: expl3 2025-10-24 L3 programming layer (loader) 

(C:\Users\Lenovo\AppData\Local\Programs\MiKTeX\tex/latex/l3backend\l3backend-pd
ftex.def
File: l3backend-pdftex.def 2025-10-09 L3 backend support: PDF output (pdfTeX)
\l__color_backend_stack_int=\count342
))
Package: xparse 2025-10-09 L3 Experimental document command parser
)
(C:\Users\Lenovo\AppData\Local\Programs\MiKTeX\tex/latex/zref\zref-abspage.sty
Package: zref-abspage 2025-06-08 v2.36 Module abspage for zref (HO)

(C:\Users\Lenovo\AppData\Local\Programs\MiKTeX\tex/latex/zref\zref-base.sty
Package: zref-base 2025-06-08 v2.36 Module base for zref (HO)

(C:\Users\Lenovo\AppData\Local\Programs\MiKTeX\tex/generic/etexcmds\etexcmds.st
y
Package: etexcmds 2019/12/15 v1.7 Avoid name clashes with e-TeX commands (HO)
) (C:\Users\Lenovo\AppData\Local\Programs\MiKTeX\tex/latex/auxhook\auxhook.sty
Package: auxhook 2019-12-17 v1.6 Hooks for auxiliary files (HO)
)
Package zref Info: New property list: main on input line 767.
Package zref Info: New property: default on input line 768.
Package zref Info: New property: page on input line 769.
)
\c@abspage=\count343
Package zref Info: New property: abspage on input line 67.
)
(C:\Users\Lenovo\AppData\Local\Programs\MiKTeX\tex/latex/needspace\needspace.st
y
Package: needspace 2025/03/13 v1.3e reserve vertical space
)
\mdf@templength=\skip64
\c@mdf@globalstyle@cnt=\count344
\mdf@skipabove@length=\skip65
\mdf@skipbelow@length=\skip66
\mdf@leftmargin@length=\skip67
\mdf@rightmargin@length=\skip68
\mdf@innerleftmargin@length=\skip69
\mdf@innerrightmargin@length=\skip70
\mdf@innertopmargin@length=\skip71
\mdf@innerbottommargin@length=\skip72
\mdf@splittopskip@length=\skip73
\mdf@splitbottomskip@length=\skip74
\mdf@outermargin@length=\skip75
\mdf@innermargin@length=\skip76
\mdf@linewidth@length=\skip77
\mdf@innerlinewidth@length=\skip78
\mdf@middlelinewidth@length=\skip79
\mdf@outerlinewidth@length=\skip80
\mdf@roundcorner@length=\skip81
\mdf@footenotedistance@length=\skip82
\mdf@userdefinedwidth@length=\skip83
\mdf@needspace@length=\skip84
\mdf@frametitleaboveskip@length=\skip85
\mdf@frametitlebelowskip@length=\skip86
\mdf@frametitlerulewidth@length=\skip87
\mdf@frametitleleftmargin@length=\skip88
\mdf@frametitlerightmargin@length=\skip89
\mdf@shadowsize@length=\skip90
\mdf@extratopheight@length=\skip91
\mdf@subtitleabovelinewidth@length=\skip92
\mdf@subtitlebelowlinewidth@length=\skip93
\mdf@subtitleaboveskip@length=\skip94
\mdf@subtitlebelowskip@length=\skip95
\mdf@subtitleinneraboveskip@length=\skip96
\mdf@subtitleinnerbelowskip@length=\skip97
\mdf@subsubtitleabovelinewidth@length=\skip98
\mdf@subsubtitlebelowlinewidth@length=\skip99
\mdf@subsubtitleaboveskip@length=\skip100
\mdf@subsubtitlebelowskip@length=\skip101
\mdf@subsubtitleinneraboveskip@length=\skip102
\mdf@subsubtitleinnerbelowskip@length=\skip103

(C:\Users\Lenovo\AppData\Local\Programs\MiKTeX\tex/latex/mdframed\md-frame-0.md
f
File: md-frame-0.mdf 2013/07/01\ 1.9b: md-frame-0
)
\mdf@frametitlebox=\box69
\mdf@footnotebox=\box70
\mdf@splitbox@one=\box71
\mdf@splitbox@two=\box72
\mdf@splitbox@save=\box73
\mdfsplitboxwidth=\skip104
\mdfsplitboxtotalwidth=\skip105
\mdfsplitboxheight=\skip106
\mdfsplitboxdepth=\skip107
\mdfsplitboxtotalheight=\skip108
\mdfframetitleboxwidth=\skip109
\mdfframetitleboxtotalwidth=\skip110
\mdfframetitleboxheight=\skip111
\mdfframetitleboxdepth=\skip112
\mdfframetitleboxtotalheight=\skip113
\mdffootnoteboxwidth=\skip114
\mdffootnoteboxtotalwidth=\skip115
\mdffootnoteboxheight=\skip116
\mdffootnoteboxdepth=\skip117
\mdffootnoteboxtotalheight=\skip118
\mdftotallinewidth=\skip119
\mdfboundingboxwidth=\skip120
\mdfboundingboxtotalwidth=\skip121
\mdfboundingboxheight=\skip122
\mdfboundingboxdepth=\skip123
\mdfboundingboxtotalheight=\skip124
\mdf@freevspace@length=\skip125
\mdf@horizontalwidthofbox@length=\skip126
\mdf@verticalmarginwhole@length=\skip127
\mdf@horizontalspaceofbox=\skip128
\mdfsubtitleheight=\skip129
\mdfsubsubtitleheight=\skip130
\c@mdfcountframes=\count345

****** mdframed patching \endmdf@trivlist

****** -- success******

\mdf@envdepth=\count346
\c@mdf@env@i=\count347
\c@mdf@env@ii=\count348
\c@mdf@zref@counter=\count349
Package zref Info: New property: mdf@pagevalue on input line 895.
) (C:\Users\Lenovo\AppData\Local\Programs\MiKTeX\tex/latex/lineno\lineno.sty
Package: lineno 2025/05/13 line numbers on paragraphs v5.5
\linenopenalty=\count350
\output=\toks44
\linenoprevgraf=\count351
\linenumbersep=\dimen303
\linenumberwidth=\dimen304
\c@linenumber=\count352
\c@pagewiselinenumber=\count353
\c@LN@truepage=\count354
\c@internallinenumber=\count355
\c@internallinenumbers=\count356
\quotelinenumbersep=\dimen305
\bframerule=\dimen306
\bframesep=\dimen307
\bframebox=\box74
\@LN@amsmath@ams@eqpen=\count357
) (C:\Users\Lenovo\AppData\Local\Programs\MiKTeX\tex/latex/cite\cite.sty
LaTeX Info: Redefining \cite on input line 302.
LaTeX Info: Redefining \nocite on input line 332.
Package: cite 2015/02/27  v 5.5
)
\c@theorem=\count358
)
(main.aux)
\openout1 = `main.aux'.

LaTeX Font Info:    Checking defaults for OML/cmm/m/it on input line 10.
LaTeX Font Info:    ... okay on input line 10.
LaTeX Font Info:    Checking defaults for OMS/cmsy/m/n on input line 10.
LaTeX Font Info:    ... okay on input line 10.
LaTeX Font Info:    Checking defaults for OT1/cmr/m/n on input line 10.
LaTeX Font Info:    ... okay on input line 10.
LaTeX Font Info:    Checking defaults for T1/cmr/m/n on input line 10.
LaTeX Font Info:    ... okay on input line 10.
LaTeX Font Info:    Checking defaults for TS1/cmr/m/n on input line 10.
LaTeX Font Info:    ... okay on input line 10.
LaTeX Font Info:    Checking defaults for OMX/cmex/m/n on input line 10.
LaTeX Font Info:    ... okay on input line 10.
LaTeX Font Info:    Checking defaults for U/cmr/m/n on input line 10.
LaTeX Font Info:    ... okay on input line 10.
LaTeX Font Info:    Checking defaults for PD1/pdf/m/n on input line 10.
LaTeX Font Info:    ... okay on input line 10.
LaTeX Font Info:    Checking defaults for PU/pdf/m/n on input line 10.
LaTeX Font Info:    ... okay on input line 10.
Package hyperref Info: Link coloring OFF on input line 10.
 (main.out) (main.out)
\@outlinefile=\write4
\openout4 = `main.out'.


(C:\Users\Lenovo\AppData\Local\Programs\MiKTeX\tex/context/base/mkii\supp-pdf.m
kii
[Loading MPS to PDF converter (version 2006.09.02).]
\scratchcounter=\count359
\scratchdimen=\dimen308
\scratchbox=\box75
\nofMPsegments=\count360
\nofMParguments=\count361
\everyMPshowfont=\toks45
\MPscratchCnt=\count362
\MPscratchDim=\dimen309
\MPnumerator=\count363
\makeMPintoPDFobject=\count364
\everyMPtoPDFconversion=\toks46
)
(C:\Users\Lenovo\AppData\Local\Programs\MiKTeX\tex/latex/epstopdf-pkg\epstopdf-
base.sty
Package: epstopdf-base 2020-01-24 v2.11 Base part for package epstopdf
Package epstopdf-base Info: Redefining graphics rule for `.eps' on input line 4
85.

(C:\Users\Lenovo\AppData\Local\Programs\MiKTeX\tex/latex/00miktex\epstopdf-sys.
cfg
File: epstopdf-sys.cfg 2021/03/18 v2.0 Configuration of epstopdf for MiKTeX
))
Package caption Info: Begin \AtBeginDocument code.
Package caption Info: End \AtBeginDocument code.
LaTeX Info: Redefining \microtypecontext on input line 10.
Package microtype Info: Applying patch `item' on input line 10.
Package microtype Info: Applying patch `toc' on input line 10.
Package microtype Info: Applying patch `eqnum' on input line 10.
Package microtype Info: Applying patch `footnote' on input line 10.
Package microtype Info: Applying patch `verbatim' on input line 10.
LaTeX Info: Redefining \microtypesetup on input line 10.
Package microtype Info: Generating PDF output.
Package microtype Info: Character protrusion enabled (level 2).
Package microtype Info: Using default protrusion set `alltext'.
Package microtype Info: No font expansion.
Package microtype Info: No adjustment of tracking.
Package microtype Info: No adjustment of interword spacing.
Package microtype Info: No adjustment of character kerning.

(C:\Users\Lenovo\AppData\Local\Programs\MiKTeX\tex/latex/microtype\mt-cmr.cfg
File: mt-cmr.cfg 2013/05/19 v2.2 microtype config. file: Computer Modern Roman 
(RS)
)
(title-abstract.tex
LaTeX Font Info:    Trying to load font information for U+msa on input line 28.


(C:\Users\Lenovo\AppData\Local\Programs\MiKTeX\tex/latex/amsfonts\umsa.fd
File: umsa.fd 2013/01/14 v3.01 AMS symbols A
)
(C:\Users\Lenovo\AppData\Local\Programs\MiKTeX\tex/latex/microtype\mt-msa.cfg
File: mt-msa.cfg 2006/02/04 v1.1 microtype config. file: AMS symbols (a) (RS)
)
LaTeX Font Info:    Trying to load font information for U+msb on input line 28.


(C:\Users\Lenovo\AppData\Local\Programs\MiKTeX\tex/latex/amsfonts\umsb.fd
File: umsb.fd 2013/01/14 v3.01 AMS symbols B
)
(C:\Users\Lenovo\AppData\Local\Programs\MiKTeX\tex/latex/microtype\mt-msb.cfg
File: mt-msb.cfg 2005/06/01 v1.0 microtype config. file: AMS symbols (b) (RS)
)
Underfull \hbox (badness 1424) in paragraph at lines 40--41
\T1/cmr/bx/n/12 Keywords: \T1/cmr/m/n/12 Pen-rose in-equal-ity, an-gu-lar mo-me
n-tum, Kerr space-time,
 []

[1

{C:/Users/Lenovo/AppData/Local/MiKTeX/fonts/map/pdftex/pdftex.map}] (main.toc [
2] [3])
\tf@toc=\write5
\openout5 = `main.toc'.

) (sec01-introduction.tex [4] [5] [6]
Package mdframed Info: mdframed detected package amsthm 
 changed the theorem header of amsthm
(mdframed)              on input line 58.
Package mdframed Info: mdframed detected package amsthm 
 changed the theorem header of amsthm
(mdframed)              on input line 68.
Package mdframed Info: Not enough space on this page on input line 90.
 [7]
Package mdframed Info: Not enough space on this page on input line 90.
 [8] [9] [10] [11] [12]
[13] [14] [15]
Underfull \hbox (badness 3271) in paragraph at lines 276--277
[]\T1/cmr/bx/n/12 Gravitational wave events: \T1/cmr/m/n/12 In bi-nary black ho
le merg-ers
 []

[16] [17]
Package mdframed Info: mdframed detected package amsthm 
 changed the theorem header of amsthm
(mdframed)              on input line 324.
 [18] [19] [20] [21]
Underfull \hbox (badness 1226) in paragraph at lines 462--463
[]\T1/cmr/m/n/12 Read Sec-tion []3[] (Proof Strat-egy Overview) for the four-st
age
 []

[22] [23]
Package mdframed Info: mdframed detected package amsthm 
 changed the theorem header of amsthm
(mdframed)              on input line 497.
 [24]
Package mdframed Info: mdframed detected package amsthm 
 changed the theorem header of amsthm
(mdframed)              on input line 533.
 [25]
Package mdframed Info: Box was splittet wrong
 starting loop to iterate the splitting point
(mdframed)              on input line 582.
 [26] [27]) (sec02-kerr.tex [28]
Underfull \hbox (badness 1377) in paragraph at lines 69--70
[]\T1/cmr/bx/it/12 Extremal Kerr \T1/cmr/m/it/12 ($\OML/cmm/m/it/12 a \OT1/cmr/
m/n/12 = \OML/cmm/m/it/12 M$\T1/cmr/m/it/12 ): $\OML/cmm/m/it/12 A \OT1/cmr/m/n
/12 = 8\OML/cmm/m/it/12 ^^YM[]$\T1/cmr/m/it/12 , $\OML/cmm/m/it/12 J \OT1/cmr/m
/n/12 = \OML/cmm/m/it/12 M[]$\T1/cmr/m/it/12 , giv-ing
 []

[29] [30]) (sec03-proof-outline.tex [31]
Underfull \hbox (badness 10000) in paragraph at lines 40--40
[]\T1/cmr/bx/n/10.95 Huisken--Ilmanen
 []


Underfull \hbox (badness 10000) in paragraph at lines 44--44
[]\T1/cmr/m/n/10.95 Curvature as-
 []


Underfull \hbox (badness 3396) in paragraph at lines 45--45
[]\T1/cmr/m/n/10.95 Horizons shrink to
 []


Underfull \hbox (badness 10000) in paragraph at lines 46--47
[]\T1/cmr/m/n/10.95 AM-Hawking mass
 []


Underfull \hbox (badness 2662) in paragraph at lines 47--47
[]\T1/cmr/m/n/10.95 Rigidity char-ac-
 []


Underfull \hbox (badness 10000) in paragraph at lines 48--48
[]\T1/cmr/m/n/10.95 Multiple hori-
 []


Underfull \hbox (badness 10000) in paragraph at lines 49--49
[]\T1/cmr/m/n/10.95 Regularity re-
 []


Overfull \hbox (38.6481pt too wide) in paragraph at lines 38--52
 [][] 
 []

[32] [33] [34]
Overfull \hbox (10.14441pt too wide) in paragraph at lines 151--151
 [] 
 []

Package mdframed Info: mdframed detected package amsthm 
 changed the theorem header of amsthm
(mdframed)              on input line 179.

Underfull \hbox (badness 3657) in paragraph at lines 193--193
[]$\OML/cmm/m/it/8 f$ \T1/cmr/m/n/8 ex-ists with log blow-up;
 []


Underfull \hbox (badness 3579) in paragraph at lines 193--193
\OT1/cmr/m/n/8 ([]\OML/cmm/m/it/8 ; []\OT1/cmr/m/n/8 )$ \T1/cmr/m/n/8 has cylin
-dri-cal ends;
 []


Underfull \hbox (badness 1783) in paragraph at lines 193--194
[]\T1/cmr/m/n/8 Han--Khuri [[]29[]], Schoen--
 []


Underfull \hbox (badness 10000) in paragraph at lines 194--194
[]\T1/cmr/m/n/8 Lem []4.14[] (Twist
 []


Underfull \hbox (badness 3547) in paragraph at lines 197--197
[]\T1/cmr/m/n/8 Lem []5.5[] ($\OT1/cmr/m/n/8 ^^C[]$ \T1/cmr/m/n/8 well-
 []


Underfull \hbox (badness 3525) in paragraph at lines 198--198
[]\T1/cmr/m/n/8 Thm []5.7[] (AM-Lich
 []


Underfull \hbox (badness 10000) in paragraph at lines 203--203
[]\T1/cmr/m/n/8 Prop []6.23[] (AMO
 []


Underfull \hbox (badness 10000) in paragraph at lines 204--204
[]\T1/cmr/m/n/8 Thm []6.13[] ($\OML/cmm/m/it/8 J$\T1/cmr/m/n/8 -
 []


Underfull \hbox (badness 10000) in paragraph at lines 205--205
[]\T1/cmr/m/n/8 Lem []6.35[] ($\OML/cmm/m/it/8 p$\T1/cmr/m/n/8 -
 []


Underfull \hbox (badness 10000) in paragraph at lines 208--208
[]\T1/cmr/m/n/8 Thm []7.1[] (Sub-
 []


Underfull \hbox (badness 10000) in paragraph at lines 209--209
[]\T1/cmr/m/n/8 Thm []6.27[] (AM-
 []


Underfull \hbox (badness 10000) in paragraph at lines 209--209
[]\T1/cmr/m/n/8 Prop []6.23[], Thm []6.13[],
 []


Underfull \hbox (badness 10000) in paragraph at lines 212--212
[]$\OML/cmm/m/it/8 M[] \OMS/cmsy/m/n/8 ^^U
 []


Underfull \hbox (badness 10000) in paragraph at lines 213--214
[]\T1/cmr/m/n/8 Mars [[]83[]], Bäckdahl--
 []


Overfull \hbox (20.6481pt too wide) in paragraph at lines 188--216
 [][] 
 []

[35] [36] [37] [38]
Underfull \hbox (badness 1622) in paragraph at lines 266--267
[]\T1/cmr/bx/n/12 AM-Lichnerowicz \T1/cmr/m/n/12 (Ÿ[]5[]): The angular-momentum
-modified Lich-
 []

[39]
Underfull \hbox (badness 6995) in paragraph at lines 289--289
[]\T1/cmr/m/n/10.95 Co-closedness of Ko-mar
 []


Underfull \hbox (badness 10000) in paragraph at lines 291--291
[]$[]\OML/cmm/m/it/10.95 m[] \OMS/cmsy/m/n/10.95 ^^U [] [] []\OT1/cmr/m/n/10.95
 (1 \OMS/cmsy/m/n/10.95 ^^@
 []


Underfull \hbox (badness 10000) in paragraph at lines 292--292
[]$\OML/cmm/m/it/10.95 p$\T1/cmr/m/n/10.95 -harmonic uni-form
 []


Overfull \hbox (21.0696pt too wide) in paragraph at lines 280--295
 [][] 
 []

[40] [41] [42]) (sec04-jang.tex [43]
Overfull \hbox (10.5323pt too wide) detected at line 32
\OMS/cmsy/m/n/12 j\OML/cmm/m/it/12 g[]\OT1/cmr/m/n/12 (\OML/cmm/m/it/12 x\OT1/c
mr/m/n/12 ) \OMS/cmsy/m/n/12 ^^@ \OML/cmm/m/it/12 ^^N[]\OMS/cmsy/m/n/12 j ^^T \
OML/cmm/m/it/12 C\OMS/cmsy/m/n/12 j\OML/cmm/m/it/12 x\OMS/cmsy/m/n/12 j[]\OML/c
mm/m/it/12 ;  \OMS/cmsy/m/n/12 j\OML/cmm/m/it/12 @[]g[]\OT1/cmr/m/n/12 (\OML/cm
m/m/it/12 x\OT1/cmr/m/n/12 )\OMS/cmsy/m/n/12 j ^^T \OML/cmm/m/it/12 C\OMS/cmsy/
m/n/12 j\OML/cmm/m/it/12 x\OMS/cmsy/m/n/12 j[]\OML/cmm/m/it/12 ;  \OMS/cmsy/m/n
/12 j\OML/cmm/m/it/12 @[]@[]g[]\OT1/cmr/m/n/12 (\OML/cmm/m/it/12 x\OT1/cmr/m/n/
12 )\OMS/cmsy/m/n/12 j ^^T \OML/cmm/m/it/12 C\OMS/cmsy/m/n/12 j\OML/cmm/m/it/12
 x\OMS/cmsy/m/n/12 j[]\OT1/cmr/m/n/12 ;
 []

[44]
Overfull \hbox (53.13477pt too wide) detected at line 61
[][][][]\OML/cmm/m/it/12 L[] \OT1/cmr/m/n/12 : \OML/cmm/m/it/12 W[]\OT1/cmr/m/n
/12 (^^F) \OMS/cmsy/m/n/12 ! \OML/cmm/m/it/12 L[]\OT1/cmr/m/n/12 (^^F)\OML/cmm/
m/it/12 ;  L[]\OT1/cmr/m/n/12 [\OML/cmm/m/it/12  \OT1/cmr/m/n/12 ] := \OMS/cmsy
/m/n/12 ^^@\OT1/cmr/m/n/12 ^^A[]\OML/cmm/m/it/12   \OMS/cmsy/m/n/12 ^^@ [] \OML
/cmm/m/it/12   \OMS/cmsy/m/n/12 ^^@ [][]\OT1/cmr/m/n/12 (\OML/cmm/m/it/12 X \OT
1/cmr/m/n/12 ) \OMS/cmsy/m/n/12 ^^@ \OML/cmm/m/it/12 X \OMS/cmsy/m/n/12 ^^A r[]
\OML/cmm/m/it/12  
 []

[45]
Underfull \hbox (badness 1902) in paragraph at lines 76--77
[]\T1/cmr/m/n/12 This def-i-ni-tion fol-lows Andersson--Mars--Simon [[]6[]] and
 Andersson--
 []

[46] [47] [48] [49] [50] [51] [52]
Package mdframed Info: mdframed detected package amsthm 
 changed the theorem header of amsthm
(mdframed)              on input line 274.
 [53] [54] [55] [56]
Package mdframed Info: mdframed detected package amsthm 
 changed the theorem header of amsthm
(mdframed)              on input line 416.
Package mdframed Info: mdframed detected package amsthm 
 changed the theorem header of amsthm
(mdframed)              on input line 466.

Underfull \hbox (badness 10000) in paragraph at lines 475--475
[]\T1/cmr/bx/n/12 Mathematical
 []


Underfull \hbox (badness 10000) in paragraph at lines 477--477
[]\T1/cmr/m/n/12 Twist po-ten-tial
 []


Underfull \hbox (badness 10000) in paragraph at lines 479--479
[]\T1/cmr/m/n/12 Gradient nor-mal-
 []


Underfull \hbox (badness 10000) in paragraph at lines 479--479
[]\T1/cmr/m/n/12 Log blow-up of
 []


Underfull \hbox (badness 10000) in paragraph at lines 479--480
[]$[] \OT1/cmr/m/n/12 =
 []

Package mdframed Info: mdframed inside a box 
 mdframed uses option nobreak mdframed on input line 493.
[57]
Package mdframed Info: Box was splittet wrong
 starting loop to iterate the splitting point
(mdframed)              on input line 495.
 [58] [59] [60] [61]
Overfull \hbox (4.48515pt too wide) detected at line 514
\OMS/cmsy/m/n/12 J[]\OT1/cmr/m/n/12 [[]] := [] [] \OMS/cmsy/m/n/12 ^^@ [] [] ^^
@ T\OT1/cmr/m/n/12 [[]]\OML/cmm/m/it/12 ;
 []

[62] [63] [64] [65]
Package mdframed Info: mdframed detected package amsthm 
 changed the theorem header of amsthm
(mdframed)              on input line 627.
Package mdframed Info: Box was splittet wrong
 starting loop to iterate the splitting point
(mdframed)              on input line 672.
 [66] [67]
Underfull \hbox (badness 1325) in paragraph at lines 697--699
[]\T1/cmr/bx/n/12 Lemma 4.15 \T1/cmr/m/n/12 (Per-tur-ba-tion Sta-bil-ity for Bl
ow-Up Asymp-totics)\T1/cmr/bx/n/12 . []\T1/cmr/m/it/12 Let
 []

[68] [69] [70]
Overfull \hbox (23.32376pt too wide) detected at line 780
[]
 []

[71] [72] [73] [74] [75] [76] [77] [78]
Overfull \hbox (70.22408pt too wide) detected at line 991
\OML/cmm/m/it/12 L[]v \OT1/cmr/m/n/12 = [] [] + [] + \OML/cmm/m/it/12 D\OMS/cms
y/m/n/12 Tj[] ^^A \OML/cmm/m/it/12 v;
 []


Overfull \hbox (19.15004pt too wide) detected at line 1019
[]
 []

[79] [80] [81] [82] [83]
Underfull \hbox (badness 1910) in paragraph at lines 1175--1176
[]\T1/cmr/m/n/12 The blow-up asymp-totics $\OMS/cmsy/m/n/12 jr\OML/cmm/m/it/12 
f\OMS/cmsy/m/n/12 j ^^X \OML/cmm/m/it/12 C[]=s$ \T1/cmr/m/n/12 (from Han--Khuri
 [[]29[],
 []

[84]) (sec05-lichnerowicz.tex [85]
Underfull \hbox (badness 1102) in paragraph at lines 32--33
[]\T1/cmr/bx/n/12 Definition 5.3 \T1/cmr/m/n/12 (AM-Lich-nerow-icz Op-er-a-tor)
\T1/cmr/bx/n/12 . []\T1/cmr/m/n/12 The angular-momentum-
 []

[86]
Package mdframed Info: mdframed detected package amsthm 
 changed the theorem header of amsthm
(mdframed)              on input line 59.

Underfull \hbox (badness 1132) in paragraph at lines 109--111
\T1/cmr/m/it/12 sys-tem with Kerr asymp-totics are \T1/cmr/bx/it/12 uniquely de
-ter-mined \T1/cmr/m/it/12 by
 []

Package mdframed Info: Box was splittet wrong
 starting loop to iterate the splitting point
(mdframed)              on input line 220.
[87] [88]
Package mdframed Info: Box was splittet wrong
 starting loop to iterate the splitting point
(mdframed)              on input line 220.
 [89]
Package mdframed Info: Box was splittet wrong
 starting loop to iterate the splitting point
(mdframed)              on input line 220.
 [90] [91] [92]
Underfull \hbox (badness 1178) in paragraph at lines 247--248
[]\T1/cmr/bx/it/12 Interior ex-ten-sion bound-ed-ness: \T1/cmr/m/it/12 The ref-
er-ence Kerr ten-sors
 []

[93] [94]
Package mdframed Info: mdframed detected package amsthm 
 changed the theorem header of amsthm
(mdframed)              on input line 327.

Underfull \hbox (badness 4543) in paragraph at lines 328--329
[]\T1/cmr/bx/n/12 Proof A: Vari-a-tional Ex-is-tence (Unconditional---Primary
 []

[95]
Package mdframed Info: mdframed detected package amsthm 
 changed the theorem header of amsthm
(mdframed)              on input line 362.

Underfull \hbox (badness 7667) in paragraph at lines 363--364
[]\T1/cmr/bx/n/12 Proof B: Sub/Super-Solution Method (Con-di-tional on
 []

Package mdframed Info: Not enough space on this page on input line 366.
[96]
Package mdframed Info: Not enough space on this page on input line 366.
 [97] [98]) (sec06-amo.tex [99] [100] [101] [102] [103] [104]
Underfull \hbox (badness 4752) in paragraph at lines 167--167
[]\T1/cmr/bx/n/12 Summary: An-gu-lar Mo-men-tum Con-ser-va-tion (The-o-
 []

[105] [106] [107] [108] [109] [110]
Underfull \hbox (badness 1946) in paragraph at lines 362--363
[]\T1/cmr/bx/n/12 Theorem 6.13 \T1/cmr/m/n/12 (An-gu-lar Mo-men-tum Con-ser-va-
tion----Topo-log-i-cal)\T1/cmr/bx/n/12 . []\T1/cmr/m/it/12 Let
 []

[111] [112] [113] [114] [115] [116] [117] [118]
Package mdframed Info: mdframed detected package amsthm 
 changed the theorem header of amsthm
(mdframed)              on input line 620.
 [119] [120] [121] [122]
Overfull \hbox (4.63095pt too wide) in paragraph at lines 707--708
[]\T1/cmr/m/n/12 The key dif-fi-culty is that the func-tional $\OML/cmm/m/it/12
 m[]\OT1/cmr/m/n/12 (\OML/cmm/m/it/12 t\OT1/cmr/m/n/12 ) = []$
 []

[123] [124] [125] [126]
Underfull \hbox (badness 10000) in paragraph at lines 858--858
[]\T1/cmr/m/n/12 Hypothesis (H2) of
 []


Overfull \hbox (20.86015pt too wide) in paragraph at lines 858--858
[][] 
 []

Package mdframed Info: mdframed detected package amsthm 
 changed the theorem header of amsthm
(mdframed)              on input line 861.
Package mdframed Info: Not enough space on this page on input line 882.
[127]
Package mdframed Info: Not enough space on this page on input line 882.
 [128] [129]
Overfull \hbox (0.63861pt too wide) in paragraph at lines 952--952
[]\T1/cmr/bx/n/12 Final bound: $[]\OML/cmm/m/it/12 m[] \OMS/cmsy/m/n/12 ^^U [] 
[][] [] [] \OML/cmm/m/it/12 d^^[ \OMS/cmsy/m/n/12 ^^U
 []

[130]
Underfull \hbox (badness 2990) in paragraph at lines 965--967
\T1/cmr/m/n/12 Define the \T1/cmr/bx/n/12 Will-more deficit $\OML/cmm/m/it/12 W
\OT1/cmr/m/n/12 (\OML/cmm/m/it/12 t\OT1/cmr/m/n/12 ) := [] [][] \OML/cmm/m/it/1
2 H[] d^^[$\T1/cmr/m/n/12 , so $\OML/cmm/m/it/12 m[] \OT1/cmr/m/n/12 =
 []

[131] [132] [133] [134] [135] [136] [137] [138] [139] [140] [141] [142]
[143]
Package mdframed Info: mdframed detected package amsthm 
 changed the theorem header of amsthm
(mdframed)              on input line 1369.

Underfull \hbox (badness 2302) in paragraph at lines 1377--1378
[]\T1/cmr/bx/n/12 Uniform-in-$\OML/cmm/m/it/12 p$ \T1/cmr/bx/n/12 es-ti-mates \
T1/cmr/m/n/12 (Lemma []6.35[]): Tolksdorf--Lieberman--
 []

Package mdframed Info: mdframed detected package amsthm 
 changed the theorem header of amsthm
(mdframed)              on input line 1382.
[144]
Overfull \hbox (37.22072pt too wide) detected at line 1434
[][] \OMS/cmsy/m/n/12 F[]\OT1/cmr/m/n/12 (\OML/cmm/m/it/12 t\OT1/cmr/m/n/12 ) \
OML/cmm/m/it/12 dt \OMS/cmsy/m/n/12 ^^T [][] [][] [] \OML/cmm/m/it/12 dA dt \OM
S/cmsy/m/n/12 ^^T [][]\OT1/cmr/m/n/12 (\OMS/cmsy/m/n/12 f\OML/cmm/m/it/12 a \OM
S/cmsy/m/n/12 ^^T \OML/cmm/m/it/12 u[] \OMS/cmsy/m/n/12 ^^T \OML/cmm/m/it/12 b\
OMS/cmsy/m/n/12 g\OT1/cmr/m/n/12 ) \OMS/cmsy/m/n/12 ^^A [] \OML/cmm/m/it/12 A[]
\OT1/cmr/m/n/12 (\OML/cmm/m/it/12 t\OT1/cmr/m/n/12 )[] \OMS/cmsy/m/n/12 ^^A \OT
1/cmr/m/n/12 ([])\OML/cmm/m/it/12 :
 []

[145] [146] [147] [148] [149]
Package mdframed Info: mdframed detected package amsthm 
 changed the theorem header of amsthm
(mdframed)              on input line 1590.

Overfull \hbox (7.59122pt too wide) detected at line 1605
\OMS/cmsy/m/n/12 jr\OML/cmm/m/it/12 u[]\OT1/cmr/m/n/12 (\OML/cmm/m/it/12 x\OT1/
cmr/m/n/12 )\OMS/cmsy/m/n/12 j ^^U \OML/cmm/m/it/12 c[]\OT1/cmr/m/n/12 (\OML/cm
m/m/it/12 ^^N; []\OT1/cmr/m/n/12 ) \OML/cmm/m/it/12 > \OT1/cmr/m/n/12 0 [][](\O
ML/cmm/m/it/12 x; \OMS/cmsy/m/n/12 Z[]\OT1/cmr/m/n/12 ) \OMS/cmsy/m/n/12 ^^U \O
ML/cmm/m/it/12 ^^N; []p \OMS/cmsy/m/n/12 2 \OT1/cmr/m/n/12 (1\OML/cmm/m/it/12 ;
 \OT1/cmr/m/n/12 2]\OML/cmm/m/it/12 :
 []


Underfull \hbox (badness 1540) in paragraph at lines 1621--1622
[]\T1/cmr/m/n/12 Equicontinuity: $\OMS/cmsy/m/n/12 jr\OML/cmm/m/it/12 u[]\OT1/c
mr/m/n/12 (\OML/cmm/m/it/12 x\OT1/cmr/m/n/12 ) \OMS/cmsy/m/n/12 ^^@ r\OML/cmm/m
/it/12 u[]\OT1/cmr/m/n/12 (\OML/cmm/m/it/12 y\OT1/cmr/m/n/12 )\OMS/cmsy/m/n/12 
j ^^T \OML/cmm/m/it/12 C[]c[]C[]\OMS/cmsy/m/n/12 j\OML/cmm/m/it/12 x \OMS/cmsy/
m/n/12 ^^@ \OML/cmm/m/it/12 y\OMS/cmsy/m/n/12 j$
 []

Package mdframed Info: Box was splittet wrong
 starting loop to iterate the splitting point
(mdframed)              on input line 1638.
[150]
Package mdframed Info: Box was splittet wrong
 starting loop to iterate the splitting point
(mdframed)              on input line 1638.
 [151] [152] [153] [154] [155] [156]
Underfull \hbox (badness 10000) in paragraph at lines 1767--1768
[]\T1/cmr/m/n/12 By
 []

[157]
Overfull \hbox (0.85788pt too wide) detected at line 1813
[]
 []

[158] [159]
Underfull \hbox (badness 2065) in paragraph at lines 1869--1871
[]\T1/cmr/bx/n/12 Explicit Moore--Osgood ver-i-fi-ca-tion: \T1/cmr/m/n/12 For t
he dou-ble limit
 []


Underfull \hbox (badness 5607) in paragraph at lines 1872--1873
[]\T1/cmr/m/it/12 Pointwise limit ex-is-tence: $[][] \OML/cmm/m/it/12 A[]\OT1/c
mr/m/n/12 (\OML/cmm/m/it/12 t\OT1/cmr/m/n/12 )$ \T1/cmr/m/n/12 ex-ists by $\OML
/cmm/m/it/12 W[]$\T1/cmr/m/n/12 -
 []


Underfull \hbox (badness 1117) in paragraph at lines 1873--1874
[]\T1/cmr/m/it/12 Quantitative uni-for-mity: \T1/cmr/m/n/12 Set-ting $\OML/cmm/
m/it/12 ^^O\OT1/cmr/m/n/12 (\OML/cmm/m/it/12 p\OT1/cmr/m/n/12 ) = (\OML/cmm/m/i
t/12 p \OMS/cmsy/m/n/12 ^^@ \OT1/cmr/m/n/12 1)[]$ \T1/cmr/m/n/12 yields
 []

[160] [161] [162] [163] [164]) (sec07-subextremality.tex
Package mdframed Info: mdframed detected package amsthm 
 changed the theorem header of amsthm
(mdframed)              on input line 4.
 [165] [166] [167]
[168] [169]
Package mdframed Info: mdframed detected package amsthm 
 changed the theorem header of amsthm
(mdframed)              on input line 167.
 [170]) (sec08-synthesis.tex
Package mdframed Info: mdframed detected package amsthm 
 changed the theorem header of amsthm
(mdframed)              on input line 4.
Package mdframed Info: Box was splittet wrong
 starting loop to iterate the splitting point
(mdframed)              on input line 30.
 [171]
Package mdframed Info: mdframed detected package amsthm 
 changed the theorem header of amsthm
(mdframed)              on input line 32.
Package mdframed Info: Box was splittet wrong
 starting loop to iterate the splitting point
(mdframed)              on input line 40.
 [172]
Package mdframed Info: mdframed detected package amsthm 
 changed the theorem header of amsthm
(mdframed)              on input line 42.
 [173] [174] [175] [176]
Package mdframed Info: mdframed detected package amsthm 
 changed the theorem header of amsthm
(mdframed)              on input line 187.
Package mdframed Info: Not enough space on this page on input line 213.

[177]
Package mdframed Info: Not enough space on this page on input line 213.
Package mdframed Info: Box was splittet wrong
 starting loop to iterate the splitting point
(mdframed)              on input line 213.
 [178] [179] [180]
Package mdframed Info: mdframed detected package amsthm 
 changed the theorem header of amsthm
(mdframed)              on input line 313.
 [181] [182] [183] [184]) (sec09-rigidity.tex [185]
Overfull \hbox (7.71027pt too wide) detected at line 22
[] [] [] [] []\OML/cmm/m/it/12 :
 []


Underfull \hbox (badness 6542) in paragraph at lines 40--42
[]\T1/cmr/bx/n/12 Energy in-ter-pre-ta-tion: \T1/cmr/m/n/12 The mass deficit $\
OML/cmm/m/it/12 ^^N \OT1/cmr/m/n/12 = \OML/cmm/m/it/12 M[] \OMS/cmsy/m/n/12 ^^@

 []

[186]
Underfull \hbox (badness 2351) in paragraph at lines 54--55
[]\T1/cmr/bx/n/12 Monotonicity equal-ity \T1/cmr/m/n/12 ($\OML/cmm/m/it/12 M[] 
\OT1/cmr/m/n/12 = \OML/cmm/m/it/12 m[]\OT1/cmr/m/n/12 (0) = \OML/cmm/m/it/12 m[
]\OT1/cmr/m/n/12 (1)$\T1/cmr/m/n/12 ) $\OMS/cmsy/m/n/12 )$
 []

[187] [188] [189] [190] [191]
Package mdframed Info: mdframed detected package amsthm 
 changed the theorem header of amsthm
(mdframed)              on input line 215.
Package mdframed Info: mdframed detected package amsthm 
 changed the theorem header of amsthm
(mdframed)              on input line 263.
Package mdframed Info: mdframed inside a box 
 mdframed uses option nobreak mdframed on input line 265.
 [192] [193] [194]
Overfull \hbox (73.29535pt too wide) in paragraph at lines 300--311
 [] 
 []

[195] [196] [197] [198] [199]) (sec10-extensions.tex [200]
Package mdframed Info: mdframed detected package amsthm 
 changed the theorem header of amsthm
(mdframed)              on input line 4.

Underfull \hbox (badness 10000) in paragraph at lines 26--26
[]\T1/cmr/bx/n/12 CONJECTURED /
 []


Overfull \hbox (15.88582pt too wide) in paragraph at lines 11--35
 [] 
 []

[201] [202]
Package mdframed Info: mdframed detected package amsthm 
 changed the theorem header of amsthm
(mdframed)              on input line 83.
 [203]
Underfull \hbox (badness 10000) in paragraph at lines 139--140
[]\T1/cmr/bx/n/12 Proposition 10.7 \T1/cmr/m/n/12 (Reiss-ner-Nord-ström Sat-u-r
a-tion)\T1/cmr/bx/n/12 . []\T1/cmr/m/it/12 The Reissner-
 []

[204] [205] [206] [207] [208] [209] [210] [211] [212]
Underfull \hbox (badness 3179) in paragraph at lines 450--450
[]\T1/cmr/bx/n/14.4 Additional Corol-lar-ies and Im-me-di-ate Con-se-
 []

[213] [214] [215] [216]
Underfull \hbox (badness 4479) in paragraph at lines 612--612
[]\T1/cmr/bx/n/12 Combined Mass-Area-Charge-Angular Mo-men-tum In-
 []

[217] [218] [219] [220] [221] [222] [223]
Underfull \hbox (badness 10000) in paragraph at lines 885--885
[]\T1/cmr/m/n/10.95 AM-Hawking
 []


Overfull \hbox (3.88582pt too wide) in paragraph at lines 881--894
 [] 
 []

[224] [225] [226] [227]) (sec13-conclusion.tex [228] [229] [230] [231] [232]
Overfull \hbox (15.33788pt too wide) in paragraph at lines 87--88
[]\T1/cmr/bx/n/12 Sub-extremality bound: \T1/cmr/m/n/12 The in-equal-ity $\OML/
cmm/m/it/12 M[] \OMS/cmsy/m/n/12 ^^U []$
 []

[233] [234] [235] [236]) (sec11-numerical.tex
Underfull \hbox (badness 4713) in paragraph at lines 16--17
[]\T1/cmr/m/n/12 They have \T1/cmr/bx/n/12 no pro-ba-tive value \T1/cmr/m/n/12 
for the infinite-dimensional
 []

[237] [238]
Package microtype Info: Loading generic protrusion settings for font family
(microtype)             `cmtt' (encoding: T1).
(microtype)             For optimal results, create family-specific settings.
(microtype)             See the microtype manual for details.
 [239]
Underfull \hbox (badness 2293) in paragraph at lines 125--127
[]\T1/cmr/bx/n/12 Example A.3 \T1/cmr/m/n/12 (Near-Ex-tremal Case: $\OML/cmm/m/
it/12 a \OT1/cmr/m/n/12 = 0\OML/cmm/m/it/12 :\OT1/cmr/m/n/12 999\OML/cmm/m/it/1
2 M$\T1/cmr/m/n/12 )\T1/cmr/bx/n/12 . []\T1/cmr/m/n/12 For a near-
 []

[240] [241] [242]) (sec12-technical.tex
Underfull \hbox (badness 1189) in paragraph at lines 9--10
\T1/cmr/m/n/12 o-rem []5.7[]) is an-a-lyzed us-ing the Bray--Khuri di-ver-gence
 iden-tity
 []

[243]
Package mdframed Info: mdframed detected package amsthm 
 changed the theorem header of amsthm
(mdframed)              on input line 18.

Underfull \hbox (badness 6001) in paragraph at lines 22--23
[]\T1/cmr/bx/n/12 Critical Es-ti-mate 1: Twist De-cay (The-o-rem []4.12[],
 []


Overfull \hbox (27.57742pt too wide) in paragraph at lines 74--75
 [] 
 []

Package mdframed Info: Box was splittet wrong
 starting loop to iterate the splitting point
(mdframed)              on input line 78.
[244] [245]
Overfull \vbox (109.57332pt too high) has occurred while \output is active []


[246]
Package mdframed Info: mdframed detected package amsthm 
 changed the theorem header of amsthm
(mdframed)              on input line 151.
 [247] [248]) (app01-amo-estimates.tex [249] [250] [251])
(app02-schauder.tex [252] [253] [254] [255]) (app03-supersolution.tex [256]
Package mdframed Info: mdframed detected package amsthm 
 changed the theorem header of amsthm
(mdframed)              on input line 43.
Package mdframed Info: Box was splittet wrong
 starting loop to iterate the splitting point
(mdframed)              on input line 175.

[257]
Package mdframed Info: Box was splittet wrong
 starting loop to iterate the splitting point
(mdframed)              on input line 175.
 [258] [259]
Package mdframed Info: Box was splittet wrong
 starting loop to iterate the splitting point
(mdframed)              on input line 175.
 [260]
Package mdframed Info: Box was splittet wrong
 starting loop to iterate the splitting point
(mdframed)              on input line 175.
 [261] [262] [263]
Overfull \hbox (9.75826pt too wide) detected at line 232
\OT1/cmr/m/n/12 8 [][] \OMS/cmsy/m/n/12 jr\OML/cmm/m/it/12 ^^^\OMS/cmsy/m/n/12 
j[][] \OML/cmm/m/it/12 dV \OT1/cmr/m/n/12 + [][] \OML/cmm/m/it/12 R[]^^^\OT1/cm
r/m/n/12 (\OML/cmm/m/it/12 ^^^ \OMS/cmsy/m/n/12 ^^@ \OT1/cmr/m/n/12 1) \OML/cmm
/m/it/12 dV \OT1/cmr/m/n/12 = [][] ^^C[]\OML/cmm/m/it/12 ^^^[]\OT1/cmr/m/n/12 (
\OML/cmm/m/it/12 ^^^ \OMS/cmsy/m/n/12 ^^@ \OT1/cmr/m/n/12 1) \OML/cmm/m/it/12 d
V \OT1/cmr/m/n/12 + []\OML/cmm/m/it/12 :
 []

[264]
Underfull \hbox (badness 4254) in paragraph at lines 269--270
[]\T1/cmr/bx/n/12 Pedagogical value: \T1/cmr/m/n/12 The two ap-proaches il-lus-
trate dif-fer-ent
 []

[265]) (app04-subext-improvement.tex) (app05-mars-simon.tex [266]
LaTeX Font Info:    Trying to load font information for U+euf on input line 11.


(C:\Users\Lenovo\AppData\Local\Programs\MiKTeX\tex/latex/amsfonts\ueuf.fd
File: ueuf.fd 2013/01/14 v3.01 Euler Fraktur
)
(C:\Users\Lenovo\AppData\Local\Programs\MiKTeX\tex/latex/microtype\mt-euf.cfg
File: mt-euf.cfg 2006/07/03 v1.1 microtype config. file: AMS Euler Fraktur (RS)

)
Underfull \hbox (badness 3701) in paragraph at lines 29--31
[]\T1/cmr/bx/n/12 Definition G.3 \T1/cmr/m/n/12 (Ax-isym-met-ric Vac-uum Ini-ti
al Data)\T1/cmr/bx/n/12 . []\T1/cmr/m/n/12 Ini-tial data
 []

[267] [268]
Underfull \hbox (badness 2961) in paragraph at lines 80--81
[]\T1/cmr/bx/n/12 Definition G.8 \T1/cmr/m/n/12 (Si-mon Ten-sor----Co-or-di-nat
e-In-de-pen-dent Form)\T1/cmr/bx/n/12 . []\T1/cmr/m/n/12 For
 []

[269] [270] [271] [272] [273]
Underfull \hbox (badness 1052) in paragraph at lines 266--267
[]\T1/cmr/bx/n/12 In sum-mary: $\OT1/cmr/m/n/12 ^^C[] = []\OMS/cmsy/m/n/12 jS[]
j[]$ \T1/cmr/m/n/12 is a \T1/cmr/bx/n/12 well-defined, coordinate-
 []

) (app06-function-spaces.tex [274]
Underfull \hbox (badness 10000) in paragraph at lines 19--19
[]\T1/cmr/m/n/10 Lockhart--McOwen
 []


Overfull \hbox (58.56494pt too wide) in paragraph at lines 12--23
 [][] 
 []

[275] [276] [277] [278]
Package mdframed Info: mdframed detected package amsthm 
 changed the theorem header of amsthm
(mdframed)              on input line 167.
) (acknowledgments.tex [279] [280]) (bibliography.tex
[281] [282] [283] [284] [285] [286] [287]
Underfull \hbox (badness 2005) in paragraph at lines 331--332
[]\T1/cmr/m/n/12 Joseph Her-sch, \T1/cmr/m/it/12 Qua-tre pro-priétés isopérimét
riques de mem-branes
 []

[288]) [289] (main.aux)
 ***********
LaTeX2e <2025-11-01>
L3 programming layer <2025-10-24>
 ***********
Package rerunfilecheck Info: File `main.out' has not changed.
(rerunfilecheck)             Checksum: A3A9303C71FDB9AE99BC3797E5F5BF6B;18984.
 ) 
Here is how much of TeX's memory you used:
 30469 strings out of 467871
 567988 string characters out of 5417891
 1046343 words of memory out of 5000000
 57426 multiletter control sequences out of 15000+600000
 662674 words of font info for 131 fonts, out of 8000000 for 9000
 1141 hyphenation exceptions out of 8191
 107i,17n,110p,1003b,960s stack positions out of 10000i,1000n,20000p,200000b,200000s
 <C:\Users\Lenovo\AppData\Local\MiKTeX\fonts/pk/ljfour/jknappen/ec/dpi600\ect
t1200.pk> <C:\Users\Lenovo\AppData\Local\MiKTeX\fonts/pk/ljfour/jknappen/ec/dpi
600\eccc1200.pk> <C:\Users\Lenovo\AppData\Local\MiKTeX\fonts/pk/ljfour/jknappen
/ec/dpi600\ecti0800.pk> <C:\Users\Lenovo\AppData\Local\MiKTeX\fonts/pk/ljfour/j
knappen/ec/dpi600\ecbx0800.pk> <C:\Users\Lenovo\AppData\Local\MiKTeX\fonts/pk/l
jfour/jknappen/ec/dpi600\ecrm0600.pk> <C:\Users\Lenovo\AppData\Local\MiKTeX\fon
ts/pk/ljfour/jknappen/ec/dpi600\ecti1000.pk> <C:\Users\Lenovo\AppData\Local\MiK
TeX\fonts/pk/ljfour/jknappen/ec/dpi600\ecbx1000.pk> <C:\Users\Lenovo\AppData\Lo
cal\MiKTeX\fonts/pk/ljfour/jknappen/ec/dpi600\ecrm1000.pk> <C:\Users\Lenovo\App
Data\Local\MiKTeX\fonts/pk/ljfour/jknappen/ec/dpi600\ecrm0700.pk> <C:\Users\Len
ovo\AppData\Local\MiKTeX\fonts/pk/ljfour/jknappen/ec/dpi600\tcrm1200.pk> <C:\Us
ers\Lenovo\AppData\Local\MiKTeX\fonts/pk/ljfour/jknappen/ec/dpi600\ecbi1200.pk>
 <C:\Users\Lenovo\AppData\Local\MiKTeX\fonts/pk/ljfour/jknappen/ec/dpi600\ecrm0
800.pk> <C:\Users\Lenovo\AppData\Local\MiKTeX\fonts/pk/ljfour/jknappen/ec/dpi60
0\ecbx1440.pk> <C:\Users\Lenovo\AppData\Local\MiKTeX\fonts/pk/ljfour/jknappen/e
c/dpi600\ecbx1728.pk> <C:\Users\Lenovo\AppData\Local\MiKTeX\fonts/pk/ljfour/jkn
appen/ec/dpi600\ecbx1200.pk> <C:\Users\Lenovo\AppData\Local\MiKTeX\fonts/pk/ljf
our/jknappen/ec/dpi600\ecrm1200.pk> <C:\Users\Lenovo\AppData\Local\MiKTeX\fonts
/pk/ljfour/jknappen/ec/dpi600\ecrm1095.pk> <C:\Users\Lenovo\AppData\Local\MiKTe
X\fonts/pk/ljfour/jknappen/ec/dpi600\ecbx1095.pk> <C:\Users\Lenovo\AppData\Loca
l\MiKTeX\fonts/pk/ljfour/jknappen/ec/dpi600\ecti1200.pk> <C:\Users\Lenovo\AppDa
ta\Local\MiKTeX\fonts/pk/ljfour/jknappen/ec/dpi600\ecrm1440.pk> <C:\Users\Lenov
o\AppData\Local\MiKTeX\fonts/pk/ljfour/jknappen/ec/dpi600\ecbx2074.pk><C:/Users
/Lenovo/AppData/Local/Programs/MiKTeX/fonts/type1/public/amsfonts/cm/cmbx12.pfb
><C:/Users/Lenovo/AppData/Local/Programs/MiKTeX/fonts/type1/public/amsfonts/cm/
cmex10.pfb><C:/Users/Lenovo/AppData/Local/Programs/MiKTeX/fonts/type1/public/am
sfonts/cmextra/cmex8.pfb><C:/Users/Lenovo/AppData/Local/Programs/MiKTeX/fonts/t
ype1/public/amsfonts/cm/cmmi10.pfb><C:/Users/Lenovo/AppData/Local/Programs/MiKT
eX/fonts/type1/public/amsfonts/cm/cmmi12.pfb><C:/Users/Lenovo/AppData/Local/Pro
grams/MiKTeX/fonts/type1/public/amsfonts/cm/cmmi5.pfb><C:/Users/Lenovo/AppData/
Local/Programs/MiKTeX/fonts/type1/public/amsfonts/cm/cmmi6.pfb><C:/Users/Lenovo
/AppData/Local/Programs/MiKTeX/fonts/type1/public/amsfonts/cm/cmmi7.pfb><C:/Use
rs/Lenovo/AppData/Local/Programs/MiKTeX/fonts/type1/public/amsfonts/cm/cmmi8.pf
b><C:/Users/Lenovo/AppData/Local/Programs/MiKTeX/fonts/type1/public/amsfonts/cm
/cmmib10.pfb><C:/Users/Lenovo/AppData/Local/Programs/MiKTeX/fonts/type1/public/
amsfonts/cm/cmr10.pfb><C:/Users/Lenovo/AppData/Local/Programs/MiKTeX/fonts/type
1/public/amsfonts/cm/cmr12.pfb><C:/Users/Lenovo/AppData/Local/Programs/MiKTeX/f
onts/type1/public/amsfonts/cm/cmr5.pfb><C:/Users/Lenovo/AppData/Local/Programs/
MiKTeX/fonts/type1/public/amsfonts/cm/cmr6.pfb><C:/Users/Lenovo/AppData/Local/P
rograms/MiKTeX/fonts/type1/public/amsfonts/cm/cmr7.pfb><C:/Users/Lenovo/AppData
/Local/Programs/MiKTeX/fonts/type1/public/amsfonts/cm/cmr8.pfb><C:/Users/Lenovo
/AppData/Local/Programs/MiKTeX/fonts/type1/public/amsfonts/cm/cmsy10.pfb><C:/Us
ers/Lenovo/AppData/Local/Programs/MiKTeX/fonts/type1/public/amsfonts/cm/cmsy6.p
fb><C:/Users/Lenovo/AppData/Local/Programs/MiKTeX/fonts/type1/public/amsfonts/c
m/cmsy7.pfb><C:/Users/Lenovo/AppData/Local/Programs/MiKTeX/fonts/type1/public/a
msfonts/cm/cmsy8.pfb><C:/Users/Lenovo/AppData/Local/Programs/MiKTeX/fonts/type1
/public/amsfonts/euler/eufm10.pfb><C:/Users/Lenovo/AppData/Local/Programs/MiKTe
X/fonts/type1/public/amsfonts/symbols/msam10.pfb><C:/Users/Lenovo/AppData/Local
/Programs/MiKTeX/fonts/type1/public/amsfonts/symbols/msbm10.pfb>
Output written on main.pdf (289 pages, 1963197 bytes).
PDF statistics:
 5109 PDF objects out of 5155 (max. 8388607)
 1397 named destinations out of 1440 (max. 500000)
 21173 words of extra memory for PDF output out of 24883 (max. 10000000)

