\BOOKMARK [1][-]{section.1}{\376\377\000I\000n\000t\000r\000o\000d\000u\000c\000t\000i\000o\000n}{}% 1
\BOOKMARK [2][-]{subsection.1.1}{\376\377\000T\000h\000e\000\040\000L\000o\000n\000g\000-\000C\000o\000n\000t\000e\000x\000t\000\040\000C\000h\000a\000l\000l\000e\000n\000g\000e}{section.1}% 2
\BOOKMARK [2][-]{subsection.1.2}{\376\377\000O\000u\000r\000\040\000C\000o\000n\000t\000r\000i\000b\000u\000t\000i\000o\000n\000:\000\040\000S\000p\000e\000c\000t\000r\000a\000l\000\040\000S\000p\000a\000r\000s\000e\000\040\000A\000t\000t\000e\000n\000t\000i\000o\000n\000\040\000\050\000S\000S\000A\000\051}{section.1}% 3
\BOOKMARK [2][-]{subsection.1.3}{\376\377\000R\000e\000l\000a\000t\000e\000d\000\040\000W\000o\000r\000k}{section.1}% 4
\BOOKMARK [2][-]{subsection.1.4}{\376\377\000P\000a\000p\000e\000r\000\040\000O\000r\000g\000a\000n\000i\000z\000a\000t\000i\000o\000n}{section.1}% 5
\BOOKMARK [1][-]{section.2}{\376\377\000S\000p\000e\000c\000t\000r\000a\000l\000\040\000S\000p\000a\000r\000s\000e\000\040\000A\000t\000t\000e\000n\000t\000i\000o\000n\000:\000\040\000A\000l\000g\000o\000r\000i\000t\000h\000m\000\040\000a\000n\000d\000\040\000C\000o\000m\000p\000l\000e\000x\000i\000t\000y}{}% 6
\BOOKMARK [2][-]{subsection.2.1}{\376\377\000A\000l\000g\000o\000r\000i\000t\000h\000m\000\040\000S\000p\000e\000c\000i\000f\000i\000c\000a\000t\000i\000o\000n}{section.2}% 7
\BOOKMARK [3][-]{subsubsection.2.1.1}{\376\377\000N\000o\000t\000a\000t\000i\000o\000n}{subsection.2.1}% 8
\BOOKMARK [3][-]{subsubsection.2.1.2}{\376\377\000S\000S\000A\000\040\000P\000s\000e\000u\000d\000o\000c\000o\000d\000e}{subsection.2.1}% 9
\BOOKMARK [2][-]{subsection.2.2}{\376\377\000C\000o\000m\000p\000l\000e\000x\000i\000t\000y\000\040\000A\000n\000a\000l\000y\000s\000i\000s}{section.2}% 10
\BOOKMARK [2][-]{subsection.2.3}{\376\377\000T\000h\000e\000o\000r\000y\000-\000I\000m\000p\000l\000e\000m\000e\000n\000t\000a\000t\000i\000o\000n\000\040\000M\000a\000p\000p\000i\000n\000g}{section.2}% 11
\BOOKMARK [1][-]{section.3}{\376\377\000S\000p\000e\000c\000t\000r\000a\000l\000\040\000T\000h\000e\000o\000r\000y\000\040\000o\000f\000\040\000A\000t\000t\000e\000n\000t\000i\000o\000n\000\040\000G\000r\000a\000p\000h\000s}{}% 12
\BOOKMARK [2][-]{subsection.3.1}{\376\377\000T\000h\000e\000\040\000A\000t\000t\000e\000n\000t\000i\000o\000n\000\040\000G\000r\000a\000p\000h\000\040\000a\000n\000d\000\040\000I\000t\000s\000\040\000L\000a\000p\000l\000a\000c\000i\000a\000n}{section.3}% 13
\BOOKMARK [2][-]{subsection.3.2}{\376\377\000G\000r\000a\000p\000h\000-\000T\000h\000e\000o\000r\000e\000t\000i\000c\000\040\000F\000o\000r\000m\000u\000l\000a\000t\000i\000o\000n}{section.3}% 14
\BOOKMARK [2][-]{subsection.3.3}{\376\377\000T\000h\000e\000\040\000F\000u\000n\000d\000a\000m\000e\000n\000t\000a\000l\000\040\000S\000p\000e\000c\000t\000r\000a\000l\000\040\000C\000o\000r\000r\000e\000s\000p\000o\000n\000d\000e\000n\000c\000e}{section.3}% 15
\BOOKMARK [2][-]{subsection.3.4}{\376\377\000R\000i\000e\000m\000a\000n\000n\000i\000a\000n\000\040\000S\000t\000r\000u\000c\000t\000u\000r\000e}{section.3}% 16
\BOOKMARK [2][-]{subsection.3.5}{\376\377\000S\000p\000e\000c\000t\000r\000a\000l\000\040\000G\000a\000p\000\040\000a\000n\000d\000\040\000I\000n\000f\000o\000r\000m\000a\000t\000i\000o\000n\000\040\000P\000r\000o\000p\000a\000g\000a\000t\000i\000o\000n}{section.3}% 17
\BOOKMARK [2][-]{subsection.3.6}{\376\377\000S\000h\000a\000r\000p\000\040\000E\000i\000g\000e\000n\000v\000a\000l\000u\000e\000\040\000P\000e\000r\000t\000u\000r\000b\000a\000t\000i\000o\000n\000\040\000T\000h\000e\000o\000r\000y}{section.3}% 18
\BOOKMARK [2][-]{subsection.3.7}{\376\377\000R\000e\000g\000u\000l\000a\000r\000i\000t\000y\000\040\000A\000s\000s\000u\000m\000p\000t\000i\000o\000n\000s}{section.3}% 19
\BOOKMARK [2][-]{subsection.3.8}{\376\377\000I\000n\000f\000o\000r\000m\000a\000t\000i\000o\000n\000\040\000P\000r\000o\000p\000a\000g\000a\000t\000i\000o\000n\000\040\000a\000n\000d\000\040\000M\000i\000x\000i\000n\000g\000\040\000T\000i\000m\000e}{section.3}% 20
\BOOKMARK [2][-]{subsection.3.9}{\376\377\000M\000a\000r\000k\000o\000v\000\040\000C\000h\000a\000i\000n\000\040\000I\000n\000t\000e\000r\000p\000r\000e\000t\000a\000t\000i\000o\000n}{section.3}% 21
\BOOKMARK [2][-]{subsection.3.10}{\376\377\000M\000a\000i\000n\000\040\000A\000p\000p\000r\000o\000x\000i\000m\000a\000t\000i\000o\000n\000\040\000T\000h\000e\000o\000r\000e\000m}{section.3}% 22
\BOOKMARK [3][-]{subsubsection.3.10.1}{\376\377\000T\000h\000e\000\040\000S\000p\000a\000r\000s\000i\000f\000i\000c\000a\000t\000i\000o\000n\000\040\000P\000r\000o\000b\000l\000e\000m}{subsection.3.10}% 23
\BOOKMARK [2][-]{subsection.3.11}{\376\377\000T\000h\000e\000\040\000M\000a\000i\000n\000\040\000A\000p\000p\000r\000o\000x\000i\000m\000a\000t\000i\000o\000n\000\040\000T\000h\000e\000o\000r\000e\000m}{section.3}% 24
\BOOKMARK [2][-]{subsection.3.12}{\376\377\000J\000o\000h\000n\000s\000o\000n\000-\000L\000i\000n\000d\000e\000n\000s\000t\000r\000a\000u\000s\000s\000\040\000P\000r\000o\000j\000e\000c\000t\000i\000o\000n\000\040\000f\000o\000r\000\040\000E\000f\000f\000i\000c\000i\000e\000n\000t\000\040\000S\000i\000m\000i\000l\000a\000r\000i\000t\000y}{section.3}% 25
\BOOKMARK [1][-]{section.4}{\376\377\000E\000x\000p\000e\000r\000i\000m\000e\000n\000t\000a\000l\000\040\000V\000a\000l\000i\000d\000a\000t\000i\000o\000n}{}% 26
\BOOKMARK [2][-]{subsection.4.1}{\376\377\000B\000a\000s\000e\000l\000i\000n\000e\000\040\000M\000e\000t\000h\000o\000d\000s}{section.4}% 27
\BOOKMARK [2][-]{subsection.4.2}{\376\377\000R\000e\000a\000l\000-\000W\000o\000r\000l\000d\000\040\000L\000a\000n\000g\000u\000a\000g\000e\000\040\000M\000o\000d\000e\000l\000i\000n\000g\000\040\000B\000e\000n\000c\000h\000m\000a\000r\000k\000s}{section.4}% 28
\BOOKMARK [2][-]{subsection.4.3}{\376\377\000L\000o\000n\000g\000-\000R\000a\000n\000g\000e\000\040\000D\000e\000p\000e\000n\000d\000e\000n\000c\000y\000\040\000P\000r\000e\000s\000e\000r\000v\000a\000t\000i\000o\000n\000\040\000\050\000S\000y\000n\000t\000h\000e\000t\000i\000c\000\051}{section.4}% 29
\BOOKMARK [2][-]{subsection.4.4}{\376\377\000S\000p\000e\000c\000t\000r\000a\000l\000\040\000F\000i\000d\000e\000l\000i\000t\000y\000\040\000V\000e\000r\000i\000f\000i\000c\000a\000t\000i\000o\000n}{section.4}% 30
\BOOKMARK [2][-]{subsection.4.5}{\376\377\000V\000a\000l\000i\000d\000a\000t\000i\000o\000n\000\040\000o\000f\000\040\000C\000l\000u\000s\000t\000e\000r\000a\000b\000i\000l\000i\000t\000y\000\040\000A\000s\000s\000u\000m\000p\000t\000i\000o\000n}{section.4}% 31
\BOOKMARK [2][-]{subsection.4.6}{\376\377\000E\000n\000e\000r\000g\000y\000\040\000E\000v\000a\000l\000u\000a\000t\000i\000o\000n}{section.4}% 32
\BOOKMARK [2][-]{subsection.4.7}{\376\377\000P\000a\000r\000e\000t\000o\000\040\000F\000r\000o\000n\000t\000i\000e\000r}{section.4}% 33
\BOOKMARK [2][-]{subsection.4.8}{\376\377\000A\000b\000l\000a\000t\000i\000o\000n\000\040\000S\000t\000u\000d\000i\000e\000s}{section.4}% 34
\BOOKMARK [2][-]{subsection.4.9}{\376\377\000M\000e\000m\000o\000r\000y\000\040\000E\000f\000f\000i\000c\000i\000e\000n\000c\000y}{section.4}% 35
\BOOKMARK [1][-]{section.5}{\376\377\000D\000i\000s\000c\000u\000s\000s\000i\000o\000n}{}% 36
\BOOKMARK [2][-]{subsection.5.1}{\376\377\000E\000n\000e\000r\000g\000y\000\040\000S\000c\000a\000l\000i\000n\000g\000\040\000a\000n\000d\000\040\000P\000r\000a\000c\000t\000i\000c\000a\000l\000\040\000E\000f\000f\000i\000c\000i\000e\000n\000c\000y}{section.5}% 37
\BOOKMARK [2][-]{subsection.5.2}{\376\377\000L\000i\000m\000i\000t\000a\000t\000i\000o\000n\000s\000\040\000a\000n\000d\000\040\000A\000s\000s\000u\000m\000p\000t\000i\000o\000n\000s}{section.5}% 38
\BOOKMARK [1][-]{section.6}{\376\377\000C\000o\000n\000c\000l\000u\000s\000i\000o\000n}{}% 39
\BOOKMARK [1][-]{appendix.A}{\376\377\000V\000a\000r\000i\000a\000t\000i\000o\000n\000a\000l\000\040\000a\000n\000d\000\040\000T\000h\000e\000r\000m\000o\000d\000y\000n\000a\000m\000i\000c\000\040\000F\000o\000u\000n\000d\000a\000t\000i\000o\000n\000s\000\040\000o\000f\000\040\000A\000t\000t\000e\000n\000t\000i\000o\000n}{}% 40
\BOOKMARK [1][-]{appendix.B}{\376\377\000C\000o\000m\000p\000u\000t\000a\000t\000i\000o\000n\000a\000l\000\040\000C\000o\000m\000p\000l\000e\000x\000i\000t\000y\000\040\000T\000h\000e\000o\000r\000y\000\040\000o\000f\000\040\000A\000t\000t\000e\000n\000t\000i\000o\000n}{}% 41
\BOOKMARK [1][-]{appendix.C}{\376\377\000T\000e\000r\000n\000a\000r\000y\000\040\000Q\000u\000a\000n\000t\000i\000z\000a\000t\000i\000o\000n\000\040\000a\000n\000d\000\040\000B\000i\000t\000N\000e\000t\000\040\000I\000n\000t\000e\000g\000r\000a\000t\000i\000o\000n}{}% 42
\BOOKMARK [1][-]{appendix.D}{\376\377\000G\000e\000n\000e\000r\000a\000l\000i\000z\000a\000t\000i\000o\000n\000\040\000T\000h\000e\000o\000r\000y\000\040\000f\000o\000r\000\040\000S\000p\000a\000r\000s\000e\000\040\000A\000t\000t\000e\000n\000t\000i\000o\000n}{}% 43
\BOOKMARK [1][-]{appendix.E}{\376\377\000S\000h\000a\000r\000p\000\040\000E\000s\000t\000i\000m\000a\000t\000e\000s\000\040\000a\000n\000d\000\040\000C\000o\000n\000c\000e\000n\000t\000r\000a\000t\000i\000o\000n\000\040\000I\000n\000e\000q\000u\000a\000l\000i\000t\000i\000e\000s}{}% 44
\BOOKMARK [1][-]{appendix.F}{\376\377\000A\000x\000i\000o\000m\000a\000t\000i\000c\000\040\000C\000h\000a\000r\000a\000c\000t\000e\000r\000i\000z\000a\000t\000i\000o\000n\000\040\000o\000f\000\040\000A\000t\000t\000e\000n\000t\000i\000o\000n}{}% 45
\BOOKMARK [1][-]{appendix.G}{\376\377\000I\000n\000d\000e\000p\000e\000n\000d\000e\000n\000c\000e\000\040\000o\000f\000\040\000t\000h\000e\000\040\000A\000x\000i\000o\000m\000\040\000S\000y\000s\000t\000e\000m}{}% 46
\BOOKMARK [1][-]{appendix.H}{\376\377\000L\000o\000g\000i\000c\000a\000l\000\040\000D\000e\000p\000e\000n\000d\000e\000n\000c\000i\000e\000s\000\040\000o\000f\000\040\000M\000a\000i\000n\000\040\000R\000e\000s\000u\000l\000t\000s}{}% 47
\BOOKMARK [1][-]{appendix.I}{\376\377\000P\000r\000o\000o\000f\000\040\000o\000f\000\040\000T\000e\000c\000h\000n\000i\000c\000a\000l\000\040\000L\000e\000m\000m\000a\000s}{}% 48
\BOOKMARK [2][-]{subsection.I.1}{\376\377\000R\000a\000d\000e\000m\000a\000c\000h\000e\000r\000\040\000C\000o\000m\000p\000l\000e\000x\000i\000t\000y\000\040\000R\000e\000d\000u\000c\000t\000i\000o\000n\000\040\000v\000i\000a\000\040\000S\000p\000a\000r\000s\000i\000t\000y}{appendix.I}% 49
\BOOKMARK [2][-]{subsection.I.2}{\376\377\000M\000a\000t\000r\000i\000x\000\040\000B\000e\000r\000n\000s\000t\000e\000i\000n\000\040\000I\000n\000e\000q\000u\000a\000l\000i\000t\000y}{appendix.I}% 50
\BOOKMARK [1][-]{appendix.J}{\376\377\000G\000l\000o\000s\000s\000a\000r\000y\000\040\000o\000f\000\040\000N\000o\000t\000a\000t\000i\000o\000n}{}% 51
\BOOKMARK [1][-]{appendix.K}{\376\377\000A\000x\000i\000o\000m\000\040\000S\000u\000m\000m\000a\000r\000y}{}% 52
\BOOKMARK [2][-]{subsection.K.1}{\376\377\000A\000t\000t\000e\000n\000t\000i\000o\000n\000\040\000A\000x\000i\000o\000m\000s\000\040\000\050\000A\0001\040\023\000A\0007\000\051}{appendix.K}% 53
\BOOKMARK [2][-]{subsection.K.2}{\376\377\000E\000n\000e\000r\000g\000y\000\040\000A\000x\000i\000o\000m\000s\000\040\000\050\000E\0001\040\023\000E\0003\000\051}{appendix.K}% 54
\BOOKMARK [1][-]{appendix.L}{\376\377\000R\000e\000p\000r\000o\000d\000u\000c\000i\000b\000i\000l\000i\000t\000y\000\040\000S\000t\000a\000t\000e\000m\000e\000n\000t}{}% 55
