\BOOKMARK [1][-]{section.1}{1.\040Introduction}{}% 1
\BOOKMARK [2][-]{subsection.1.1}{1.1.\040Main\040Result,\040Definition\040of\040G,\040and\040Assumptions}{section.1}% 2
\BOOKMARK [2][-]{subsection.1.2}{1.2.\040Context,\040Significance,\040and\040Novelty}{section.1}% 3
\BOOKMARK [2][-]{subsection.1.3}{1.3.\040Examples\040and\040Scope}{section.1}% 4
\BOOKMARK [2][-]{subsection.1.4}{1.4.\040Methodology\040Overview\040and\040Structure}{section.1}% 5
\BOOKMARK [2][-]{subsection.1.5}{1.5.\040Generalizing\040Intrinsic\040Ultracontractivity\040\(IU\)\040and\040CDC}{section.1}% 6
\BOOKMARK [1][-]{section.2}{2.\040Main\040Results\040and\040Asymptotics}{}% 7
\BOOKMARK [2][-]{subsection.2.1}{2.1.\040Homogenization\040and\040Relaxation\040of\040Assumptions}{section.2}% 8
\BOOKMARK [2][-]{subsection.2.2}{2.2.\040Boundary\040Layer\040Analysis\040in\040Irregular\040Graphs}{section.2}% 9
\BOOKMARK [2][-]{subsection.2.3}{2.3.\040Justification\040for\040Heat\040Kernel\040Constant\040Uniformity}{section.2}% 10
\BOOKMARK [2][-]{subsection.2.4}{2.4.\040Necessity\040of\040Poincar\351\040Inequality\040\(PI\)}{section.2}% 11
\BOOKMARK [2][-]{subsection.2.5}{2.5.\040Generalization\040to\040Other\040Growth\040Regimes}{section.2}% 12
\BOOKMARK [1][-]{section.3}{3.\040Numerical\040Verification\040and\040Computational\040Details}{}% 13
\BOOKMARK [2][-]{subsection.3.1}{3.1.\040Computational\040Challenges\040and\040Error\040Handling}{section.3}% 14
\BOOKMARK [1][-]{section.4}{4.\040Preliminaries\040and\040Analytic\040Tools}{}% 15
\BOOKMARK [2][-]{subsection.4.1}{4.1.\040Geometric\040and\040Analytic\040Assumptions}{section.4}% 16
\BOOKMARK [2][-]{subsection.4.2}{4.2.\040Random\040Walk\040and\040the\040Analytic\040Framework}{section.4}% 17
\BOOKMARK [2][-]{subsection.4.3}{4.3.\040Heat\040Kernel\040Toolbox}{section.4}% 18
\BOOKMARK [3][-]{subsubsection.4.3.1}{4.3.1\040Maximal\040Inequality\040and\040Gaussian\040Bounds}{subsection.4.3}% 19
\BOOKMARK [3][-]{subsubsection.4.3.2}{4.3.2\040Heat\040Kernel\040Asymptotics\040\(LCLT\)\040and\040Homogenization}{subsection.4.3}% 20
\BOOKMARK [3][-]{subsubsection.4.3.3}{4.3.3\040Dirichlet\040Problem\040and\040Intrinsic\040Ultracontractivity}{subsection.4.3}% 21
\BOOKMARK [1][-]{section.5}{5.\040Interior\205Boundary\040Decomposition\040and\040Volume\040Estimates}{}% 22
\BOOKMARK [1][-]{section.6}{6.\040Lower\040Bound\040Analysis}{}% 23
\BOOKMARK [1][-]{section.7}{7.\040Upper\040Bound\040Analysis}{}% 24
\BOOKMARK [1][-]{section.8}{8.\040Proof\040of\040the\040Main\040Theorem\040and\040Further\040Discussion}{}% 25
\BOOKMARK [2][-]{subsection.8.1}{8.1.\040Discussion\040on\040Assumptions\040and\040Scope}{section.8}% 26
\BOOKMARK [1][-]{appendix.A}{A.\040Comparison\040with\040Other\040Growth\040Regimes}{}% 27
\BOOKMARK [1][-]{appendix.B}{\376\377\000B\000.\000\040\000A\000d\000d\000i\000t\000i\000o\000n\000a\000l\000\040\003\300\000-\000i\000d\000e\000n\000t\000i\000t\000i\000e\000s\000\040\000f\000r\000o\000m\000\040\000a\000l\000t\000e\000r\000n\000a\000t\000i\000v\000e\000\040\000p\000e\000r\000i\000o\000d\000i\000c\000\040\000w\000a\000l\000k\000s}{}% 28
\BOOKMARK [2][-]{subsection.B.1}{B.1.\040King\040walk\040\(8\040neighbours\)}{appendix.B}% 29
\BOOKMARK [2][-]{subsection.B.2}{B.2.\040Triangular\040walk\040\(6\040neighbours\)}{appendix.B}% 30
\BOOKMARK [2][-]{subsection.B.3}{B.3.\040Knight\040walk\040\(8\040L-moves\)}{appendix.B}% 31
\BOOKMARK [2][-]{subsection.B.4}{B.4.\040Numerical\040verification}{appendix.B}% 32
\BOOKMARK [2][-]{subsection.B.5}{B.5.\040Infinitely\040many\040further\040identities}{appendix.B}% 33
\BOOKMARK [1][-]{section*.15}{References}{}% 34
