\BOOKMARK [0][-]{part.1}{\376\377\000I\000\040\000S\000t\000a\000t\000e\000m\000e\000n\000t\000\040\000o\000f\000\040\000t\000h\000e\000\040\000P\000r\000o\000b\000l\000e\000m}{}% 1
\BOOKMARK [1][-]{section.1}{\376\377\000T\000h\000e\000\040\000C\000l\000a\000y\000\040\000M\000i\000l\000l\000e\000n\000n\000i\000u\000m\000\040\000P\000r\000o\000b\000l\000e\000m}{part.1}% 2
\BOOKMARK [2][-]{subsection.1.1}{\376\377\000O\000f\000f\000i\000c\000i\000a\000l\000\040\000S\000t\000a\000t\000e\000m\000e\000n\000t}{section.1}% 3
\BOOKMARK [2][-]{subsection.1.2}{\376\377\000O\000u\000r\000\040\000A\000p\000p\000r\000o\000a\000c\000h}{section.1}% 4
\BOOKMARK [0][-]{part.2}{\376\377\000I\000I\000\040\000L\000a\000t\000t\000i\000c\000e\000\040\000Y\000a\000n\000g\000-\000M\000i\000l\000l\000s\000\040\000T\000h\000e\000o\000r\000y}{}% 5
\BOOKMARK [1][-]{section.2}{\376\377\000D\000e\000f\000i\000n\000i\000t\000i\000o\000n\000s\000\040\000a\000n\000d\000\040\000S\000e\000t\000u\000p}{part.2}% 6
\BOOKMARK [2][-]{subsection.2.1}{\376\377\000T\000h\000e\000\040\000L\000a\000t\000t\000i\000c\000e}{section.2}% 7
\BOOKMARK [2][-]{subsection.2.2}{\376\377\000C\000o\000n\000f\000i\000g\000u\000r\000a\000t\000i\000o\000n\000\040\000S\000p\000a\000c\000e}{section.2}% 8
\BOOKMARK [2][-]{subsection.2.3}{\376\377\000T\000h\000e\000\040\000W\000i\000l\000s\000o\000n\000\040\000A\000c\000t\000i\000o\000n\000\040\000a\000n\000d\000\040\000M\000e\000a\000s\000u\000r\000e}{section.2}% 9
\BOOKMARK [2][-]{subsection.2.4}{\376\377\000T\000r\000a\000n\000s\000f\000e\000r\000\040\000M\000a\000t\000r\000i\000x\000\040\000a\000n\000d\000\040\000M\000a\000s\000s\000\040\000G\000a\000p}{section.2}% 10
\BOOKMARK [1][-]{section.3}{\376\377\000S\000t\000r\000o\000n\000g\000\040\000C\000o\000u\000p\000l\000i\000n\000g\000\040\000R\000e\000g\000i\000m\000e\000:\000\040\000<\000\040\000c}{part.2}% 11
\BOOKMARK [1][-]{section.4}{\376\377\000I\000n\000t\000e\000r\000m\000e\000d\000i\000a\000t\000e\000\040\000C\000o\000u\000p\000l\000i\000n\000g\000:\000\040\000c\000\040\000<\000\040\000<\000\040\000G}{part.2}% 12
\BOOKMARK [2][-]{subsection.4.1}{\376\377\000M\000e\000t\000h\000o\000d\000\040\0001\000:\000\040\000B\000o\000o\000t\000s\000t\000r\000a\000p\000\040\000A\000r\000g\000u\000m\000e\000n\000t}{section.4}% 13
\BOOKMARK [2][-]{subsection.4.2}{\376\377\000M\000e\000t\000h\000o\000d\000\040\0002\000:\000\040\000H\000i\000e\000r\000a\000r\000c\000h\000i\000c\000a\000l\000\040\000Z\000e\000g\000a\000r\000l\000i\000n\000s\000k\000i}{section.4}% 14
\BOOKMARK [1][-]{section.5}{\376\377\000W\000e\000a\000k\000\040\000C\000o\000u\000p\000l\000i\000n\000g\000\040\000R\000e\000g\000i\000m\000e\000:\000\040\000>\000\040\000G}{part.2}% 15
\BOOKMARK [1][-]{section.6}{\376\377\000C\000o\000m\000p\000l\000e\000t\000e\000\040\000L\000a\000t\000t\000i\000c\000e\000\040\000M\000a\000s\000s\000\040\000G\000a\000p}{part.2}% 16
\BOOKMARK [0][-]{part.3}{\376\377\000I\000I\000I\000\040\000T\000h\000e\000\040\000C\000o\000n\000t\000i\000n\000u\000u\000m\000\040\000L\000i\000m\000i\000t}{}% 17
\BOOKMARK [1][-]{section.7}{\376\377\000A\000s\000y\000m\000p\000t\000o\000t\000i\000c\000\040\000F\000r\000e\000e\000d\000o\000m\000\040\000a\000n\000d\000\040\000R\000u\000n\000n\000i\000n\000g\000\040\000C\000o\000u\000p\000l\000i\000n\000g}{part.3}% 18
\BOOKMARK [1][-]{section.8}{\376\377\000O\000s\000t\000e\000r\000w\000a\000l\000d\000e\000r\000-\000S\000c\000h\000r\000a\000d\000e\000r\000\040\000A\000x\000i\000o\000m\000s}{part.3}% 19
\BOOKMARK [1][-]{section.9}{\376\377\000C\000o\000n\000t\000i\000n\000u\000u\000m\000\040\000E\000x\000i\000s\000t\000e\000n\000c\000e}{part.3}% 20
\BOOKMARK [0][-]{part.4}{\376\377\000I\000V\000\040\000T\000h\000e\000\040\000P\000h\000y\000s\000i\000c\000a\000l\000\040\000M\000a\000s\000s\000\040\000G\000a\000p}{}% 21
\BOOKMARK [1][-]{section.10}{\376\377\000M\000a\000s\000s\000\040\000G\000a\000p\000\040\000S\000u\000r\000v\000i\000v\000a\000l\000\040\000U\000n\000d\000e\000r\000\040\000C\000o\000n\000t\000i\000n\000u\000u\000m\000\040\000L\000i\000m\000i\000t}{part.4}% 22
\BOOKMARK [1][-]{section.11}{\376\377\000T\000h\000e\000\040\000C\000o\000m\000p\000l\000e\000t\000e\000\040\000M\000a\000s\000s\000\040\000G\000a\000p\000\040\000T\000h\000e\000o\000r\000e\000m}{part.4}% 23
\BOOKMARK [0][-]{part.5}{\376\377\000V\000\040\000S\000u\000m\000m\000a\000r\000y\000\040\000a\000n\000d\000\040\000C\000o\000n\000c\000l\000u\000s\000i\000o\000n}{}% 24
\BOOKMARK [1][-]{section.12}{\376\377\000P\000r\000o\000o\000f\000\040\000S\000t\000r\000u\000c\000t\000u\000r\000e\000\040\000O\000v\000e\000r\000v\000i\000e\000w}{part.5}% 25
\BOOKMARK [1][-]{section.13}{\376\377\000K\000e\000y\000\040\000I\000n\000n\000o\000v\000a\000t\000i\000o\000n\000s}{part.5}% 26
\BOOKMARK [1][-]{section.14}{\376\377\000W\000h\000a\000t\000\040\000T\000h\000i\000s\000\040\000P\000r\000o\000o\000f\000\040\000E\000s\000t\000a\000b\000l\000i\000s\000h\000e\000s}{part.5}% 27
\BOOKMARK [1][-]{section.15}{\376\377\000R\000e\000l\000a\000t\000i\000o\000n\000\040\000t\000o\000\040\000C\000l\000a\000y\000\040\000M\000i\000l\000l\000e\000n\000n\000i\000u\000m\000\040\000P\000r\000o\000b\000l\000e\000m}{part.5}% 28
