\BOOKMARK [1][-]{section.1}{\376\377\000I\000n\000t\000r\000o\000d\000u\000c\000t\000i\000o\000n}{}% 1
\BOOKMARK [1][-]{section.2}{\376\377\000T\000h\000e\000o\000r\000e\000t\000i\000c\000a\000l\000\040\000A\000r\000c\000h\000i\000t\000e\000c\000t\000u\000r\000e\000\040\000o\000f\000\040\000t\000h\000e\000\040\000H\000o\000r\000i\000z\000o\000n\000\040\000M\000e\000m\000o\000r\000y\000\040\000C\000o\000m\000b}{}% 2
\BOOKMARK [2][-]{subsection.2.1}{\376\377\000F\000o\000u\000n\000d\000a\000t\000i\000o\000n\000a\000l\000\040\000A\000x\000i\000o\000m\000s\000\040\000a\000n\000d\000\040\000t\000h\000e\000\040\000A\000s\000s\000u\000m\000p\000t\000i\000o\000n\000\040\000L\000a\000d\000d\000e\000r}{section.2}% 3
\BOOKMARK [2][-]{subsection.2.2}{\376\377\000T\000h\000e\000\040\000A\000r\000e\000a\000-\000M\000e\000m\000o\000r\000y\000\040\000C\000o\000r\000r\000e\000s\000p\000o\000n\000d\000e\000n\000c\000e\000\040\000\050\000P\0000\000\051}{section.2}% 4
\BOOKMARK [2][-]{subsection.2.3}{\376\377\000T\000h\000e\000\040\000R\000o\000l\000e\000\040\000o\000f\000\040\000t\000h\000e\000\040\000A\000u\000x\000i\000l\000i\000a\000r\000y\000\040\000S\000y\000s\000t\000e\000m\000\040\000E\000n}{section.2}% 5
\BOOKMARK [2][-]{subsection.2.4}{\376\377\000T\000h\000e\000\040\000q\000T\000P\000E\000\040\000R\000o\000u\000t\000e\000\040\000t\000o\000\040\000S\000c\000r\000a\000m\000b\000l\000i\000n\000g}{section.2}% 6
\BOOKMARK [1][-]{section.3}{\376\377\000T\000h\000e\000\040\000C\000o\000m\000b\000\040\000P\000a\000g\000e\000\040\000T\000h\000e\000o\000r\000e\000m\000\040\000a\000n\000d\000\040\000D\000e\000c\000o\000u\000p\000l\000i\000n\000g\000\040\000D\000y\000n\000a\000m\000i\000c\000s}{}% 7
\BOOKMARK [2][-]{subsection.3.1}{\376\377\000D\000e\000r\000i\000v\000a\000t\000i\000o\000n\000\040\000v\000i\000a\000\040\000D\000e\000c\000o\000u\000p\000l\000i\000n\000g}{section.3}% 8
\BOOKMARK [2][-]{subsection.3.2}{\376\377\000T\000h\000e\000\040\000"\000M\000i\000n\000"\000\040\000F\000o\000r\000m\000u\000l\000a\000\040\000M\000e\000c\000h\000a\000n\000i\000c\000s}{section.3}% 9
\BOOKMARK [1][-]{section.4}{\376\377\000Q\000u\000a\000n\000t\000u\000m\000\040\000C\000i\000r\000c\000u\000i\000t\000\040\000M\000a\000p\000p\000i\000n\000g\000\040\000a\000n\000d\000\040\000A\000l\000g\000o\000r\000i\000t\000h\000m\000s}{}% 10
\BOOKMARK [2][-]{subsection.4.1}{\376\377\000D\000i\000s\000c\000r\000e\000t\000i\000z\000a\000t\000i\000o\000n\000\040\000a\000n\000d\000\040\000Q\000u\000b\000i\000t\000\040\000A\000l\000l\000o\000c\000a\000t\000i\000o\000n}{section.4}% 11
\BOOKMARK [2][-]{subsection.4.2}{\376\377\000T\000h\000e\000\040\000S\000t\000e\000p\000\040\000U\000n\000i\000t\000a\000r\000y\000\040\000a\000n\000d\000\040\000D\000i\000l\000a\000t\000i\000o\000n\000\040\000\050\000P\0004\000\051}{section.4}% 12
\BOOKMARK [2][-]{subsection.4.3}{\376\377\000S\000i\000m\000u\000l\000a\000t\000i\000n\000g\000\040\000M\000e\000m\000o\000r\000y\000\040\000S\000h\000r\000i\000n\000k\000a\000g\000e}{section.4}% 13
\BOOKMARK [2][-]{subsection.4.4}{\376\377\000O\000b\000s\000e\000r\000v\000a\000b\000l\000e\000s\000\040\000a\000n\000d\000\040\000M\000e\000a\000s\000u\000r\000e\000m\000e\000n\000t}{section.4}% 14
\BOOKMARK [1][-]{section.5}{\376\377\000I\000m\000p\000l\000e\000m\000e\000n\000t\000a\000t\000i\000o\000n\000\040\000a\000n\000d\000\040\000A\000l\000g\000o\000r\000i\000t\000h\000m\000i\000c\000\040\000S\000t\000r\000a\000t\000e\000g\000y}{}% 15
\BOOKMARK [2][-]{subsection.5.1}{\376\377\000P\000r\000o\000c\000e\000s\000s\000-\000T\000e\000n\000s\000o\000r\000\040\000v\000s\000.\000\040\000G\000a\000t\000e\000-\000B\000a\000s\000e\000d\000\040\000S\000i\000m\000u\000l\000a\000t\000i\000o\000n}{section.5}% 16
\BOOKMARK [2][-]{subsection.5.2}{\376\377\000A\000l\000g\000o\000r\000i\000t\000h\000m\000i\000c\000\040\000P\000r\000o\000t\000o\000c\000o\000l}{section.5}% 17
\BOOKMARK [2][-]{subsection.5.3}{\376\377\000N\000o\000i\000s\000e\000\040\000M\000i\000t\000i\000g\000a\000t\000i\000o\000n\000\040\000S\000t\000r\000a\000t\000e\000g\000i\000e\000s}{section.5}% 18
\BOOKMARK [1][-]{section.6}{\376\377\000P\000r\000e\000d\000i\000c\000t\000i\000o\000n\000s\000,\000\040\000V\000a\000l\000i\000d\000a\000t\000i\000o\000n\000,\000\040\000a\000n\000d\000\040\000E\000x\000p\000e\000r\000i\000m\000e\000n\000t\000a\000l\000\040\000S\000i\000g\000n\000a\000t\000u\000r\000e\000s}{}% 19
\BOOKMARK [2][-]{subsection.6.1}{\376\377\000T\000h\000e\000\040\000P\000a\000g\000e\000\040\000C\000u\000r\000v\000e\000\040\000T\000u\000r\000n\000o\000v\000e\000r}{section.6}% 20
\BOOKMARK [2][-]{subsection.6.2}{\376\377\000N\000o\000n\000-\000M\000a\000r\000k\000o\000v\000i\000a\000n\000\040\000g\000\050\0002\000\051\000\040\000S\000i\000d\000e\000b\000a\000n\000d\000s}{section.6}% 21
\BOOKMARK [2][-]{subsection.6.3}{\376\377\000G\000r\000a\000v\000i\000t\000a\000t\000i\000o\000n\000a\000l\000\040\000W\000a\000v\000e\000\040\000E\000c\000h\000o\000e\000s\000\040\000a\000n\000d\000\040\000A\000n\000a\000l\000o\000g\000u\000e\000\040\000G\000r\000a\000v\000i\000t\000y}{section.6}% 22
\BOOKMARK [2][-]{subsection.6.4}{\376\377\000R\000e\000s\000o\000u\000r\000c\000e\000\040\000S\000c\000a\000l\000i\000n\000g\000\040\000a\000n\000d\000\040\000F\000e\000a\000s\000i\000b\000i\000l\000i\000t\000y}{section.6}% 23
\BOOKMARK [1][-]{section.7}{\376\377\000D\000i\000s\000c\000u\000s\000s\000i\000o\000n\000\040\000a\000n\000d\000\040\000F\000u\000t\000u\000r\000e\000\040\000D\000i\000r\000e\000c\000t\000i\000o\000n\000s}{}% 24
