\BOOKMARK [1][-]{section.1}{\376\377\000I\000n\000t\000r\000o\000d\000u\000c\000t\000i\000o\000n}{}% 1
\BOOKMARK [2][-]{subsection.1.1}{\376\377\000M\000o\000t\000i\000v\000a\000t\000i\000o\000n}{section.1}% 2
\BOOKMARK [2][-]{subsection.1.2}{\376\377\000T\000h\000e\000\040\000T\000h\000e\000o\000r\000y}{section.1}% 3
\BOOKMARK [2][-]{subsection.1.3}{\376\377\000M\000a\000i\000n\000\040\000R\000e\000s\000u\000l\000t}{section.1}% 4
\BOOKMARK [1][-]{section.2}{\376\377\000C\000e\000n\000t\000e\000r\000\040\000S\000y\000m\000m\000e\000t\000r\000y}{}% 5
\BOOKMARK [2][-]{subsection.2.1}{\376\377\000D\000e\000f\000i\000n\000i\000t\000i\000o\000n}{section.2}% 6
\BOOKMARK [2][-]{subsection.2.2}{\376\377\000W\000h\000y\000\040\000A\000d\000j\000o\000i\000n\000t\000\040\000M\000a\000t\000t\000e\000r\000\040\000P\000r\000e\000s\000e\000r\000v\000e\000s\000\040\000C\000e\000n\000t\000e\000r\000\040\000S\000y\000m\000m\000e\000t\000r\000y}{section.2}% 7
\BOOKMARK [1][-]{section.3}{\376\377\000T\000h\000e\000\040\000T\000o\000m\000b\000o\000u\000l\000i\000s\000-\000Y\000a\000f\000f\000e\000\040\000T\000h\000e\000o\000r\000e\000m}{}% 8
\BOOKMARK [2][-]{subsection.3.1}{\376\377\000S\000t\000a\000t\000e\000m\000e\000n\000t}{section.3}% 9
\BOOKMARK [2][-]{subsection.3.2}{\376\377\000A\000p\000p\000l\000i\000c\000a\000t\000i\000o\000n\000\040\000t\000o\000\040\000A\000d\000j\000o\000i\000n\000t\000\040\000Q\000C\000D}{section.3}% 10
\BOOKMARK [1][-]{section.4}{\376\377\000F\000r\000o\000m\000\040\000C\000o\000n\000f\000i\000n\000e\000m\000e\000n\000t\000\040\000t\000o\000\040\000M\000a\000s\000s\000\040\000G\000a\000p}{}% 11
\BOOKMARK [2][-]{subsection.4.1}{\376\377\000S\000t\000r\000i\000n\000g\000\040\000T\000e\000n\000s\000i\000o\000n\000\040\000a\000n\000d\000\040\000G\000l\000u\000e\000b\000a\000l\000l\000\040\000M\000a\000s\000s}{section.4}% 12
\BOOKMARK [2][-]{subsection.4.2}{\376\377\000T\000h\000e\000\040\000G\000l\000u\000i\000n\000o\000\040\000C\000o\000n\000d\000e\000n\000s\000a\000t\000e\000\040\000\050\000f\000o\000r\000\040\000N\000=\0001\000\040\000S\000Y\000M\000\051}{section.4}% 13
\BOOKMARK [1][-]{section.5}{\376\377\000L\000a\000t\000t\000i\000c\000e\000\040\000P\000r\000o\000o\000f\000\040\000o\000f\000\040\000M\000a\000s\000s\000\040\000G\000a\000p}{}% 14
\BOOKMARK [2][-]{subsection.5.1}{\376\377\000L\000a\000t\000t\000i\000c\000e\000\040\000F\000o\000r\000m\000u\000l\000a\000t\000i\000o\000n}{section.5}% 15
\BOOKMARK [2][-]{subsection.5.2}{\376\377\000T\000r\000a\000n\000s\000f\000e\000r\000\040\000M\000a\000t\000r\000i\000x}{section.5}% 16
\BOOKMARK [1][-]{section.6}{\376\377\000T\000h\000e\000\040\000S\000p\000e\000c\000i\000a\000l\000\040\000C\000a\000s\000e\000:\000\040\000N\000=\0001\000\040\000S\000Y\000M}{}% 17
\BOOKMARK [2][-]{subsection.6.1}{\376\377\000S\000u\000p\000e\000r\000s\000y\000m\000m\000e\000t\000r\000y\000\040\000C\000o\000n\000s\000t\000r\000a\000i\000n\000t\000s}{section.6}% 18
\BOOKMARK [2][-]{subsection.6.2}{\376\377\000S\000o\000f\000t\000\040\000B\000r\000e\000a\000k\000i\000n\000g}{section.6}% 19
\BOOKMARK [1][-]{section.7}{\376\377\000C\000o\000m\000p\000a\000r\000i\000s\000o\000n\000\040\000w\000i\000t\000h\000\040\000P\000h\000y\000s\000i\000c\000a\000l\000\040\000Q\000C\000D}{}% 20
\BOOKMARK [1][-]{section.8}{\376\377\000M\000a\000i\000n\000\040\000R\000e\000s\000u\000l\000t}{}% 21
\BOOKMARK [1][-]{section.9}{\376\377\000C\000o\000n\000c\000l\000u\000s\000i\000o\000n}{}% 22
