\BOOKMARK [0][-]{chapter*.1}{\376\377\136\217\212\000}{}% 1
\BOOKMARK [0][-]{chapter*.2}{\376\377\122\115\212\000}{}% 2
\BOOKMARK [0][-]{chapter.4}{\376\377\146\172\200\375\227\151\124\175\377\032\131\047\152\041\127\213\166\204\142\030\165\145\127\060\117\115}{}% 3
\BOOKMARK [1][-]{section.5}{\376\377\123\206\123\362\140\047\166\204\142\200\147\057\217\154\142\230\160\271}{chapter.4}% 4
\BOOKMARK [1][-]{section.6}{\376\377\220\032\165\050\166\356\166\204\142\200\147\057\377\032\131\047\152\041\127\213\166\204\147\054\215\050\162\171\137\201}{chapter.4}% 5
\BOOKMARK [1][-]{section.10}{\376\377\142\200\147\057\157\024\217\333\166\204\000S\146\362\176\277\116\016\172\201\170\064\160\271}{chapter.4}% 6
\BOOKMARK [2][-]{subsection.11}{\376\377\116\316\211\304\152\041\133\232\137\213\122\060\146\172\200\375\155\214\163\260}{section.10}% 7
\BOOKMARK [2][-]{subsection.12}{\376\377\142\200\147\057\203\003\137\017\166\204\116\011\153\041\215\303\217\301}{section.10}% 8
\BOOKMARK [2][-]{subsection.13}{\376\377\116\013\116\000\153\041\215\303\217\301\127\050\124\352\221\314\377\037}{section.10}% 9
\BOOKMARK [1][-]{section.14}{\376\377\121\150\164\003\000A\000I\172\336\116\211\150\074\134\100}{chapter.4}% 10
\BOOKMARK [1][-]{section.15}{\376\377\200\375\122\233\217\271\165\114\166\204\143\001\176\355\142\151\134\125}{chapter.4}% 11
\BOOKMARK [2][-]{subsection.16}{\376\377\116\316\135\345\121\167\122\060\117\031\117\064\377\032\116\244\116\222\203\003\137\017\166\204\227\151\145\260}{section.15}% 12
\BOOKMARK [2][-]{subsection.17}{\376\377\131\032\152\041\140\001\207\215\124\010\377\032\142\123\220\032\141\037\167\345\116\016\213\244\167\345}{section.15}% 13
\BOOKMARK [2][-]{subsection.18}{\376\377\171\321\133\146\143\250\164\006\377\032\000A\000I\000\040\000f\000o\000r\000\040\000S\000c\000i\000e\000n\000c\000e\166\204\146\331\121\111}{section.15}% 14
\BOOKMARK [1][-]{section.19}{\376\377\147\054\116\146\166\204\150\070\137\303\124\174\124\001}{chapter.4}% 15
\BOOKMARK [0][-]{chapter.23}{\376\377\221\315\130\121\116\000\122\007\377\032\131\047\152\041\127\213\133\371\126\375\133\266\123\321\134\125\166\204\116\003\131\047\137\161\124\315}{}% 16
\BOOKMARK [1][-]{section.24}{\376\377\176\317\155\116\230\206\127\337\377\032\165\037\116\247\122\233\227\151\124\175\116\016\116\247\116\032\221\315\147\204}{chapter.23}% 17
\BOOKMARK [2][-]{subsection.25}{\376\377\116\247\116\032\224\376\116\367\120\074\221\315\147\204}{section.24}% 18
\BOOKMARK [2][-]{subsection.26}{\376\377\145\260\121\164\116\247\116\032\147\072\220\107}{section.24}% 19
\BOOKMARK [1][-]{section.27}{\376\377\171\321\142\200\122\033\145\260\377\032\000A\000I\000\040\000f\000o\000r\000\040\000S\000c\000i\000e\000n\000c\000e\116\016\170\024\123\321\203\003\137\017\123\330\227\151}{chapter.23}% 20
\BOOKMARK [2][-]{subsection.28}{\376\377\203\003\137\017\217\154\143\142\377\032\116\316\120\107\213\276\232\161\122\250\122\060\145\160\143\156\232\161\122\250}{section.27}% 21
\BOOKMARK [2][-]{subsection.29}{\376\377\133\146\171\321\207\215\124\010\122\240\220\037}{section.27}% 22
\BOOKMARK [1][-]{section.30}{\376\377\171\076\117\032\154\273\164\006\377\032\121\154\121\161\147\015\122\241\146\172\200\375\123\026\116\016\154\273\164\006\163\260\116\343\123\026}{chapter.23}% 23
\BOOKMARK [2][-]{subsection.31}{\376\377\145\160\133\127\145\077\136\234\0002\000.\0000}{section.30}% 24
\BOOKMARK [2][-]{subsection.32}{\376\377\127\372\134\102\154\273\164\006\122\033\145\260}{section.30}% 25
\BOOKMARK [1][-]{section.33}{\376\377\145\131\200\262\230\206\127\337\377\032\133\146\116\140\227\151\124\175\116\016\116\272\142\115\127\371\121\173}{chapter.23}% 26
\BOOKMARK [2][-]{subsection.34}{\376\377\145\131\136\010\211\322\202\162\166\204\221\315\145\260\133\232\116\111}{section.33}% 27
\BOOKMARK [2][-]{subsection.35}{\376\377\176\310\216\253\133\146\116\140\165\037\140\001}{section.33}% 28
\BOOKMARK [1][-]{section.36}{\376\377\123\073\165\227\120\145\136\267\377\032\174\276\121\306\123\073\165\227\116\016\120\145\136\267\173\241\164\006}{chapter.23}% 29
\BOOKMARK [2][-]{subsection.37}{\376\377\123\073\165\227\131\047\152\041\127\213\166\204\162\171\153\212\143\021\142\030}{section.36}% 30
\BOOKMARK [2][-]{subsection.38}{\376\377\122\006\176\247\213\312\165\227\146\172\200\375\123\026}{section.36}% 31
\BOOKMARK [1][-]{section.39}{\376\377\145\207\123\026\116\016\141\017\213\306\137\142\140\001\377\032\213\335\213\355\147\103\116\016\116\367\120\074\211\302\117\040\144\255}{chapter.23}% 32
\BOOKMARK [2][-]{subsection.40}{\376\377\116\055\123\116\145\207\123\026\166\204\145\160\133\127\123\026\117\040\142\177}{section.39}% 33
\BOOKMARK [2][-]{subsection.41}{\376\377\121\205\133\271\165\037\140\001\154\273\164\006}{section.39}% 34
\BOOKMARK [1][-]{section.42}{\376\377\126\375\133\266\133\211\121\150\377\032\117\040\176\337\133\211\121\150\116\016\145\260\127\213\133\211\121\150\116\244\176\307}{chapter.23}% 35
\BOOKMARK [1][-]{section.43}{\376\377\134\017\176\323\377\032\116\003\131\047\230\206\127\337\166\204\174\373\176\337\140\047\137\161\124\315}{chapter.23}% 36
\BOOKMARK [1][-]{section.46}{\376\377\230\206\127\337\225\364\166\204\123\117\124\014\145\110\136\224\116\016\230\316\226\151\117\040\133\374}{chapter.23}% 37
\BOOKMARK [0][-]{chapter.47}{\376\377\121\150\164\003\172\336\116\211\377\032\116\073\211\201\126\375\133\266\000A\000I\142\030\165\145\153\324\217\203}{}% 38
\BOOKMARK [1][-]{section.48}{\376\377\177\216\126\375\377\032\142\200\147\057\230\206\121\110\116\016\165\037\140\001\116\073\133\374}{chapter.47}% 39
\BOOKMARK [2][-]{subsection.49}{\376\377\177\216\126\375\000A\000I\142\030\165\145\166\204\157\024\217\333}{section.48}% 40
\BOOKMARK [2][-]{subsection.50}{\376\377\121\372\123\343\173\241\122\066\116\016\142\200\147\057\134\001\225\001}{section.48}% 41
\BOOKMARK [1][-]{section.51}{\376\377\153\047\166\337\377\032\166\321\173\241\137\025\230\206\116\016\116\367\120\074\133\374\124\021}{chapter.47}% 42
\BOOKMARK [2][-]{subsection.52}{\376\377\153\047\166\337\000A\000I\154\273\164\006\150\106\147\266\166\204\162\171\160\271}{section.51}% 43
\BOOKMARK [1][-]{section.53}{\376\377\121\166\116\326\221\315\211\201\123\302\116\016\200\005}{chapter.47}% 44
\BOOKMARK [2][-]{subsection.54}{\376\377\145\260\121\164\122\233\221\317\166\204\135\033\215\167}{section.53}% 45
\BOOKMARK [1][-]{section.55}{\376\377\116\073\211\201\126\375\133\266\000A\000I\142\030\165\145\133\371\153\324}{chapter.47}% 46
\BOOKMARK [1][-]{section.58}{\376\377\116\055\126\375\166\204\153\324\217\203\117\030\122\277\116\016\167\355\147\177}{chapter.47}% 47
\BOOKMARK [2][-]{subsection.59}{\376\377\153\324\217\203\117\030\122\277}{section.58}% 48
\BOOKMARK [2][-]{subsection.60}{\376\377\227\000\211\201\153\143\211\306\166\204\167\355\147\177}{section.58}% 49
\BOOKMARK [2][-]{subsection.61}{\376\377\000S\000W\000O\000T\122\006\147\220}{section.58}% 50
\BOOKMARK [1][-]{section.64}{\376\377\122\115\154\277\171\321\170\024\116\016\121\233\116\213\152\041\127\213\203\267\123\326\123\327\226\120}{chapter.47}% 51
\BOOKMARK [2][-]{subsection.65}{\376\377\171\321\170\024\116\023\165\050\152\041\127\213\377\032\226\220\205\317\166\204\200\375\122\233\122\115\154\277}{section.64}% 52
\BOOKMARK [2][-]{subsection.66}{\376\377\121\233\116\213\230\206\127\337\152\041\127\213\377\032\176\335\133\371\166\204\142\200\147\057\236\321\173\261}{section.64}% 53
\BOOKMARK [2][-]{subsection.67}{\376\377\133\371\142\021\126\375\166\204\142\030\165\145\124\057\171\072}{section.64}% 54
\BOOKMARK [1][-]{section.68}{\376\377\142\030\165\145\172\227\123\343\147\037\166\204\122\044\145\255}{chapter.47}% 55
\BOOKMARK [2][-]{subsection.69}{\376\377\172\227\123\343\147\037\166\204\145\366\225\364\122\044\145\255}{section.68}% 56
\BOOKMARK [2][-]{subsection.70}{\376\377\126\375\226\105\153\324\217\203\166\204\124\057\171\072}{section.68}% 57
\BOOKMARK [1][-]{section.71}{\376\377\172\336\116\211\150\074\134\100\166\204\147\052\147\145\157\024\217\333}{chapter.47}% 58
\BOOKMARK [0][-]{chapter.72}{\376\377\230\316\226\151\121\150\146\157\377\032\131\047\152\041\127\213\145\366\116\343\166\204\133\211\121\150\143\021\142\030}{}% 59
\BOOKMARK [1][-]{section.73}{\376\377\230\316\226\151\213\304\117\060\150\106\147\266}{chapter.72}% 60
\BOOKMARK [2][-]{subsection.74}{\376\377\230\316\226\151\213\304\117\060\145\271\154\325\213\364\146\016}{section.73}% 61
\BOOKMARK [2][-]{subsection.75}{\376\377\142\200\147\057\135\356\215\335\124\021\133\211\121\150\230\316\226\151\166\204\117\040\133\374\147\072\122\066}{section.73}% 62
\BOOKMARK [1][-]{section.76}{\376\377\117\233\136\224\224\376\145\255\210\302\230\316\226\151}{chapter.72}% 63
\BOOKMARK [2][-]{subsection.77}{\376\377\230\316\226\151\147\145\156\220}{section.76}% 64
\BOOKMARK [2][-]{subsection.78}{\376\377\137\161\124\315\213\304\117\060}{section.76}% 65
\BOOKMARK [2][-]{subsection.79}{\376\377\123\357\143\247\140\047\122\006\147\220}{section.76}% 66
\BOOKMARK [2][-]{subsection.80}{\376\377\117\233\136\224\224\376\230\316\226\151\166\204\131\032\176\364\122\006\147\220}{section.76}% 67
\BOOKMARK [1][-]{section.81}{\376\377\177\121\176\334\133\211\121\150\145\260\132\001\200\301}{chapter.72}% 68
\BOOKMARK [2][-]{subsection.82}{\376\377\140\166\141\017\217\157\116\366\201\352\122\250\123\026\165\037\142\020}{section.81}% 69
\BOOKMARK [2][-]{subsection.83}{\376\377\157\017\155\036\201\352\122\250\143\026\143\230\116\016\122\051\165\050}{section.81}% 70
\BOOKMARK [2][-]{subsection.84}{\376\377\146\172\200\375\123\026\171\076\117\032\135\345\172\013\145\073\121\373}{section.81}% 71
\BOOKMARK [2][-]{subsection.85}{\376\377\145\073\226\062\136\163\210\141\166\204\123\330\123\026}{section.81}% 72
\BOOKMARK [2][-]{subsection.86}{\376\377\000A\000I\215\113\200\375\166\204\145\073\121\373\224\376}{section.81}% 73
\BOOKMARK [1][-]{section.87}{\376\377\117\341\140\157\200\132\124\010\116\016\000"\232\154\215\133\121\113\145\110\136\224\000"}{chapter.72}% 74
\BOOKMARK [2][-]{subsection.88}{\376\377\230\316\226\151\174\173\127\213\122\006\147\220}{section.87}% 75
\BOOKMARK [2][-]{subsection.89}{\376\377\131\032\152\041\140\001\131\047\152\041\127\213\166\204\117\341\140\157\143\026\143\230\230\316\226\151}{section.87}% 76
\BOOKMARK [2][-]{subsection.90}{\376\377\150\110\117\213\122\006\147\220\377\032\137\000\156\220\140\305\142\245\166\204\132\001\122\233}{section.87}% 77
\BOOKMARK [1][-]{section.91}{\376\377\213\244\167\345\133\211\121\150\116\016\155\361\136\246\117\052\220\040}{chapter.72}% 78
\BOOKMARK [2][-]{subsection.92}{\376\377\155\361\136\246\117\052\220\040\166\204\131\032\221\315\132\001\200\301}{section.91}% 79
\BOOKMARK [2][-]{subsection.93}{\376\377\136\224\133\371\142\113\153\265}{section.91}% 80
\BOOKMARK [2][-]{subsection.94}{\376\377\213\244\167\345\142\030\166\204\145\260\137\142\140\001}{section.91}% 81
\BOOKMARK [1][-]{section.95}{\376\377\131\047\152\041\127\213\201\352\216\253\166\204\133\211\121\150\157\017\155\036}{chapter.72}% 82
\BOOKMARK [2][-]{subsection.96}{\376\377\143\320\171\072\213\315\154\350\121\145\145\073\121\373}{section.95}% 83
\BOOKMARK [2][-]{subsection.97}{\376\377\215\212\162\361\145\073\121\373}{section.95}% 84
\BOOKMARK [2][-]{subsection.98}{\376\377\124\016\225\350\145\073\121\373\116\016\145\160\143\156\142\225\153\322}{section.95}% 85
\BOOKMARK [2][-]{subsection.99}{\376\377\136\173\211\311\225\356\230\230\116\016\121\263\173\126\230\316\226\151}{section.95}% 86
\BOOKMARK [2][-]{subsection.100}{\376\377\152\041\127\213\133\211\121\150\166\204\174\373\176\337\140\047\211\306\211\322}{section.95}% 87
\BOOKMARK [1][-]{section.101}{\376\377\230\316\226\151\167\351\226\065\116\016\117\030\121\110\176\247\143\222\136\217}{chapter.72}% 88
\BOOKMARK [1][-]{section.104}{\376\377\230\240\211\206\140\047\230\316\226\151\116\016\145\260\127\213\132\001\200\301}{chapter.72}% 89
\BOOKMARK [2][-]{subsection.105}{\376\377\153\072\232\227\116\016\173\126\165\145\140\047\210\114\116\072}{section.104}% 90
\BOOKMARK [2][-]{subsection.106}{\376\377\165\037\162\151\116\016\123\026\133\146\153\146\126\150\230\316\226\151}{section.104}% 91
\BOOKMARK [2][-]{subsection.107}{\376\377\201\352\116\073\140\047\116\016\123\357\143\247\140\047\217\271\165\114}{section.104}% 92
\BOOKMARK [2][-]{subsection.108}{\376\377\230\316\226\151\213\304\117\060\134\017\176\323}{section.104}% 93
\BOOKMARK [0][-]{chapter.112}{\376\377\170\064\134\100\116\113\220\123\377\032\142\200\147\057\200\375\122\233\116\016\133\211\121\150\117\123\174\373\136\372\213\276}{}% 94
\BOOKMARK [1][-]{section.113}{\376\377\142\200\147\057\200\375\122\233\136\372\213\276\215\357\137\204}{chapter.112}% 95
\BOOKMARK [2][-]{subsection.114}{\376\377\131\057\133\236\173\227\122\233\116\016\145\160\143\156\127\372\170\100\213\276\145\275}{section.113}% 96
\BOOKMARK [2][-]{subsection.115}{\376\377\143\250\217\333\202\257\162\107\116\016\217\157\116\366\165\037\140\001\201\352\116\073\123\026}{section.113}% 97
\BOOKMARK [1][-]{section.116}{\376\377\173\227\122\233\127\372\170\100\213\276\145\275}{chapter.112}% 98
\BOOKMARK [2][-]{subsection.117}{\376\377\126\375\133\266\176\247\000A\000I\173\227\122\233\116\221\136\163\123\360}{section.116}% 99
\BOOKMARK [2][-]{subsection.118}{\376\377\200\375\156\220\221\115\131\127}{section.116}% 100
\BOOKMARK [2][-]{subsection.119}{\376\377\173\227\122\233\121\161\116\253\116\016\123\117\124\014\147\072\122\066}{section.116}% 101
\BOOKMARK [1][-]{section.120}{\376\377\227\136\133\371\171\360\142\200\147\057\215\357\176\277}{chapter.112}% 102
\BOOKMARK [2][-]{subsection.121}{\376\377\155\367\124\010\116\023\133\266\152\041\127\213\377\010\000M\000o\000E\377\011}{section.120}% 103
\BOOKMARK [2][-]{subsection.122}{\376\377\217\157\170\154\116\366\123\117\124\014\117\030\123\026}{section.120}% 104
\BOOKMARK [2][-]{subsection.123}{\376\377\172\357\117\247\152\041\127\213}{section.120}% 105
\BOOKMARK [2][-]{subsection.124}{\376\377\146\377\116\343\215\357\137\204\213\304\117\060}{section.120}% 106
\BOOKMARK [1][-]{section.127}{\376\377\145\260\116\000\116\343\213\241\173\227\203\003\137\017\143\242\175\042}{chapter.112}% 107
\BOOKMARK [2][-]{subsection.128}{\376\377\133\130\173\227\116\000\117\123}{section.127}% 108
\BOOKMARK [2][-]{subsection.129}{\376\377\121\111\213\241\173\227}{section.127}% 109
\BOOKMARK [2][-]{subsection.130}{\376\377\174\173\201\021\213\241\173\227}{section.127}% 110
\BOOKMARK [1][-]{section.131}{\376\377\000"\173\227\154\325\142\322\153\142\000"\147\072\122\066}{chapter.112}% 111
\BOOKMARK [2][-]{subsection.132}{\376\377\151\202\137\365\133\232\116\111}{section.131}% 112
\BOOKMARK [2][-]{subsection.133}{\376\377\116\016\145\342\147\011\142\200\147\057\166\204\121\163\174\373}{section.131}% 113
\BOOKMARK [2][-]{subsection.134}{\376\377\132\001\200\301\152\041\127\213\116\016\213\304\117\060\176\364\136\246}{section.131}% 114
\BOOKMARK [1][-]{section.135}{\376\377\126\333\134\102\133\211\121\150\177\121\121\163\147\266\147\204}{chapter.112}% 115
\BOOKMARK [2][-]{subsection.136}{\376\377\147\000\134\017\123\357\210\114\171\072\117\213}{section.135}% 116
\BOOKMARK [2][-]{subsection.137}{\376\377\122\006\176\247\226\062\142\244\173\126\165\145}{section.135}% 117
\BOOKMARK [1][-]{section.138}{\376\377\137\000\156\220\116\016\201\352\116\073\166\204\136\163\210\141}{chapter.112}% 118
\BOOKMARK [2][-]{subsection.139}{\376\377\137\000\156\220\166\204\133\211\121\150\116\367\120\074}{section.138}% 119
\BOOKMARK [2][-]{subsection.140}{\376\377\137\000\156\220\166\204\230\316\226\151}{section.138}% 120
\BOOKMARK [2][-]{subsection.141}{\376\377\136\163\210\141\173\126\165\145}{section.138}% 121
\BOOKMARK [2][-]{subsection.142}{\376\377\137\000\156\220\142\030\165\145\166\204\155\361\134\102\140\035\200\003}{section.138}% 122
\BOOKMARK [1][-]{section.143}{\376\377\000A\000I\232\161\122\250\166\204\171\321\142\200\122\033\145\260}{chapter.112}% 123
\BOOKMARK [2][-]{subsection.144}{AI\040for\040Science}{section.143}% 124
\BOOKMARK [2][-]{subsection.145}{\376\377\136\372\213\276\121\205\220\350\117\335\133\306\131\047\152\041\127\213\117\123\174\373}{section.143}% 125
\BOOKMARK [1][-]{section.148}{\376\377\145\160\143\156\133\211\121\150\116\016\152\041\127\213\234\201\150\322\140\047\232\214\213\301}{chapter.112}% 126
\BOOKMARK [2][-]{subsection.149}{\376\377\176\242\226\037\155\113\213\325\117\123\174\373}{section.148}% 127
\BOOKMARK [1][-]{section.150}{\376\377\000A\000I\226\062\137\241\117\123\174\373\136\372\213\276}{chapter.112}% 128
\BOOKMARK [2][-]{subsection.151}{\376\377\116\345\000A\000I\122\066\000A\000I}{section.150}% 129
\BOOKMARK [2][-]{subsection.152}{\376\377\116\272\147\072\123\117\124\014\226\062\137\241}{section.150}% 130
\BOOKMARK [0][-]{chapter.153}{\376\377\122\066\136\246\142\244\202\052\377\032\116\272\142\115\060\001\154\273\164\006\116\016\126\375\226\105\124\010\117\134}{}% 131
\BOOKMARK [1][-]{section.154}{\376\377\116\272\142\115\127\371\121\173\117\123\174\373}{chapter.153}% 132
\BOOKMARK [2][-]{subsection.155}{\376\377\000A\000I\133\211\121\150\116\272\142\115\163\260\162\266\116\016\227\000\154\102}{section.154}% 133
\BOOKMARK [2][-]{subsection.156}{\376\377\127\371\121\173\221\315\160\271\145\271\124\021}{section.154}% 134
\BOOKMARK [2][-]{subsection.157}{\376\377\122\006\226\066\153\265\116\272\142\115\127\371\121\173\166\356\150\007}{section.154}% 135
\BOOKMARK [2][-]{subsection.158}{\376\377\116\272\142\115\127\371\121\173\152\041\137\017\122\033\145\260}{section.154}% 136
\BOOKMARK [1][-]{section.159}{\376\377\213\304\116\367\147\072\122\066\145\071\227\151}{chapter.153}% 137
\BOOKMARK [2][-]{subsection.160}{\376\377\145\071\227\151\213\304\116\367\117\123\174\373}{section.159}% 138
\BOOKMARK [2][-]{subsection.161}{\376\377\232\330\134\102\153\041\116\272\142\115\145\077\173\126}{section.159}% 139
\BOOKMARK [2][-]{subsection.162}{\376\377\157\300\122\261\147\072\122\066\213\276\213\241}{section.159}% 140
\BOOKMARK [1][-]{section.163}{\376\377\154\273\164\006\150\106\147\266\213\276\213\241}{chapter.153}% 141
\BOOKMARK [2][-]{subsection.164}{\376\377\136\372\172\313\000"\123\315\232\154\215\133\121\113\000"\145\160\143\156\122\006\174\173\122\006\176\247\122\066\136\246}{section.163}% 142
\BOOKMARK [2][-]{subsection.165}{\376\377\122\250\140\001\133\306\176\247\173\241\164\006}{section.163}% 143
\BOOKMARK [2][-]{subsection.166}{\376\377\171\321\142\200\145\207\163\056\116\016\133\146\147\057\123\321\210\150\173\241\164\006}{section.163}% 144
\BOOKMARK [2][-]{subsection.167}{\376\377\126\375\226\105\176\317\232\214\120\037\222\164}{section.163}% 145
\BOOKMARK [1][-]{section.172}{\376\377\154\325\211\304\117\123\174\373\136\372\213\276}{chapter.153}% 146
\BOOKMARK [2][-]{subsection.173}{\376\377\163\260\147\011\154\325\211\304\127\372\170\100}{section.172}% 147
\BOOKMARK [2][-]{subsection.174}{\376\377\133\214\125\204\145\271\124\021}{section.172}% 148
\BOOKMARK [1][-]{section.175}{\376\377\126\375\226\105\124\010\117\134\173\126\165\145}{chapter.153}% 149
\BOOKMARK [2][-]{subsection.176}{\376\377\123\302\116\016\126\375\226\105\000A\000I\154\273\164\006\147\072\122\066}{section.175}% 150
\BOOKMARK [2][-]{subsection.177}{\376\377\143\250\122\250\121\154\136\163\166\204\126\375\226\105\000A\000I\171\351\136\217}{section.175}% 151
\BOOKMARK [2][-]{subsection.178}{\376\377\136\224\133\371\142\200\147\057\201\061\224\251\230\316\226\151}{section.175}% 152
\BOOKMARK [2][-]{subsection.179}{\376\377\126\375\226\105\213\335\213\355\147\103\136\372\213\276}{section.175}% 153
\BOOKMARK [1][-]{section.180}{\376\377\210\114\122\250\215\357\176\277\126\376}{chapter.153}% 154
\BOOKMARK [2][-]{subsection.181}{\376\377\167\355\147\037\377\010\0001\000-\0002\136\164\377\011}{section.180}% 155
\BOOKMARK [2][-]{subsection.182}{\376\377\116\055\147\037\377\010\0002\000-\0003\136\164\377\011}{section.180}% 156
\BOOKMARK [2][-]{subsection.183}{\376\377\225\177\147\037\377\010\0003\000-\0005\136\164\377\011}{section.180}% 157
\BOOKMARK [2][-]{subsection.184}{\376\377\145\077\173\126\136\372\213\256\117\030\121\110\176\247}{section.180}% 158
\BOOKMARK [2][-]{subsection.187}{\376\377\215\350\220\350\225\350\123\117\214\003\147\072\122\066}{section.180}% 159
\BOOKMARK [1][-]{section.188}{\376\377\176\304\176\307\117\335\226\234}{chapter.153}% 160
\BOOKMARK [2][-]{subsection.189}{\376\377\230\206\133\374\117\123\122\066}{section.188}% 161
\BOOKMARK [2][-]{subsection.190}{\376\377\142\147\210\114\147\072\122\066}{section.188}% 162
\BOOKMARK [2][-]{subsection.191}{\376\377\215\104\156\220\117\335\226\234}{section.188}% 163
\BOOKMARK [0][-]{chapter.192}{\376\377\176\323\213\272\377\032\210\114\122\250\124\174\124\001}{}% 164
\BOOKMARK [1][-]{section.193}{\376\377\150\070\137\303\176\323\213\272}{chapter.192}% 165
\BOOKMARK [1][-]{section.197}{\376\377\133\242\211\302\213\244\213\306\137\142\122\277}{chapter.192}% 166
\BOOKMARK [1][-]{section.198}{\376\377\126\336\230\176\147\054\116\146\166\204\150\070\137\303\213\272\213\301}{chapter.192}% 167
\BOOKMARK [2][-]{subsection.199}{\376\377\142\030\165\145\133\232\117\115}{section.198}% 168
\BOOKMARK [2][-]{subsection.200}{\376\377\121\150\145\271\117\115\137\161\124\315}{section.198}% 169
\BOOKMARK [2][-]{subsection.201}{\376\377\172\336\116\211\150\074\134\100}{section.198}% 170
\BOOKMARK [2][-]{subsection.202}{\376\377\230\316\226\151\126\376\214\061}{section.198}% 171
\BOOKMARK [2][-]{subsection.203}{\376\377\136\224\133\371\116\113\220\123}{section.198}% 172
\BOOKMARK [1][-]{section.204}{\376\377\150\070\137\303\145\077\173\126\136\372\213\256}{chapter.192}% 173
\BOOKMARK [1][-]{section.211}{\376\377\133\236\145\275\123\237\122\031}{chapter.192}% 174
\BOOKMARK [1][-]{section.212}{\376\377\133\371\116\015\124\014\213\373\200\005\166\204\136\372\213\256}{chapter.192}% 175
\BOOKMARK [2][-]{subsection.213}{\376\377\133\371\121\263\173\126\200\005}{section.212}% 176
\BOOKMARK [2][-]{subsection.214}{\376\377\133\371\171\321\170\024\135\345\117\134\200\005}{section.212}% 177
\BOOKMARK [2][-]{subsection.215}{\376\377\133\371\117\001\116\032\173\241\164\006\200\005}{section.212}% 178
\BOOKMARK [2][-]{subsection.216}{\376\377\133\371\145\131\200\262\135\345\117\134\200\005}{section.212}% 179
\BOOKMARK [2][-]{subsection.217}{\376\377\133\371\146\156\220\032\121\154\117\027}{section.212}% 180
\BOOKMARK [1][-]{section.218}{\376\377\176\323\213\355}{chapter.192}% 181
\BOOKMARK [1][-]{section.219}{\376\377\147\052\147\145\134\125\147\033}{chapter.192}% 182
\BOOKMARK [2][-]{subsection.220}{\376\377\142\200\147\057\122\115\154\277}{section.219}% 183
\BOOKMARK [2][-]{subsection.221}{\376\377\171\076\117\032\137\161\124\315}{section.219}% 184
\BOOKMARK [2][-]{subsection.222}{\376\377\154\273\164\006\143\021\142\030}{section.219}% 185
\BOOKMARK [2][-]{subsection.223}{\376\377\116\055\126\375\166\204\211\322\202\162}{section.219}% 186
\BOOKMARK [0][-]{chapter*.224}{\376\377\124\016\213\260}{}% 187
\BOOKMARK [0][-]{appendix*.225}{\376\377\131\047\152\041\127\213\200\375\122\233\116\016\230\316\226\151\213\304\117\060\150\106\147\266}{}% 188
\BOOKMARK [1][-]{section.226}{\376\377\213\304\117\060\150\106\147\266\213\276\213\241\123\237\122\031}{appendix*.225}% 189
\BOOKMARK [1][-]{section.231}{\376\377\200\375\122\233\213\304\117\060\117\123\174\373}{appendix*.225}% 190
\BOOKMARK [2][-]{subsection.232}{\376\377\127\372\170\100\200\375\122\233\213\304\117\060}{section.231}% 191
\BOOKMARK [2][-]{subsection.235}{\376\377\232\330\176\247\200\375\122\233\213\304\117\060}{section.231}% 192
\BOOKMARK [1][-]{section.239}{\376\377\230\316\226\151\213\304\117\060\117\123\174\373}{appendix*.225}% 193
\BOOKMARK [2][-]{subsection.240}{\376\377\230\316\226\151\122\006\174\173\122\006\176\247}{section.239}% 194
\BOOKMARK [2][-]{subsection.243}{\376\377\230\316\226\151\221\317\123\026\213\304\117\060\145\271\154\325}{section.239}% 195
\BOOKMARK [1][-]{section.244}{\376\377\213\304\117\060\155\101\172\013}{appendix*.225}% 196
\BOOKMARK [0][-]{appendix*.248}{\376\377\147\057\213\355\210\150}{}% 197
\BOOKMARK [0][-]{appendix*.249}{\376\377\116\073\211\201\000A\000I\152\041\127\213\123\302\145\160\116\016\140\047\200\375\153\324\217\203}{}% 198
\BOOKMARK [1][-]{section.250}{\376\377\127\372\170\100\152\041\127\213\153\324\217\203\377\010\0002\0000\0002\0005\136\164\377\011}{appendix*.249}% 199
\BOOKMARK [1][-]{section.253}{\376\377\200\375\122\233\127\372\121\306\155\113\213\325\142\020\176\351}{appendix*.249}% 200
\BOOKMARK [2][-]{subsection.254}{\376\377\213\355\212\000\164\006\211\343\116\016\143\250\164\006}{section.253}% 201
\BOOKMARK [1][-]{section.257}{\376\377\173\227\122\233\227\000\154\102\117\060\173\227}{appendix*.249}% 202
\BOOKMARK [0][-]{appendix*.260}{\376\377\173\227\154\325\142\322\153\142\136\224\133\371\142\200\147\057\145\271\150\110}{}% 203
\BOOKMARK [1][-]{section.261}{\376\377\225\356\230\230\133\232\116\111\116\016\200\314\146\157}{appendix*.260}% 204
\BOOKMARK [1][-]{section.262}{\376\377\142\200\147\057\136\224\133\371\145\271\150\110}{appendix*.260}% 205
\BOOKMARK [2][-]{subsection.263}{\376\377\152\041\127\213\201\352\116\073\170\024\123\321\200\375\122\233\136\372\213\276}{section.262}% 206
\BOOKMARK [2][-]{subsection.268}{\376\377\137\000\156\220\165\037\140\001\226\062\137\241\117\123\174\373}{section.262}% 207
\BOOKMARK [2][-]{subsection.269}{\376\377\136\224\140\045\124\315\136\224\147\072\122\066}{section.262}% 208
\BOOKMARK [1][-]{section.270}{\376\377\121\163\225\056\143\007\150\007\116\016\213\304\117\060}{appendix*.260}% 209
\BOOKMARK [1][-]{section.271}{\376\377\142\020\147\054\117\060\173\227}{appendix*.260}% 210
