\BOOKMARK [1][-]{section.1}{\376\377\000I\000n\000t\000r\000o\000d\000u\000c\000t\000i\000o\000n}{}% 1
\BOOKMARK [1][-]{section.2}{\376\377\000C\000o\000n\000j\000e\000c\000t\000u\000r\000e\000\040\0001\000:\000\040\000T\000h\000e\000\040\000P\000r\000i\000m\000a\000l\000\040\000G\000a\000p\000\040\000H\000a\000r\000m\000o\000n\000i\000c\000\040\000C\000o\000n\000j\000e\000c\000t\000u\000r\000e}{}% 2
\BOOKMARK [2][-]{subsection.2.1}{\376\377\000D\000e\000f\000i\000n\000i\000t\000i\000o\000n\000\040\000a\000n\000d\000\040\000M\000a\000i\000n\000\040\000C\000o\000n\000j\000e\000c\000t\000u\000r\000e}{section.2}% 3
\BOOKMARK [2][-]{subsection.2.2}{\376\377\000H\000e\000u\000r\000i\000s\000t\000i\000c\000\040\000A\000r\000g\000u\000m\000e\000n\000t\000s}{section.2}% 4
\BOOKMARK [3][-]{subsubsection.2.2.1}{\376\377\000W\000h\000y\000\040\000t\000h\000e\000\040\000C\000o\000n\000j\000e\000c\000t\000u\000r\000e\000\040\000M\000i\000g\000h\000t\000\040\000B\000e\000\040\000T\000r\000u\000e}{subsection.2.2}% 5
\BOOKMARK [3][-]{subsubsection.2.2.2}{\376\377\000W\000h\000y\000\040\000a\000\040\000P\000r\000o\000o\000f\000\040\000I\000s\000\040\000D\000i\000f\000f\000i\000c\000u\000l\000t}{subsection.2.2}% 6
\BOOKMARK [2][-]{subsection.2.3}{\376\377\000N\000u\000m\000e\000r\000i\000c\000a\000l\000\040\000E\000v\000i\000d\000e\000n\000c\000e}{section.2}% 7
\BOOKMARK [3][-]{subsubsection.2.3.1}{\376\377\000C\000o\000m\000p\000u\000t\000a\000t\000i\000o\000n\000a\000l\000\040\000M\000e\000t\000h\000o\000d}{subsection.2.3}% 8
\BOOKMARK [3][-]{subsubsection.2.3.2}{\376\377\000R\000e\000s\000u\000l\000t\000s\000\040\000S\000u\000m\000m\000a\000r\000y}{subsection.2.3}% 9
\BOOKMARK [3][-]{subsubsection.2.3.3}{\376\377\000O\000s\000c\000i\000l\000l\000a\000t\000i\000o\000n\000\040\000A\000n\000a\000l\000y\000s\000i\000s}{subsection.2.3}% 10
\BOOKMARK [2][-]{subsection.2.4}{\376\377\000T\000h\000e\000o\000r\000e\000t\000i\000c\000a\000l\000\040\000A\000n\000a\000l\000y\000s\000i\000s}{section.2}% 11
\BOOKMARK [3][-]{subsubsection.2.4.1}{\376\377\000B\000o\000u\000n\000d\000s\000\040\000o\000n\000\040\000P\000r\000i\000m\000e\000\040\000G\000a\000p\000s}{subsection.2.4}% 12
\BOOKMARK [3][-]{subsubsection.2.4.2}{\376\377\000C\000o\000n\000n\000e\000c\000t\000i\000o\000n\000\040\000t\000o\000\040\000C\000e\000s\000\340\000r\000o\000\040\000S\000u\000m\000m\000a\000b\000i\000l\000i\000t\000y}{subsection.2.4}% 13
\BOOKMARK [2][-]{subsection.2.5}{\376\377\000R\000e\000l\000a\000t\000e\000d\000\040\000S\000u\000m\000s\000\040\000a\000n\000d\000\040\000G\000e\000n\000e\000r\000a\000l\000i\000z\000a\000t\000i\000o\000n\000s}{section.2}% 14
\BOOKMARK [3][-]{subsubsection.2.5.1}{\376\377\000V\000a\000r\000i\000a\000n\000t\000s}{subsection.2.5}% 15
\BOOKMARK [3][-]{subsubsection.2.5.2}{\376\377\000T\000h\000e\000\040\000P\000r\000i\000m\000a\000l\000\040\000H\000a\000r\000m\000o\000n\000i\000c\000\040\000S\000c\000a\000l\000i\000n\000g}{subsection.2.5}% 16
\BOOKMARK [1][-]{section.3}{\376\377\000C\000o\000n\000j\000e\000c\000t\000u\000r\000e\000\040\0002\000:\000\040\000G\000o\000l\000d\000e\000n\000-\000P\000h\000a\000s\000e\000\040\000P\000r\000i\000m\000e\000\040\000S\000p\000i\000r\000a\000l}{}% 17
\BOOKMARK [2][-]{subsection.3.1}{\376\377\000A\000n\000a\000l\000y\000s\000i\000s\000\040\000o\000f\000\040\000t\000h\000e\000\040\000G\000o\000l\000d\000e\000n\000-\000P\000h\000a\000s\000e\000\040\000C\000o\000n\000j\000e\000c\000t\000u\000r\000e}{section.3}% 18
\BOOKMARK [1][-]{section.4}{\376\377\000C\000o\000n\000j\000e\000c\000t\000u\000r\000e\000\040\0003\000:\000\040\000S\000q\000u\000a\000r\000e\000-\000R\000o\000o\000t\000\040\000P\000h\000a\000s\000e\000\040\000B\000o\000u\000n\000d\000e\000d\000n\000e\000s\000s}{}% 19
\BOOKMARK [2][-]{subsection.4.1}{\376\377\000A\000n\000a\000l\000y\000s\000i\000s\000\040\000o\000f\000\040\000t\000h\000e\000\040\000S\000q\000u\000a\000r\000e\000-\000R\000o\000o\000t\000\040\000P\000h\000a\000s\000e\000\040\000C\000o\000n\000j\000e\000c\000t\000u\000r\000e}{section.4}% 20
\BOOKMARK [1][-]{section.5}{\376\377\000C\000o\000n\000j\000e\000c\000t\000u\000r\000e\000\040\0004\000:\000\040\000P\000o\000w\000e\000r\000-\000o\000f\000-\000T\000w\000o\000\040\000D\000i\000g\000i\000t\000-\000S\000u\000m\000\040\000S\000q\000u\000a\000r\000e\000s}{}% 21
\BOOKMARK [2][-]{subsection.5.1}{\376\377\000A\000n\000a\000l\000y\000s\000i\000s\000\040\000o\000f\000\040\000t\000h\000e\000\040\000D\000i\000g\000i\000t\000a\000l\000\040\000S\000u\000m\000\040\000C\000o\000n\000j\000e\000c\000t\000u\000r\000e}{section.5}% 22
\BOOKMARK [1][-]{section.6}{\376\377\000D\000i\000s\000c\000u\000s\000s\000i\000o\000n\000\040\000a\000n\000d\000\040\000F\000u\000t\000u\000r\000e\000\040\000D\000i\000r\000e\000c\000t\000i\000o\000n\000s}{}% 23
