\BOOKMARK [1][-]{section.1}{\376\377\000I\000n\000t\000r\000o\000d\000u\000c\000t\000i\000o\000n}{}% 1
\BOOKMARK [2][-]{subsection.1.1}{\376\377\000H\000i\000s\000t\000o\000r\000i\000c\000a\000l\000\040\000C\000o\000n\000t\000e\000x\000t\000\040\000a\000n\000d\000\040\000P\000h\000y\000s\000i\000c\000a\000l\000\040\000M\000o\000t\000i\000v\000a\000t\000i\000o\000n}{section.1}% 2
\BOOKMARK [2][-]{subsection.1.2}{\376\377\000M\000a\000i\000n\000\040\000R\000e\000s\000u\000l\000t}{section.1}% 3
\BOOKMARK [2][-]{subsection.1.3}{\376\377\000S\000i\000g\000n\000i\000f\000i\000c\000a\000n\000c\000e\000\040\000a\000n\000d\000\040\000R\000e\000l\000a\000t\000i\000o\000n\000\040\000t\000o\000\040\000P\000r\000i\000o\000r\000\040\000W\000o\000r\000k}{section.1}% 4
\BOOKMARK [2][-]{subsection.1.4}{\376\377\000O\000r\000g\000a\000n\000i\000z\000a\000t\000i\000o\000n}{section.1}% 5
\BOOKMARK [2][-]{subsection.1.5}{\376\377\000R\000e\000a\000d\000e\000r\000'\000s\000\040\000G\000u\000i\000d\000e}{section.1}% 6
\BOOKMARK [2][-]{subsection.1.6}{\376\377\000N\000o\000t\000a\000t\000i\000o\000n\000\040\000G\000u\000i\000d\000e}{section.1}% 7
\BOOKMARK [1][-]{section.2}{\376\377\000V\000e\000r\000i\000f\000i\000c\000a\000t\000i\000o\000n\000\040\000f\000o\000r\000\040\000K\000e\000r\000r\000\040\000S\000p\000a\000c\000e\000t\000i\000m\000e}{}% 8
\BOOKMARK [1][-]{section.3}{\376\377\000P\000r\000o\000o\000f\000\040\000S\000t\000r\000a\000t\000e\000g\000y\000:\000\040\000O\000v\000e\000r\000v\000i\000e\000w}{}% 9
\BOOKMARK [2][-]{subsection.3.1}{\376\377\000P\000r\000o\000o\000f\000\040\000R\000o\000a\000d\000m\000a\000p}{section.3}% 10
\BOOKMARK [2][-]{subsection.3.2}{\376\377\000C\000o\000m\000p\000a\000r\000i\000s\000o\000n\000\040\000w\000i\000t\000h\000\040\000P\000r\000i\000o\000r\000\040\000P\000e\000n\000r\000o\000s\000e\000\040\000I\000n\000e\000q\000u\000a\000l\000i\000t\000y\000\040\000P\000r\000o\000o\000f\000s}{section.3}% 11
\BOOKMARK [2][-]{subsection.3.3}{\376\377\000T\000h\000e\000\040\000F\000o\000u\000r\000\040\000S\000t\000a\000g\000e\000s}{section.3}% 12
\BOOKMARK [2][-]{subsection.3.4}{\376\377\000K\000e\000y\000\040\000M\000o\000d\000i\000f\000i\000c\000a\000t\000i\000o\000n\000s\000\040\000f\000r\000o\000m\000\040\000S\000p\000a\000c\000e\000t\000i\000m\000e\000\040\000P\000e\000n\000r\000o\000s\000e\000\040\000P\000r\000o\000o\000f}{section.3}% 13
\BOOKMARK [2][-]{subsection.3.5}{\376\377\000F\000o\000u\000r\000\040\000T\000e\000c\000h\000n\000i\000c\000a\000l\000\040\000T\000h\000e\000o\000r\000e\000m\000s}{section.3}% 14
\BOOKMARK [2][-]{subsection.3.6}{\376\377\000K\000e\000y\000\040\000E\000s\000t\000i\000m\000a\000t\000e\000s\000\040\000S\000u\000m\000m\000a\000r\000y}{section.3}% 15
\BOOKMARK [2][-]{subsection.3.7}{\376\377\000B\000o\000u\000n\000d\000e\000d\000\040\000G\000e\000o\000m\000e\000t\000r\000y\000\040\000V\000e\000r\000i\000f\000i\000c\000a\000t\000i\000o\000n}{section.3}% 16
\BOOKMARK [1][-]{section.4}{\376\377\000S\000t\000a\000g\000e\000\040\0001\000:\000\040\000A\000x\000i\000s\000y\000m\000m\000e\000t\000r\000i\000c\000\040\000J\000a\000n\000g\000\040\000E\000q\000u\000a\000t\000i\000o\000n}{}% 17
\BOOKMARK [2][-]{subsection.4.1}{\376\377\000F\000u\000n\000c\000t\000i\000o\000n\000\040\000S\000p\000a\000c\000e\000s\000\040\000a\000n\000d\000\040\000R\000e\000g\000u\000l\000a\000r\000i\000t\000y\000\040\000F\000r\000a\000m\000e\000w\000o\000r\000k}{section.4}% 18
\BOOKMARK [2][-]{subsection.4.2}{\376\377\000T\000h\000e\000\040\000G\000e\000n\000e\000r\000a\000l\000i\000z\000e\000d\000\040\000J\000a\000n\000g\000\040\000E\000q\000u\000a\000t\000i\000o\000n}{section.4}% 19
\BOOKMARK [2][-]{subsection.4.3}{\376\377\000A\000x\000i\000s\000y\000m\000m\000e\000t\000r\000i\000c\000\040\000S\000e\000t\000t\000i\000n\000g}{section.4}% 20
\BOOKMARK [1][-]{section.5}{\376\377\000S\000t\000a\000g\000e\000\040\0002\000:\000\040\000A\000M\000-\000L\000i\000c\000h\000n\000e\000r\000o\000w\000i\000c\000z\000\040\000E\000q\000u\000a\000t\000i\000o\000n}{}% 21
\BOOKMARK [2][-]{subsection.5.1}{\376\377\000T\000h\000e\000\040\000C\000o\000n\000f\000o\000r\000m\000a\000l\000\040\000E\000q\000u\000a\000t\000i\000o\000n}{section.5}% 22
\BOOKMARK [1][-]{section.6}{\376\377\000S\000t\000a\000g\000e\000\040\0003\000:\000\040\000A\000M\000O\000\040\000F\000l\000o\000w\000\040\000w\000i\000t\000h\000\040\000A\000n\000g\000u\000l\000a\000r\000\040\000M\000o\000m\000e\000n\000t\000u\000m}{}% 23
\BOOKMARK [2][-]{subsection.6.1}{\376\377\000T\000h\000e\000\040\000p\000-\000H\000a\000r\000m\000o\000n\000i\000c\000\040\000P\000o\000t\000e\000n\000t\000i\000a\000l}{section.6}% 24
\BOOKMARK [2][-]{subsection.6.2}{\376\377\000T\000h\000e\000\040\000A\000M\000-\000A\000M\000O\000\040\000F\000u\000n\000c\000t\000i\000o\000n\000a\000l}{section.6}% 25
\BOOKMARK [2][-]{subsection.6.3}{\376\377\000A\000n\000g\000u\000l\000a\000r\000\040\000M\000o\000m\000e\000n\000t\000u\000m\000\040\000C\000o\000n\000s\000e\000r\000v\000a\000t\000i\000o\000n}{section.6}% 26
\BOOKMARK [2][-]{subsection.6.4}{\376\377\000M\000o\000n\000o\000t\000o\000n\000i\000c\000i\000t\000y}{section.6}% 27
\BOOKMARK [1][-]{section.7}{\376\377\000S\000t\000a\000g\000e\000\040\0004\000:\000\040\000S\000u\000b\000-\000E\000x\000t\000r\000e\000m\000a\000l\000i\000t\000y}{}% 28
\BOOKMARK [1][-]{section.8}{\376\377\000S\000y\000n\000t\000h\000e\000s\000i\000s\000:\000\040\000C\000o\000m\000p\000l\000e\000t\000e\000\040\000P\000r\000o\000o\000f}{}% 29
\BOOKMARK [1][-]{section.9}{\376\377\000R\000i\000g\000i\000d\000i\000t\000y}{}% 30
\BOOKMARK [1][-]{section.10}{\376\377\000E\000x\000t\000e\000n\000s\000i\000o\000n\000s\000\040\000a\000n\000d\000\040\000O\000p\000e\000n\000\040\000P\000r\000o\000b\000l\000e\000m\000s}{}% 31
\BOOKMARK [2][-]{subsection.10.1}{\376\377\000T\000h\000e\000\040\000C\000h\000a\000r\000g\000e\000d\000\040\000P\000e\000n\000r\000o\000s\000e\000\040\000I\000n\000e\000q\000u\000a\000l\000i\000t\000y\000\040\000\050\000N\000o\000n\000-\000R\000o\000t\000a\000t\000i\000n\000g\000\040\000C\000a\000s\000e\000\051}{section.10}% 32
\BOOKMARK [3][-]{subsubsection.10.1.1}{\376\377\000S\000e\000t\000u\000p\000:\000\040\000E\000i\000n\000s\000t\000e\000i\000n\040\023\000M\000a\000x\000w\000e\000l\000l\000\040\000I\000n\000i\000t\000i\000a\000l\000\040\000D\000a\000t\000a}{subsection.10.1}% 33
\BOOKMARK [3][-]{subsubsection.10.1.2}{\376\377\000T\000h\000e\000\040\000C\000h\000a\000r\000g\000e\000d\000\040\000P\000e\000n\000r\000o\000s\000e\000\040\000I\000n\000e\000q\000u\000a\000l\000i\000t\000y}{subsection.10.1}% 34
\BOOKMARK [3][-]{subsubsection.10.1.3}{\376\377\000V\000e\000r\000i\000f\000i\000c\000a\000t\000i\000o\000n\000\040\000f\000o\000r\000\040\000R\000e\000i\000s\000s\000n\000e\000r\000-\000N\000o\000r\000d\000s\000t\000r\000\366\000m}{subsection.10.1}% 35
\BOOKMARK [3][-]{subsubsection.10.1.4}{\376\377\000P\000r\000o\000o\000f\000\040\000o\000f\000\040\000t\000h\000e\000\040\000C\000h\000a\000r\000g\000e\000d\000\040\000P\000e\000n\000r\000o\000s\000e\000\040\000I\000n\000e\000q\000u\000a\000l\000i\000t\000y}{subsection.10.1}% 36
\BOOKMARK [2][-]{subsection.10.2}{\376\377\000A\000d\000d\000i\000t\000i\000o\000n\000a\000l\000\040\000C\000o\000r\000o\000l\000l\000a\000r\000i\000e\000s\000\040\000a\000n\000d\000\040\000I\000m\000m\000e\000d\000i\000a\000t\000e\000\040\000C\000o\000n\000s\000e\000q\000u\000e\000n\000c\000e\000s}{section.10}% 37
\BOOKMARK [3][-]{subsubsection.10.2.1}{\376\377\000H\000a\000w\000k\000i\000n\000g\000\040\000M\000a\000s\000s\000\040\000P\000o\000s\000i\000t\000i\000v\000i\000t\000y}{subsection.10.2}% 38
\BOOKMARK [3][-]{subsubsection.10.2.2}{\376\377\000E\000n\000t\000r\000o\000p\000y\000\040\000B\000o\000u\000n\000d\000s}{subsection.10.2}% 39
\BOOKMARK [3][-]{subsubsection.10.2.3}{\376\377\000I\000r\000r\000e\000d\000u\000c\000i\000b\000l\000e\000\040\000M\000a\000s\000s\000\040\000D\000e\000c\000o\000m\000p\000o\000s\000i\000t\000i\000o\000n}{subsection.10.2}% 40
\BOOKMARK [3][-]{subsubsection.10.2.4}{\376\377\000C\000o\000m\000b\000i\000n\000e\000d\000\040\000M\000a\000s\000s\000-\000A\000r\000e\000a\000-\000C\000h\000a\000r\000g\000e\000-\000A\000n\000g\000u\000l\000a\000r\000\040\000M\000o\000m\000e\000n\000t\000u\000m\000\040\000I\000n\000e\000q\000u\000a\000l\000i\000t\000y}{subsection.10.2}% 41
\BOOKMARK [3][-]{subsubsection.10.2.5}{\376\377\000A\000r\000e\000a\000-\000A\000n\000g\000u\000l\000a\000r\000\040\000M\000o\000m\000e\000n\000t\000u\000m\000\040\000I\000n\000e\000q\000u\000a\000l\000i\000t\000y\000\040\000\050\000D\000a\000i\000n\000-\000R\000e\000i\000r\000i\000s\000\051}{subsection.10.2}% 42
\BOOKMARK [3][-]{subsubsection.10.2.6}{\376\377\000I\000s\000o\000p\000e\000r\000i\000m\000e\000t\000r\000i\000c\000-\000T\000y\000p\000e\000\040\000I\000n\000e\000q\000u\000a\000l\000i\000t\000i\000e\000s}{subsection.10.2}% 43
\BOOKMARK [3][-]{subsubsection.10.2.7}{\376\377\000S\000e\000c\000o\000n\000d\000\040\000L\000a\000w\000\040\000C\000o\000m\000p\000a\000t\000i\000b\000i\000l\000i\000t\000y}{subsection.10.2}% 44
\BOOKMARK [2][-]{subsection.10.3}{\376\377\000T\000h\000e\000\040\000F\000u\000l\000l\000\040\000K\000e\000r\000r\000-\000N\000e\000w\000m\000a\000n\000\040\000I\000n\000e\000q\000u\000a\000l\000i\000t\000y\000\040\000\050\000C\000o\000n\000j\000e\000c\000t\000u\000r\000e\000\051}{section.10}% 45
\BOOKMARK [2][-]{subsection.10.4}{\376\377\000N\000u\000m\000e\000r\000i\000c\000a\000l\000\040\000E\000v\000i\000d\000e\000n\000c\000e\000\040\000a\000n\000d\000\040\000V\000e\000r\000i\000f\000i\000c\000a\000t\000i\000o\000n}{section.10}% 46
\BOOKMARK [2][-]{subsection.10.5}{\376\377\000M\000u\000l\000t\000i\000p\000l\000e\000\040\000H\000o\000r\000i\000z\000o\000n\000s}{section.10}% 47
\BOOKMARK [2][-]{subsection.10.6}{\376\377\000N\000o\000n\000-\000A\000x\000i\000s\000y\000m\000m\000e\000t\000r\000i\000c\000\040\000D\000a\000t\000a}{section.10}% 48
\BOOKMARK [2][-]{subsection.10.7}{\376\377\000D\000y\000n\000a\000m\000i\000c\000a\000l\000\040\000H\000o\000r\000i\000z\000o\000n\000s}{section.10}% 49
\BOOKMARK [2][-]{subsection.10.8}{\376\377\000C\000o\000s\000m\000i\000c\000\040\000C\000e\000n\000s\000o\000r\000s\000h\000i\000p\000\040\000I\000n\000e\000q\000u\000a\000l\000i\000t\000i\000e\000s\000\040\000f\000o\000r\000\040\000G\000e\000n\000e\000r\000a\000l\000\040\000B\000l\000a\000c\000k\000\040\000H\000o\000l\000e\000s}{section.10}% 50
\BOOKMARK [3][-]{subsubsection.10.8.1}{\376\377\000T\000h\000e\000\040\000F\000u\000n\000d\000a\000m\000e\000n\000t\000a\000l\000\040\000H\000i\000e\000r\000a\000r\000c\000h\000y\000\040\000o\000f\000\040\000B\000l\000a\000c\000k\000\040\000H\000o\000l\000e\000\040\000I\000n\000e\000q\000u\000a\000l\000i\000t\000i\000e\000s}{subsection.10.8}% 51
\BOOKMARK [3][-]{subsubsection.10.8.2}{\376\377\000T\000h\000e\000\040\000I\000r\000r\000e\000d\000u\000c\000i\000b\000l\000e\000\040\000M\000a\000s\000s\000\040\000a\000n\000d\000\040\000C\000h\000r\000i\000s\000t\000o\000d\000o\000u\000l\000o\000u\000\040\000F\000o\000r\000m\000u\000l\000a}{subsection.10.8}% 52
\BOOKMARK [3][-]{subsubsection.10.8.3}{\376\377\000Q\000u\000a\000s\000i\000-\000L\000o\000c\000a\000l\000\040\000M\000a\000s\000s\000\040\000I\000n\000e\000q\000u\000a\000l\000i\000t\000i\000e\000s}{subsection.10.8}% 53
\BOOKMARK [3][-]{subsubsection.10.8.4}{\376\377\000I\000s\000o\000p\000e\000r\000i\000m\000e\000t\000r\000i\000c\000\040\000I\000n\000e\000q\000u\000a\000l\000i\000t\000i\000e\000s\000\040\000a\000s\000\040\000C\000o\000s\000m\000i\000c\000\040\000C\000e\000n\000s\000o\000r\000s\000h\000i\000p}{subsection.10.8}% 54
\BOOKMARK [3][-]{subsubsection.10.8.5}{\376\377\000E\000n\000t\000r\000o\000p\000y\000\040\000B\000o\000u\000n\000d\000s\000\040\000a\000n\000d\000\040\000C\000o\000s\000m\000i\000c\000\040\000C\000e\000n\000s\000o\000r\000s\000h\000i\000p}{subsection.10.8}% 55
\BOOKMARK [3][-]{subsubsection.10.8.6}{\376\377\000H\000i\000g\000h\000e\000r\000-\000C\000u\000r\000v\000a\000t\000u\000r\000e\000\040\000C\000o\000r\000r\000e\000c\000t\000i\000o\000n\000s}{subsection.10.8}% 56
\BOOKMARK [3][-]{subsubsection.10.8.7}{\376\377\000M\000u\000l\000t\000i\000p\000o\000l\000e\000\040\000I\000n\000e\000q\000u\000a\000l\000i\000t\000i\000e\000s}{subsection.10.8}% 57
\BOOKMARK [3][-]{subsubsection.10.8.8}{\376\377\000A\000r\000e\000a\000\040\000I\000n\000c\000r\000e\000a\000s\000e\000\040\000a\000n\000d\000\040\000C\000o\000s\000m\000i\000c\000\040\000C\000e\000n\000s\000o\000r\000s\000h\000i\000p}{subsection.10.8}% 58
\BOOKMARK [3][-]{subsubsection.10.8.9}{\376\377\000T\000h\000e\000\040\000U\000n\000i\000v\000e\000r\000s\000a\000l\000\040\000I\000n\000e\000q\000u\000a\000l\000i\000t\000y}{subsection.10.8}% 59
\BOOKMARK [1][-]{appendix.A}{\376\377\000N\000u\000m\000e\000r\000i\000c\000a\000l\000\040\000I\000l\000l\000u\000s\000t\000r\000a\000t\000i\000o\000n\000s}{}% 60
\BOOKMARK [2][-]{subsection.A.1}{\376\377\000T\000e\000s\000t\000\040\000S\000u\000m\000m\000a\000r\000y}{appendix.A}% 61
\BOOKMARK [2][-]{subsection.A.2}{\376\377\000A\000n\000a\000l\000y\000s\000i\000s\000\040\000o\000f\000\040\000A\000p\000p\000a\000r\000e\000n\000t\000\040\000V\000i\000o\000l\000a\000t\000i\000o\000n\000s}{appendix.A}% 62
\BOOKMARK [2][-]{subsection.A.3}{\376\377\000R\000e\000f\000e\000r\000e\000n\000c\000e\000\040\000I\000m\000p\000l\000e\000m\000e\000n\000t\000a\000t\000i\000o\000n}{appendix.A}% 63
\BOOKMARK [1][-]{appendix.B}{\376\377\000A\000n\000a\000l\000y\000t\000i\000c\000a\000l\000\040\000F\000o\000u\000n\000d\000a\000t\000i\000o\000n\000s\000\040\000o\000f\000\040\000t\000h\000e\000\040\000J\000a\000n\000g\040\023\000C\000o\000n\000f\000o\000r\000m\000a\000l\040\023\000A\000M\000O\000\040\000M\000e\000t\000h\000o\000d}{}% 64
\BOOKMARK [1][-]{appendix.C}{\376\377\000C\000o\000n\000c\000l\000u\000s\000i\000o\000n}{}% 65
\BOOKMARK [2][-]{subsection.C.1}{\376\377\000P\000h\000y\000s\000i\000c\000a\000l\000\040\000I\000m\000p\000l\000i\000c\000a\000t\000i\000o\000n\000s\000\040\000a\000n\000d\000\040\000I\000n\000t\000e\000r\000p\000r\000e\000t\000a\000t\000i\000o\000n}{appendix.C}% 66
\BOOKMARK [3][-]{subsubsection.C.1.1}{\376\377\000R\000e\000l\000a\000t\000i\000o\000n\000\040\000t\000o\000\040\000C\000o\000s\000m\000i\000c\000\040\000C\000e\000n\000s\000o\000r\000s\000h\000i\000p}{subsection.C.1}% 67
\BOOKMARK [3][-]{subsubsection.C.1.2}{\376\377\000O\000b\000s\000e\000r\000v\000a\000t\000i\000o\000n\000a\000l\000\040\000I\000m\000p\000l\000i\000c\000a\000t\000i\000o\000n\000s}{subsection.C.1}% 68
\BOOKMARK [3][-]{subsubsection.C.1.3}{\376\377\000P\000h\000y\000s\000i\000c\000a\000l\000\040\000I\000n\000t\000e\000r\000p\000r\000e\000t\000a\000t\000i\000o\000n\000\040\000o\000f\000\040\000t\000h\000e\000\040\000S\000u\000b\000-\000E\000x\000t\000r\000e\000m\000a\000l\000i\000t\000y\000\040\000C\000o\000n\000d\000i\000t\000i\000o\000n}{subsection.C.1}% 69
\BOOKMARK [1][-]{appendix.D}{\376\377\000S\000c\000h\000a\000u\000d\000e\000r\000\040\000E\000s\000t\000i\000m\000a\000t\000e\000s\000\040\000f\000o\000r\000\040\000t\000h\000e\000\040\000A\000x\000i\000s\000y\000m\000m\000e\000t\000r\000i\000c\000\040\000J\000a\000n\000g\000\040\000E\000q\000u\000a\000t\000i\000o\000n\000\040\000w\000i\000t\000h\000\040\000T\000w\000i\000s\000t}{}% 70
\BOOKMARK [2][-]{subsection.D.1}{\376\377\000T\000h\000e\000\040\000A\000x\000i\000s\000y\000m\000m\000e\000t\000r\000i\000c\000\040\000J\000a\000n\000g\000\040\000O\000p\000e\000r\000a\000t\000o\000r\000\040\000S\000t\000r\000u\000c\000t\000u\000r\000e}{appendix.D}% 71
\BOOKMARK [2][-]{subsection.D.2}{\376\377\000S\000c\000h\000a\000u\000d\000e\000r\000\040\000E\000s\000t\000i\000m\000a\000t\000e\000s\000\040\000i\000n\000\040\000t\000h\000e\000\040\000B\000u\000l\000k}{appendix.D}% 72
\BOOKMARK [2][-]{subsection.D.3}{\376\377\000G\000l\000o\000b\000a\000l\000\040\000E\000x\000i\000s\000t\000e\000n\000c\000e\000\040\000v\000i\000a\000\040\000C\000o\000n\000t\000i\000n\000u\000i\000t\000y\000\040\000M\000e\000t\000h\000o\000d}{appendix.D}% 73
\BOOKMARK [2][-]{subsection.D.4}{\376\377\000C\000r\000i\000t\000i\000c\000a\000l\000\040\000V\000e\000r\000i\000f\000i\000c\000a\000t\000i\000o\000n\000:\000\040\000I\000n\000d\000e\000p\000e\000n\000d\000e\000n\000c\000e\000\040\000o\000f\000\040\000B\000l\000o\000w\000-\000U\000p\000\040\000C\000o\000e\000f\000f\000i\000c\000i\000e\000n\000t}{appendix.D}% 74
\BOOKMARK [1][-]{appendix.E}{\376\377\000T\000h\000e\000\040\000S\000u\000p\000e\000r\000-\000S\000o\000l\000u\000t\000i\000o\000n\000\040\000C\000o\000n\000d\000i\000t\000i\000o\000n\000\040\000a\000n\000d\000\040\000M\000a\000s\000s\000\040\000I\000n\000e\000q\000u\000a\000l\000i\000t\000i\000e\000s}{}% 75
\BOOKMARK [2][-]{subsection.E.1}{\376\377\000T\000h\000e\000\040\000M\000a\000s\000s\000\040\000C\000h\000a\000i\000n\000\040\000W\000i\000t\000h\000o\000u\000t\000\040\000p\000h\000i\000\040\000<\000=\000\040\0001}{appendix.E}% 76
\BOOKMARK [2][-]{subsection.E.2}{\376\377\000W\000h\000y\000\040\000t\000h\000e\000\040\000M\000o\000n\000o\000t\000o\000n\000i\000c\000i\000t\000y\000\040\000R\000e\000q\000u\000i\000r\000e\000s\000\040\000O\000n\000l\000y\000\040\000R\000\040\000>\000=\000\040\0000}{appendix.E}% 77
\BOOKMARK [1][-]{appendix.F}{\376\377\000S\000u\000b\000-\000E\000x\000t\000r\000e\000m\000a\000l\000i\000t\000y\000\040\000F\000a\000c\000t\000o\000r\000\040\000I\000m\000p\000r\000o\000v\000e\000m\000e\000n\000t\000\040\000A\000l\000o\000n\000g\000\040\000t\000h\000e\000\040\000F\000l\000o\000w}{}% 78
