\BOOKMARK [1][-]{section.1}{\376\377\000I\000n\000t\000r\000o\000d\000u\000c\000t\000i\000o\000n}{}% 1
\BOOKMARK [2][-]{subsection.1.1}{\376\377\000T\000h\000e\000\040\000C\000o\000n\000s\000t\000a\000n\000t\000i\000n\040\023\000F\000e\000f\000f\000e\000r\000m\000a\000n\000\040\000C\000r\000i\000t\000e\000r\000i\000o\000n}{section.1}% 2
\BOOKMARK [2][-]{subsection.1.2}{\376\377\000M\000a\000i\000n\000\040\000C\000o\000n\000t\000r\000i\000b\000u\000t\000i\000o\000n\000:\000\040\000D\000i\000r\000e\000c\000t\000i\000o\000n\000\040\000E\000n\000t\000r\000o\000p\000y}{section.1}% 3
\BOOKMARK [2][-]{subsection.1.3}{\376\377\000P\000h\000y\000s\000i\000c\000a\000l\000\040\000M\000o\000t\000i\000v\000a\000t\000i\000o\000n\000:\000\040\000F\000l\000u\000c\000t\000u\000a\000t\000i\000o\000n\000-\000D\000i\000s\000s\000i\000p\000a\000t\000i\000o\000n}{section.1}% 4
\BOOKMARK [2][-]{subsection.1.4}{\376\377\000M\000a\000i\000n\000\040\000R\000e\000s\000u\000l\000t\000s}{section.1}% 5
\BOOKMARK [2][-]{subsection.1.5}{\376\377\000O\000u\000t\000l\000i\000n\000e}{section.1}% 6
\BOOKMARK [1][-]{section.2}{\376\377\000P\000r\000e\000l\000i\000m\000i\000n\000a\000r\000i\000e\000s}{}% 7
\BOOKMARK [2][-]{subsection.2.1}{\376\377\000F\000u\000n\000c\000t\000i\000o\000n\000\040\000S\000p\000a\000c\000e\000s}{section.2}% 8
\BOOKMARK [2][-]{subsection.2.2}{\376\377\000V\000o\000r\000t\000i\000c\000i\000t\000y\000\040\000E\000q\000u\000a\000t\000i\000o\000n}{section.2}% 9
\BOOKMARK [2][-]{subsection.2.3}{\376\377\000B\000e\000a\000l\000e\040\023\000K\000a\000t\000o\040\023\000M\000a\000j\000d\000a\000\040\000C\000r\000i\000t\000e\000r\000i\000o\000n}{section.2}% 10
\BOOKMARK [2][-]{subsection.2.4}{\376\377\000G\000e\000o\000m\000e\000t\000r\000i\000c\000\040\000S\000t\000r\000u\000c\000t\000u\000r\000e\000\040\000o\000f\000\040\000V\000o\000r\000t\000e\000x\000\040\000S\000t\000r\000e\000t\000c\000h\000i\000n\000g}{section.2}% 11
\BOOKMARK [2][-]{subsection.2.5}{\376\377\000C\000o\000n\000s\000t\000a\000n\000t\000i\000n\040\023\000F\000e\000f\000f\000e\000r\000m\000a\000n\000\040\000M\000e\000c\000h\000a\000n\000i\000s\000m}{section.2}% 12
\BOOKMARK [1][-]{section.3}{\376\377\000D\000i\000r\000e\000c\000t\000i\000o\000n\000\040\000E\000n\000t\000r\000o\000p\000y\000\040\000F\000r\000a\000m\000e\000w\000o\000r\000k}{}% 13
\BOOKMARK [2][-]{subsection.3.1}{\376\377\000D\000e\000f\000i\000n\000i\000t\000i\000o\000n\000\040\000a\000n\000d\000\040\000B\000a\000s\000i\000c\000\040\000P\000r\000o\000p\000e\000r\000t\000i\000e\000s}{section.3}% 14
\BOOKMARK [2][-]{subsection.3.2}{\376\377\000C\000o\000n\000n\000e\000c\000t\000i\000o\000n\000\040\000t\000o\000\040\000D\000i\000r\000e\000c\000t\000i\000o\000n\000\040\000G\000r\000a\000d\000i\000e\000n\000t\000s}{section.3}% 15
\BOOKMARK [2][-]{subsection.3.3}{\376\377\000I\000n\000f\000o\000r\000m\000a\000t\000i\000o\000n\000-\000t\000h\000e\000o\000r\000e\000t\000i\000c\000\040\000i\000n\000e\000q\000u\000a\000l\000i\000t\000i\000e\000s\000\040\000o\000n\000\040\000t\000h\000e\000\040\000s\000p\000h\000e\000r\000e}{section.3}% 16
\BOOKMARK [2][-]{subsection.3.4}{\376\377\000L\000o\000c\000a\000l\000\040\000D\000i\000r\000e\000c\000t\000i\000o\000n\000\040\000E\000n\000t\000r\000o\000p\000y}{section.3}% 17
\BOOKMARK [2][-]{subsection.3.5}{\376\377\000E\000n\000t\000r\000o\000p\000y\040\023\000W\000a\000s\000s\000e\000r\000s\000t\000e\000i\000n\000\040\000c\000o\000m\000p\000a\000r\000i\000s\000o\000n\000\040\000o\000n\000\040\000S\000\262}{section.3}% 18
\BOOKMARK [1][-]{section.4}{\376\377\000E\000n\000t\000r\000o\000p\000y\000\040\000a\000n\000d\000\040\000R\000e\000g\000u\000l\000a\000r\000i\000t\000y}{}% 19
\BOOKMARK [2][-]{subsection.4.1}{\376\377\000M\000a\000i\000n\000\040\000E\000n\000t\000r\000o\000p\000y\000-\000R\000e\000g\000u\000l\000a\000r\000i\000t\000y\000\040\000T\000h\000e\000o\000r\000e\000m}{section.4}% 20
\BOOKMARK [2][-]{subsection.4.2}{\376\377\000C\000o\000n\000t\000r\000a\000p\000o\000s\000i\000t\000i\000v\000e\000:\000\040\000B\000l\000o\000w\000u\000p\000\040\000R\000e\000q\000u\000i\000r\000e\000s\000\040\000Z\000e\000r\000o\000\040\000E\000n\000t\000r\000o\000p\000y}{section.4}% 21
\BOOKMARK [1][-]{section.5}{\376\377\000F\000l\000u\000c\000t\000u\000a\000t\000i\000o\000n\000-\000A\000l\000i\000g\000n\000m\000e\000n\000t\000\040\000C\000o\000m\000p\000e\000t\000i\000t\000i\000o\000n}{}% 22
\BOOKMARK [2][-]{subsection.5.1}{\376\377\000F\000l\000u\000c\000t\000u\000a\000t\000i\000n\000g\000\040\000N\000a\000v\000i\000e\000r\040\023\000S\000t\000o\000k\000e\000s\000:\000\040\000r\000i\000g\000o\000r\000o\000u\000s\000\040\000e\000n\000t\000r\000o\000p\000y\000\040\000b\000a\000l\000a\000n\000c\000e}{section.5}% 23
\BOOKMARK [1][-]{section.6}{\376\377\000E\000n\000t\000r\000o\000p\000y\000\040\000c\000a\000s\000c\000a\000d\000e\000\040\000a\000n\000d\000\040\000s\000c\000a\000l\000e\000-\000l\000o\000c\000a\000l\000i\000z\000a\000t\000i\000o\000n}{}% 24
\BOOKMARK [2][-]{subsection.6.1}{\376\377\000E\000x\000p\000l\000i\000c\000i\000t\000\040\000c\000o\000n\000s\000t\000a\000n\000t\000s\000\040\000f\000o\000r\000\040\000v\000o\000n\000\040\000M\000i\000s\000e\000s\040\023\000F\000i\000s\000h\000e\000r\000\040\000k\000e\000r\000n\000e\000l}{section.6}% 25
\BOOKMARK [2][-]{subsection.6.2}{\376\377\000N\000u\000m\000e\000r\000i\000c\000a\000l\000\040\000v\000a\000l\000i\000d\000a\000t\000i\000o\000n}{section.6}% 26
\BOOKMARK [1][-]{section.7}{\376\377\000P\000r\000o\000o\000f\000\040\000o\000f\000\040\000G\000l\000o\000b\000a\000l\000\040\000R\000e\000g\000u\000l\000a\000r\000i\000t\000y}{}% 27
\BOOKMARK [2][-]{subsection.7.1}{\376\377\000W\000e\000l\000l\000-\000P\000o\000s\000e\000d\000n\000e\000s\000s\000\040\000o\000f\000\040\000F\000l\000u\000c\000t\000u\000a\000t\000i\000n\000g\000\040\000N\000S}{section.7}% 28
\BOOKMARK [2][-]{subsection.7.2}{\376\377\000M\000a\000i\000n\000\040\000R\000e\000g\000u\000l\000a\000r\000i\000t\000y\000\040\000T\000h\000e\000o\000r\000e\000m}{section.7}% 29
\BOOKMARK [2][-]{subsection.7.3}{\376\377\000Q\000u\000a\000n\000t\000i\000t\000a\000t\000i\000v\000e\000\040\000B\000o\000u\000n\000d\000s}{section.7}% 30
\BOOKMARK [1][-]{section.8}{\376\377\000D\000e\000t\000e\000r\000m\000i\000n\000i\000s\000t\000i\000c\000\040\000c\000o\000n\000d\000i\000t\000i\000o\000n\000a\000l\000\040\000r\000e\000g\000u\000l\000a\000r\000i\000t\000y}{}% 31
\BOOKMARK [2][-]{subsection.8.1}{\376\377\000E\000n\000t\000r\000o\000p\000y\000\040\000b\000u\000d\000g\000e\000t\000\040\000i\000n\000e\000q\000u\000a\000l\000i\000t\000y}{section.8}% 32
\BOOKMARK [2][-]{subsection.8.2}{\376\377\000C\000o\000n\000d\000i\000t\000i\000o\000n\000a\000l\000\040\000r\000e\000g\000u\000l\000a\000r\000i\000t\000y\000\040\000v\000i\000a\000\040\000e\000n\000t\000r\000o\000p\000y\000\040\000b\000u\000d\000g\000e\000t}{section.8}% 33
\BOOKMARK [2][-]{subsection.8.3}{\376\377\000A\000\040\000n\000e\000w\000\040\000r\000e\000g\000u\000l\000a\000r\000i\000t\000y\000\040\000c\000r\000i\000t\000e\000r\000i\000o\000n\000\040\000v\000i\000a\000\040\000W\000a\000s\000s\000e\000r\000s\000t\000e\000i\000n\000\040\000d\000i\000s\000s\000i\000p\000a\000t\000i\000o\000n}{section.8}% 34
\BOOKMARK [2][-]{subsection.8.4}{\376\377\000C\000o\000m\000p\000a\000r\000i\000s\000o\000n\000\040\000t\000o\000\040\000e\000x\000i\000s\000t\000i\000n\000g\000\040\000r\000e\000g\000u\000l\000a\000r\000i\000z\000a\000t\000i\000o\000n\000-\000b\000y\000-\000n\000o\000i\000s\000e\000\040\000r\000e\000s\000u\000l\000t\000s}{section.8}% 35
\BOOKMARK [1][-]{section.9}{\376\377\000D\000i\000s\000c\000u\000s\000s\000i\000o\000n}{}% 36
\BOOKMARK [2][-]{subsection.9.1}{\376\377\000S\000u\000m\000m\000a\000r\000y\000\040\000o\000f\000\040\000n\000o\000v\000e\000l\000\040\000c\000o\000n\000t\000r\000i\000b\000u\000t\000i\000o\000n\000s}{section.9}% 37
\BOOKMARK [2][-]{subsection.9.2}{\376\377\000W\000h\000a\000t\000\040\000t\000h\000i\000s\000\040\000p\000a\000p\000e\000r\000\040\000d\000o\000e\000s\000\040\000N\000O\000T\000\040\000p\000r\000o\000v\000e}{section.9}% 38
\BOOKMARK [2][-]{subsection.9.3}{\376\377\000P\000h\000y\000s\000i\000c\000a\000l\000\040\000i\000n\000t\000e\000r\000p\000r\000e\000t\000a\000t\000i\000o\000n}{section.9}% 39
\BOOKMARK [2][-]{subsection.9.4}{\376\377\000O\000p\000e\000n\000\040\000p\000r\000o\000b\000l\000e\000m\000s}{section.9}% 40
