This is pdfTeX, Version 3.141592653-2.6-1.40.27 (MiKTeX 25.4) (preloaded format=pdflatex 2025.11.16)  14 DEC 2025 12:04
entering extended mode
 restricted \write18 enabled.
 %&-line parsing enabled.
**./ns.tex
(ns.tex
LaTeX2e <2025-11-01>
L3 programming layer <2025-10-24>
(C:\Users\Lenovo\AppData\Local\Programs\MiKTeX\tex/latex/base\article.cls
Document Class: article 2025/01/22 v1.4n Standard LaTeX document class
(C:\Users\Lenovo\AppData\Local\Programs\MiKTeX\tex/latex/base\size12.clo
File: size12.clo 2025/01/22 v1.4n Standard LaTeX file (size option)
)
\c@part=\count275
\c@section=\count276
\c@subsection=\count277
\c@subsubsection=\count278
\c@paragraph=\count279
\c@subparagraph=\count280
\c@figure=\count281
\c@table=\count282
\abovecaptionskip=\skip49
\belowcaptionskip=\skip50
\bibindent=\dimen148
)
(C:\Users\Lenovo\AppData\Local\Programs\MiKTeX\tex/latex/geometry\geometry.sty
Package: geometry 2020/01/02 v5.9 Page Geometry

(C:\Users\Lenovo\AppData\Local\Programs\MiKTeX\tex/latex/graphics\keyval.sty
Package: keyval 2022/05/29 v1.15 key=value parser (DPC)
\KV@toks@=\toks17
)
(C:\Users\Lenovo\AppData\Local\Programs\MiKTeX\tex/generic/iftex\ifvtex.sty
Package: ifvtex 2019/10/25 v1.7 ifvtex legacy package. Use iftex instead.

(C:\Users\Lenovo\AppData\Local\Programs\MiKTeX\tex/generic/iftex\iftex.sty
Package: iftex 2024/12/12 v1.0g TeX engine tests
))
\Gm@cnth=\count283
\Gm@cntv=\count284
\c@Gm@tempcnt=\count285
\Gm@bindingoffset=\dimen149
\Gm@wd@mp=\dimen150
\Gm@odd@mp=\dimen151
\Gm@even@mp=\dimen152
\Gm@layoutwidth=\dimen153
\Gm@layoutheight=\dimen154
\Gm@layouthoffset=\dimen155
\Gm@layoutvoffset=\dimen156
\Gm@dimlist=\toks18

(C:\Users\Lenovo\AppData\Local\Programs\MiKTeX\tex/latex/geometry\geometry.cfg)
) (C:\Users\Lenovo\AppData\Local\Programs\MiKTeX\tex/latex/amsmath\amsmath.sty
Package: amsmath 2025/07/09 v2.17z AMS math features
\@mathmargin=\skip51

For additional information on amsmath, use the `?' option.
(C:\Users\Lenovo\AppData\Local\Programs\MiKTeX\tex/latex/amsmath\amstext.sty
Package: amstext 2024/11/17 v2.01 AMS text

(C:\Users\Lenovo\AppData\Local\Programs\MiKTeX\tex/latex/amsmath\amsgen.sty
File: amsgen.sty 1999/11/30 v2.0 generic functions
\@emptytoks=\toks19
\ex@=\dimen157
))
(C:\Users\Lenovo\AppData\Local\Programs\MiKTeX\tex/latex/amsmath\amsbsy.sty
Package: amsbsy 1999/11/29 v1.2d Bold Symbols
\pmbraise@=\dimen158
)
(C:\Users\Lenovo\AppData\Local\Programs\MiKTeX\tex/latex/amsmath\amsopn.sty
Package: amsopn 2022/04/08 v2.04 operator names
)
\inf@bad=\count286
LaTeX Info: Redefining \frac on input line 233.
\uproot@=\count287
\leftroot@=\count288
LaTeX Info: Redefining \overline on input line 398.
LaTeX Info: Redefining \colon on input line 409.
\classnum@=\count289
\DOTSCASE@=\count290
LaTeX Info: Redefining \ldots on input line 495.
LaTeX Info: Redefining \dots on input line 498.
LaTeX Info: Redefining \cdots on input line 619.
\Mathstrutbox@=\box53
\strutbox@=\box54
LaTeX Info: Redefining \big on input line 721.
LaTeX Info: Redefining \Big on input line 722.
LaTeX Info: Redefining \bigg on input line 723.
LaTeX Info: Redefining \Bigg on input line 724.
\big@size=\dimen159
LaTeX Font Info:    Redeclaring font encoding OML on input line 742.
LaTeX Font Info:    Redeclaring font encoding OMS on input line 743.
\macc@depth=\count291
LaTeX Info: Redefining \bmod on input line 904.
LaTeX Info: Redefining \pmod on input line 909.
LaTeX Info: Redefining \smash on input line 939.
LaTeX Info: Redefining \relbar on input line 969.
LaTeX Info: Redefining \Relbar on input line 970.
\c@MaxMatrixCols=\count292
\dotsspace@=\muskip17
\c@parentequation=\count293
\dspbrk@lvl=\count294
\tag@help=\toks20
\row@=\count295
\column@=\count296
\maxfields@=\count297
\andhelp@=\toks21
\eqnshift@=\dimen160
\alignsep@=\dimen161
\tagshift@=\dimen162
\tagwidth@=\dimen163
\totwidth@=\dimen164
\lineht@=\dimen165
\@envbody=\toks22
\multlinegap=\skip52
\multlinetaggap=\skip53
\mathdisplay@stack=\toks23
LaTeX Info: Redefining \[ on input line 2950.
LaTeX Info: Redefining \] on input line 2951.
)
(C:\Users\Lenovo\AppData\Local\Programs\MiKTeX\tex/latex/amsfonts\amssymb.sty
Package: amssymb 2013/01/14 v3.01 AMS font symbols

(C:\Users\Lenovo\AppData\Local\Programs\MiKTeX\tex/latex/amsfonts\amsfonts.sty
Package: amsfonts 2013/01/14 v3.01 Basic AMSFonts support
\symAMSa=\mathgroup4
\symAMSb=\mathgroup5
LaTeX Font Info:    Redeclaring math symbol \hbar on input line 98.
LaTeX Font Info:    Overwriting math alphabet `\mathfrak' in version `bold'
(Font)                  U/euf/m/n --> U/euf/b/n on input line 106.
)) (C:\Users\Lenovo\AppData\Local\Programs\MiKTeX\tex/latex/amscls\amsthm.sty
Package: amsthm 2020/05/29 v2.20.6
\thm@style=\toks24
\thm@bodyfont=\toks25
\thm@headfont=\toks26
\thm@notefont=\toks27
\thm@headpunct=\toks28
\thm@preskip=\skip54
\thm@postskip=\skip55
\thm@headsep=\skip56
\dth@everypar=\toks29
)
(C:\Users\Lenovo\AppData\Local\Programs\MiKTeX\tex/latex/graphics\graphicx.sty
Package: graphicx 2024/12/31 v1.2e Enhanced LaTeX Graphics (DPC,SPQR)

(C:\Users\Lenovo\AppData\Local\Programs\MiKTeX\tex/latex/graphics\graphics.sty
Package: graphics 2024/08/06 v1.4g Standard LaTeX Graphics (DPC,SPQR)

(C:\Users\Lenovo\AppData\Local\Programs\MiKTeX\tex/latex/graphics\trig.sty
Package: trig 2023/12/02 v1.11 sin cos tan (DPC)
)
(C:\Users\Lenovo\AppData\Local\Programs\MiKTeX\tex/latex/graphics-cfg\graphics.
cfg
File: graphics.cfg 2016/06/04 v1.11 sample graphics configuration
)
Package graphics Info: Driver file: pdftex.def on input line 106.

(C:\Users\Lenovo\AppData\Local\Programs\MiKTeX\tex/latex/graphics-def\pdftex.de
f
File: pdftex.def 2025/09/29 v1.2d Graphics/color driver for pdftex
))
\Gin@req@height=\dimen166
\Gin@req@width=\dimen167
) (C:\Users\Lenovo\AppData\Local\Programs\MiKTeX\tex/latex/cite\cite.sty
LaTeX Info: Redefining \cite on input line 302.
LaTeX Info: Redefining \nocite on input line 332.
Package: cite 2015/02/27  v 5.5
)
(C:\Users\Lenovo\AppData\Local\Programs\MiKTeX\tex/latex/hyperref\hyperref.sty
Package: hyperref 2025-07-12 v7.01o Hypertext links for LaTeX

(C:\Users\Lenovo\AppData\Local\Programs\MiKTeX\tex/latex/kvsetkeys\kvsetkeys.st
y
Package: kvsetkeys 2022-10-05 v1.19 Key value parser (HO)
)
(C:\Users\Lenovo\AppData\Local\Programs\MiKTeX\tex/generic/kvdefinekeys\kvdefin
ekeys.sty
Package: kvdefinekeys 2019-12-19 v1.6 Define keys (HO)
)
(C:\Users\Lenovo\AppData\Local\Programs\MiKTeX\tex/generic/pdfescape\pdfescape.
sty
Package: pdfescape 2019/12/09 v1.15 Implements pdfTeX's escape features (HO)

(C:\Users\Lenovo\AppData\Local\Programs\MiKTeX\tex/generic/ltxcmds\ltxcmds.sty
Package: ltxcmds 2023-12-04 v1.26 LaTeX kernel commands for general use (HO)
)
(C:\Users\Lenovo\AppData\Local\Programs\MiKTeX\tex/generic/pdftexcmds\pdftexcmd
s.sty
Package: pdftexcmds 2020-06-27 v0.33 Utility functions of pdfTeX for LuaTeX (HO
)

(C:\Users\Lenovo\AppData\Local\Programs\MiKTeX\tex/generic/infwarerr\infwarerr.
sty
Package: infwarerr 2019/12/03 v1.5 Providing info/warning/error messages (HO)
)
Package pdftexcmds Info: \pdf@primitive is available.
Package pdftexcmds Info: \pdf@ifprimitive is available.
Package pdftexcmds Info: \pdfdraftmode found.
))
(C:\Users\Lenovo\AppData\Local\Programs\MiKTeX\tex/latex/hycolor\hycolor.sty
Package: hycolor 2020-01-27 v1.10 Color options for hyperref/bookmark (HO)
)
(C:\Users\Lenovo\AppData\Local\Programs\MiKTeX\tex/latex/hyperref\nameref.sty
Package: nameref 2025-06-21 v2.57 Cross-referencing by name of section

(C:\Users\Lenovo\AppData\Local\Programs\MiKTeX\tex/latex/refcount\refcount.sty
Package: refcount 2019/12/15 v3.6 Data extraction from label references (HO)
)
(C:\Users\Lenovo\AppData\Local\Programs\MiKTeX\tex/generic/gettitlestring\getti
tlestring.sty
Package: gettitlestring 2019/12/15 v1.6 Cleanup title references (HO)

(C:\Users\Lenovo\AppData\Local\Programs\MiKTeX\tex/latex/kvoptions\kvoptions.st
y
Package: kvoptions 2022-06-15 v3.15 Key value format for package options (HO)
))
\c@section@level=\count298
)
(C:\Users\Lenovo\AppData\Local\Programs\MiKTeX\tex/latex/etoolbox\etoolbox.sty
Package: etoolbox 2025/10/02 v2.5m e-TeX tools for LaTeX (JAW)
\etb@tempcnta=\count299
)
(C:\Users\Lenovo\AppData\Local\Programs\MiKTeX\tex/generic/stringenc\stringenc.
sty
Package: stringenc 2019/11/29 v1.12 Convert strings between diff. encodings (HO
)
)
\@linkdim=\dimen168
\Hy@linkcounter=\count300
\Hy@pagecounter=\count301

(C:\Users\Lenovo\AppData\Local\Programs\MiKTeX\tex/latex/hyperref\pd1enc.def
File: pd1enc.def 2025-07-12 v7.01o Hyperref: PDFDocEncoding definition (HO)
Now handling font encoding PD1 ...
... no UTF-8 mapping file for font encoding PD1
)
(C:\Users\Lenovo\AppData\Local\Programs\MiKTeX\tex/generic/intcalc\intcalc.sty
Package: intcalc 2019/12/15 v1.3 Expandable calculations with integers (HO)
)
\Hy@SavedSpaceFactor=\count302
(C:\Users\Lenovo\AppData\Local\Programs\MiKTeX\tex/latex/hyperref\puenc.def
File: puenc.def 2025-07-12 v7.01o Hyperref: PDF Unicode definition (HO)
Now handling font encoding PU ...
... no UTF-8 mapping file for font encoding PU
)
Package hyperref Info: Hyper figures OFF on input line 4195.
Package hyperref Info: Link nesting OFF on input line 4200.
Package hyperref Info: Hyper index ON on input line 4203.
Package hyperref Info: Plain pages OFF on input line 4210.
Package hyperref Info: Backreferencing OFF on input line 4215.
Package hyperref Info: Implicit mode ON; LaTeX internals redefined.
Package hyperref Info: Bookmarks ON on input line 4462.
\c@Hy@tempcnt=\count303

(C:\Users\Lenovo\AppData\Local\Programs\MiKTeX\tex/latex/url\url.sty
\Urlmuskip=\muskip18
Package: url 2013/09/16  ver 3.4  Verb mode for urls, etc.
)
LaTeX Info: Redefining \url on input line 4801.
\XeTeXLinkMargin=\dimen169

(C:\Users\Lenovo\AppData\Local\Programs\MiKTeX\tex/generic/bitset\bitset.sty
Package: bitset 2019/12/09 v1.3 Handle bit-vector datatype (HO)

(C:\Users\Lenovo\AppData\Local\Programs\MiKTeX\tex/generic/bigintcalc\bigintcal
c.sty
Package: bigintcalc 2019/12/15 v1.5 Expandable calculations on big integers (HO
)
))
\Fld@menulength=\count304
\Field@Width=\dimen170
\Fld@charsize=\dimen171
Package hyperref Info: Hyper figures OFF on input line 6078.
Package hyperref Info: Link nesting OFF on input line 6083.
Package hyperref Info: Hyper index ON on input line 6086.
Package hyperref Info: backreferencing OFF on input line 6093.
Package hyperref Info: Link coloring OFF on input line 6098.
Package hyperref Info: Link coloring with OCG OFF on input line 6103.
Package hyperref Info: PDF/A mode OFF on input line 6108.
\Hy@abspage=\count305
\c@Item=\count306
\c@Hfootnote=\count307
)
Package hyperref Info: Driver (autodetected): hpdftex.

(C:\Users\Lenovo\AppData\Local\Programs\MiKTeX\tex/latex/hyperref\hpdftex.def
File: hpdftex.def 2025-07-12 v7.01o Hyperref driver for pdfTeX
\Fld@listcount=\count308
\c@bookmark@seq@number=\count309

(C:\Users\Lenovo\AppData\Local\Programs\MiKTeX\tex/latex/rerunfilecheck\rerunfi
lecheck.sty
Package: rerunfilecheck 2025-06-21 v1.11 Rerun checks for auxiliary files (HO)

(C:\Users\Lenovo\AppData\Local\Programs\MiKTeX\tex/generic/uniquecounter\unique
counter.sty
Package: uniquecounter 2019/12/15 v1.4 Provide unlimited unique counter (HO)
)
Package uniquecounter Info: New unique counter `rerunfilecheck' on input line 2
84.
)
\Hy@SectionHShift=\skip57
)
(C:\Users\Lenovo\AppData\Local\Programs\MiKTeX\tex/latex/xcolor\xcolor.sty
Package: xcolor 2024/09/29 v3.02 LaTeX color extensions (UK)

(C:\Users\Lenovo\AppData\Local\Programs\MiKTeX\tex/latex/graphics-cfg\color.cfg
File: color.cfg 2016/01/02 v1.6 sample color configuration
)
Package xcolor Info: Driver file: pdftex.def on input line 274.

(C:\Users\Lenovo\AppData\Local\Programs\MiKTeX\tex/latex/graphics\mathcolor.ltx
)
Package xcolor Info: Model `cmy' substituted by `cmy0' on input line 1349.
Package xcolor Info: Model `hsb' substituted by `rgb' on input line 1353.
Package xcolor Info: Model `RGB' extended on input line 1365.
Package xcolor Info: Model `HTML' substituted by `rgb' on input line 1367.
Package xcolor Info: Model `Hsb' substituted by `hsb' on input line 1368.
Package xcolor Info: Model `tHsb' substituted by `hsb' on input line 1369.
Package xcolor Info: Model `HSB' substituted by `hsb' on input line 1370.
Package xcolor Info: Model `Gray' substituted by `gray' on input line 1371.
Package xcolor Info: Model `wave' substituted by `hsb' on input line 1372.
)
(C:\Users\Lenovo\AppData\Local\Programs\MiKTeX\tex/latex/algorithms\algorithm.s
ty
Package: algorithm 2009/08/24 v0.1 Document Style `algorithm' - floating enviro
nment
 (C:\Users\Lenovo\AppData\Local\Programs\MiKTeX\tex/latex/float\float.sty
Package: float 2001/11/08 v1.3d Float enhancements (AL)
\c@float@type=\count310
\float@exts=\toks30
\float@box=\box55
\@float@everytoks=\toks31
\@floatcapt=\box56
)
(C:\Users\Lenovo\AppData\Local\Programs\MiKTeX\tex/latex/base\ifthen.sty
Package: ifthen 2024/03/16 v1.1e Standard LaTeX ifthen package (DPC)
)
\@float@every@algorithm=\toks32
\c@algorithm=\count311
)
(C:\Users\Lenovo\AppData\Local\Programs\MiKTeX\tex/latex/algorithmicx\algpseudo
code.sty
Package: algpseudocode 

(C:\Users\Lenovo\AppData\Local\Programs\MiKTeX\tex/latex/algorithmicx\algorithm
icx.sty
Package: algorithmicx 2005/04/27 v1.2 Algorithmicx

Document Style algorithmicx 1.2 - a greatly improved `algorithmic' style
\c@ALG@line=\count312
\c@ALG@rem=\count313
\c@ALG@nested=\count314
\ALG@tlm=\skip58
\ALG@thistlm=\skip59
\c@ALG@Lnr=\count315
\c@ALG@blocknr=\count316
\c@ALG@storecount=\count317
\c@ALG@tmpcounter=\count318
\ALG@tmplength=\skip60
)
Document Style - pseudocode environments for use with the `algorithmicx' style
)
(C:\Users\Lenovo\AppData\Local\Programs\MiKTeX\tex/latex/tcolorbox\tcolorbox.st
y
Package: tcolorbox 2025/09/09 version 6.8.0 text color boxes

(C:\Users\Lenovo\AppData\Local\Programs\MiKTeX\tex/latex/pgf/frontendlayer\tikz
.sty
(C:\Users\Lenovo\AppData\Local\Programs\MiKTeX\tex/latex/pgf/basiclayer\pgf.sty

(C:\Users\Lenovo\AppData\Local\Programs\MiKTeX\tex/latex/pgf/utilities\pgfrcs.s
ty
(C:\Users\Lenovo\AppData\Local\Programs\MiKTeX\tex/generic/pgf/utilities\pgfuti
l-common.tex
\pgfutil@everybye=\toks33
\pgfutil@tempdima=\dimen172
\pgfutil@tempdimb=\dimen173
)
(C:\Users\Lenovo\AppData\Local\Programs\MiKTeX\tex/generic/pgf/utilities\pgfuti
l-latex.def
\pgfutil@abb=\box57
)
(C:\Users\Lenovo\AppData\Local\Programs\MiKTeX\tex/generic/pgf/utilities\pgfrcs
.code.tex
(C:\Users\Lenovo\AppData\Local\Programs\MiKTeX\tex/generic/pgf\pgf.revision.tex
)
Package: pgfrcs 2025-08-29 v3.1.11a (3.1.11a)
))
Package: pgf 2025-08-29 v3.1.11a (3.1.11a)

(C:\Users\Lenovo\AppData\Local\Programs\MiKTeX\tex/latex/pgf/basiclayer\pgfcore
.sty
(C:\Users\Lenovo\AppData\Local\Programs\MiKTeX\tex/latex/pgf/systemlayer\pgfsys
.sty
(C:\Users\Lenovo\AppData\Local\Programs\MiKTeX\tex/generic/pgf/systemlayer\pgfs
ys.code.tex
Package: pgfsys 2025-08-29 v3.1.11a (3.1.11a)

(C:\Users\Lenovo\AppData\Local\Programs\MiKTeX\tex/generic/pgf/utilities\pgfkey
s.code.tex
\pgfkeys@pathtoks=\toks34
\pgfkeys@temptoks=\toks35

(C:\Users\Lenovo\AppData\Local\Programs\MiKTeX\tex/generic/pgf/utilities\pgfkey
slibraryfiltered.code.tex
\pgfkeys@tmptoks=\toks36
))
\pgf@x=\dimen174
\pgf@y=\dimen175
\pgf@xa=\dimen176
\pgf@ya=\dimen177
\pgf@xb=\dimen178
\pgf@yb=\dimen179
\pgf@xc=\dimen180
\pgf@yc=\dimen181
\pgf@xd=\dimen182
\pgf@yd=\dimen183
\w@pgf@writea=\write3
\r@pgf@reada=\read2
\c@pgf@counta=\count319
\c@pgf@countb=\count320
\c@pgf@countc=\count321
\c@pgf@countd=\count322
\t@pgf@toka=\toks37
\t@pgf@tokb=\toks38
\t@pgf@tokc=\toks39
\pgf@sys@id@count=\count323

(C:\Users\Lenovo\AppData\Local\Programs\MiKTeX\tex/generic/pgf/systemlayer\pgf.
cfg
File: pgf.cfg 2025-08-29 v3.1.11a (3.1.11a)
)
Driver file for pgf: pgfsys-pdftex.def

(C:\Users\Lenovo\AppData\Local\Programs\MiKTeX\tex/generic/pgf/systemlayer\pgfs
ys-pdftex.def
File: pgfsys-pdftex.def 2025-08-29 v3.1.11a (3.1.11a)

(C:\Users\Lenovo\AppData\Local\Programs\MiKTeX\tex/generic/pgf/systemlayer\pgfs
ys-common-pdf.def
File: pgfsys-common-pdf.def 2025-08-29 v3.1.11a (3.1.11a)
)))
(C:\Users\Lenovo\AppData\Local\Programs\MiKTeX\tex/generic/pgf/systemlayer\pgfs
yssoftpath.code.tex
File: pgfsyssoftpath.code.tex 2025-08-29 v3.1.11a (3.1.11a)
\pgfsyssoftpath@smallbuffer@items=\count324
\pgfsyssoftpath@bigbuffer@items=\count325
)
(C:\Users\Lenovo\AppData\Local\Programs\MiKTeX\tex/generic/pgf/systemlayer\pgfs
ysprotocol.code.tex
File: pgfsysprotocol.code.tex 2025-08-29 v3.1.11a (3.1.11a)
))
(C:\Users\Lenovo\AppData\Local\Programs\MiKTeX\tex/generic/pgf/basiclayer\pgfco
re.code.tex
Package: pgfcore 2025-08-29 v3.1.11a (3.1.11a)

(C:\Users\Lenovo\AppData\Local\Programs\MiKTeX\tex/generic/pgf/math\pgfmath.cod
e.tex
(C:\Users\Lenovo\AppData\Local\Programs\MiKTeX\tex/generic/pgf/math\pgfmathutil
.code.tex)
(C:\Users\Lenovo\AppData\Local\Programs\MiKTeX\tex/generic/pgf/math\pgfmathpars
er.code.tex
\pgfmath@dimen=\dimen184
\pgfmath@count=\count326
\pgfmath@box=\box58
\pgfmath@toks=\toks40
\pgfmath@stack@operand=\toks41
\pgfmath@stack@operation=\toks42
)
(C:\Users\Lenovo\AppData\Local\Programs\MiKTeX\tex/generic/pgf/math\pgfmathfunc
tions.code.tex)
(C:\Users\Lenovo\AppData\Local\Programs\MiKTeX\tex/generic/pgf/math\pgfmathfunc
tions.basic.code.tex)
(C:\Users\Lenovo\AppData\Local\Programs\MiKTeX\tex/generic/pgf/math\pgfmathfunc
tions.trigonometric.code.tex)
(C:\Users\Lenovo\AppData\Local\Programs\MiKTeX\tex/generic/pgf/math\pgfmathfunc
tions.random.code.tex)
(C:\Users\Lenovo\AppData\Local\Programs\MiKTeX\tex/generic/pgf/math\pgfmathfunc
tions.comparison.code.tex)
(C:\Users\Lenovo\AppData\Local\Programs\MiKTeX\tex/generic/pgf/math\pgfmathfunc
tions.base.code.tex)
(C:\Users\Lenovo\AppData\Local\Programs\MiKTeX\tex/generic/pgf/math\pgfmathfunc
tions.round.code.tex)
(C:\Users\Lenovo\AppData\Local\Programs\MiKTeX\tex/generic/pgf/math\pgfmathfunc
tions.misc.code.tex)
(C:\Users\Lenovo\AppData\Local\Programs\MiKTeX\tex/generic/pgf/math\pgfmathfunc
tions.integerarithmetics.code.tex)
(C:\Users\Lenovo\AppData\Local\Programs\MiKTeX\tex/generic/pgf/math\pgfmathcalc
.code.tex)
(C:\Users\Lenovo\AppData\Local\Programs\MiKTeX\tex/generic/pgf/math\pgfmathfloa
t.code.tex
\c@pgfmathroundto@lastzeros=\count327
))
(C:\Users\Lenovo\AppData\Local\Programs\MiKTeX\tex/generic/pgf/math\pgfint.code
.tex)
(C:\Users\Lenovo\AppData\Local\Programs\MiKTeX\tex/generic/pgf/basiclayer\pgfco
repoints.code.tex
File: pgfcorepoints.code.tex 2025-08-29 v3.1.11a (3.1.11a)
\pgf@picminx=\dimen185
\pgf@picmaxx=\dimen186
\pgf@picminy=\dimen187
\pgf@picmaxy=\dimen188
\pgf@pathminx=\dimen189
\pgf@pathmaxx=\dimen190
\pgf@pathminy=\dimen191
\pgf@pathmaxy=\dimen192
\pgf@xx=\dimen193
\pgf@xy=\dimen194
\pgf@yx=\dimen195
\pgf@yy=\dimen196
\pgf@zx=\dimen197
\pgf@zy=\dimen198
)
(C:\Users\Lenovo\AppData\Local\Programs\MiKTeX\tex/generic/pgf/basiclayer\pgfco
repathconstruct.code.tex
File: pgfcorepathconstruct.code.tex 2025-08-29 v3.1.11a (3.1.11a)
\pgf@path@lastx=\dimen199
\pgf@path@lasty=\dimen256
)
(C:\Users\Lenovo\AppData\Local\Programs\MiKTeX\tex/generic/pgf/basiclayer\pgfco
repathusage.code.tex
File: pgfcorepathusage.code.tex 2025-08-29 v3.1.11a (3.1.11a)
\pgf@shorten@end@additional=\dimen257
\pgf@shorten@start@additional=\dimen258
)
(C:\Users\Lenovo\AppData\Local\Programs\MiKTeX\tex/generic/pgf/basiclayer\pgfco
rescopes.code.tex
File: pgfcorescopes.code.tex 2025-08-29 v3.1.11a (3.1.11a)
\pgfpic=\box59
\pgf@hbox=\box60
\pgf@layerbox@main=\box61
\pgf@picture@serial@count=\count328
)
(C:\Users\Lenovo\AppData\Local\Programs\MiKTeX\tex/generic/pgf/basiclayer\pgfco
regraphicstate.code.tex
File: pgfcoregraphicstate.code.tex 2025-08-29 v3.1.11a (3.1.11a)
\pgflinewidth=\dimen259
)
(C:\Users\Lenovo\AppData\Local\Programs\MiKTeX\tex/generic/pgf/basiclayer\pgfco
retransformations.code.tex
File: pgfcoretransformations.code.tex 2025-08-29 v3.1.11a (3.1.11a)
\pgf@pt@x=\dimen260
\pgf@pt@y=\dimen261
\pgf@pt@temp=\dimen262
)
(C:\Users\Lenovo\AppData\Local\Programs\MiKTeX\tex/generic/pgf/basiclayer\pgfco
requick.code.tex
File: pgfcorequick.code.tex 2025-08-29 v3.1.11a (3.1.11a)
)
(C:\Users\Lenovo\AppData\Local\Programs\MiKTeX\tex/generic/pgf/basiclayer\pgfco
reobjects.code.tex
File: pgfcoreobjects.code.tex 2025-08-29 v3.1.11a (3.1.11a)
)
(C:\Users\Lenovo\AppData\Local\Programs\MiKTeX\tex/generic/pgf/basiclayer\pgfco
repathprocessing.code.tex
File: pgfcorepathprocessing.code.tex 2025-08-29 v3.1.11a (3.1.11a)
)
(C:\Users\Lenovo\AppData\Local\Programs\MiKTeX\tex/generic/pgf/basiclayer\pgfco
rearrows.code.tex
File: pgfcorearrows.code.tex 2025-08-29 v3.1.11a (3.1.11a)
\pgfarrowsep=\dimen263
)
(C:\Users\Lenovo\AppData\Local\Programs\MiKTeX\tex/generic/pgf/basiclayer\pgfco
reshade.code.tex
File: pgfcoreshade.code.tex 2025-08-29 v3.1.11a (3.1.11a)
\pgf@max=\dimen264
\pgf@sys@shading@range@num=\count329
\pgf@shadingcount=\count330
)
(C:\Users\Lenovo\AppData\Local\Programs\MiKTeX\tex/generic/pgf/basiclayer\pgfco
reimage.code.tex
File: pgfcoreimage.code.tex 2025-08-29 v3.1.11a (3.1.11a)
)
(C:\Users\Lenovo\AppData\Local\Programs\MiKTeX\tex/generic/pgf/basiclayer\pgfco
reexternal.code.tex
File: pgfcoreexternal.code.tex 2025-08-29 v3.1.11a (3.1.11a)
\pgfexternal@startupbox=\box62
)
(C:\Users\Lenovo\AppData\Local\Programs\MiKTeX\tex/generic/pgf/basiclayer\pgfco
relayers.code.tex
File: pgfcorelayers.code.tex 2025-08-29 v3.1.11a (3.1.11a)
)
(C:\Users\Lenovo\AppData\Local\Programs\MiKTeX\tex/generic/pgf/basiclayer\pgfco
retransparency.code.tex
File: pgfcoretransparency.code.tex 2025-08-29 v3.1.11a (3.1.11a)
)
(C:\Users\Lenovo\AppData\Local\Programs\MiKTeX\tex/generic/pgf/basiclayer\pgfco
repatterns.code.tex
File: pgfcorepatterns.code.tex 2025-08-29 v3.1.11a (3.1.11a)
)
(C:\Users\Lenovo\AppData\Local\Programs\MiKTeX\tex/generic/pgf/basiclayer\pgfco
rerdf.code.tex
File: pgfcorerdf.code.tex 2025-08-29 v3.1.11a (3.1.11a)
)))
(C:\Users\Lenovo\AppData\Local\Programs\MiKTeX\tex/generic/pgf/modules\pgfmodul
eshapes.code.tex
File: pgfmoduleshapes.code.tex 2025-08-29 v3.1.11a (3.1.11a)
\pgfnodeparttextbox=\box63
)
(C:\Users\Lenovo\AppData\Local\Programs\MiKTeX\tex/generic/pgf/modules\pgfmodul
eplot.code.tex
File: pgfmoduleplot.code.tex 2025-08-29 v3.1.11a (3.1.11a)
)
(C:\Users\Lenovo\AppData\Local\Programs\MiKTeX\tex/latex/pgf/compatibility\pgfc
omp-version-0-65.sty
Package: pgfcomp-version-0-65 2025-08-29 v3.1.11a (3.1.11a)
\pgf@nodesepstart=\dimen265
\pgf@nodesepend=\dimen266
)
(C:\Users\Lenovo\AppData\Local\Programs\MiKTeX\tex/latex/pgf/compatibility\pgfc
omp-version-1-18.sty
Package: pgfcomp-version-1-18 2025-08-29 v3.1.11a (3.1.11a)
))
(C:\Users\Lenovo\AppData\Local\Programs\MiKTeX\tex/latex/pgf/utilities\pgffor.s
ty
(C:\Users\Lenovo\AppData\Local\Programs\MiKTeX\tex/latex/pgf/utilities\pgfkeys.
sty
(C:\Users\Lenovo\AppData\Local\Programs\MiKTeX\tex/generic/pgf/utilities\pgfkey
s.code.tex))
(C:\Users\Lenovo\AppData\Local\Programs\MiKTeX\tex/latex/pgf/math\pgfmath.sty
(C:\Users\Lenovo\AppData\Local\Programs\MiKTeX\tex/generic/pgf/math\pgfmath.cod
e.tex))
(C:\Users\Lenovo\AppData\Local\Programs\MiKTeX\tex/generic/pgf/utilities\pgffor
.code.tex
Package: pgffor 2025-08-29 v3.1.11a (3.1.11a)
\pgffor@iter=\dimen267
\pgffor@skip=\dimen268
\pgffor@stack=\toks43
\pgffor@toks=\toks44
))
(C:\Users\Lenovo\AppData\Local\Programs\MiKTeX\tex/generic/pgf/frontendlayer/ti
kz\tikz.code.tex
Package: tikz 2025-08-29 v3.1.11a (3.1.11a)

(C:\Users\Lenovo\AppData\Local\Programs\MiKTeX\tex/generic/pgf/libraries\pgflib
raryplothandlers.code.tex
File: pgflibraryplothandlers.code.tex 2025-08-29 v3.1.11a (3.1.11a)
\pgf@plot@mark@count=\count331
\pgfplotmarksize=\dimen269
)
\tikz@lastx=\dimen270
\tikz@lasty=\dimen271
\tikz@lastxsaved=\dimen272
\tikz@lastysaved=\dimen273
\tikz@lastmovetox=\dimen274
\tikz@lastmovetoy=\dimen275
\tikzleveldistance=\dimen276
\tikzsiblingdistance=\dimen277
\tikz@figbox=\box64
\tikz@figbox@bg=\box65
\tikz@tempbox=\box66
\tikz@tempbox@bg=\box67
\tikztreelevel=\count332
\tikznumberofchildren=\count333
\tikznumberofcurrentchild=\count334
\tikz@fig@count=\count335

(C:\Users\Lenovo\AppData\Local\Programs\MiKTeX\tex/generic/pgf/modules\pgfmodul
ematrix.code.tex
File: pgfmodulematrix.code.tex 2025-08-29 v3.1.11a (3.1.11a)
\pgfmatrixcurrentrow=\count336
\pgfmatrixcurrentcolumn=\count337
\pgf@matrix@numberofcolumns=\count338
)
\tikz@expandcount=\count339

(C:\Users\Lenovo\AppData\Local\Programs\MiKTeX\tex/generic/pgf/frontendlayer/ti
kz/libraries\tikzlibrarytopaths.code.tex
File: tikzlibrarytopaths.code.tex 2025-08-29 v3.1.11a (3.1.11a)
)))
(C:\Users\Lenovo\AppData\Local\Programs\MiKTeX\tex/latex/tools\verbatim.sty
Package: verbatim 2024-01-22 v1.5x LaTeX2e package for verbatim enhancements
\every@verbatim=\toks45
\verbatim@line=\toks46
\verbatim@in@stream=\read3
)
(C:\Users\Lenovo\AppData\Local\Programs\MiKTeX\tex/latex/environ\environ.sty
Package: environ 2014/05/04 v0.3 A new way to define environments

(C:\Users\Lenovo\AppData\Local\Programs\MiKTeX\tex/latex/trimspaces\trimspaces.
sty
Package: trimspaces 2009/09/17 v1.1 Trim spaces around a token list
))
\tcb@titlebox=\box68
\tcb@upperbox=\box69
\tcb@lowerbox=\box70
\tcb@phantombox=\box71
\c@tcbbreakpart=\count340
\c@tcblayer=\count341
\c@tcolorbox@number=\count342
\l__tcobox_tmpa_box=\box72
\l__tcobox_tmpa_dim=\dimen278
\tcb@temp=\box73
\tcb@temp=\box74
\tcb@temp=\box75
\tcb@temp=\box76
)
(C:\Users\Lenovo\AppData\Local\Programs\MiKTeX\tex/latex/enumitem\enumitem.sty
Package: enumitem 2025/02/06 v3.11 Customized lists
\labelindent=\skip61
\enit@outerparindent=\dimen279
\enit@toks=\toks47
\enit@inbox=\box77
\enit@count@id=\count343
\enitdp@description=\count344
)
\c@theorem=\count345

(C:\Users\Lenovo\AppData\Local\Programs\MiKTeX\tex/latex/l3backend\l3backend-pd
ftex.def
File: l3backend-pdftex.def 2025-10-09 L3 backend support: PDF output (pdfTeX)
\l__color_backend_stack_int=\count346
) (ns.aux

LaTeX Warning: Label `axiom:info' multiply defined.


LaTeX Warning: Label `thm:info_blowup' multiply defined.


LaTeX Warning: Label `axiom:entropy' multiply defined.


LaTeX Warning: Label `thm:entropy_alignment' multiply defined.


LaTeX Warning: Label `axiom:fluctuation' multiply defined.


LaTeX Warning: Label `thm:fluctuation_alignment' multiply defined.


LaTeX Warning: Label `thm:physical_global' multiply defined.


LaTeX Warning: Label `thm:dir_cannot_decay' multiply defined.


LaTeX Warning: Label `def:dir_entropy' multiply defined.


LaTeX Warning: Label `eq:dir_entropy_def' multiply defined.


LaTeX Warning: Label `def:local_dir_entropy' multiply defined.


LaTeX Warning: Label `thm:dir_entropy_production' multiply defined.


LaTeX Warning: Label `eq:stochastic_ns_dir' multiply defined.


LaTeX Warning: Label `eq:entropy_production_dir' multiply defined.


LaTeX Warning: Label `eq:pi_visc' multiply defined.


LaTeX Warning: Label `thm:entropy_increase_alignment' multiply defined.


LaTeX Warning: Label `eq:entropy_increase_near_align' multiply defined.


LaTeX Warning: Label `cor:sdir_lower' multiply defined.


LaTeX Warning: Label `eq:sdir_lower_bound' multiply defined.


LaTeX Warning: Label `thm:entropy_variation' multiply defined.


LaTeX Warning: Label `thm:fluctuations_dominate' multiply defined.


LaTeX Warning: Label `eq:alignment_decay' multiply defined.


LaTeX Warning: Label `sec:quantum_classical' multiply defined.


LaTeX Warning: Label `axiom:quantum' multiply defined.


LaTeX Warning: Label `eq:zero_point' multiply defined.


LaTeX Warning: Label `thm:quantum_alignment' multiply defined.


LaTeX Warning: Label `eq:quantum_dir_fluct' multiply defined.


LaTeX Warning: Label `cor:universal_dir_bound' multiply defined.


LaTeX Warning: Label `thm:complete_physical' multiply defined.


LaTeX Warning: Label `eq:dissipative_geodesic' multiply defined.


LaTeX Warning: Label `def:admissible' multiply defined.


LaTeX Warning: Label `eq:constraint_manifold' multiply defined.


LaTeX Warning: Label `thm:invariance' multiply defined.


LaTeX Warning: Label `thm:compactness' multiply defined.


LaTeX Warning: Label `eq:cns' multiply defined.


LaTeX Warning: Label `thm:cns_regularity' multiply defined.


LaTeX Warning: Label `thm:equivalence' multiply defined.


LaTeX Warning: Label `thm:complete' multiply defined.


LaTeX Warning: Label `lem:omega_minus_alignment' multiply defined.


LaTeX Warning: Label `eq:alignment_constraint' multiply defined.


LaTeX Warning: Label `lem:stretching_reduction' multiply defined.

)
\openout1 = `ns.aux'.

LaTeX Font Info:    Checking defaults for OML/cmm/m/it on input line 39.
LaTeX Font Info:    ... okay on input line 39.
LaTeX Font Info:    Checking defaults for OMS/cmsy/m/n on input line 39.
LaTeX Font Info:    ... okay on input line 39.
LaTeX Font Info:    Checking defaults for OT1/cmr/m/n on input line 39.
LaTeX Font Info:    ... okay on input line 39.
LaTeX Font Info:    Checking defaults for T1/cmr/m/n on input line 39.
LaTeX Font Info:    ... okay on input line 39.
LaTeX Font Info:    Checking defaults for TS1/cmr/m/n on input line 39.
LaTeX Font Info:    ... okay on input line 39.
LaTeX Font Info:    Checking defaults for OMX/cmex/m/n on input line 39.
LaTeX Font Info:    ... okay on input line 39.
LaTeX Font Info:    Checking defaults for U/cmr/m/n on input line 39.
LaTeX Font Info:    ... okay on input line 39.
LaTeX Font Info:    Checking defaults for PD1/pdf/m/n on input line 39.
LaTeX Font Info:    ... okay on input line 39.
LaTeX Font Info:    Checking defaults for PU/pdf/m/n on input line 39.
LaTeX Font Info:    ... okay on input line 39.

*geometry* driver: auto-detecting
*geometry* detected driver: pdftex
*geometry* verbose mode - [ preamble ] result:
* driver: pdftex
* paper: a4paper
* layout: <same size as paper>
* layoutoffset:(h,v)=(0.0pt,0.0pt)
* modes: 
* h-part:(L,W,R)=(72.26999pt, 452.9679pt, 72.26999pt)
* v-part:(T,H,B)=(72.26999pt, 700.50687pt, 72.26999pt)
* \paperwidth=597.50787pt
* \paperheight=845.04684pt
* \textwidth=452.9679pt
* \textheight=700.50687pt
* \oddsidemargin=0.0pt
* \evensidemargin=0.0pt
* \topmargin=-37.0pt
* \headheight=12.0pt
* \headsep=25.0pt
* \topskip=12.0pt
* \footskip=30.0pt
* \marginparwidth=35.0pt
* \marginparsep=10.0pt
* \columnsep=10.0pt
* \skip\footins=10.8pt plus 4.0pt minus 2.0pt
* \hoffset=0.0pt
* \voffset=0.0pt
* \mag=1000
* \@twocolumnfalse
* \@twosidefalse
* \@mparswitchfalse
* \@reversemarginfalse
* (1in=72.27pt=25.4mm, 1cm=28.453pt)


(C:\Users\Lenovo\AppData\Local\Programs\MiKTeX\tex/context/base/mkii\supp-pdf.m
kii
[Loading MPS to PDF converter (version 2006.09.02).]
\scratchcounter=\count347
\scratchdimen=\dimen280
\scratchbox=\box78
\nofMPsegments=\count348
\nofMParguments=\count349
\everyMPshowfont=\toks48
\MPscratchCnt=\count350
\MPscratchDim=\dimen281
\MPnumerator=\count351
\makeMPintoPDFobject=\count352
\everyMPtoPDFconversion=\toks49
)
(C:\Users\Lenovo\AppData\Local\Programs\MiKTeX\tex/latex/epstopdf-pkg\epstopdf-
base.sty
Package: epstopdf-base 2020-01-24 v2.11 Base part for package epstopdf
Package epstopdf-base Info: Redefining graphics rule for `.eps' on input line 4
85.

(C:\Users\Lenovo\AppData\Local\Programs\MiKTeX\tex/latex/00miktex\epstopdf-sys.
cfg
File: epstopdf-sys.cfg 2021/03/18 v2.0 Configuration of epstopdf for MiKTeX
))
Package hyperref Info: Link coloring OFF on input line 39.
 (ns.out) (ns.out)
\@outlinefile=\write4
\openout4 = `ns.out'.

LaTeX Font Info:    Trying to load font information for U+msa on input line 42.


(C:\Users\Lenovo\AppData\Local\Programs\MiKTeX\tex/latex/amsfonts\umsa.fd
File: umsa.fd 2013/01/14 v3.01 AMS symbols A
)
LaTeX Font Info:    Trying to load font information for U+msb on input line 42.


(C:\Users\Lenovo\AppData\Local\Programs\MiKTeX\tex/latex/amsfonts\umsb.fd
File: umsb.fd 2013/01/14 v3.01 AMS symbols B
)
Overfull \hbox (6.85176pt too wide) in paragraph at lines 54--55
\OT1/cmr/m/n/10.95 lar-iza-tion terms from ki-netic the-ory (Bur-nett equa-tion
s), fluctuation-dissipation
 []

[1

{C:/Users/Lenovo/AppData/Local/MiKTeX/fonts/map/pdftex/pdftex.map}] [2]
[3] [4]
Underfull \hbox (badness 1874) in paragraph at lines 231--232
[]\OT1/cmr/bx/n/12 Direction en-tropy reg-u-lar-ity (Sec-tion 11)\OT1/cmr/m/n/1
2 : Con-di-tional on the
 []

[5]
Overfull \hbox (3.43674pt too wide) in paragraph at lines 254--255
[][]\OT1/cmr/bx/n/12 Definition 2.1 \OT1/cmr/m/n/12 (Renor-mal-iza-tion Group T
rans-for-ma-tion)\OT1/cmr/bx/n/12 . []\OT1/cmr/m/n/12 A renor-mal-iza-tion grou
p trans-
 []

[6] [7] [8] [9]
Overfull \hbox (33.38214pt too wide) in paragraph at lines 508--509
\OT1/cmr/m/n/12 Consider $\OML/cmm/m/it/12 N$ \OT1/cmr/m/n/12 par-ti-cles with 
Hamil-to-nian dy-nam-ics. The $\OML/cmm/m/it/12 N$\OT1/cmr/m/n/12 -particle dis
-tri-bu-tion $\OML/cmm/m/it/12 f[]\OT1/cmr/m/n/12 (\OML/cmm/m/it/12 z[]; [] ; z
[]; t\OT1/cmr/m/n/12 )$
 []

[10] [11] [12] [13]
Overfull \hbox (16.15047pt too wide) in paragraph at lines 687--697
 [] 
 []


Overfull \hbox (1.95193pt too wide) in paragraph at lines 735--736
[][]\OT1/cmr/bx/n/12 Definition 6.2 \OT1/cmr/m/n/12 (Phys-i-cal-ly-Reg-u-lar-iz
ed Navier-S-tokes)\OT1/cmr/bx/n/12 . []\OT1/cmr/m/n/12 The phys-i-cally cor-rec
t fluid equa-
 []

[14] [15] [16] [17] [18]
Overfull \hbox (27.33994pt too wide) in paragraph at lines 992--992
[]\OT1/cmr/bx/n/17.28 Scale-Bridging Pro-gram: From Mi-cro-scopic to Macro-
 []

[19]
Overfull \hbox (34.90984pt too wide) in paragraph at lines 1066--1066
[]\OT1/cmr/bx/n/17.28 Numerical Val-i-da-tion and Com-pu-ta-tional Ap-proaches 

 []

Package hyperref Info: bookmark level for unknown algorithm defaults to 0 on in
put line 1073.
[20] [21
pdfTeX warning (ext4): destination with the same identifier (name{table.1}) has
 been already used, duplicate ignored
<argument> ...shipout:D \box_use:N \l_shipout_box 
                                                  \__shipout_drop_firstpage_...
l.1137 P
        rediction: Energy spectrum $E(k,t)$ follows theoretical scaling; hyp...
]
Overfull \hbox (6.64255pt too wide) in paragraph at lines 1184--1186
[][]\OT1/cmr/bx/n/12 Definition 13.1. []\OT1/cmr/m/n/12 For $[] \OMS/cmsy/m/n/1
2 6\OT1/cmr/m/n/12 = 0$, de-fine the unit vor-tic-ity di-rec-tion: $[](\OT1/cmr
/bx/n/12 x\OML/cmm/m/it/12 ; t\OT1/cmr/m/n/12 ) = [](\OT1/cmr/bx/n/12 x\OML/cmm
/m/it/12 ; t\OT1/cmr/m/n/12 )\OML/cmm/m/it/12 =\OMS/cmsy/m/n/12 j[]\OT1/cmr/m/n
/12 (\OT1/cmr/bx/n/12 x\OML/cmm/m/it/12 ; t\OT1/cmr/m/n/12 )\OMS/cmsy/m/n/12 j$
\OT1/cmr/m/n/12 . 
 []

[22] [23] [24] [25]
Overfull \hbox (1.45656pt too wide) in paragraph at lines 1409--1411
\OT1/cmr/m/n/12 where the ap-prox-i-ma-tions are equal-i-ties up to con-stants 
de-pend-ing only on the Littlewood-
 []

[26] [27] [28] [29] [30]
Overfull \hbox (7.346pt too wide) in paragraph at lines 1673--1674
[]\OT1/cmr/m/n/12 Suppose $\OML/cmm/m/it/12 T[] < \OMS/cmsy/m/n/12 1$\OT1/cmr/m
/n/12 . By The-o-rem []14.18[], $[][] \OML/cmm/m/it/12 G\OT1/cmr/m/n/12 (\OML/c
mm/m/it/12 t\OT1/cmr/m/n/12 )\OML/cmm/m/it/12 dt \OT1/cmr/m/n/12 =
 []

[31] [32] [33] [34] [35] [36]
Overfull \hbox (1.75403pt too wide) in paragraph at lines 2029--2030
[]\OT1/cmr/m/n/12 Since $\OMS/cmsy/m/n/12 r\OT1/cmr/bx/n/12 u$ \OT1/cmr/m/n/12 
and $[]$ have com-pa-ra-ble norms (up to con-stants) and by Gagliardo-Nirenberg
: 
 []

[37] [38]

Package hyperref Warning: Token not allowed in a PDF string (Unicode):
(hyperref)                removing `math shift' on input line 2105.


Package hyperref Warning: Token not allowed in a PDF string (Unicode):
(hyperref)                removing `\alpha' on input line 2105.


Package hyperref Warning: Token not allowed in a PDF string (Unicode):
(hyperref)                removing `math shift' on input line 2105.

[39] [40] [41]
Underfull \hbox (badness 10000) in paragraph at lines 2314--2314
[]\OT1/cmr/m/n/10.95 Leray
 []


Underfull \hbox (badness 10000) in paragraph at lines 2314--2314
\OT1/cmr/m/n/10.95 (1934);
 []


Underfull \hbox (badness 10000) in paragraph at lines 2316--2316
[]\OT1/cmr/m/n/10.95 Partial reg-u-lar-ity
 []


Underfull \hbox (badness 10000) in paragraph at lines 2316--2316
[]\OT1/cmr/m/n/10.95 CKN
 []


Underfull \hbox (badness 10000) in paragraph at lines 2318--2318
[]\OT1/cmr/m/n/10.95 Lions
 []


Underfull \hbox (badness 10000) in paragraph at lines 2320--2320
[]\OT1/cmr/bx/n/10.95 This pa-
 []


Underfull \hbox (badness 10000) in paragraph at lines 2320--2321
[]\OT1/cmr/m/n/10.95 Littlewood-Paley,
 []


Underfull \hbox (badness 10000) in paragraph at lines 2320--2321
\OT1/cmr/m/n/10.95 frequency-localized es-
 []


Underfull \hbox (badness 10000) in paragraph at lines 2322--2322
[]\OT1/cmr/m/n/10.95 Katz-
 []


Underfull \hbox (badness 10000) in paragraph at lines 2322--2322
\OT1/cmr/m/n/10.95 Pavlovi^^Sc
 []


Underfull \hbox (badness 10000) in paragraph at lines 2326--2326
[]\OT1/cmr/m/n/10.95 Flandoli-
 []


Underfull \hbox (badness 10000) in paragraph at lines 2326--2326
\OT1/cmr/m/n/10.95 Gatarek
 []


Underfull \hbox (badness 10000) in paragraph at lines 2328--2328
[]\OT1/cmr/m/n/10.95 Stochastic NS
 []


Underfull \hbox (badness 10000) in paragraph at lines 2328--2328
[]\OT1/cmr/bx/n/10.95 This pa-
 []


Underfull \hbox (badness 10000) in paragraph at lines 2328--2329
[]\OT1/cmr/m/n/10.95 Direction en-tropy,
 []

[42] [43] [44] [45] [46] [47] [48]
Overfull \hbox (14.43127pt too wide) in paragraph at lines 2641--2642
[][]\OT1/cmr/bx/n/12 Theorem 21.19 \OT1/cmr/m/n/12 (NS as GENERIC Sys-tem)\OT1/
cmr/bx/n/12 . []\OT1/cmr/m/n/12 The Navier-Stokes equa-tions fit the GENERIC
 []

[49] [50]
Overfull \hbox (22.75533pt too wide) in paragraph at lines 2738--2739
[]\OT1/cmr/bx/n/12 Modified en-ergy spec-trum\OT1/cmr/m/n/12 : $\OML/cmm/m/it/1
2 E\OT1/cmr/m/n/12 (\OML/cmm/m/it/12 k\OT1/cmr/m/n/12 ) \OMS/cmsy/m/n/12 ^^X \O
ML/cmm/m/it/12 k[]\OT1/cmr/m/n/12 (1 + (\OML/cmm/m/it/12 `[]k\OT1/cmr/m/n/12 )[
])[]$ where $\OML/cmm/m/it/12 `[] \OT1/cmr/m/n/12 = (\OML/cmm/m/it/12 k[]T=^^Z^
^W[]\OT1/cmr/m/n/12 )[]$ 
 []


Overfull \hbox (96.29372pt too wide) in paragraph at lines 2749--2760
 [] 
 []

[51]
Overfull \hbox (3.67715pt too wide) in paragraph at lines 2826--2827
[][]\OT1/cmr/bx/n/12 Definition 21.28 \OT1/cmr/m/n/12 (In-vari-ant Gibbs Mea-su
re)\OT1/cmr/bx/n/12 . []\OT1/cmr/m/n/12 For the fluc-tu-at-ing NS sys-tem on a 
bounded
 []

[52] [53] [54] [55]
Underfull \hbox (badness 2050) in paragraph at lines 3006--3006
[]\OT1/cmr/m/n/12 Energy bounded, dis-si-pa-
 []


Underfull \hbox (badness 10000) in paragraph at lines 3008--3008
[]\OT1/cmr/m/n/12 Critical space well-
 []

[56] [57] [58] [59] [60]
Overfull \hbox (4.30829pt too wide) in paragraph at lines 3315--3316
[]\OT1/cmr/bx/n/12 Landau-Lifshitz for-mu-la-tion: \OT1/cmr/m/n/12 The stochas-
tic Navier-Stokes equa-tions (also called
 []

[61] [62] [63] [64] [65]
Overfull \hbox (4.2149pt too wide) in paragraph at lines 3605--3605
[]\OT1/cmr/bx/n/14.4 Connection Be-tween Di-rec-tion En-tropy and Di-rec-tion V
ari-
 []

[66]
Overfull \hbox (3.15437pt too wide) in paragraph at lines 3668--3669
[]\OT1/cmr/m/n/12 We an-a-lyze the com-pe-ti-tion be-tween noise (which de-crea
ses align-ment) and stretch-
 []

[67] [68] [69] [70] [71] [72] [73] [74] [75] [76] [77] [78]

LaTeX Warning: Reference `thm:hem' on page 79 undefined on input line 4311.


Package hyperref Warning: Token not allowed in a PDF string (Unicode):
(hyperref)                removing `math shift' on input line 4311.


Package hyperref Warning: Token not allowed in a PDF string (Unicode):
(hyperref)                removing `\Omega' on input line 4311.


Package hyperref Warning: Token not allowed in a PDF string (Unicode):
(hyperref)                removing `subscript' on input line 4311.


Package hyperref Warning: Token not allowed in a PDF string (Unicode):
(hyperref)                removing `math shift' on input line 4311.


LaTeX Warning: Reference `thm:hem' on page 79 undefined on input line 4313.

[79]
Overfull \hbox (20.95107pt too wide) in paragraph at lines 4360--4361
[]\OT1/cmr/bx/n/12 Claimed (un-proven) im-prove-ment\OT1/cmr/m/n/12 : The net e
f-fect is a fac-tor $\OMS/cmsy/m/n/12 ^^X \OT1/cmr/m/n/12 (1 \OMS/cmsy/m/n/12 ^
^@ \OML/cmm/m/it/12 c\OMS/cmsy/m/n/12 j\OML/cmm/m/it/12 H\OMS/cmsy/m/n/12 j\OML
/cmm/m/it/12 =\OT1/cmr/m/n/12 (\OML/cmm/m/it/12 E[]\OMS/cmsy/m/n/12 k[]k[]\OT1/
cmr/m/n/12 ))$
 []


! LaTeX Error: \begin{remark} on input line 4363 ended by \end{proof}.

See the LaTeX manual or LaTeX Companion for explanation.
Type  H <return>  for immediate help.
 ...                                              
                                                  
l.4364 \end{proof}
                  
Your command was ignored.
Type  I <command> <return>  to replace it with another command,
or  <return>  to continue without it.

[80]

LaTeX Warning: Reference `thm:rigorous_blowup_char' on page 81 undefined on inp
ut line 4426.


LaTeX Warning: Reference `thm:rigorous_blowup_char' on page 81 undefined on inp
ut line 4469.


LaTeX Warning: Reference `thm:instantaneous_tnc' on page 81 undefined on input 
line 4481.

[81]

LaTeX Warning: Reference `thm:rigorous_blowup_char' on page 82 undefined on inp
ut line 4528.


LaTeX Warning: Reference `thm:instantaneous_tnc' on page 82 undefined on input 
line 4536.

[82]

LaTeX Warning: Reference `thm:helical_regularity' on page 83 undefined on input
 line 4572.


LaTeX Warning: Reference `thm:hem' on page 83 undefined on input line 4572.

[83]

LaTeX Warning: Reference `thm:main_new' on page 84 undefined on input line 4597
.


LaTeX Warning: Reference `thm:hem' on page 84 undefined on input line 4598.


LaTeX Warning: Reference `thm:instantaneous_tnc' on page 84 undefined on input 
line 4600.


LaTeX Warning: Reference `thm:rigorous_blowup_char' on page 84 undefined on inp
ut line 4605.


LaTeX Warning: Reference `thm:ddh_proved' on page 84 undefined on input line 46
09.

[84] [85] [86] [87]

LaTeX Warning: Reference `thm:ddh_proved' on page 88 undefined on input line 47
49.

[88] [89] [90] [91] [92] [93]
Overfull \hbox (4.30829pt too wide) in paragraph at lines 5137--5138
[]\OT1/cmr/bx/n/12 Landau-Lifshitz for-mu-la-tion: \OT1/cmr/m/n/12 The stochas-
tic Navier-Stokes equa-tions (also called
 []

[94] [95] [96] [97] [98] [99] [100]
Overfull \hbox (3.15437pt too wide) in paragraph at lines 5514--5515
[]\OT1/cmr/m/n/12 We an-a-lyze the com-pe-ti-tion be-tween noise (which de-crea
ses align-ment) and stretch-
 []


Overfull \hbox (5.21832pt too wide) in paragraph at lines 5550--5551
[]$\OMS/cmsy/m/n/12 F$\OT1/cmr/m/n/12 : $[] \OMS/cmsy/m/n/12 j[]j[]\OML/cmm/m/i
t/12 d\OT1/cmr/bx/n/12 x$ \OT1/cmr/m/n/12 is dom-i-nated by re-gions away from 
the blowup, so $\OMS/cmsy/m/n/12 F ^^X j\OT1/cmr/m/n/12 
\OMS/cmsy/m/n/12 j ^^A \OML/cmm/m/it/12 ![] \OMS/cmsy/m/n/12 ^^X
 []

[101] [102] [103] [104] [105] [106] [107] [108] [109] [110] [111] [112]
[113]

LaTeX Warning: Reference `thm:info_regularity' on page 114 undefined on input l
ine 6331.


LaTeX Warning: Reference `thm:gcc_explicit' on page 114 undefined on input line
 6331.

[114] [115]
Overfull \vbox (33.67308pt too high) has occurred while \output is active []


[116]
pdfTeX warning (ext4): destination with the same identifier (name{appendix.A}) 
has been already used, duplicate ignored
<to be read again> 
                   \relax 
l.6368 \section{Technical Lemmas and Proofs}
                                            
pdfTeX warning (ext4): destination with the same identifier (name{subsection.A.
1}) has been already used, duplicate ignored
<to be read again> 
                   \relax 
l.6372 ...ega_-$ Region for Theorem \ref{thm:hem}}
                                                  

LaTeX Warning: Reference `thm:hem' on page 117 undefined on input line 6372.


Package hyperref Warning: Token not allowed in a PDF string (Unicode):
(hyperref)                removing `math shift' on input line 6372.


Package hyperref Warning: Token not allowed in a PDF string (Unicode):
(hyperref)                removing `\Omega' on input line 6372.


Package hyperref Warning: Token not allowed in a PDF string (Unicode):
(hyperref)                removing `subscript' on input line 6372.


Package hyperref Warning: Token not allowed in a PDF string (Unicode):
(hyperref)                removing `math shift' on input line 6372.


LaTeX Warning: Reference `thm:hem' on page 117 undefined on input line 6374.


pdfTeX warning (ext4): destination with the same identifier (name{theorem.A.1})
 has been already used, duplicate ignored
<to be read again> 
                   \relax 
l.6377 I
        n the region $\Omega_- = \{x : |\mathbf{u} \cdot \boldsymbol{\omega}...

pdfTeX warning (ext4): destination with the same identifier (name{theorem.A.2})
 has been already used, duplicate ignored
<to be read again> 
                   \relax 
l.6389 O
        n $\Omega_-$, the vortex stretching term $\boldsymbol{\omega}^T \mat...
[117]
Overfull \hbox (20.95107pt too wide) in paragraph at lines 6421--6422
[]\OT1/cmr/bx/n/12 Claimed (un-proven) im-prove-ment\OT1/cmr/m/n/12 : The net e
f-fect is a fac-tor $\OMS/cmsy/m/n/12 ^^X \OT1/cmr/m/n/12 (1 \OMS/cmsy/m/n/12 ^
^@ \OML/cmm/m/it/12 c\OMS/cmsy/m/n/12 j\OML/cmm/m/it/12 H\OMS/cmsy/m/n/12 j\OML
/cmm/m/it/12 =\OT1/cmr/m/n/12 (\OML/cmm/m/it/12 E[]\OMS/cmsy/m/n/12 k[]k[]\OT1/
cmr/m/n/12 ))$
 []


pdfTeX warning (ext4): destination with the same identifier (name{theorem.A.3})
 has been already used, duplicate ignored
<to be read again> 
                   \relax 
l.6425 T
        he key difficulty is that the alignment constraint $|\mathbf{u} \cdo...

LaTeX Warning: Reference `thm:hem' on page 118 undefined on input line 6434.


pdfTeX warning (ext4): destination with the same identifier (name{subsection.A.
2}) has been already used, duplicate ignored
<to be read again> 
                   \relax 
l.6437 ...tion{Rigorous Analysis of HEM Exponents}
                                                  

LaTeX Warning: Reference `thm:hem' on page 118 undefined on input line 6439.


pdfTeX warning (ext4): destination with the same identifier (name{theorem.A.4})
 has been already used, duplicate ignored
<to be read again> 
                   \relax 
l.6442 T
        he physical dimensions of the quantities in Theorem \ref{thm:hem} are:

LaTeX Warning: Reference `thm:hem' on page 118 undefined on input line 6442.


pdfTeX warning (ext4): destination with the same identifier (name{theorem.A.5})
 has been already used, duplicate ignored
<to be read again> 
                   \relax 
l.6456 F
        or the bound $R \leq C |H|^a \mathcal{E}_H^b \mathcal{D}_H^c$ to be ...

Overfull \hbox (15.48233pt too wide) in paragraph at lines 6456--6457
[][]\OT1/cmr/bx/n/12 Proposition A.5 \OT1/cmr/m/n/12 (Ex-po-nent Con-straint fr
om Di-men-sions)\OT1/cmr/bx/n/12 . []\OT1/cmr/m/n/12 For the bound $\OML/cmm/m/
it/12 R \OMS/cmsy/m/n/12 ^^T \OML/cmm/m/it/12 C\OMS/cmsy/m/n/12 j\OML/cmm/m/it/
12 H\OMS/cmsy/m/n/12 j[]E[]D[]$
 []


pdfTeX warning (ext4): destination with the same identifier (name{theorem.A.6})
 has been already used, duplicate ignored
<to be read again> 
                   \relax 
l.6475 T
        he dimensional constraints give a one-parameter family: [118]
pdfTeX warning (ext4): destination with the same identifier (name{theorem.A.7})
 has been already used, duplicate ignored
<to be read again> 
                   \relax 
l.6486 T
        he claimed exponents $(1/3, 2/3, 2/3)$ in Theorem \ref{thm:hem} are ...

LaTeX Warning: Reference `thm:hem' on page 119 undefined on input line 6486.


LaTeX Warning: Reference `thm:hem' on page 119 undefined on input line 6499.


pdfTeX warning (ext4): destination with the same identifier (name{theorem.A.8})
 has been already used, duplicate ignored
<to be read again> 
                   \relax 
l.6503 F
        or smooth solutions with initial helicity $H_0 \neq 0$, the dimensio...

pdfTeX warning (ext4): destination with the same identifier (name{theorem.A.9})
 has been already used, duplicate ignored
<to be read again> 
                   \relax 
l.6512 T
        he dimensional correction changes the helicity exponent from $1/3$ t...

pdfTeX warning (ext4): destination with the same identifier (name{subsection.A.
3}) has been already used, duplicate ignored
<to be read again> 
                   \relax 
l.6529 ...ternative Approach: $L^p$ Interpolation}
                                                  

Package hyperref Warning: Token not allowed in a PDF string (Unicode):
(hyperref)                removing `math shift' on input line 6529.


Package hyperref Warning: Token not allowed in a PDF string (Unicode):
(hyperref)                removing `superscript' on input line 6529.


Package hyperref Warning: Token not allowed in a PDF string (Unicode):
(hyperref)                removing `math shift' on input line 6529.


pdfTeX warning (ext4): destination with the same identifier (name{theorem.A.10}
) has been already used, duplicate ignored
<to be read again> 
                   \relax 
l.6532 T
        he vortex stretching term admits the bound: [119]
pdfTeX warning (ext4): destination with the same identifier (name{subsection.A.
4}) has been already used, duplicate ignored
<to be read again> 
                   \relax 
l.6586 ...: Hölder Continuity of Nonlinear Terms}
                                                   [120]
pdfTeX warning (ext4): destination with the same identifier (name{appendix.B}) 
has been already used, duplicate ignored
<to be read again> 
                   \relax 
l.6639 \section{Detailed Proofs}
                                
pdfTeX warning (ext4): destination with the same identifier (name{subsection.B.
1}) has been already used, duplicate ignored
<to be read again> 
                   \relax 
l.6641 ...f Main Theorem (Case $\alpha \geq 5/4$)}
                                                  

Package hyperref Warning: Token not allowed in a PDF string (Unicode):
(hyperref)                removing `math shift' on input line 6641.


Package hyperref Warning: Token not allowed in a PDF string (Unicode):
(hyperref)                removing `\alpha' on input line 6641.


Package hyperref Warning: Token not allowed in a PDF string (Unicode):
(hyperref)                removing `\geq' on input line 6641.


Package hyperref Warning: Token not allowed in a PDF string (Unicode):
(hyperref)                removing `math shift' on input line 6641.

[121]
pdfTeX warning (ext4): destination with the same identifier (name{subsection.B.
2}) has been already used, duplicate ignored
<to be read again> 
                   \relax 
l.6674 ...{Why the Proof Fails for Small $\alpha$}
                                                  

Package hyperref Warning: Token not allowed in a PDF string (Unicode):
(hyperref)                removing `math shift' on input line 6674.


Package hyperref Warning: Token not allowed in a PDF string (Unicode):
(hyperref)                removing `\alpha' on input line 6674.


Package hyperref Warning: Token not allowed in a PDF string (Unicode):
(hyperref)                removing `math shift' on input line 6674.


pdfTeX warning (ext4): destination with the same identifier (name{subsection.B.
3}) has been already used, duplicate ignored
<to be read again> 
                   \relax 
l.6680 \subsection{Stability Analysis}
                                      
pdfTeX warning (ext4): destination with the same identifier (name{appendix.C}) 
has been already used, duplicate ignored
<to be read again> 
                   \relax 
l.6690 ...{Mathematical Background and References}
                                                  
pdfTeX warning (ext4): destination with the same identifier (name{subsection.C.
1}) has been already used, duplicate ignored
<to be read again> 
                   \relax 
l.6692 \subsection{Key Mathematical Structures}
                                               
pdfTeX warning (ext4): destination with the same identifier (name{subsection.C.
2}) has been already used, duplicate ignored
<to be read again> 
                   \relax 
l.6703 \subsection{Notation and Conventions}
                                             [122]
pdfTeX warning (ext4): destination with the same identifier (name{appendix.D}) 
has been already used, duplicate ignored
<to be read again> 
                   \relax 
l.6714 ...Proof of the Direction Decay Hypothesis}
                                                  

LaTeX Warning: Reference `thm:ddh_proved' on page 123 undefined on input line 6
716.


pdfTeX warning (ext4): destination with the same identifier (name{subsection.D.
1}) has been already used, duplicate ignored
<to be read again> 
                   \relax 
l.6718 \subsection{The Biot-Savart Constraint}
                                              
pdfTeX warning (ext4): destination with the same identifier (name{theorem.D.1})
 has been already used, duplicate ignored
<to be read again> 
                   \relax 
l.6729 F
        or $\boldsymbol{\omega} \in L^p(\mathbb{R}^3)$ with $1 < p < 3$, the...

pdfTeX warning (ext4): destination with the same identifier (name{subsection.D.
2}) has been already used, duplicate ignored
<to be read again> 
                   \relax 
l.6749 ...tion{Vorticity Gradient via Biot-Savart}
                                                  
pdfTeX warning (ext4): destination with the same identifier (name{theorem.D.2})
 has been already used, duplicate ignored
<to be read again> 
                   \relax 
l.6757 F
        or $\boldsymbol{\omega} \in L^2(\mathbb{R}^3) \cap L^q(\mathbb{R}^3)...
[123]
pdfTeX warning (ext4): destination with the same identifier (name{theorem.D.3})
 has been already used, duplicate ignored
<to be read again> 
                   \relax 
l.6766 L
        et $\boldsymbol{\omega}$ be the vorticity of a Leray-Hopf weak solut...

pdfTeX warning (ext4): destination with the same identifier (name{subsection.D.
3}) has been already used, duplicate ignored
<to be read again> 
                   \relax 
l.6799 ...ew Approach: The Vorticity-Strain Angle}
                                                  
pdfTeX warning (ext4): destination with the same identifier (name{theorem.D.4})
 has been already used, duplicate ignored
<to be read again> 
                   \relax 
l.6809 F
        or smooth solutions:
pdfTeX warning (ext4): destination with the same identifier (name{theorem.D.5})
 has been already used, duplicate ignored
<to be read again> 
                   \relax 
l.6822 I
        f we can show that $\Theta[\boldsymbol{\omega}]$ remains bounded bel...
[124]
pdfTeX warning (ext4): destination with the same identifier (name{subsection.D.
4}) has been already used, duplicate ignored
<to be read again> 
                   \relax 
l.6825 ...Progress: The Local-Nonlocal Constraint}
                                                  
pdfTeX warning (ext4): destination with the same identifier (name{theorem.D.6})
 has been already used, duplicate ignored
<to be read again> 
                   \relax 
l.6830 L
        et $\boldsymbol{\omega}$ be the vorticity of a Leray-Hopf weak solut...

pdfTeX warning (ext4): destination with the same identifier (name{theorem.D.7})
 has been already used, duplicate ignored
<to be read again> 
                   \relax 
l.6861 I
        f the vorticity concentrates at scale $r(t) \to 0$ as $t \to T^*$, t...

pdfTeX warning (ext4): destination with the same identifier (name{theorem.D.8})
 has been already used, duplicate ignored
<to be read again> 
                   \relax 
l.6869 T
        his corollary shows that vorticity gradient growth is constrained by...
[125]
pdfTeX warning (ext4): destination with the same identifier (name{theorem.D.9})
 has been already used, duplicate ignored
<to be read again> 
                   \relax 
l.6879 T
        he Direction Decay Hypothesis holds for well-separated vorticity con...

pdfTeX warning (ext4): destination with the same identifier (name{subsection.D.
5}) has been already used, duplicate ignored
<to be read again> 
                   \relax 
l.6901 ...py-Enstrophy Connection: A New Approach}
                                                   [126]
pdfTeX warning (ext4): destination with the same identifier (name{subsection.D.
6}) has been already used, duplicate ignored
<to be read again> 
                   \relax 
l.6977 \subsection{Research Status}
                                    [127]
pdfTeX warning (ext4): destination with the same identifier (name{appendix.E}) 
has been already used, duplicate ignored
<to be read again> 
                   \relax 
l.7002 ...on: Critical Gaps and Future Directions}
                                                  
pdfTeX warning (ext4): destination with the same identifier (name{subsection.E.
1}) has been already used, duplicate ignored
<to be read again> 
                   \relax 
l.7006 \subsection{Summary of Results}
                                       [128]

LaTeX Warning: Reference `thm:ddh_proved' on page 129 undefined on input line 7
020.


LaTeX Warning: Reference `thm:hem' on page 129 undefined on input line 7020.


LaTeX Warning: Reference `thm:helical_regularity' on page 129 undefined on inpu
t line 7021.


LaTeX Warning: Reference `thm:ddh_proved' on page 129 undefined on input line 7
028.


pdfTeX warning (ext4): destination with the same identifier (name{subsection.E.
2}) has been already used, duplicate ignored
<to be read again> 
                   \relax 
l.7034 \subsection{Three Paths Forward}
                                       

LaTeX Warning: Reference `thm:ddh_proved' on page 129 undefined on input line 7
040.


pdfTeX warning (ext4): destination with the same identifier (name{theorem.E.1})
 has been already used, duplicate ignored
<to be read again> 
                   \relax 
l.7043 F
        or Leray-Hopf weak solutions, if vorticity concentrates at scale $r(...
[129]
pdfTeX warning (ext4): destination with the same identifier (name{theorem.E.2})
 has been already used, duplicate ignored
<to be read again> 
                   \relax 
l.7057 F
        or divergence-free $\mathbf{u} \in H^1$ with helicity $H = \int \mat...

pdfTeX warning (ext4): destination with the same identifier (name{theorem.E.3})
 has been already used, duplicate ignored
<to be read again> 
                   \relax 
l.7071 F
        or smooth solutions, there exists a functional $\mathcal{F} = \mathc...

pdfTeX warning (ext4): destination with the same identifier (name{subsection.E.
3}) has been already used, duplicate ignored
<to be read again> 
                   \relax 
l.7080 ...ection{Numerical Verification Proposals}
                                                  
pdfTeX warning (ext4): destination with the same identifier (name{subsection.E.
4}) has been already used, duplicate ignored
<to be read again> 
                   \relax 
l.7092 \subsection{Conclusion}
                               [130]
pdfTeX warning (ext4): destination with the same identifier (name{appendix.F}) 
has been already used, duplicate ignored
<to be read again> 
                   \relax 
l.7111 ...gram: Improving the Physical Resolution}
                                                  
pdfTeX warning (ext4): destination with the same identifier (name{subsection.F.
1}) has been already used, duplicate ignored
<to be read again> 
                   \relax 
l.7116 \subsection{Immediate Goals}
                                   
pdfTeX warning (ext4): destination with the same identifier (name{theorem.F.1})
 has been already used, duplicate ignored
<to be read again> 
                   \relax 
l.7123 G
        lobal regularity for hyperviscous NS should hold for all $\alpha > 0...

pdfTeX warning (ext4): destination with the same identifier (name{theorem.F.2})
 has been already used, duplicate ignored
<to be read again> 
                   \relax 
l.7135 T
        here exists $\sigma_{\min}(E_0, \nu)$ such that for noise strength $...
[131]
pdfTeX warning (ext4): destination with the same identifier (name{theorem.F.3})
 has been already used, duplicate ignored
<to be read again> 
                   \relax 
l.7150 T
        he Burnett equations have global smooth solutions for appropriate in...

pdfTeX warning (ext4): destination with the same identifier (name{subsection.F.
2}) has been already used, duplicate ignored
<to be read again> 
                   \relax 
l.7155 \subsection{Medium-Term Goals}
                                      [132]
pdfTeX warning (ext4): destination with the same identifier (name{subsection.F.
3}) has been already used, duplicate ignored
<to be read again> 
                   \relax 
l.7194 \subsection{Long-Term Vision}
                                    
pdfTeX warning (ext4): destination with the same identifier (name{subsection.F.
4}) has been already used, duplicate ignored
<to be read again> 
                   \relax 
l.7225 ...section{Summary of the Research Program}
                                                   [133] [134] [135] [136]
[137] [138] (ns.aux)
 ***********
LaTeX2e <2025-11-01>
L3 programming layer <2025-10-24>
 ***********


LaTeX Warning: There were undefined references.


LaTeX Warning: There were multiply-defined labels.

Package rerunfilecheck Info: File `ns.out' has not changed.
(rerunfilecheck)             Checksum: BF7CBED0AD830F1132B2503A6C76F012;65545.
 ) 
Here is how much of TeX's memory you used:
 26136 strings out of 467871
 487046 string characters out of 5417891
 870852 words of memory out of 5000000
 53064 multiletter control sequences out of 15000+600000
 643399 words of font info for 98 fonts, out of 8000000 for 9000
 1141 hyphenation exceptions out of 8191
 98i,14n,108p,541b,727s stack positions out of 10000i,1000n,20000p,200000b,200000s
 <C:\Users\Lenovo\AppData\Local\MiKTeX\fonts/pk/ljfour/jknappen/ec/dpi600\tcr
m1200.pk> <C:\Users\Lenovo\AppData\Local\MiKTeX\fonts/pk/ljfour/jknappen/ec/dpi
600\tcrm1095.pk><C:/Users/Lenovo/AppData/Local/Programs/MiKTeX/fonts/type1/publ
ic/amsfonts/cm/cmbx10.pfb><C:/Users/Lenovo/AppData/Local/Programs/MiKTeX/fonts/
type1/public/amsfonts/cm/cmbx12.pfb><C:/Users/Lenovo/AppData/Local/Programs/MiK
TeX/fonts/type1/public/amsfonts/cm/cmbx6.pfb><C:/Users/Lenovo/AppData/Local/Pro
grams/MiKTeX/fonts/type1/public/amsfonts/cm/cmbx8.pfb><C:/Users/Lenovo/AppData/
Local/Programs/MiKTeX/fonts/type1/public/amsfonts/cm/cmex10.pfb><C:/Users/Lenov
o/AppData/Local/Programs/MiKTeX/fonts/type1/public/amsfonts/cmextra/cmex8.pfb><
C:/Users/Lenovo/AppData/Local/Programs/MiKTeX/fonts/type1/public/amsfonts/cm/cm
mi10.pfb><C:/Users/Lenovo/AppData/Local/Programs/MiKTeX/fonts/type1/public/amsf
onts/cm/cmmi12.pfb><C:/Users/Lenovo/AppData/Local/Programs/MiKTeX/fonts/type1/p
ublic/amsfonts/cm/cmmi6.pfb><C:/Users/Lenovo/AppData/Local/Programs/MiKTeX/font
s/type1/public/amsfonts/cm/cmmi8.pfb><C:/Users/Lenovo/AppData/Local/Programs/Mi
KTeX/fonts/type1/public/amsfonts/cm/cmmib10.pfb><C:/Users/Lenovo/AppData/Local/
Programs/MiKTeX/fonts/type1/public/amsfonts/cmextra/cmmib8.pfb><C:/Users/Lenovo
/AppData/Local/Programs/MiKTeX/fonts/type1/public/amsfonts/cm/cmr10.pfb><C:/Use
rs/Lenovo/AppData/Local/Programs/MiKTeX/fonts/type1/public/amsfonts/cm/cmr12.pf
b><C:/Users/Lenovo/AppData/Local/Programs/MiKTeX/fonts/type1/public/amsfonts/cm
/cmr17.pfb><C:/Users/Lenovo/AppData/Local/Programs/MiKTeX/fonts/type1/public/am
sfonts/cm/cmr6.pfb><C:/Users/Lenovo/AppData/Local/Programs/MiKTeX/fonts/type1/p
ublic/amsfonts/cm/cmr8.pfb><C:/Users/Lenovo/AppData/Local/Programs/MiKTeX/fonts
/type1/public/amsfonts/cm/cmsy10.pfb><C:/Users/Lenovo/AppData/Local/Programs/Mi
KTeX/fonts/type1/public/amsfonts/cm/cmsy6.pfb><C:/Users/Lenovo/AppData/Local/Pr
ograms/MiKTeX/fonts/type1/public/amsfonts/cm/cmsy8.pfb><C:/Users/Lenovo/AppData
/Local/Programs/MiKTeX/fonts/type1/public/amsfonts/cm/cmti12.pfb><C:/Users/Leno
vo/AppData/Local/Programs/MiKTeX/fonts/type1/public/amsfonts/symbols/msam10.pfb
><C:/Users/Lenovo/AppData/Local/Programs/MiKTeX/fonts/type1/public/amsfonts/sym
bols/msbm10.pfb>
Output written on ns.pdf (138 pages, 1156932 bytes).
PDF statistics:
 3599 PDF objects out of 4296 (max. 8388607)
 1575 named destinations out of 1728 (max. 500000)
 2245 words of extra memory for PDF output out of 10000 (max. 10000000)

