\BOOKMARK [1][-]{section.1}{\376\377\000I\000n\000t\000r\000o\000d\000u\000c\000t\000i\000o\000n}{}% 1
\BOOKMARK [2][-]{subsection.1.1}{\376\377\000N\000o\000v\000e\000l\000\040\000P\000e\000r\000s\000p\000e\000c\000t\000i\000v\000e\000:\000\040\000T\000h\000e\000\040\000S\000m\000a\000l\000l\000-\000S\000c\000a\000l\000e\000\040\000P\000a\000r\000a\000d\000o\000x}{section.1}% 2
\BOOKMARK [2][-]{subsection.1.2}{\376\377\000P\000a\000p\000e\000r\000\040\000O\000u\000t\000l\000i\000n\000e\000\040\000a\000n\000d\000\040\000S\000u\000m\000m\000a\000r\000y\000\040\000o\000f\000\040\000R\000e\000s\000u\000l\000t\000s}{section.1}% 3
\BOOKMARK [2][-]{subsection.1.3}{\376\377\000E\000x\000e\000c\000u\000t\000i\000v\000e\000\040\000S\000u\000m\000m\000a\000r\000y\000:\000\040\000W\000h\000a\000t\000\040\000T\000h\000i\000s\000\040\000P\000a\000p\000e\000r\000\040\000A\000c\000h\000i\000e\000v\000e\000s}{section.1}% 4
\BOOKMARK [1][-]{section.2}{\376\377\000R\000e\000n\000o\000r\000m\000a\000l\000i\000z\000a\000t\000i\000o\000n\000\040\000G\000r\000o\000u\000p\000\040\000F\000r\000a\000m\000e\000w\000o\000r\000k}{}% 5
\BOOKMARK [2][-]{subsection.2.1}{\376\377\000R\000G\000\040\000B\000a\000s\000i\000c\000s\000\040\000a\000n\000d\000\040\000P\000h\000i\000l\000o\000s\000o\000p\000h\000y}{section.2}% 6
\BOOKMARK [3][-]{subsubsection.2.1.1}{\376\377\000K\000e\000y\000\040\000C\000o\000n\000c\000e\000p\000t\000s}{subsection.2.1}% 7
\BOOKMARK [3][-]{subsubsection.2.1.2}{\376\377\000R\000e\000n\000o\000r\000m\000a\000l\000i\000z\000a\000t\000i\000o\000n\000\040\000G\000r\000o\000u\000p\000\040\000F\000l\000o\000w}{subsection.2.1}% 8
\BOOKMARK [2][-]{subsection.2.2}{\376\377\000S\000c\000a\000l\000e\000-\000D\000e\000p\000e\000n\000d\000e\000n\000t\000\040\000N\000a\000v\000i\000e\000r\000-\000S\000t\000o\000k\000e\000s\000\040\000E\000q\000u\000a\000t\000i\000o\000n\000s}{section.2}% 9
\BOOKMARK [2][-]{subsection.2.3}{\376\377\000C\000o\000r\000r\000e\000c\000t\000i\000o\000n\000\040\000T\000e\000r\000m\000s\000\040\000f\000r\000o\000m\000\040\000M\000u\000l\000t\000i\000s\000c\000a\000l\000e\000\040\000A\000n\000a\000l\000y\000s\000i\000s}{section.2}% 10
\BOOKMARK [1][-]{section.3}{\376\377\000M\000u\000l\000t\000i\000s\000c\000a\000l\000e\000\040\000E\000n\000e\000r\000g\000y\000\040\000A\000n\000a\000l\000y\000s\000i\000s}{}% 11
\BOOKMARK [2][-]{subsection.3.1}{\376\377\000E\000n\000e\000r\000g\000y\000\040\000D\000i\000s\000t\000r\000i\000b\000u\000t\000i\000o\000n\000\040\000A\000c\000r\000o\000s\000s\000\040\000S\000c\000a\000l\000e\000s}{section.3}% 12
\BOOKMARK [2][-]{subsection.3.2}{\376\377\000M\000o\000d\000i\000f\000i\000e\000d\000\040\000E\000n\000e\000r\000g\000y\000\040\000I\000n\000e\000q\000u\000a\000l\000i\000t\000y\000\040\000w\000i\000t\000h\000\040\000S\000c\000a\000l\000e\000-\000D\000e\000p\000e\000n\000d\000e\000n\000t\000\040\000D\000i\000s\000s\000i\000p\000a\000t\000i\000o\000n}{section.3}% 13
\BOOKMARK [1][-]{section.4}{\376\377\000M\000i\000c\000r\000o\000s\000c\000o\000p\000i\000c\000\040\000C\000o\000r\000r\000e\000c\000t\000i\000o\000n\000s\000\040\000a\000n\000d\000\040\000N\000o\000n\000-\000N\000e\000w\000t\000o\000n\000i\000a\000n\000\040\000E\000f\000f\000e\000c\000t\000s}{}% 14
\BOOKMARK [2][-]{subsection.4.1}{\376\377\000K\000i\000n\000e\000t\000i\000c\000\040\000T\000h\000e\000o\000r\000y\000\040\000P\000e\000r\000s\000p\000e\000c\000t\000i\000v\000e}{section.4}% 15
\BOOKMARK [2][-]{subsection.4.2}{\376\377\000T\000h\000e\000\040\000B\000u\000r\000n\000e\000t\000t\000\040\000a\000n\000d\000\040\000S\000u\000p\000e\000r\000-\000B\000u\000r\000n\000e\000t\000t\000\040\000E\000q\000u\000a\000t\000i\000o\000n\000s}{section.4}% 16
\BOOKMARK [2][-]{subsection.4.3}{\376\377\000N\000S\000\040\000a\000s\000\040\000S\000t\000a\000t\000i\000s\000t\000i\000c\000a\000l\000\040\000L\000i\000m\000i\000t\000:\000\040\000D\000e\000t\000a\000i\000l\000e\000d\000\040\000A\000n\000a\000l\000y\000s\000i\000s}{section.4}% 17
\BOOKMARK [2][-]{subsection.4.4}{\376\377\000F\000l\000u\000c\000t\000u\000a\000t\000i\000n\000g\000\040\000H\000y\000d\000r\000o\000d\000y\000n\000a\000m\000i\000c\000s}{section.4}% 18
\BOOKMARK [2][-]{subsection.4.5}{\376\377\000C\000o\000r\000r\000e\000c\000t\000i\000o\000n\000\040\000T\000e\000r\000m\000s\000:\000\040\000D\000e\000t\000a\000i\000l\000e\000d\000\040\000F\000o\000r\000m}{section.4}% 19
\BOOKMARK [1][-]{section.5}{\376\377\000D\000e\000e\000p\000\040\000D\000i\000v\000e\000:\000\040\000N\000S\000\040\000a\000s\000\040\000a\000\040\000S\000t\000a\000t\000i\000s\000t\000i\000c\000a\000l\000\040\000L\000i\000m\000i\000t}{}% 20
\BOOKMARK [2][-]{subsection.5.1}{\376\377\000T\000h\000e\000\040\000B\000B\000G\000K\000Y\000\040\000H\000i\000e\000r\000a\000r\000c\000h\000y}{section.5}% 21
\BOOKMARK [2][-]{subsection.5.2}{\376\377\000T\000h\000e\000\040\000B\000o\000l\000t\000z\000m\000a\000n\000n\000\040\000L\000i\000m\000i\000t}{section.5}% 22
\BOOKMARK [2][-]{subsection.5.3}{\376\377\000F\000r\000o\000m\000\040\000B\000o\000l\000t\000z\000m\000a\000n\000n\000\040\000t\000o\000\040\000N\000a\000v\000i\000e\000r\000-\000S\000t\000o\000k\000e\000s}{section.5}% 23
\BOOKMARK [2][-]{subsection.5.4}{\376\377\000T\000h\000e\000\040\000R\000e\000g\000u\000l\000a\000r\000i\000t\000y\000\040\000T\000r\000a\000n\000s\000f\000e\000r\000\040\000Q\000u\000e\000s\000t\000i\000o\000n}{section.5}% 24
\BOOKMARK [2][-]{subsection.5.5}{\376\377\000A\000\040\000P\000o\000s\000s\000i\000b\000l\000e\000\040\000R\000e\000s\000o\000l\000u\000t\000i\000o\000n\000:\000\040\000T\000h\000e\000\040\000T\000r\000u\000n\000c\000a\000t\000e\000d\000\040\000H\000i\000e\000r\000a\000r\000c\000h\000y}{section.5}% 25
\BOOKMARK [2][-]{subsection.5.6}{\376\377\000S\000c\000a\000l\000e\000-\000b\000y\000-\000S\000c\000a\000l\000e\000\040\000E\000n\000e\000r\000g\000y\000\040\000B\000a\000l\000a\000n\000c\000e}{section.5}% 26
\BOOKMARK [2][-]{subsection.5.7}{\376\377\000T\000h\000e\000\040\000S\000t\000a\000t\000i\000s\000t\000i\000c\000a\000l\000\040\000E\000q\000u\000i\000l\000i\000b\000r\000i\000u\000m\000\040\000H\000y\000p\000o\000t\000h\000e\000s\000i\000s}{section.5}% 27
\BOOKMARK [2][-]{subsection.5.8}{\376\377\000O\000n\000s\000a\000g\000e\000r\000'\000s\000\040\000C\000o\000n\000j\000e\000c\000t\000u\000r\000e\000\040\000a\000n\000d\000\040\000D\000i\000s\000s\000i\000p\000a\000t\000i\000v\000e\000\040\000A\000n\000o\000m\000a\000l\000y}{section.5}% 28
\BOOKMARK [2][-]{subsection.5.9}{\376\377\000I\000m\000p\000l\000i\000c\000a\000t\000i\000o\000n\000s\000\040\000f\000o\000r\000\040\000R\000e\000g\000u\000l\000a\000r\000i\000t\000y}{section.5}% 29
\BOOKMARK [1][-]{section.6}{\376\377\000T\000h\000e\000\040\000P\000h\000y\000s\000i\000c\000a\000l\000\040\000A\000r\000g\000u\000m\000e\000n\000t\000:\000\040\000W\000h\000y\000\040\000M\000o\000d\000i\000f\000i\000e\000d\000\040\000N\000S\000\040\000I\000s\000\040\000t\000h\000e\000\040\000C\000o\000r\000r\000e\000c\000t\000\040\000M\000o\000d\000e\000l}{}% 30
\BOOKMARK [2][-]{subsection.6.1}{\376\377\000T\000h\000e\000\040\000H\000i\000e\000r\000a\000r\000c\000h\000y\000\040\000o\000f\000\040\000F\000l\000u\000i\000d\000\040\000M\000o\000d\000e\000l\000s}{section.6}% 31
\BOOKMARK [2][-]{subsection.6.2}{\376\377\000W\000h\000a\000t\000\040\000H\000a\000p\000p\000e\000n\000s\000\040\000N\000e\000a\000r\000\040\000a\000\040\000H\000y\000p\000o\000t\000h\000e\000t\000i\000c\000a\000l\000\040\000S\000i\000n\000g\000u\000l\000a\000r\000i\000t\000y}{section.6}% 32
\BOOKMARK [2][-]{subsection.6.3}{\376\377\000T\000h\000e\000\040\000C\000o\000r\000r\000e\000c\000t\000\040\000P\000h\000y\000s\000i\000c\000a\000l\000\040\000M\000o\000d\000e\000l}{section.6}% 33
\BOOKMARK [2][-]{subsection.6.4}{\376\377\000W\000h\000y\000\040\000T\000h\000i\000s\000\040\000R\000e\000s\000o\000l\000v\000e\000s\000\040\000t\000h\000e\000\040\000R\000e\000g\000u\000l\000a\000r\000i\000t\000y\000\040\000Q\000u\000e\000s\000t\000i\000o\000n}{section.6}% 34
\BOOKMARK [2][-]{subsection.6.5}{\376\377\000A\000d\000d\000r\000e\000s\000s\000i\000n\000g\000\040\000P\000o\000t\000e\000n\000t\000i\000a\000l\000\040\000O\000b\000j\000e\000c\000t\000i\000o\000n\000s}{section.6}% 35
\BOOKMARK [2][-]{subsection.6.6}{\376\377\000C\000o\000m\000p\000a\000r\000i\000s\000o\000n\000:\000\040\000M\000a\000t\000h\000e\000m\000a\000t\000i\000c\000a\000l\000\040\000v\000s\000.\000\040\000P\000h\000y\000s\000i\000c\000a\000l\000\040\000A\000p\000p\000r\000o\000a\000c\000h\000e\000s}{section.6}% 36
\BOOKMARK [1][-]{section.7}{\376\377\000F\000u\000n\000c\000t\000i\000o\000n\000a\000l\000\040\000A\000n\000a\000l\000y\000t\000i\000c\000\040\000F\000r\000a\000m\000e\000w\000o\000r\000k}{}% 37
\BOOKMARK [2][-]{subsection.7.1}{\376\377\000W\000e\000i\000g\000h\000t\000e\000d\000\040\000S\000o\000b\000o\000l\000e\000v\000\040\000S\000p\000a\000c\000e\000s}{section.7}% 38
\BOOKMARK [2][-]{subsection.7.2}{\376\377\000N\000o\000n\000l\000i\000n\000e\000a\000r\000\040\000A\000n\000a\000l\000y\000s\000i\000s\000\040\000o\000n\000\040\000W\000e\000i\000g\000h\000t\000e\000d\000\040\000S\000p\000a\000c\000e\000s}{section.7}% 39
\BOOKMARK [2][-]{subsection.7.3}{\376\377\000G\000a\000l\000e\000r\000k\000i\000n\000\040\000A\000p\000p\000r\000o\000x\000i\000m\000a\000t\000i\000o\000n\000\040\000w\000i\000t\000h\000\040\000M\000u\000l\000t\000i\000s\000c\000a\000l\000e\000\040\000B\000a\000s\000i\000s}{section.7}% 40
\BOOKMARK [1][-]{section.8}{\376\377\000E\000n\000e\000r\000g\000y\000\040\000C\000a\000s\000c\000a\000d\000e\000\040\000A\000n\000a\000l\000y\000s\000i\000s}{}% 41
\BOOKMARK [2][-]{subsection.8.1}{\376\377\000S\000p\000e\000c\000t\000r\000a\000l\000\040\000R\000e\000p\000r\000e\000s\000e\000n\000t\000a\000t\000i\000o\000n\000\040\000a\000n\000d\000\040\000E\000n\000e\000r\000g\000y\000\040\000D\000e\000n\000s\000i\000t\000y}{section.8}% 42
\BOOKMARK [2][-]{subsection.8.2}{\376\377\000E\000n\000e\000r\000g\000y\000\040\000T\000r\000a\000n\000s\000f\000e\000r\000\040\000E\000q\000u\000a\000t\000i\000o\000n}{section.8}% 43
\BOOKMARK [2][-]{subsection.8.3}{\376\377\000M\000o\000d\000i\000f\000i\000e\000d\000\040\000C\000a\000s\000c\000a\000d\000e\000\040\000w\000i\000t\000h\000\040\000S\000c\000a\000l\000e\000-\000D\000e\000p\000e\000n\000d\000e\000n\000t\000\040\000D\000i\000s\000s\000i\000p\000a\000t\000i\000o\000n}{section.8}% 44
\BOOKMARK [2][-]{subsection.8.4}{\376\377\000K\000o\000l\000m\000o\000g\000o\000r\000o\000v\000\040\000S\000p\000e\000c\000t\000r\000u\000m\000\040\000\050\000H\000e\000u\000r\000i\000s\000t\000i\000c\000\051}{section.8}% 45
\BOOKMARK [1][-]{section.9}{\376\377\000S\000c\000a\000l\000e\000-\000B\000r\000i\000d\000g\000i\000n\000g\000\040\000P\000r\000o\000g\000r\000a\000m\000:\000\040\000F\000r\000o\000m\000\040\000M\000i\000c\000r\000o\000s\000c\000o\000p\000i\000c\000\040\000t\000o\000\040\000M\000a\000c\000r\000o\000s\000c\000o\000p\000i\000c}{}% 46
\BOOKMARK [2][-]{subsection.9.1}{\376\377\000H\000i\000e\000r\000a\000r\000c\000h\000i\000c\000a\000l\000\040\000S\000c\000a\000l\000e\000\040\000A\000n\000a\000l\000y\000s\000i\000s}{section.9}% 47
\BOOKMARK [2][-]{subsection.9.2}{\376\377\000M\000a\000t\000c\000h\000i\000n\000g\000\040\000C\000o\000n\000d\000i\000t\000i\000o\000n\000s\000\040\000B\000e\000t\000w\000e\000e\000n\000\040\000S\000c\000a\000l\000e\000s}{section.9}% 48
\BOOKMARK [2][-]{subsection.9.3}{\376\377\000C\000o\000n\000j\000e\000c\000t\000u\000r\000e\000:\000\040\000G\000l\000o\000b\000a\000l\000\040\000R\000e\000g\000u\000l\000a\000r\000i\000t\000y\000\040\000v\000i\000a\000\040\000S\000c\000a\000l\000e\000\040\000I\000n\000t\000e\000g\000r\000a\000t\000i\000o\000n}{section.9}% 49
\BOOKMARK [1][-]{section.10}{\376\377\000A\000l\000t\000e\000r\000n\000a\000t\000i\000v\000e\000\040\000A\000p\000p\000r\000o\000a\000c\000h\000e\000s\000\040\000a\000n\000d\000\040\000F\000u\000t\000u\000r\000e\000\040\000D\000i\000r\000e\000c\000t\000i\000o\000n\000s}{}% 50
\BOOKMARK [2][-]{subsection.10.1}{\376\377\000F\000u\000n\000c\000t\000i\000o\000n\000a\000l\000\040\000R\000G\000\040\000a\000n\000d\000\040\000F\000i\000e\000l\000d\000-\000T\000h\000e\000o\000r\000e\000t\000i\000c\000\040\000M\000e\000t\000h\000o\000d\000s}{section.10}% 51
\BOOKMARK [2][-]{subsection.10.2}{\376\377\000S\000t\000o\000c\000h\000a\000s\000t\000i\000c\000\040\000A\000p\000p\000r\000o\000a\000c\000h\000e\000s}{section.10}% 52
\BOOKMARK [2][-]{subsection.10.3}{\376\377\000G\000e\000o\000m\000e\000t\000r\000i\000c\000\040\000A\000n\000a\000l\000y\000s\000i\000s}{section.10}% 53
\BOOKMARK [1][-]{section.11}{\376\377\000N\000u\000m\000e\000r\000i\000c\000a\000l\000\040\000V\000a\000l\000i\000d\000a\000t\000i\000o\000n\000\040\000a\000n\000d\000\040\000C\000o\000m\000p\000u\000t\000a\000t\000i\000o\000n\000a\000l\000\040\000A\000p\000p\000r\000o\000a\000c\000h\000e\000s}{}% 54
\BOOKMARK [2][-]{subsection.11.1}{\376\377\000S\000p\000e\000c\000t\000r\000a\000l\000\040\000M\000e\000t\000h\000o\000d\000\040\000I\000m\000p\000l\000e\000m\000e\000n\000t\000a\000t\000i\000o\000n}{section.11}% 55
\BOOKMARK [2][-]{subsection.11.2}{\376\377\000E\000n\000e\000r\000g\000y\000\040\000C\000a\000s\000c\000a\000d\000e\000\040\000V\000a\000l\000i\000d\000a\000t\000i\000o\000n}{section.11}% 56
\BOOKMARK [2][-]{subsection.11.3}{\376\377\000C\000o\000n\000v\000e\000r\000g\000e\000n\000c\000e\000\040\000o\000f\000\040\000C\000o\000r\000r\000e\000c\000t\000e\000d\000\040\000E\000q\000u\000a\000t\000i\000o\000n\000s}{section.11}% 57
\BOOKMARK [2][-]{subsection.11.4}{\376\377\000T\000e\000s\000t\000\040\000C\000a\000s\000e\000s}{section.11}% 58
\BOOKMARK [3][-]{subsubsection.11.4.1}{\376\377\000T\000a\000y\000l\000o\000r\000-\000G\000r\000e\000e\000n\000\040\000V\000o\000r\000t\000e\000x}{subsection.11.4}% 59
\BOOKMARK [3][-]{subsubsection.11.4.2}{\376\377\000D\000e\000c\000a\000y\000i\000n\000g\000\040\000T\000u\000r\000b\000u\000l\000e\000n\000c\000e}{subsection.11.4}% 60
\BOOKMARK [3][-]{subsubsection.11.4.3}{\376\377\000F\000o\000r\000c\000e\000d\000\040\000T\000u\000r\000b\000u\000l\000e\000n\000c\000e}{subsection.11.4}% 61
\BOOKMARK [1][-]{section.12}{\376\377\000P\000a\000r\000t\000i\000a\000l\000\040\000R\000e\000g\000u\000l\000a\000r\000i\000t\000y\000\040\000a\000n\000d\000\040\000S\000i\000n\000g\000u\000l\000a\000r\000i\000t\000y\000\040\000A\000v\000o\000i\000d\000a\000n\000c\000e}{}% 62
\BOOKMARK [2][-]{subsection.12.1}{\376\377\000C\000a\000f\000f\000a\000r\000e\000l\000l\000i\000-\000K\000o\000h\000n\000-\000N\000i\000r\000e\000n\000b\000e\000r\000g\000\040\000P\000a\000r\000t\000i\000a\000l\000\040\000R\000e\000g\000u\000l\000a\000r\000i\000t\000y}{section.12}% 63
\BOOKMARK [2][-]{subsection.12.2}{\376\377\000V\000o\000r\000t\000i\000c\000i\000t\000y\000\040\000D\000y\000n\000a\000m\000i\000c\000s\000\040\000a\000n\000d\000\040\000C\000r\000i\000t\000i\000c\000a\000l\000i\000t\000y}{section.12}% 64
\BOOKMARK [1][-]{section.13}{\376\377\000G\000e\000o\000m\000e\000t\000r\000i\000c\000\040\000S\000t\000r\000u\000c\000t\000u\000r\000e\000\040\000o\000f\000\040\000V\000o\000r\000t\000e\000x\000\040\000S\000t\000r\000e\000t\000c\000h\000i\000n\000g}{}% 65
\BOOKMARK [2][-]{subsection.13.1}{\376\377\000T\000h\000e\000\040\000V\000o\000r\000t\000i\000c\000i\000t\000y\000\040\000D\000i\000r\000e\000c\000t\000i\000o\000n\000\040\000F\000i\000e\000l\000d}{section.13}% 66
\BOOKMARK [2][-]{subsection.13.2}{\376\377\000E\000i\000g\000e\000n\000v\000a\000l\000u\000e\000\040\000S\000t\000r\000u\000c\000t\000u\000r\000e\000\040\000o\000f\000\040\000S\000t\000r\000a\000i\000n}{section.13}% 67
\BOOKMARK [2][-]{subsection.13.3}{\376\377\000G\000e\000o\000m\000e\000t\000r\000i\000c\000\040\000D\000e\000p\000l\000e\000t\000i\000o\000n}{section.13}% 68
\BOOKMARK [2][-]{subsection.13.4}{\376\377\000S\000e\000l\000f\000-\000C\000o\000n\000s\000i\000s\000t\000e\000n\000t\000\040\000B\000o\000o\000t\000s\000t\000r\000a\000p}{section.13}% 69
\BOOKMARK [1][-]{section.14}{\376\377\000R\000i\000g\000o\000r\000o\000u\000s\000\040\000G\000l\000o\000b\000a\000l\000\040\000R\000e\000g\000u\000l\000a\000r\000i\000t\000y\000\040\000w\000i\000t\000h\000\040\000H\000y\000p\000e\000r\000v\000i\000s\000c\000o\000s\000i\000t\000y}{}% 70
\BOOKMARK [2][-]{subsection.14.1}{\376\377\000P\000h\000y\000s\000i\000c\000a\000l\000\040\000M\000o\000t\000i\000v\000a\000t\000i\000o\000n}{section.14}% 71
\BOOKMARK [2][-]{subsection.14.2}{\376\377\000P\000r\000e\000v\000i\000o\000u\000s\000\040\000R\000e\000s\000u\000l\000t\000s}{section.14}% 72
\BOOKMARK [2][-]{subsection.14.3}{\376\377\000M\000a\000i\000n\000\040\000R\000e\000s\000u\000l\000t\000s}{section.14}% 73
\BOOKMARK [2][-]{subsection.14.4}{\376\377\000P\000r\000e\000l\000i\000m\000i\000n\000a\000r\000i\000e\000s}{section.14}% 74
\BOOKMARK [3][-]{subsubsection.14.4.1}{\376\377\000F\000u\000n\000c\000t\000i\000o\000n\000\040\000S\000p\000a\000c\000e\000s}{subsection.14.4}% 75
\BOOKMARK [3][-]{subsubsection.14.4.2}{\376\377\000L\000i\000t\000t\000l\000e\000w\000o\000o\000d\000-\000P\000a\000l\000e\000y\000\040\000D\000e\000c\000o\000m\000p\000o\000s\000i\000t\000i\000o\000n}{subsection.14.4}% 76
\BOOKMARK [3][-]{subsubsection.14.4.3}{\376\377\000B\000o\000n\000y\000\040\000P\000a\000r\000a\000p\000r\000o\000d\000u\000c\000t\000\040\000D\000e\000c\000o\000m\000p\000o\000s\000i\000t\000i\000o\000n}{subsection.14.4}% 77
\BOOKMARK [2][-]{subsection.14.5}{\376\377\000F\000r\000e\000q\000u\000e\000n\000c\000y\000-\000L\000o\000c\000a\000l\000i\000z\000e\000d\000\040\000E\000n\000e\000r\000g\000y\000\040\000M\000e\000t\000h\000o\000d}{section.14}% 78
\BOOKMARK [3][-]{subsubsection.14.5.1}{\376\377\000D\000y\000a\000d\000i\000c\000\040\000E\000n\000e\000r\000g\000y\000\040\000B\000a\000l\000a\000n\000c\000e}{subsection.14.5}% 79
\BOOKMARK [3][-]{subsubsection.14.5.2}{\376\377\000T\000h\000e\000\040\000C\000r\000i\000t\000i\000c\000a\000l\000\040\000I\000n\000n\000o\000v\000a\000t\000i\000o\000n\000:\000\040\000T\000r\000a\000n\000s\000f\000e\000r\000\040\000T\000e\000r\000m\000\040\000E\000s\000t\000i\000m\000a\000t\000e}{subsection.14.5}% 80
\BOOKMARK [2][-]{subsection.14.6}{\376\377\000P\000r\000o\000o\000f\000\040\000o\000f\000\040\000t\000h\000e\000\040\000M\000a\000i\000n\000\040\000T\000r\000i\000l\000i\000n\000e\000a\000r\000\040\000E\000s\000t\000i\000m\000a\000t\000e}{section.14}% 81
\BOOKMARK [2][-]{subsection.14.7}{\376\377\000P\000r\000o\000o\000f\000\040\000o\000f\000\040\000G\000l\000o\000b\000a\000l\000\040\000R\000e\000g\000u\000l\000a\000r\000i\000t\000y}{section.14}% 82
\BOOKMARK [3][-]{subsubsection.14.7.1}{\376\377\000T\000h\000e\000\040\000W\000e\000i\000g\000h\000t\000e\000d\000\040\000E\000n\000e\000r\000g\000y\000\040\000F\000u\000n\000c\000t\000i\000o\000n\000a\000l}{subsection.14.7}% 83
\BOOKMARK [3][-]{subsubsection.14.7.2}{\376\377\000C\000l\000o\000s\000i\000n\000g\000\040\000t\000h\000e\000\040\000B\000o\000o\000t\000s\000t\000r\000a\000p}{subsection.14.7}% 84
\BOOKMARK [2][-]{subsection.14.8}{\376\377\000G\000l\000o\000b\000a\000l\000\040\000E\000x\000t\000e\000n\000s\000i\000o\000n}{section.14}% 85
\BOOKMARK [1][-]{section.15}{\376\377\000E\000x\000t\000e\000n\000s\000i\000o\000n\000s\000\040\000a\000n\000d\000\040\000A\000p\000p\000l\000i\000c\000a\000t\000i\000o\000n\000s}{}% 86
\BOOKMARK [2][-]{subsection.15.1}{\376\377\000S\000h\000a\000r\000p\000\040\000D\000e\000c\000a\000y\000\040\000R\000a\000t\000e\000s}{section.15}% 87
\BOOKMARK [2][-]{subsection.15.2}{\376\377\000T\000h\000e\000\040\000L\000i\000m\000i\000t\000\040\0000}{section.15}% 88
\BOOKMARK [2][-]{subsection.15.3}{\376\377\000P\000h\000y\000s\000i\000c\000a\000l\000\040\000I\000n\000t\000e\000r\000p\000r\000e\000t\000a\000t\000i\000o\000n}{section.15}% 89
\BOOKMARK [1][-]{section.16}{\376\377\000C\000o\000n\000c\000l\000u\000s\000i\000o\000n}{}% 90
\BOOKMARK [1][-]{section.17}{\376\377\000T\000h\000e\000\040\000P\000D\000E\000\040\000P\000a\000r\000a\000d\000o\000x\000:\000\040\000S\000m\000o\000o\000t\000h\000n\000e\000s\000s\000\040\000v\000s\000.\000\040\000P\000h\000y\000s\000i\000c\000a\000l\000\040\000V\000a\000l\000i\000d\000i\000t\000y}{}% 91
\BOOKMARK [2][-]{subsection.17.1}{\376\377\000T\000h\000e\000\040\000S\000c\000a\000l\000e\000\040\000V\000a\000l\000i\000d\000i\000t\000y\000\040\000P\000r\000o\000b\000l\000e\000m}{section.17}% 92
\BOOKMARK [2][-]{subsection.17.2}{\376\377\000T\000h\000e\000\040\000S\000t\000a\000t\000i\000s\000t\000i\000c\000a\000l\000\040\000L\000i\000m\000i\000t\000\040\000I\000n\000t\000e\000r\000p\000r\000e\000t\000a\000t\000i\000o\000n}{section.17}% 93
\BOOKMARK [2][-]{subsection.17.3}{\376\377\000S\000c\000a\000l\000e\000-\000D\000e\000p\000e\000n\000d\000e\000n\000t\000\040\000E\000q\000u\000a\000t\000i\000o\000n\000\040\000F\000r\000a\000m\000e\000w\000o\000r\000k}{section.17}% 94
\BOOKMARK [2][-]{subsection.17.4}{\376\377\000R\000e\000s\000o\000l\000u\000t\000i\000o\000n\000\040\000o\000f\000\040\000t\000h\000e\000\040\000R\000e\000g\000u\000l\000a\000r\000i\000t\000y\000\040\000Q\000u\000e\000s\000t\000i\000o\000n}{section.17}% 95
\BOOKMARK [2][-]{subsection.17.5}{\376\377\000T\000h\000e\000\040\000L\000i\000m\000i\000t\000i\000n\000g\000\040\000P\000r\000o\000c\000e\000d\000u\000r\000e\000\040\000a\000n\000d\000\040\000C\000l\000a\000s\000s\000i\000c\000a\000l\000\040\000N\000S}{section.17}% 96
\BOOKMARK [2][-]{subsection.17.6}{\376\377\000R\000e\000g\000u\000l\000a\000r\000i\000z\000a\000t\000i\000o\000n\000\040\000a\000s\000\040\000P\000h\000y\000s\000i\000c\000a\000l\000\040\000M\000o\000d\000e\000l\000i\000n\000g}{section.17}% 97
\BOOKMARK [2][-]{subsection.17.7}{\376\377\000I\000m\000p\000l\000i\000c\000a\000t\000i\000o\000n\000s\000\040\000f\000o\000r\000\040\000t\000h\000e\000\040\000N\000S\000\040\000r\000e\000g\000u\000l\000a\000r\000i\000t\000y\000\040\000p\000r\000o\000b\000l\000e\000m}{section.17}% 98
\BOOKMARK [1][-]{section.18}{\376\377\000R\000e\000s\000o\000l\000u\000t\000i\000o\000n\000\040\000S\000u\000m\000m\000a\000r\000y\000\040\000a\000n\000d\000\040\000R\000e\000m\000a\000i\000n\000i\000n\000g\000\040\000Q\000u\000e\000s\000t\000i\000o\000n\000s}{}% 99
\BOOKMARK [2][-]{subsection.18.1}{\376\377\000W\000h\000a\000t\000\040\000T\000h\000i\000s\000\040\000P\000a\000p\000e\000r\000\040\000C\000l\000a\000i\000m\000s\000\040\000\050\000C\000o\000n\000d\000i\000t\000i\000o\000n\000a\000l\000l\000y\000\051}{section.18}% 100
\BOOKMARK [2][-]{subsection.18.2}{\376\377\000T\000h\000e\000\040\000E\000x\000c\000e\000p\000t\000i\000o\000n\000a\000l\000\040\000S\000e\000t}{section.18}% 101
\BOOKMARK [2][-]{subsection.18.3}{\376\377\000O\000p\000e\000n\000\040\000Q\000u\000e\000s\000t\000i\000o\000n\000s\000\040\000a\000n\000d\000\040\000C\000o\000n\000j\000e\000c\000t\000u\000r\000e\000s}{section.18}% 102
\BOOKMARK [1][-]{section.19}{\376\377\000M\000a\000i\000n\000\040\000T\000h\000e\000o\000r\000e\000m\000:\000\040\000G\000l\000o\000b\000a\000l\000\040\000E\000x\000i\000s\000t\000e\000n\000c\000e\000\040\000a\000n\000d\000\040\000R\000e\000g\000u\000l\000a\000r\000i\000t\000y}{}% 103
\BOOKMARK [2][-]{subsection.19.1}{\376\377\000P\000r\000e\000c\000i\000s\000e\000\040\000P\000r\000o\000b\000l\000e\000m\000\040\000F\000o\000r\000m\000u\000l\000a\000t\000i\000o\000n}{section.19}% 104
\BOOKMARK [2][-]{subsection.19.2}{\376\377\000T\000h\000e\000\040\000S\000c\000a\000l\000e\000-\000R\000e\000g\000u\000l\000a\000r\000i\000z\000e\000d\000\040\000S\000y\000s\000t\000e\000m}{section.19}% 105
\BOOKMARK [2][-]{subsection.19.3}{\376\377\000M\000a\000i\000n\000\040\000E\000x\000i\000s\000t\000e\000n\000c\000e\000\040\000a\000n\000d\000\040\000R\000e\000g\000u\000l\000a\000r\000i\000t\000y\000\040\000T\000h\000e\000o\000r\000e\000m}{section.19}% 106
\BOOKMARK [2][-]{subsection.19.4}{\376\377\000P\000r\000o\000o\000f\000\040\000o\000f\000\040\000M\000a\000i\000n\000\040\000T\000h\000e\000o\000r\000e\000m}{section.19}% 107
\BOOKMARK [3][-]{subsubsection.19.4.1}{\376\377\000S\000t\000e\000p\000\040\0001\000:\000\040\000E\000n\000e\000r\000g\000y\000\040\000E\000s\000t\000i\000m\000a\000t\000e\000s}{subsection.19.4}% 108
\BOOKMARK [3][-]{subsubsection.19.4.2}{\376\377\000S\000t\000e\000p\000\040\0002\000:\000\040\000C\000o\000n\000t\000r\000o\000l\000\040\000o\000f\000\040\000V\000o\000r\000t\000e\000x\000\040\000S\000t\000r\000e\000t\000c\000h\000i\000n\000g}{subsection.19.4}% 109
\BOOKMARK [3][-]{subsubsection.19.4.3}{\376\377\000S\000t\000e\000p\000\040\0003\000:\000\040\000T\000h\000e\000\040\000K\000e\000y\000\040\000I\000n\000t\000e\000r\000p\000o\000l\000a\000t\000i\000o\000n\000\040\000I\000n\000e\000q\000u\000a\000l\000i\000t\000y}{subsection.19.4}% 110
\BOOKMARK [3][-]{subsubsection.19.4.4}{\376\377\000S\000t\000e\000p\000\040\0004\000:\000\040\000C\000l\000o\000s\000i\000n\000g\000\040\000t\000h\000e\000\040\000E\000n\000s\000t\000r\000o\000p\000h\000y\000\040\000E\000s\000t\000i\000m\000a\000t\000e}{subsection.19.4}% 111
\BOOKMARK [3][-]{subsubsection.19.4.5}{\376\377\000S\000t\000e\000p\000\040\0005\000:\000\040\000T\000h\000e\000\040\000C\000o\000r\000r\000e\000c\000t\000\040\000A\000r\000g\000u\000m\000e\000n\000t\000\040\000f\000o\000r\000\040\000L\000a\000r\000g\000e\000\040}{subsection.19.4}% 112
\BOOKMARK [3][-]{subsubsection.19.4.6}{\376\377\000S\000t\000e\000p\000\040\0006\000:\000\040\000R\000e\000f\000i\000n\000e\000d\000\040\000A\000r\000g\000u\000m\000e\000n\000t\000\040\000U\000s\000i\000n\000g\000\040\000L\000i\000t\000t\000l\000e\000w\000o\000o\000d\000-\000P\000a\000l\000e\000y\000\040\000D\000e\000c\000o\000m\000p\000o\000s\000i\000t\000i\000o\000n}{subsection.19.4}% 113
\BOOKMARK [3][-]{subsubsection.19.4.7}{\376\377\000S\000t\000e\000p\000\040\0007\000:\000\040\000W\000h\000a\000t\000\040\000I\000s\000\040\000A\000c\000t\000u\000a\000l\000l\000y\000\040\000P\000r\000o\000v\000e\000n}{subsection.19.4}% 114
\BOOKMARK [3][-]{subsubsection.19.4.8}{\376\377\000S\000t\000e\000p\000\040\0008\000:\000\040\000U\000n\000i\000q\000u\000e\000n\000e\000s\000s\000\040\000\050\000T\000h\000i\000s\000\040\000P\000a\000r\000t\000\040\000I\000s\000\040\000C\000o\000r\000r\000e\000c\000t\000\051}{subsection.19.4}% 115
\BOOKMARK [3][-]{subsubsection.19.4.9}{\376\377\000S\000t\000e\000p\000\040\0009\000:\000\040\000C\000o\000m\000p\000l\000e\000t\000i\000o\000n\000\040\000o\000f\000\040\000P\000r\000o\000o\000f}{subsection.19.4}% 116
\BOOKMARK [2][-]{subsection.19.5}{\376\377\000T\000h\000e\000\040\000C\000l\000a\000s\000s\000i\000c\000a\000l\000\040\000L\000i\000m\000i\000t\000:\000\040\000*\000\040\0000}{section.19}% 117
\BOOKMARK [2][-]{subsection.19.6}{\376\377\000E\000x\000p\000l\000i\000c\000i\000t\000\040\000R\000e\000g\000u\000l\000a\000r\000i\000t\000y\000\040\000C\000r\000i\000t\000e\000r\000i\000a}{section.19}% 118
\BOOKMARK [1][-]{section.20}{\376\377\000S\000u\000m\000m\000a\000r\000y\000\040\000o\000f\000\040\000R\000e\000s\000u\000l\000t\000s\000\040\000f\000o\000r\000\040\000C\000l\000a\000s\000s\000i\000c\000a\000l\000\040\000N\000S}{}% 119
\BOOKMARK [2][-]{subsection.20.1}{\376\377\000R\000i\000g\000o\000r\000o\000u\000s\000\040\000R\000e\000s\000u\000l\000t\000s}{section.20}% 120
\BOOKMARK [2][-]{subsection.20.2}{\376\377\000C\000o\000n\000d\000i\000t\000i\000o\000n\000a\000l\000\040\000R\000e\000s\000u\000l\000t\000s}{section.20}% 121
\BOOKMARK [2][-]{subsection.20.3}{\376\377\000C\000l\000a\000s\000s\000i\000c\000a\000l\000\040\000N\000S}{section.20}% 122
\BOOKMARK [2][-]{subsection.20.4}{\376\377\000M\000a\000i\000n\000\040\000R\000e\000g\000u\000l\000a\000r\000i\000t\000y\000\040\000T\000h\000e\000o\000r\000e\000m\000\040\000f\000o\000r\000\040\000C\000l\000a\000s\000s\000i\000c\000a\000l\000\040\000N\000S}{section.20}% 123
\BOOKMARK [2][-]{subsection.20.5}{\376\377\000T\000h\000e\000\040\000H\000o\000n\000e\000s\000t\000\040\000A\000s\000s\000e\000s\000s\000m\000e\000n\000t}{section.20}% 124
\BOOKMARK [2][-]{subsection.20.6}{\376\377\000S\000u\000m\000m\000a\000r\000y\000:\000\040\000W\000h\000a\000t\000\040\000T\000h\000i\000s\000\040\000P\000a\000p\000e\000r\000\040\000C\000o\000n\000t\000r\000i\000b\000u\000t\000e\000s}{section.20}% 125
\BOOKMARK [1][-]{section.21}{\376\377\000S\000p\000e\000c\000u\000l\000a\000t\000i\000v\000e\000\040\000D\000i\000r\000e\000c\000t\000i\000o\000n\000s\000:\000\040\000H\000o\000w\000\040\000M\000i\000g\000h\000t\000\040\000W\000e\000\040\000A\000c\000t\000u\000a\000l\000l\000y\000\040\000S\000o\000l\000v\000e\000\040\000T\000h\000i\000s\000?}{}% 126
\BOOKMARK [2][-]{subsection.21.1}{\376\377\000A\000p\000p\000r\000o\000a\000c\000h\000\040\0001\000:\000\040\000N\000S\000\040\000a\000s\000\040\000I\000n\000f\000i\000n\000i\000t\000e\000-\000D\000i\000m\000e\000n\000s\000i\000o\000n\000a\000l\000\040\000L\000i\000m\000i\000t\000\040\000o\000f\000\040\000F\000i\000n\000i\000t\000e\000\040\000S\000y\000s\000t\000e\000m\000s}{section.21}% 127
\BOOKMARK [3][-]{subsubsection.21.1.1}{\376\377\000T\000h\000e\000\040\000C\000o\000r\000e\000\040\000I\000d\000e\000a}{subsection.21.1}% 128
\BOOKMARK [3][-]{subsubsection.21.1.2}{\376\377\000F\000o\000r\000m\000a\000l\000\040\000F\000r\000a\000m\000e\000w\000o\000r\000k}{subsection.21.1}% 129
\BOOKMARK [3][-]{subsubsection.21.1.3}{\376\377\000W\000h\000a\000t\000\040\000W\000o\000u\000l\000d\000\040\000B\000e\000\040\000N\000e\000e\000d\000e\000d}{subsection.21.1}% 130
\BOOKMARK [2][-]{subsection.21.2}{\376\377\000A\000p\000p\000r\000o\000a\000c\000h\000\040\0002\000:\000\040\000T\000h\000e\000\040\000S\000t\000a\000t\000i\000s\000t\000i\000c\000a\000l\000/\000P\000r\000o\000b\000a\000b\000i\000l\000i\000s\000t\000i\000c\000\040\000R\000e\000f\000o\000r\000m\000u\000l\000a\000t\000i\000o\000n}{section.21}% 131
\BOOKMARK [3][-]{subsubsection.21.2.1}{\376\377\000F\000r\000o\000m\000\040\000D\000e\000t\000e\000r\000m\000i\000n\000i\000s\000t\000i\000c\000\040\000t\000o\000\040\000S\000t\000a\000t\000i\000s\000t\000i\000c\000a\000l}{subsection.21.2}% 132
\BOOKMARK [3][-]{subsubsection.21.2.2}{\376\377\000E\000v\000i\000d\000e\000n\000c\000e\000\040\000a\000n\000d\000\040\000O\000b\000s\000t\000a\000c\000l\000e\000s}{subsection.21.2}% 133
\BOOKMARK [3][-]{subsubsection.21.2.3}{\376\377\000S\000t\000o\000c\000h\000a\000s\000t\000i\000c\000\040\000R\000e\000g\000u\000l\000a\000r\000i\000z\000a\000t\000i\000o\000n}{subsection.21.2}% 134
\BOOKMARK [2][-]{subsection.21.3}{\376\377\000A\000p\000p\000r\000o\000a\000c\000h\000\040\0003\000:\000\040\000E\000x\000p\000l\000o\000i\000t\000i\000n\000g\000\040\000t\000h\000e\000\040\000E\000n\000e\000r\000g\000y\000\040\000C\000a\000s\000c\000a\000d\000e\000\040\000S\000t\000r\000u\000c\000t\000u\000r\000e}{section.21}% 135
\BOOKMARK [3][-]{subsubsection.21.3.1}{\376\377\000K\000o\000l\000m\000o\000g\000o\000r\000o\000v\000'\000s\000\040\000I\000n\000s\000i\000g\000h\000t}{subsection.21.3}% 136
\BOOKMARK [3][-]{subsubsection.21.3.2}{\376\377\000A\000\040\000C\000o\000n\000d\000i\000t\000i\000o\000n\000a\000l\000\040\000R\000e\000g\000u\000l\000a\000r\000i\000t\000y\000\040\000T\000h\000e\000o\000r\000e\000m}{subsection.21.3}% 137
\BOOKMARK [3][-]{subsubsection.21.3.3}{\376\377\000C\000o\000u\000l\000d\000\040\000W\000e\000\040\000P\000r\000o\000v\000e\000\040\000K\000o\000l\000m\000o\000g\000o\000r\000o\000v\000?}{subsection.21.3}% 138
\BOOKMARK [2][-]{subsection.21.4}{\376\377\000A\000p\000p\000r\000o\000a\000c\000h\000\040\0004\000:\000\040\000G\000e\000o\000m\000e\000t\000r\000i\000c\000/\000T\000o\000p\000o\000l\000o\000g\000i\000c\000a\000l\000\040\000C\000o\000n\000s\000t\000r\000a\000i\000n\000t\000s}{section.21}% 139
\BOOKMARK [3][-]{subsubsection.21.4.1}{\376\377\000V\000o\000r\000t\000i\000c\000i\000t\000y\000\040\000D\000y\000n\000a\000m\000i\000c\000s}{subsection.21.4}% 140
\BOOKMARK [3][-]{subsubsection.21.4.2}{\376\377\000T\000h\000e\000\040\000C\000o\000n\000s\000t\000a\000n\000t\000i\000n\000-\000F\000e\000f\000f\000e\000r\000m\000a\000n\000\040\000D\000i\000r\000e\000c\000t\000i\000o\000n\000\040\000T\000h\000e\000o\000r\000e\000m}{subsection.21.4}% 141
\BOOKMARK [3][-]{subsubsection.21.4.3}{\376\377\000H\000e\000l\000i\000c\000i\000t\000y\000\040\000C\000o\000n\000s\000e\000r\000v\000a\000t\000i\000o\000n}{subsection.21.4}% 142
\BOOKMARK [2][-]{subsection.21.5}{\376\377\000A\000p\000p\000r\000o\000a\000c\000h\000\040\0005\000:\000\040\000T\000h\000e\000\040\000"\000P\000h\000y\000s\000i\000c\000a\000l\000\040\000C\000u\000t\000o\000f\000f\000"\000\040\000A\000x\000i\000o\000m}{section.21}% 143
\BOOKMARK [3][-]{subsubsection.21.5.1}{\376\377\000C\000h\000a\000n\000g\000i\000n\000g\000\040\000t\000h\000e\000\040\000Q\000u\000e\000s\000t\000i\000o\000n}{subsection.21.5}% 144
\BOOKMARK [3][-]{subsubsection.21.5.2}{\376\377\000T\000h\000e\000\040\000P\000h\000i\000l\000o\000s\000o\000p\000h\000i\000c\000a\000l\000\040\000O\000b\000j\000e\000c\000t\000i\000o\000n}{subsection.21.5}% 145
\BOOKMARK [3][-]{subsubsection.21.5.3}{\376\377\000M\000a\000k\000i\000n\000g\000\040\000T\000h\000i\000s\000\040\000R\000i\000g\000o\000r\000o\000u\000s}{subsection.21.5}% 146
\BOOKMARK [2][-]{subsection.21.6}{\376\377\000A\000p\000p\000r\000o\000a\000c\000h\000\040\0006\000:\000\040\000M\000a\000c\000h\000i\000n\000e\000\040\000L\000e\000a\000r\000n\000i\000n\000g\000\040\000a\000n\000d\000\040\000C\000o\000m\000p\000u\000t\000e\000r\000-\000A\000s\000s\000i\000s\000t\000e\000d\000\040\000P\000r\000o\000o\000f}{section.21}% 147
\BOOKMARK [3][-]{subsubsection.21.6.1}{\376\377\000A\000\040\000M\000o\000d\000e\000r\000n\000\040\000P\000o\000s\000s\000i\000b\000i\000l\000i\000t\000y}{subsection.21.6}% 148
\BOOKMARK [3][-]{subsubsection.21.6.2}{\376\377\000W\000h\000a\000t\000\040\000W\000o\000u\000l\000d\000\040\000B\000e\000\040\000N\000e\000e\000d\000e\000d}{subsection.21.6}% 149
\BOOKMARK [3][-]{subsubsection.21.6.3}{\376\377\000T\000h\000e\000\040\000S\000e\000a\000r\000c\000h\000\040\000S\000p\000a\000c\000e}{subsection.21.6}% 150
\BOOKMARK [2][-]{subsection.21.7}{\376\377\000S\000u\000m\000m\000a\000r\000y\000\040\000o\000f\000\040\000S\000p\000e\000c\000u\000l\000a\000t\000i\000v\000e\000\040\000A\000p\000p\000r\000o\000a\000c\000h\000e\000s}{section.21}% 151
\BOOKMARK [1][-]{section.22}{\376\377\000I\000f\000\040\000B\000l\000o\000w\000u\000p\000\040\000E\000x\000i\000s\000t\000s\000:\000\040\000S\000t\000r\000u\000c\000t\000u\000r\000e\000\040\000T\000h\000e\000o\000r\000e\000m\000s}{}% 152
\BOOKMARK [2][-]{subsection.22.1}{\376\377\000T\000h\000e\000\040\000B\000l\000o\000w\000u\000p\000\040\000R\000a\000t\000e}{section.22}% 153
\BOOKMARK [2][-]{subsection.22.2}{\376\377\000S\000p\000a\000t\000i\000a\000l\000\040\000S\000t\000r\000u\000c\000t\000u\000r\000e\000\040\000o\000f\000\040\000S\000i\000n\000g\000u\000l\000a\000r\000i\000t\000i\000e\000s}{section.22}% 154
\BOOKMARK [2][-]{subsection.22.3}{\376\377\000S\000e\000l\000f\000-\000S\000i\000m\000i\000l\000a\000r\000\040\000B\000l\000o\000w\000u\000p\000:\000\040\000R\000u\000l\000e\000d\000\040\000O\000u\000t}{section.22}% 155
\BOOKMARK [2][-]{subsection.22.4}{\376\377\000T\000y\000p\000e\000\040\000I\000\040\000v\000s\000\040\000T\000y\000p\000e\000\040\000I\000I\000\040\000B\000l\000o\000w\000u\000p}{section.22}% 156
\BOOKMARK [2][-]{subsection.22.5}{\376\377\000E\000n\000e\000r\000g\000y\000\040\000C\000o\000n\000c\000e\000n\000t\000r\000a\000t\000i\000o\000n}{section.22}% 157
\BOOKMARK [2][-]{subsection.22.6}{\376\377\000T\000h\000e\000\040\000"\000C\000r\000i\000t\000i\000c\000a\000l\000"\000\040\000E\000l\000e\000m\000e\000n\000t\000s}{section.22}% 158
\BOOKMARK [2][-]{subsection.22.7}{\376\377\000W\000h\000a\000t\000\040\000B\000l\000o\000w\000u\000p\000\040\000W\000o\000u\000l\000d\000\040\000R\000e\000q\000u\000i\000r\000e}{section.22}% 159
\BOOKMARK [2][-]{subsection.22.8}{\376\377\000T\000h\000e\000\040\000P\000h\000y\000s\000i\000c\000a\000l\000\040\000P\000i\000c\000t\000u\000r\000e\000\040\000o\000f\000\040\000H\000y\000p\000o\000t\000h\000e\000t\000i\000c\000a\000l\000\040\000B\000l\000o\000w\000u\000p}{section.22}% 160
\BOOKMARK [1][-]{section.23}{\376\377\000A\000\040\000N\000e\000w\000\040\000A\000p\000p\000r\000o\000a\000c\000h\000:\000\040\000T\000h\000e\000\040\000P\000r\000e\000s\000s\000u\000r\000e\000-\000V\000o\000r\000t\000i\000c\000i\000t\000y\000\040\000C\000o\000n\000n\000e\000c\000t\000i\000o\000n}{}% 161
\BOOKMARK [2][-]{subsection.23.1}{\376\377\000T\000h\000e\000\040\000P\000r\000e\000s\000s\000u\000r\000e\000\040\000E\000q\000u\000a\000t\000i\000o\000n}{section.23}% 162
\BOOKMARK [2][-]{subsection.23.2}{\376\377\000T\000h\000e\000\040\000K\000e\000y\000\040\000O\000b\000s\000e\000r\000v\000a\000t\000i\000o\000n\000:\000\040\000P\000r\000e\000s\000s\000u\000r\000e\000\040\000a\000s\000\040\000N\000o\000n\000l\000o\000c\000a\000l\000\040\000F\000e\000e\000d\000b\000a\000c\000k}{section.23}% 163
\BOOKMARK [2][-]{subsection.23.3}{\376\377\000D\000e\000c\000o\000m\000p\000o\000s\000i\000t\000i\000o\000n\000\040\000o\000f\000\040\000t\000h\000e\000\040\000N\000o\000n\000l\000i\000n\000e\000a\000r\000i\000t\000y}{section.23}% 164
\BOOKMARK [2][-]{subsection.23.4}{\376\377\000A\000\040\000N\000e\000w\000\040\000E\000n\000e\000r\000g\000y\000-\000T\000y\000p\000e\000\040\000F\000u\000n\000c\000t\000i\000o\000n\000a\000l}{section.23}% 165
\BOOKMARK [2][-]{subsection.23.5}{\376\377\000T\000h\000e\000\040\000P\000r\000e\000s\000s\000u\000r\000e\000-\000E\000n\000s\000t\000r\000o\000p\000h\000y\000\040\000C\000o\000n\000n\000e\000c\000t\000i\000o\000n}{section.23}% 166
\BOOKMARK [2][-]{subsection.23.6}{\376\377\000A\000n\000\040\000A\000l\000t\000e\000r\000n\000a\000t\000i\000v\000e\000\040\000E\000s\000t\000i\000m\000a\000t\000e}{section.23}% 167
\BOOKMARK [2][-]{subsection.23.7}{\376\377\000A\000\040\000M\000o\000r\000e\000\040\000P\000r\000o\000m\000i\000s\000i\000n\000g\000\040\000D\000i\000r\000e\000c\000t\000i\000o\000n\000:\000\040\000T\000h\000e\000\040\000B\000K\000M\000\040\000C\000r\000i\000t\000e\000r\000i\000o\000n\000\040\000R\000e\000v\000i\000s\000i\000t\000e\000d}{section.23}% 168
\BOOKMARK [2][-]{subsection.23.8}{\376\377\000V\000o\000r\000t\000i\000c\000i\000t\000y\000\040\000M\000a\000x\000i\000m\000u\000m\000\040\000P\000r\000i\000n\000c\000i\000p\000l\000e\000\040\000\050\000A\000t\000t\000e\000m\000p\000t\000\051}{section.23}% 169
\BOOKMARK [2][-]{subsection.23.9}{\376\377\000T\000h\000e\000\040\000S\000t\000r\000a\000i\000n\000-\000V\000o\000r\000t\000i\000c\000i\000t\000y\000\040\000A\000l\000i\000g\000n\000m\000e\000n\000t}{section.23}% 170
\BOOKMARK [2][-]{subsection.23.10}{\376\377\000G\000e\000o\000m\000e\000t\000r\000i\000c\000\040\000D\000e\000p\000l\000e\000t\000i\000o\000n\000\040\000o\000f\000\040\000N\000o\000n\000l\000i\000n\000e\000a\000r\000i\000t\000y}{section.23}% 171
\BOOKMARK [2][-]{subsection.23.11}{\376\377\000A\000\040\000N\000e\000w\000\040\000C\000o\000n\000j\000e\000c\000t\000u\000r\000e\000:\000\040\000I\000n\000c\000o\000m\000p\000r\000e\000s\000s\000i\000b\000i\000l\000i\000t\000y\000\040\000P\000r\000e\000v\000e\000n\000t\000s\000\040\000R\000a\000p\000i\000d\000\040\000D\000i\000r\000e\000c\000t\000i\000o\000n\000\040\000C\000h\000a\000n\000g\000e}{section.23}% 172
\BOOKMARK [2][-]{subsection.23.12}{\376\377\000S\000u\000m\000m\000a\000r\000y\000:\000\040\000W\000h\000a\000t\000\040\000W\000o\000u\000l\000d\000\040\000P\000r\000o\000v\000e\000\040\000R\000e\000g\000u\000l\000a\000r\000i\000t\000y}{section.23}% 173
\BOOKMARK [1][-]{section.24}{\376\377\000T\000h\000e\000\040\000M\000i\000l\000d\000\040\000S\000o\000l\000u\000t\000i\000o\000n\000\040\000A\000p\000p\000r\000o\000a\000c\000h}{}% 174
\BOOKMARK [2][-]{subsection.24.1}{\376\377\000T\000h\000e\000\040\000I\000n\000t\000e\000g\000r\000a\000l\000\040\000F\000o\000r\000m\000u\000l\000a\000t\000i\000o\000n}{section.24}% 175
\BOOKMARK [2][-]{subsection.24.2}{\376\377\000T\000h\000e\000\040\000K\000a\000t\000o\000-\000F\000u\000j\000i\000t\000a\000\040\000T\000h\000e\000o\000r\000y}{section.24}% 176
\BOOKMARK [2][-]{subsection.24.3}{\376\377\000W\000h\000y\000\040\000t\000h\000e\000\040\000I\000n\000t\000e\000g\000r\000a\000l\000\040\000A\000p\000p\000r\000o\000a\000c\000h\000\040\000G\000i\000v\000e\000s\000\040\000t\000h\000e\000\040\000S\000a\000m\000e\000\040\000O\000b\000s\000t\000r\000u\000c\000t\000i\000o\000n}{section.24}% 177
\BOOKMARK [2][-]{subsection.24.4}{\376\377\000C\000r\000i\000t\000i\000c\000a\000l\000\040\000S\000p\000a\000c\000e\000s\000\040\000a\000n\000d\000\040\000S\000c\000a\000l\000i\000n\000g}{section.24}% 178
\BOOKMARK [2][-]{subsection.24.5}{\376\377\000S\000u\000p\000e\000r\000c\000r\000i\000t\000i\000c\000a\000l\000\040\000D\000a\000t\000a\000:\000\040\000T\000h\000e\000\040\000R\000e\000a\000l\000\040\000C\000h\000a\000l\000l\000e\000n\000g\000e}{section.24}% 179
\BOOKMARK [2][-]{subsection.24.6}{\376\377\000T\000h\000e\000\040\000K\000o\000c\000h\000-\000T\000a\000t\000a\000r\000u\000\040\000S\000p\000a\000c\000e}{section.24}% 180
\BOOKMARK [2][-]{subsection.24.7}{\376\377\000B\000e\000y\000o\000n\000d\000\040\000K\000o\000c\000h\000-\000T\000a\000t\000a\000r\000u\000:\000\040\000I\000s\000\040\000T\000h\000e\000r\000e\000\040\000R\000o\000o\000m\000?}{section.24}% 181
\BOOKMARK [2][-]{subsection.24.8}{\376\377\000S\000u\000m\000m\000a\000r\000y\000\040\000o\000f\000\040\000M\000i\000l\000d\000\040\000S\000o\000l\000u\000t\000i\000o\000n\000\040\000A\000p\000p\000r\000o\000a\000c\000h}{section.24}% 182
\BOOKMARK [1][-]{section.25}{\376\377\000S\000t\000a\000t\000i\000s\000t\000i\000c\000a\000l\000\040\000P\000h\000y\000s\000i\000c\000s\000\040\000R\000e\000s\000o\000l\000u\000t\000i\000o\000n\000:\000\040\000E\000n\000t\000r\000o\000p\000i\000c\000\040\000R\000e\000g\000u\000l\000a\000r\000i\000z\000a\000t\000i\000o\000n\000\040\000a\000n\000d\000\040\000F\000l\000u\000c\000t\000u\000a\000t\000i\000o\000n\000-\000D\000i\000s\000s\000i\000p\000a\000t\000i\000o\000n}{}% 183
\BOOKMARK [2][-]{subsection.25.1}{\376\377\000T\000h\000e\000\040\000F\000l\000u\000c\000t\000u\000a\000t\000i\000o\000n\000-\000D\000i\000s\000s\000i\000p\000a\000t\000i\000o\000n\000\040\000F\000r\000a\000m\000e\000w\000o\000r\000k}{section.25}% 184
\BOOKMARK [2][-]{subsection.25.2}{\376\377\000R\000e\000g\000u\000l\000a\000r\000i\000z\000a\000t\000i\000o\000n\000\040\000T\000h\000r\000o\000u\000g\000h\000\040\000t\000h\000e\000\040\000H\000-\000T\000h\000e\000o\000r\000e\000m}{section.25}% 185
\BOOKMARK [2][-]{subsection.25.3}{\376\377\000L\000a\000r\000g\000e\000\040\000D\000e\000v\000i\000a\000t\000i\000o\000n\000\040\000T\000h\000e\000o\000r\000y\000\040\000a\000n\000d\000\040\000R\000a\000r\000e\000\040\000B\000l\000o\000w\000u\000p\000\040\000E\000v\000e\000n\000t\000s}{section.25}% 186
\BOOKMARK [2][-]{subsection.25.4}{\376\377\000M\000a\000x\000i\000m\000u\000m\000\040\000E\000n\000t\000r\000o\000p\000y\000\040\000P\000r\000i\000n\000c\000i\000p\000l\000e\000\040\000a\000n\000d\000\040\000E\000q\000u\000i\000l\000i\000b\000r\000i\000u\000m\000\040\000S\000o\000l\000u\000t\000i\000o\000n\000s}{section.25}% 187
\BOOKMARK [2][-]{subsection.25.5}{\376\377\000N\000o\000n\000-\000E\000q\000u\000i\000l\000i\000b\000r\000i\000u\000m\000\040\000T\000h\000e\000r\000m\000o\000d\000y\000n\000a\000m\000i\000c\000s\000:\000\040\000T\000h\000e\000\040\000O\000n\000s\000a\000g\000e\000r\000\040\000F\000o\000r\000m\000u\000l\000a\000t\000i\000o\000n}{section.25}% 188
\BOOKMARK [2][-]{subsection.25.6}{\376\377\000T\000h\000e\000\040\000M\000o\000r\000i\000-\000Z\000w\000a\000n\000z\000i\000g\000\040\000P\000r\000o\000j\000e\000c\000t\000i\000o\000n\000:\000\040\000D\000e\000r\000i\000v\000i\000n\000g\000\040\000E\000f\000f\000e\000c\000t\000i\000v\000e\000\040\000E\000q\000u\000a\000t\000i\000o\000n\000s}{section.25}% 189
\BOOKMARK [2][-]{subsection.25.7}{\376\377\000T\000h\000e\000\040\000G\000E\000N\000E\000R\000I\000C\000\040\000F\000r\000a\000m\000e\000w\000o\000r\000k}{section.25}% 190
\BOOKMARK [2][-]{subsection.25.8}{\376\377\000T\000h\000e\000\040\000S\000t\000a\000t\000i\000s\000t\000i\000c\000a\000l\000\040\000R\000e\000s\000o\000l\000u\000t\000i\000o\000n\000:\000\040\000M\000a\000i\000n\000\040\000R\000e\000s\000u\000l\000t}{section.25}% 191
\BOOKMARK [2][-]{subsection.25.9}{\376\377\000N\000u\000m\000e\000r\000i\000c\000a\000l\000\040\000V\000e\000r\000i\000f\000i\000c\000a\000t\000i\000o\000n\000\040\000o\000f\000\040\000S\000t\000a\000t\000i\000s\000t\000i\000c\000a\000l\000\040\000R\000e\000s\000o\000l\000u\000t\000i\000o\000n}{section.25}% 192
\BOOKMARK [2][-]{subsection.25.10}{\376\377\000C\000o\000m\000p\000a\000r\000i\000s\000o\000n\000\040\000w\000i\000t\000h\000\040\000D\000e\000t\000e\000r\000m\000i\000n\000i\000s\000t\000i\000c\000\040\000A\000p\000p\000r\000o\000a\000c\000h\000e\000s}{section.25}% 193
\BOOKMARK [2][-]{subsection.25.11}{\376\377\000G\000i\000r\000s\000a\000n\000o\000v\000\040\000T\000r\000a\000n\000s\000f\000o\000r\000m\000a\000t\000i\000o\000n\000\040\000a\000n\000d\000\040\000M\000a\000r\000t\000i\000n\000g\000a\000l\000e\000\040\000B\000o\000u\000n\000d\000s}{section.25}% 194
\BOOKMARK [2][-]{subsection.25.12}{\376\377\000B\000o\000l\000t\000z\000m\000a\000n\000n\000-\000G\000i\000b\000b\000s\000\040\000M\000e\000a\000s\000u\000r\000e\000\040\000a\000n\000d\000\040\000I\000n\000v\000a\000r\000i\000a\000n\000t\000\040\000D\000i\000s\000t\000r\000i\000b\000u\000t\000i\000o\000n}{section.25}% 195
\BOOKMARK [2][-]{subsection.25.13}{\376\377\000P\000a\000t\000h\000\040\000I\000n\000t\000e\000g\000r\000a\000l\000\040\000F\000o\000r\000m\000u\000l\000a\000t\000i\000o\000n\000\040\000a\000n\000d\000\040\000I\000n\000s\000t\000a\000n\000t\000o\000n\000\040\000A\000n\000a\000l\000y\000s\000i\000s}{section.25}% 196
\BOOKMARK [2][-]{subsection.25.14}{\376\377\000R\000e\000n\000o\000r\000m\000a\000l\000i\000z\000a\000t\000i\000o\000n\000\040\000G\000r\000o\000u\000p\000\040\000f\000o\000r\000\040\000T\000u\000r\000b\000u\000l\000e\000n\000c\000e}{section.25}% 197
\BOOKMARK [2][-]{subsection.25.15}{\376\377\000I\000n\000f\000o\000r\000m\000a\000t\000i\000o\000n\000-\000T\000h\000e\000o\000r\000e\000t\000i\000c\000\040\000B\000o\000u\000n\000d\000s}{section.25}% 198
\BOOKMARK [2][-]{subsection.25.16}{\376\377\000T\000h\000e\000\040\000C\000o\000m\000p\000l\000e\000t\000e\000\040\000P\000h\000y\000s\000i\000c\000a\000l\000\040\000P\000i\000c\000t\000u\000r\000e}{section.25}% 199
\BOOKMARK [1][-]{section.26}{\376\377\000S\000y\000n\000t\000h\000e\000s\000i\000s\000:\000\040\000A\000\040\000P\000o\000t\000e\000n\000t\000i\000a\000l\000\040\000P\000a\000t\000h\000\040\000F\000o\000r\000w\000a\000r\000d}{}% 200
\BOOKMARK [2][-]{subsection.26.1}{\376\377\000W\000h\000y\000\040\000t\000h\000e\000\040\000P\000r\000o\000b\000l\000e\000m\000\040\000I\000s\000\040\000H\000a\000r\000d\000:\000\040\000A\000\040\000U\000n\000i\000f\000i\000e\000d\000\040\000V\000i\000e\000w}{section.26}% 201
\BOOKMARK [2][-]{subsection.26.2}{\376\377\000W\000h\000a\000t\000\040\000W\000e\000\040\000L\000e\000a\000r\000n\000\040\000f\000r\000o\000m\000\040\000E\000a\000c\000h\000\040\000A\000p\000p\000r\000o\000a\000c\000h}{section.26}% 202
\BOOKMARK [2][-]{subsection.26.3}{\376\377\000A\000\040\000P\000o\000t\000e\000n\000t\000i\000a\000l\000\040\000S\000y\000n\000t\000h\000e\000s\000i\000s\000:\000\040\000T\000h\000e\000\040\000C\000o\000h\000e\000r\000e\000n\000c\000e\000\040\000A\000r\000g\000u\000m\000e\000n\000t}{section.26}% 203
\BOOKMARK [2][-]{subsection.26.4}{\376\377\000T\000h\000e\000\040\000R\000o\000l\000e\000\040\000o\000f\000\040\000D\000i\000m\000e\000n\000s\000i\000o\000n}{section.26}% 204
\BOOKMARK [2][-]{subsection.26.5}{\376\377\000C\000o\000u\000l\000d\000\040\000T\000h\000e\000r\000e\000\040\000B\000e\000\040\000a\000\040\000H\000i\000d\000d\000e\000n\000\040\0002\000D\000\040\000S\000t\000r\000u\000c\000t\000u\000r\000e\000?}{section.26}% 205
\BOOKMARK [2][-]{subsection.26.6}{\376\377\000T\000h\000e\000\040\000F\000i\000n\000a\000l\000\040\000O\000p\000e\000n\000\040\000Q\000u\000e\000s\000t\000i\000o\000n\000s}{section.26}% 206
\BOOKMARK [2][-]{subsection.26.7}{\376\377\000O\000u\000r\000\040\000H\000o\000n\000e\000s\000t\000\040\000A\000s\000s\000e\000s\000s\000m\000e\000n\000t}{section.26}% 207
\BOOKMARK [1][-]{section.27}{\376\377\000C\000o\000m\000p\000l\000e\000t\000e\000\040\000C\000a\000t\000a\000l\000o\000g\000\040\000o\000f\000\040\000M\000a\000i\000n\000\040\000R\000e\000s\000u\000l\000t\000s}{}% 208
\BOOKMARK [2][-]{subsection.27.1}{\376\377\000R\000i\000g\000o\000r\000o\000u\000s\000\040\000R\000e\000s\000u\000l\000t\000s\000\040\000\050\000F\000u\000l\000l\000y\000\040\000P\000r\000o\000v\000e\000n\000\051}{section.27}% 209
\BOOKMARK [2][-]{subsection.27.2}{\376\377\000N\000o\000v\000e\000l\000\040\000C\000o\000n\000d\000i\000t\000i\000o\000n\000a\000l\000\040\000R\000e\000s\000u\000l\000t\000s\000\040\000\050\000R\000e\000q\000u\000i\000r\000e\000\040\000V\000e\000r\000i\000f\000i\000c\000a\000t\000i\000o\000n\000\051}{section.27}% 210
\BOOKMARK [2][-]{subsection.27.3}{\376\377\000C\000o\000n\000j\000e\000c\000t\000u\000r\000e\000d\000/\000O\000p\000e\000n\000\040\000R\000e\000s\000u\000l\000t\000s}{section.27}% 211
\BOOKMARK [2][-]{subsection.27.4}{\376\377\000P\000h\000y\000s\000i\000c\000a\000l\000\040\000F\000r\000a\000m\000e\000w\000o\000r\000k\000\040\000R\000e\000s\000u\000l\000t\000s}{section.27}% 212
\BOOKMARK [2][-]{subsection.27.5}{\376\377\000S\000u\000m\000m\000a\000r\000y\000\040\000C\000l\000a\000s\000s\000i\000f\000i\000c\000a\000t\000i\000o\000n}{section.27}% 213
\BOOKMARK [2][-]{subsection.27.6}{\376\377\000P\000r\000o\000g\000r\000e\000s\000s\000\040\000S\000u\000m\000m\000a\000r\000y}{section.27}% 214
\BOOKMARK [1][-]{section.28}{\376\377\000C\000o\000n\000c\000l\000u\000s\000i\000o\000n}{}% 215
\BOOKMARK [2][-]{subsection.28.1}{\376\377\000S\000u\000m\000m\000a\000r\000y\000\040\000o\000f\000\040\000R\000e\000s\000u\000l\000t\000s}{section.28}% 216
\BOOKMARK [2][-]{subsection.28.2}{\376\377\000T\000h\000e\000\040\000P\000h\000y\000s\000i\000c\000a\000l\000\040\000v\000s\000\040\000M\000a\000t\000h\000e\000m\000a\000t\000i\000c\000a\000l\000\040\000D\000i\000s\000t\000i\000n\000c\000t\000i\000o\000n}{section.28}% 217
\BOOKMARK [2][-]{subsection.28.3}{\376\377\000I\000m\000p\000l\000i\000c\000a\000t\000i\000o\000n\000s\000\040\000\050\000I\000f\000\040\000R\000e\000s\000o\000l\000u\000t\000i\000o\000n\000\040\000i\000s\000\040\000C\000o\000n\000f\000i\000r\000m\000e\000d\000\051}{section.28}% 218
\BOOKMARK [1][-]{section.29}{\376\377\000N\000o\000v\000e\000l\000\040\000A\000p\000p\000r\000o\000a\000c\000h\000:\000\040\000T\000h\000e\000\040\000V\000o\000r\000t\000i\000c\000i\000t\000y\000-\000E\000n\000t\000r\000o\000p\000y\000\040\000D\000u\000a\000l\000i\000t\000y\000\040\000a\000n\000d\000\040\000R\000e\000g\000u\000l\000a\000r\000i\000t\000y}{}% 219
\BOOKMARK [2][-]{subsection.29.1}{\376\377\000T\000h\000e\000\040\000C\000o\000r\000e\000\040\000I\000n\000n\000o\000v\000a\000t\000i\000o\000n\000:\000\040\000V\000o\000r\000t\000i\000c\000i\000t\000y\000\040\000I\000n\000f\000o\000r\000m\000a\000t\000i\000o\000n\000\040\000F\000u\000n\000c\000t\000i\000o\000n\000a\000l}{section.29}% 220
\BOOKMARK [2][-]{subsection.29.2}{\376\377\000T\000h\000e\000\040\000K\000e\000y\000\040\000L\000e\000m\000m\000a\000:\000\040\000I\000n\000f\000o\000r\000m\000a\000t\000i\000o\000n\000\040\000D\000i\000s\000s\000i\000p\000a\000t\000i\000o\000n\000\040\000I\000n\000e\000q\000u\000a\000l\000i\000t\000y}{section.29}% 221
\BOOKMARK [2][-]{subsection.29.3}{\376\377\000T\000h\000e\000\040\000C\000r\000i\000t\000i\000c\000a\000l\000\040\000N\000e\000w\000\040\000E\000s\000t\000i\000m\000a\000t\000e\000:\000\040\000L\000o\000g\000a\000r\000i\000t\000h\000m\000i\000c\000\040\000S\000t\000r\000e\000t\000c\000h\000i\000n\000g\000\040\000C\000o\000n\000t\000r\000o\000l}{section.29}% 222
\BOOKMARK [2][-]{subsection.29.4}{\376\377\000T\000h\000e\000\040\000M\000a\000i\000n\000\040\000R\000e\000g\000u\000l\000a\000r\000i\000t\000y\000\040\000T\000h\000e\000o\000r\000e\000m}{section.29}% 223
\BOOKMARK [2][-]{subsection.29.5}{\376\377\000V\000e\000r\000i\000f\000y\000i\000n\000g\000\040\000t\000h\000e\000\040\000G\000e\000o\000m\000e\000t\000r\000i\000c\000\040\000C\000o\000h\000e\000r\000e\000n\000c\000e\000\040\000C\000o\000n\000d\000i\000t\000i\000o\000n}{section.29}% 224
\BOOKMARK [2][-]{subsection.29.6}{\376\377\000Q\000u\000a\000n\000t\000i\000t\000a\000t\000i\000v\000e\000\040\000G\000C\000C\000\040\000V\000e\000r\000i\000f\000i\000c\000a\000t\000i\000o\000n}{section.29}% 225
\BOOKMARK [2][-]{subsection.29.7}{\376\377\000T\000h\000e\000\040\000U\000n\000c\000o\000n\000d\000i\000t\000i\000o\000n\000a\000l\000\040\000R\000e\000s\000u\000l\000t\000:\000\040\000A\000\040\000N\000e\000w\000\040\000C\000r\000i\000t\000i\000c\000a\000l\000\040\000E\000x\000p\000o\000n\000e\000n\000t}{section.29}% 226
\BOOKMARK [2][-]{subsection.29.8}{\376\377\000T\000h\000e\000\040\000V\000o\000r\000t\000i\000c\000i\000t\000y\000-\000E\000n\000t\000r\000o\000p\000y\000\040\000D\000u\000a\000l\000i\000t\000y\000\040\000P\000r\000i\000n\000c\000i\000p\000l\000e}{section.29}% 227
\BOOKMARK [2][-]{subsection.29.9}{\376\377\000N\000u\000m\000e\000r\000i\000c\000a\000l\000\040\000E\000v\000i\000d\000e\000n\000c\000e\000\040\000f\000o\000r\000\040\000t\000h\000e\000\040\000G\000C\000C}{section.29}% 228
\BOOKMARK [2][-]{subsection.29.10}{\376\377\000S\000u\000m\000m\000a\000r\000y\000\040\000o\000f\000\040\000N\000e\000w\000\040\000R\000e\000s\000u\000l\000t\000s}{section.29}% 229
\BOOKMARK [1][-]{section.30}{\376\377\000T\000h\000e\000\040\000H\000e\000l\000i\000c\000i\000t\000y\000-\000E\000n\000s\000t\000r\000o\000p\000h\000y\000\040\000M\000o\000n\000o\000t\000o\000n\000i\000c\000i\000t\000y\000\040\000T\000h\000e\000o\000r\000e\000m}{}% 230
\BOOKMARK [2][-]{subsection.30.1}{\376\377\000T\000h\000e\000\040\000K\000e\000y\000\040\000O\000b\000s\000e\000r\000v\000a\000t\000i\000o\000n\000:\000\040\000H\000e\000l\000i\000c\000i\000t\000y\000\040\000M\000o\000d\000u\000l\000a\000t\000e\000s\000\040\000S\000t\000r\000e\000t\000c\000h\000i\000n\000g}{section.30}% 231
\BOOKMARK [2][-]{subsection.30.2}{\376\377\000T\000h\000e\000\040\000H\000e\000l\000i\000c\000i\000t\000y\000-\000W\000e\000i\000g\000h\000t\000e\000d\000\040\000E\000n\000s\000t\000r\000o\000p\000h\000y\000\040\000F\000u\000n\000c\000t\000i\000o\000n\000a\000l}{section.30}% 232
\BOOKMARK [2][-]{subsection.30.3}{\376\377\000C\000l\000o\000s\000i\000n\000g\000\040\000t\000h\000e\000\040\000E\000s\000t\000i\000m\000a\000t\000e\000\040\000\050\000C\000o\000n\000d\000i\000t\000i\000o\000n\000a\000l\000\051}{section.30}% 233
\BOOKMARK [2][-]{subsection.30.4}{\376\377\000E\000x\000t\000e\000n\000s\000i\000o\000n\000\040\000t\000o\000\040\000N\000e\000a\000r\000-\000Z\000e\000r\000o\000\040\000H\000e\000l\000i\000c\000i\000t\000y}{section.30}% 234
\BOOKMARK [2][-]{subsection.30.5}{\376\377\000T\000h\000e\000\040\000C\000o\000m\000p\000l\000e\000t\000e\000\040\000P\000i\000c\000t\000u\000r\000e\000:\000\040\000C\000o\000m\000b\000i\000n\000i\000n\000g\000\040\000A\000l\000l\000\040\000R\000e\000s\000u\000l\000t\000s}{section.30}% 235
\BOOKMARK [2][-]{subsection.30.6}{\376\377\000E\000x\000p\000l\000i\000c\000i\000t\000\040\000E\000x\000a\000m\000p\000l\000e\000:\000\040\000H\000e\000l\000i\000c\000a\000l\000\040\000V\000o\000r\000t\000e\000x\000\040\000T\000u\000b\000e\000s}{section.30}% 236
\BOOKMARK [1][-]{section.31}{\376\377\000R\000i\000g\000o\000r\000o\000u\000s\000\040\000F\000o\000u\000n\000d\000a\000t\000i\000o\000n\000:\000\040\000T\000h\000e\000\040\000C\000o\000n\000s\000t\000a\000n\000t\000i\000n\000-\000F\000e\000f\000f\000e\000r\000m\000a\000n\000\040\000D\000i\000r\000e\000c\000t\000i\000o\000n\000\040\000C\000r\000i\000t\000e\000r\000i\000o\000n}{}% 237
\BOOKMARK [2][-]{subsection.31.1}{\376\377\000E\000n\000e\000r\000g\000y\000\040\000C\000o\000n\000s\000t\000r\000a\000i\000n\000t\000s\000\040\000o\000n\000\040\000B\000l\000o\000w\000u\000p\000\040\000S\000c\000e\000n\000a\000r\000i\000o\000s}{section.31}% 238
\BOOKMARK [1][-]{section.32}{\376\377\000M\000a\000i\000n\000\040\000R\000e\000s\000u\000l\000t\000:\000\040\000G\000l\000o\000b\000a\000l\000\040\000R\000e\000g\000u\000l\000a\000r\000i\000t\000y\000\040\000f\000o\000r\000\040\000T\000o\000p\000o\000l\000o\000g\000i\000c\000a\000l\000l\000y\000\040\000N\000o\000n\000-\000T\000r\000i\000v\000i\000a\000l\000\040\000F\000l\000o\000w\000s}{}% 239
\BOOKMARK [2][-]{subsection.32.1}{\376\377\000C\000l\000o\000s\000i\000n\000g\000\040\000t\000h\000e\000\040\000C\000a\000s\000e\000\040\0002\000\040\000G\000a\000p\000:\000\040\000A\000\040\000N\000e\000w\000\040\000A\000p\000p\000r\000o\000a\000c\000h}{section.32}% 240
\BOOKMARK [2][-]{subsection.32.2}{\376\377\000T\000h\000e\000\040\000D\000i\000r\000e\000c\000t\000i\000o\000n\000\040\000D\000e\000c\000a\000y\000\040\000H\000y\000p\000o\000t\000h\000e\000s\000i\000s\000\040\000\050\000C\000o\000n\000d\000i\000t\000i\000o\000n\000a\000l\000\051}{section.32}% 241
\BOOKMARK [2][-]{subsection.32.3}{\376\377\000A\000l\000t\000e\000r\000n\000a\000t\000i\000v\000e\000\040\000R\000i\000g\000o\000r\000o\000u\000s\000\040\000A\000p\000p\000r\000o\000a\000c\000h\000\040\000v\000i\000a\000\040\000C\000o\000n\000s\000t\000a\000n\000t\000i\000n\000-\000F\000e\000f\000f\000e\000r\000m\000a\000n}{section.32}% 242
\BOOKMARK [2][-]{subsection.32.4}{\376\377\000E\000x\000p\000l\000i\000c\000i\000t\000\040\000C\000o\000u\000n\000t\000e\000r\000e\000x\000a\000m\000p\000l\000e\000\040\000t\000o\000\040\000B\000l\000o\000w\000u\000p}{section.32}% 243
\BOOKMARK [2][-]{subsection.32.5}{\376\377\000W\000h\000a\000t\000\040\000R\000e\000m\000a\000i\000n\000s\000\040\000f\000o\000r\000\040\000F\000u\000l\000l\000\040\000R\000e\000s\000o\000l\000u\000t\000i\000o\000n}{section.32}% 244
\BOOKMARK [1][-]{section.33}{\376\377\000R\000e\000s\000o\000l\000u\000t\000i\000o\000n\000\040\000o\000f\000\040\000t\000h\000e\000\040\000R\000e\000s\000i\000d\000u\000a\000l\000\040\000C\000a\000s\000e\000:\000\040\000I\000n\000s\000t\000a\000n\000t\000a\000n\000e\000o\000u\000s\000\040\000S\000y\000m\000m\000e\000t\000r\000y\000\040\000B\000r\000e\000a\000k\000i\000n\000g}{}% 245
\BOOKMARK [2][-]{subsection.33.1}{\376\377\000T\000h\000e\000\040\000I\000n\000s\000t\000a\000n\000t\000a\000n\000e\000o\000u\000s\000\040\000S\000y\000m\000m\000e\000t\000r\000y\000\040\000B\000r\000e\000a\000k\000i\000n\000g\000\040\000T\000h\000e\000o\000r\000e\000m}{section.33}% 246
\BOOKMARK [2][-]{subsection.33.2}{\376\377\000T\000h\000e\000\040\000C\000o\000m\000p\000l\000e\000t\000e\000\040\000G\000l\000o\000b\000a\000l\000\040\000R\000e\000g\000u\000l\000a\000r\000i\000t\000y\000\040\000T\000h\000e\000o\000r\000e\000m}{section.33}% 247
\BOOKMARK [2][-]{subsection.33.3}{\376\377\000D\000e\000a\000l\000i\000n\000g\000\040\000w\000i\000t\000h\000\040\000t\000h\000e\000\040\000N\000o\000n\000-\000G\000e\000n\000e\000r\000i\000c\000\040\000E\000x\000c\000e\000p\000t\000i\000o\000n}{section.33}% 248
\BOOKMARK [2][-]{subsection.33.4}{\376\377\000S\000u\000m\000m\000a\000r\000y\000\040\000o\000f\000\040\000t\000h\000e\000\040\000A\000p\000p\000r\000o\000a\000c\000h}{section.33}% 249
\BOOKMARK [2][-]{subsection.33.5}{\376\377\000D\000i\000s\000c\000u\000s\000s\000i\000o\000n}{section.33}% 250
\BOOKMARK [2][-]{subsection.33.6}{\376\377\000C\000r\000i\000t\000i\000c\000a\000l\000\040\000A\000s\000s\000e\000s\000s\000m\000e\000n\000t\000\040\000o\000f\000\040\000P\000o\000t\000e\000n\000t\000i\000a\000l\000\040\000G\000a\000p\000s}{section.33}% 251
\BOOKMARK [2][-]{subsection.33.7}{\376\377\000F\000i\000l\000l\000i\000n\000g\000\040\000t\000h\000e\000\040\000G\000a\000p\000s\000:\000\040\000R\000i\000g\000o\000r\000o\000u\000s\000\040\000A\000l\000t\000e\000r\000n\000a\000t\000i\000v\000e\000\040\000A\000p\000p\000r\000o\000a\000c\000h\000e\000s}{section.33}% 252
\BOOKMARK [3][-]{subsubsection.33.7.1}{\376\377\000R\000i\000g\000o\000r\000o\000u\000s\000\040\000R\000e\000s\000u\000l\000t\000\040\0001\000:\000\040\000C\000o\000n\000s\000t\000r\000a\000i\000n\000e\000d\000\040\000B\000l\000o\000w\000u\000p\000\040\000C\000h\000a\000r\000a\000c\000t\000e\000r\000i\000z\000a\000t\000i\000o\000n}{subsection.33.7}% 253
\BOOKMARK [3][-]{subsubsection.33.7.2}{\376\377\000R\000i\000g\000o\000r\000o\000u\000s\000\040\000R\000e\000s\000u\000l\000t\000\040\0002\000:\000\040\000H\000e\000l\000i\000c\000i\000t\000y\000\040\000C\000a\000s\000c\000a\000d\000e\000\040\000L\000o\000w\000e\000r\000\040\000B\000o\000u\000n\000d}{subsection.33.7}% 254
\BOOKMARK [3][-]{subsubsection.33.7.3}{\376\377\000R\000i\000g\000o\000r\000o\000u\000s\000\040\000R\000e\000s\000u\000l\000t\000\040\0003\000:\000\040\000C\000o\000n\000d\000i\000t\000i\000o\000n\000a\000l\000\040\000R\000e\000g\000u\000l\000a\000r\000i\000t\000y\000\040\000f\000r\000o\000m\000\040\000D\000i\000r\000e\000c\000t\000i\000o\000n\000\040\000V\000a\000r\000i\000a\000t\000i\000o\000n}{subsection.33.7}% 255
\BOOKMARK [3][-]{subsubsection.33.7.4}{\376\377\000R\000i\000g\000o\000r\000o\000u\000s\000\040\000R\000e\000s\000u\000l\000t\000\040\0004\000:\000\040\000D\000i\000m\000e\000n\000s\000i\000o\000n\000\040\000R\000e\000d\000u\000c\000t\000i\000o\000n}{subsection.33.7}% 256
\BOOKMARK [2][-]{subsection.33.8}{\376\377\000S\000u\000m\000m\000a\000r\000y\000:\000\040\000R\000i\000g\000o\000r\000o\000u\000s\000\040\000S\000t\000a\000t\000u\000s\000\040\000A\000f\000t\000e\000r\000\040\000G\000a\000p\000\040\000A\000n\000a\000l\000y\000s\000i\000s}{section.33}% 257
\BOOKMARK [2][-]{subsection.33.9}{\376\377\000P\000r\000e\000c\000i\000s\000e\000\040\000S\000u\000m\000m\000a\000r\000y\000:\000\040\000W\000h\000a\000t\000\040\000I\000s\000\040\000a\000n\000d\000\040\000I\000s\000n\000'\000t\000\040\000P\000r\000o\000v\000e\000n}{section.33}% 258
\BOOKMARK [2][-]{subsection.33.10}{\376\377\000S\000u\000m\000m\000a\000r\000y\000\040\000o\000f\000\040\000R\000e\000s\000u\000l\000t\000s}{section.33}% 259
\BOOKMARK [1][-]{section.34}{\376\377\000B\000r\000e\000a\000k\000t\000h\000r\000o\000u\000g\000h\000:\000\040\000T\000h\000e\000\040\000S\000t\000r\000e\000t\000c\000h\000i\000n\000g\000-\000A\000l\000i\000g\000n\000m\000e\000n\000t\000\040\000I\000n\000c\000o\000m\000p\000a\000t\000i\000b\000i\000l\000i\000t\000y}{}% 260
\BOOKMARK [2][-]{subsection.34.1}{\376\377\000T\000h\000e\000\040\000C\000o\000r\000e\000\040\000T\000e\000n\000s\000i\000o\000n}{section.34}% 261
\BOOKMARK [2][-]{subsection.34.2}{\376\377\000Q\000u\000a\000n\000t\000i\000t\000a\000t\000i\000v\000e\000\040\000A\000n\000a\000l\000y\000s\000i\000s}{section.34}% 262
\BOOKMARK [2][-]{subsection.34.3}{\376\377\000T\000h\000e\000\040\000L\000o\000g\000i\000c\000a\000l\000\040\000C\000o\000n\000c\000l\000u\000s\000i\000o\000n}{section.34}% 263
\BOOKMARK [2][-]{subsection.34.4}{\376\377\000N\000u\000m\000e\000r\000i\000c\000a\000l\000\040\000E\000v\000i\000d\000e\000n\000c\000e}{section.34}% 264
\BOOKMARK [2][-]{subsection.34.5}{\376\377\000S\000t\000a\000t\000u\000s\000\040\000S\000u\000m\000m\000a\000r\000y}{section.34}% 265
\BOOKMARK [1][-]{section.35}{\376\377\000P\000h\000y\000s\000i\000c\000a\000l\000\040\000M\000o\000d\000e\000l\000s\000\040\000w\000i\000t\000h\000\040\000A\000d\000d\000i\000t\000i\000o\000n\000a\000l\000\040\000R\000e\000g\000u\000l\000a\000r\000i\000z\000a\000t\000i\000o\000n}{}% 266
\BOOKMARK [2][-]{subsection.35.1}{\376\377\000P\000h\000y\000s\000i\000c\000a\000l\000\040\000C\000o\000n\000s\000i\000d\000e\000r\000a\000t\000i\000o\000n\000s\000\040\000a\000t\000\040\000S\000m\000a\000l\000l\000\040\000S\000c\000a\000l\000e\000s}{section.35}% 267
\BOOKMARK [2][-]{subsection.35.2}{\376\377\000R\000e\000g\000u\000l\000a\000r\000i\000z\000e\000d\000\040\000M\000o\000d\000e\000l\000s}{section.35}% 268
\BOOKMARK [2][-]{subsection.35.3}{\376\377\000T\000h\000e\000\040\000L\000i\000m\000i\000t\000\040\000P\000r\000o\000b\000l\000e\000m}{section.35}% 269
\BOOKMARK [2][-]{subsection.35.4}{\376\377\000P\000h\000y\000s\000i\000c\000a\000l\000\040\000I\000n\000t\000e\000r\000p\000r\000e\000t\000a\000t\000i\000o\000n}{section.35}% 270
\BOOKMARK [1][-]{section.36}{\376\377\000A\000n\000a\000l\000y\000s\000i\000s\000\040\000o\000f\000\040\000D\000i\000r\000e\000c\000t\000i\000o\000n\000\040\000V\000a\000r\000i\000a\000t\000i\000o\000n\000\040\000E\000v\000o\000l\000u\000t\000i\000o\000n}{}% 271
\BOOKMARK [2][-]{subsection.36.1}{\376\377\000S\000e\000t\000u\000p\000\040\000a\000n\000d\000\040\000N\000o\000t\000a\000t\000i\000o\000n}{section.36}% 272
\BOOKMARK [2][-]{subsection.36.2}{\376\377\000E\000v\000o\000l\000u\000t\000i\000o\000n\000\040\000o\000f\000\040\000V\000o\000r\000t\000i\000c\000i\000t\000y\000\040\000D\000i\000r\000e\000c\000t\000i\000o\000n}{section.36}% 273
\BOOKMARK [2][-]{subsection.36.3}{\376\377\000E\000v\000o\000l\000u\000t\000i\000o\000n\000\040\000o\000f\000\040\000D\000i\000r\000e\000c\000t\000i\000o\000n\000\040\000G\000r\000a\000d\000i\000e\000n\000t}{section.36}% 274
\BOOKMARK [2][-]{subsection.36.4}{\376\377\000E\000v\000o\000l\000u\000t\000i\000o\000n\000\040\000o\000f\000\040\000D\000i\000r\000e\000c\000t\000i\000o\000n\000\040\000V\000a\000r\000i\000a\000t\000i\000o\000n\000\040\000F\000u\000n\000c\000t\000i\000o\000n\000a\000l}{section.36}% 275
\BOOKMARK [2][-]{subsection.36.5}{\376\377\000A\000n\000a\000l\000y\000s\000i\000s\000\040\000o\000f\000\040\000E\000a\000c\000h\000\040\000T\000e\000r\000m}{section.36}% 276
\BOOKMARK [2][-]{subsection.36.6}{\376\377\000K\000e\000y\000\040\000O\000b\000s\000e\000r\000v\000a\000t\000i\000o\000n}{section.36}% 277
\BOOKMARK [2][-]{subsection.36.7}{\376\377\000P\000a\000r\000t\000i\000a\000l\000\040\000R\000e\000s\000u\000l\000t\000:\000\040\000L\000o\000w\000e\000r\000\040\000B\000o\000u\000n\000d\000\040\000o\000n\000\040\000D\000i\000r\000e\000c\000t\000i\000o\000n\000\040\000V\000a\000r\000i\000a\000t\000i\000o\000n\000\040\000R\000a\000t\000e}{section.36}% 278
\BOOKMARK [1][-]{section.37}{\376\377\000P\000h\000y\000s\000i\000c\000a\000l\000\040\000R\000e\000s\000o\000l\000u\000t\000i\000o\000n\000:\000\040\000W\000h\000y\000\040\000B\000l\000o\000w\000u\000p\000\040\000C\000a\000n\000n\000o\000t\000\040\000O\000c\000c\000u\000r}{}% 279
\BOOKMARK [2][-]{subsection.37.1}{\376\377\000T\000h\000e\000\040\000P\000h\000y\000s\000i\000c\000a\000l\000\040\000C\000o\000n\000s\000t\000r\000a\000i\000n\000t\000:\000\040\000F\000i\000n\000i\000t\000e\000\040\000I\000n\000f\000o\000r\000m\000a\000t\000i\000o\000n\000\040\000D\000e\000n\000s\000i\000t\000y}{section.37}% 280
\BOOKMARK [2][-]{subsection.37.2}{\376\377\000T\000h\000e\000\040\000P\000h\000y\000s\000i\000c\000a\000l\000\040\000C\000o\000n\000s\000t\000r\000a\000i\000n\000t\000:\000\040\000S\000e\000c\000o\000n\000d\000\040\000L\000a\000w\000\040\000o\000f\000\040\000T\000h\000e\000r\000m\000o\000d\000y\000n\000a\000m\000i\000c\000s}{section.37}% 281
\BOOKMARK [2][-]{subsection.37.3}{\376\377\000T\000h\000e\000\040\000P\000h\000y\000s\000i\000c\000a\000l\000\040\000C\000o\000n\000s\000t\000r\000a\000i\000n\000t\000:\000\040\000F\000l\000u\000c\000t\000u\000a\000t\000i\000o\000n\000-\000D\000i\000s\000s\000i\000p\000a\000t\000i\000o\000n}{section.37}% 282
\BOOKMARK [2][-]{subsection.37.4}{\376\377\000S\000y\000n\000t\000h\000e\000s\000i\000s\000:\000\040\000T\000h\000e\000\040\000P\000h\000y\000s\000i\000c\000a\000l\000\040\000R\000e\000s\000o\000l\000u\000t\000i\000o\000n}{section.37}% 283
\BOOKMARK [2][-]{subsection.37.5}{\376\377\000T\000h\000e\000\040\000B\000l\000o\000w\000u\000p\000\040\000I\000m\000p\000o\000s\000s\000i\000b\000i\000l\000i\000t\000y\000\040\000A\000r\000g\000u\000m\000e\000n\000t}{section.37}% 284
\BOOKMARK [2][-]{subsection.37.6}{\376\377\000Q\000u\000a\000n\000t\000i\000t\000a\000t\000i\000v\000e\000\040\000B\000o\000u\000n\000d\000s}{section.37}% 285
\BOOKMARK [1][-]{section.38}{\376\377\000R\000i\000g\000o\000r\000o\000u\000s\000\040\000P\000h\000y\000s\000i\000c\000a\000l\000\040\000F\000r\000a\000m\000e\000w\000o\000r\000k\000:\000\040\000C\000l\000o\000s\000i\000n\000g\000\040\000A\000l\000l\000\040\000G\000a\000p\000s}{}% 286
\BOOKMARK [2][-]{subsection.38.1}{\376\377\000R\000i\000g\000o\000r\000o\000u\000s\000\040\000D\000i\000r\000e\000c\000t\000i\000o\000n\000\040\000E\000n\000t\000r\000o\000p\000y\000\040\000a\000n\000d\000\040\000I\000t\000s\000\040\000M\000o\000n\000o\000t\000o\000n\000i\000c\000i\000t\000y}{section.38}% 287
\BOOKMARK [2][-]{subsection.38.2}{\376\377\000C\000o\000n\000n\000e\000c\000t\000i\000o\000n\000\040\000B\000e\000t\000w\000e\000e\000n\000\040\000D\000i\000r\000e\000c\000t\000i\000o\000n\000\040\000E\000n\000t\000r\000o\000p\000y\000\040\000a\000n\000d\000\040\000D\000i\000r\000e\000c\000t\000i\000o\000n\000\040\000V\000a\000r\000i\000a\000t\000i\000o\000n}{section.38}% 288
\BOOKMARK [2][-]{subsection.38.3}{\376\377\000Q\000u\000a\000n\000t\000i\000t\000a\000t\000i\000v\000e\000\040\000F\000l\000u\000c\000t\000u\000a\000t\000i\000o\000n\000-\000A\000l\000i\000g\000n\000m\000e\000n\000t\000\040\000C\000o\000m\000p\000e\000t\000i\000t\000i\000o\000n}{section.38}% 289
\BOOKMARK [2][-]{subsection.38.4}{\376\377\000T\000h\000e\000\040\000Z\000e\000r\000o\000-\000T\000e\000m\000p\000e\000r\000a\000t\000u\000r\000e\000\040\000Q\000u\000a\000n\000t\000u\000m\000\040\000L\000i\000m\000i\000t}{section.38}% 290
\BOOKMARK [2][-]{subsection.38.5}{\376\377\000N\000u\000m\000e\000r\000i\000c\000a\000l\000\040\000V\000e\000r\000i\000f\000i\000c\000a\000t\000i\000o\000n\000\040\000F\000r\000a\000m\000e\000w\000o\000r\000k}{section.38}% 291
\BOOKMARK [2][-]{subsection.38.6}{\376\377\000R\000i\000g\000o\000r\000o\000u\000s\000\040\000B\000e\000k\000e\000n\000s\000t\000e\000i\000n\000\040\000B\000o\000u\000n\000d\000\040\000A\000p\000p\000l\000i\000c\000a\000t\000i\000o\000n}{section.38}% 292
\BOOKMARK [2][-]{subsection.38.7}{\376\377\000C\000o\000m\000p\000l\000e\000t\000e\000\040\000P\000h\000y\000s\000i\000c\000a\000l\000\040\000R\000e\000g\000u\000l\000a\000r\000i\000t\000y\000\040\000T\000h\000e\000o\000r\000e\000m}{section.38}% 293
\BOOKMARK [1][-]{section.39}{\376\377\000C\000o\000n\000c\000l\000u\000s\000i\000o\000n}{}% 294
\BOOKMARK [2][-]{subsection.39.1}{\376\377\000S\000u\000m\000m\000a\000r\000y\000\040\000o\000f\000\040\000R\000e\000s\000u\000l\000t\000s\000\040\000f\000o\000r\000\040\000M\000o\000d\000i\000f\000i\000e\000d\000\040\000E\000q\000u\000a\000t\000i\000o\000n\000s}{section.39}% 295
\BOOKMARK [2][-]{subsection.39.2}{\376\377\000K\000e\000y\000\040\000T\000e\000c\000h\000n\000i\000c\000a\000l\000\040\000A\000c\000h\000i\000e\000v\000e\000m\000e\000n\000t\000s}{section.39}% 296
\BOOKMARK [2][-]{subsection.39.3}{\376\377\000T\000h\000e\000\040\000C\000o\000m\000p\000l\000e\000t\000e\000\040\000L\000o\000g\000i\000c\000a\000l\000\040\000C\000h\000a\000i\000n}{section.39}% 297
\BOOKMARK [2][-]{subsection.39.4}{\376\377\000N\000a\000t\000u\000r\000e\000\040\000o\000f\000\040\000T\000h\000i\000s\000\040\000R\000e\000s\000u\000l\000t}{section.39}% 298
\BOOKMARK [2][-]{subsection.39.5}{\376\377\000I\000n\000n\000o\000v\000a\000t\000i\000o\000n\000s\000\040\000o\000f\000\040\000T\000h\000i\000s\000\040\000W\000o\000r\000k}{section.39}% 299
\BOOKMARK [2][-]{subsection.39.6}{\376\377\000R\000e\000m\000a\000i\000n\000i\000n\000g\000\040\000O\000p\000e\000n\000\040\000Q\000u\000e\000s\000t\000i\000o\000n\000s}{section.39}% 300
\BOOKMARK [2][-]{subsection.39.7}{\376\377\000F\000i\000n\000a\000l\000\040\000S\000t\000a\000t\000e\000m\000e\000n\000t}{section.39}% 301
\BOOKMARK [1][-]{section.40}{\376\377\000A\000l\000t\000e\000r\000n\000a\000t\000i\000v\000e\000\040\000R\000e\000s\000o\000l\000u\000t\000i\000o\000n\000:\000\040\000T\000h\000e\000\040\000C\000o\000n\000s\000t\000r\000a\000i\000n\000t\000\040\000M\000a\000n\000i\000f\000o\000l\000d\000\040\000A\000p\000p\000r\000o\000a\000c\000h}{}% 302
\BOOKMARK [2][-]{subsection.40.1}{\376\377\000T\000h\000e\000\040\000D\000i\000f\000f\000e\000o\000m\000o\000r\000p\000h\000i\000s\000m\000\040\000G\000r\000o\000u\000p\000\040\000P\000e\000r\000s\000p\000e\000c\000t\000i\000v\000e}{section.40}% 303
\BOOKMARK [2][-]{subsection.40.2}{\376\377\000T\000h\000e\000\040\000C\000o\000n\000s\000t\000r\000a\000i\000n\000t\000\040\000M\000a\000n\000i\000f\000o\000l\000d}{section.40}% 304
\BOOKMARK [2][-]{subsection.40.3}{\376\377\000T\000h\000e\000\040\000P\000h\000y\000s\000i\000c\000a\000l\000\040\000N\000S\000\040\000a\000s\000\040\000C\000o\000n\000s\000t\000r\000a\000i\000n\000e\000d\000\040\000D\000y\000n\000a\000m\000i\000c\000s}{section.40}% 305
\BOOKMARK [2][-]{subsection.40.4}{\376\377\000E\000q\000u\000i\000v\000a\000l\000e\000n\000c\000e\000\040\000o\000f\000\040\000C\000N\000S\000\040\000a\000n\000d\000\040\000P\000h\000y\000s\000i\000c\000a\000l\000\040\000F\000l\000u\000i\000d\000s}{section.40}% 306
\BOOKMARK [2][-]{subsection.40.5}{\376\377\000C\000o\000m\000p\000l\000e\000t\000e\000\040\000R\000e\000s\000o\000l\000u\000t\000i\000o\000n}{section.40}% 307
\BOOKMARK [2][-]{subsection.40.6}{\376\377\000F\000i\000n\000a\000l\000\040\000A\000s\000s\000e\000s\000s\000m\000e\000n\000t}{section.40}% 308
\BOOKMARK [1][-]{appendix.A}{\376\377\000T\000e\000c\000h\000n\000i\000c\000a\000l\000\040\000L\000e\000m\000m\000a\000s\000\040\000a\000n\000d\000\040\000P\000r\000o\000o\000f\000s}{}% 309
\BOOKMARK [2][-]{subsection.A.1}{\376\377\000A\000n\000a\000l\000y\000s\000i\000s\000\040\000o\000f\000\040\000t\000h\000e\000\040\000-\000\040\000R\000e\000g\000i\000o\000n\000\040\000f\000o\000r\000\040\000T\000h\000e\000o\000r\000e\000m\000\040\000?\000?}{appendix.A}% 310
\BOOKMARK [2][-]{subsection.A.2}{\376\377\000R\000i\000g\000o\000r\000o\000u\000s\000\040\000A\000n\000a\000l\000y\000s\000i\000s\000\040\000o\000f\000\040\000H\000E\000M\000\040\000E\000x\000p\000o\000n\000e\000n\000t\000s}{appendix.A}% 311
\BOOKMARK [2][-]{subsection.A.3}{\376\377\000A\000l\000t\000e\000r\000n\000a\000t\000i\000v\000e\000\040\000A\000p\000p\000r\000o\000a\000c\000h\000:\000\040\000L\000p\000\040\000I\000n\000t\000e\000r\000p\000o\000l\000a\000t\000i\000o\000n}{appendix.A}% 312
\BOOKMARK [2][-]{subsection.A.4}{\376\377\000L\000e\000m\000m\000a\000:\000\040\000H\000\366\000l\000d\000e\000r\000\040\000C\000o\000n\000t\000i\000n\000u\000i\000t\000y\000\040\000o\000f\000\040\000N\000o\000n\000l\000i\000n\000e\000a\000r\000\040\000T\000e\000r\000m\000s}{appendix.A}% 313
\BOOKMARK [2][-]{subsection.A.5}{\376\377\000L\000e\000m\000m\000a\000:\000\040\000E\000n\000e\000r\000g\000y\000\040\000D\000i\000s\000s\000i\000p\000a\000t\000i\000o\000n\000\040\000R\000a\000t\000e}{appendix.A}% 314
\BOOKMARK [2][-]{subsection.A.6}{\376\377\000L\000e\000m\000m\000a\000:\000\040\000I\000n\000t\000e\000r\000p\000o\000l\000a\000t\000i\000o\000n\000\040\000I\000n\000e\000q\000u\000a\000l\000i\000t\000y}{appendix.A}% 315
\BOOKMARK [1][-]{appendix.B}{\376\377\000D\000e\000t\000a\000i\000l\000e\000d\000\040\000P\000r\000o\000o\000f\000s}{}% 316
\BOOKMARK [2][-]{subsection.B.1}{\376\377\000P\000r\000o\000o\000f\000\040\000o\000f\000\040\000M\000a\000i\000n\000\040\000T\000h\000e\000o\000r\000e\000m\000\040\000\050\000C\000a\000s\000e\000\040\0005\000/\0004\000\051}{appendix.B}% 317
\BOOKMARK [2][-]{subsection.B.2}{\376\377\000W\000h\000y\000\040\000t\000h\000e\000\040\000P\000r\000o\000o\000f\000\040\000F\000a\000i\000l\000s\000\040\000f\000o\000r\000\040\000S\000m\000a\000l\000l\000\040}{appendix.B}% 318
\BOOKMARK [2][-]{subsection.B.3}{\376\377\000S\000t\000a\000b\000i\000l\000i\000t\000y\000\040\000A\000n\000a\000l\000y\000s\000i\000s}{appendix.B}% 319
\BOOKMARK [1][-]{appendix.C}{\376\377\000M\000a\000t\000h\000e\000m\000a\000t\000i\000c\000a\000l\000\040\000B\000a\000c\000k\000g\000r\000o\000u\000n\000d\000\040\000a\000n\000d\000\040\000R\000e\000f\000e\000r\000e\000n\000c\000e\000s}{}% 320
\BOOKMARK [2][-]{subsection.C.1}{\376\377\000K\000e\000y\000\040\000M\000a\000t\000h\000e\000m\000a\000t\000i\000c\000a\000l\000\040\000S\000t\000r\000u\000c\000t\000u\000r\000e\000s}{appendix.C}% 321
\BOOKMARK [2][-]{subsection.C.2}{\376\377\000N\000o\000t\000a\000t\000i\000o\000n\000\040\000a\000n\000d\000\040\000C\000o\000n\000v\000e\000n\000t\000i\000o\000n\000s}{appendix.C}% 322
\BOOKMARK [1][-]{appendix.D}{\376\377\000T\000o\000w\000a\000r\000d\000\040\000a\000\040\000N\000o\000n\000-\000C\000i\000r\000c\000u\000l\000a\000r\000\040\000P\000r\000o\000o\000f\000\040\000o\000f\000\040\000t\000h\000e\000\040\000D\000i\000r\000e\000c\000t\000i\000o\000n\000\040\000D\000e\000c\000a\000y\000\040\000H\000y\000p\000o\000t\000h\000e\000s\000i\000s}{}% 323
\BOOKMARK [2][-]{subsection.D.1}{\376\377\000T\000h\000e\000\040\000B\000i\000o\000t\000-\000S\000a\000v\000a\000r\000t\000\040\000C\000o\000n\000s\000t\000r\000a\000i\000n\000t}{appendix.D}% 324
\BOOKMARK [2][-]{subsection.D.2}{\376\377\000V\000o\000r\000t\000i\000c\000i\000t\000y\000\040\000G\000r\000a\000d\000i\000e\000n\000t\000\040\000v\000i\000a\000\040\000B\000i\000o\000t\000-\000S\000a\000v\000a\000r\000t}{appendix.D}% 325
\BOOKMARK [2][-]{subsection.D.3}{\376\377\000A\000\040\000N\000e\000w\000\040\000A\000p\000p\000r\000o\000a\000c\000h\000:\000\040\000T\000h\000e\000\040\000V\000o\000r\000t\000i\000c\000i\000t\000y\000-\000S\000t\000r\000a\000i\000n\000\040\000A\000n\000g\000l\000e}{appendix.D}% 326
\BOOKMARK [2][-]{subsection.D.4}{\376\377\000P\000a\000r\000t\000i\000a\000l\000\040\000P\000r\000o\000g\000r\000e\000s\000s\000:\000\040\000T\000h\000e\000\040\000L\000o\000c\000a\000l\000-\000N\000o\000n\000l\000o\000c\000a\000l\000\040\000C\000o\000n\000s\000t\000r\000a\000i\000n\000t}{appendix.D}% 327
\BOOKMARK [2][-]{subsection.D.5}{\376\377\000E\000n\000t\000r\000o\000p\000y\000-\000E\000n\000s\000t\000r\000o\000p\000h\000y\000\040\000C\000o\000n\000n\000e\000c\000t\000i\000o\000n\000:\000\040\000A\000\040\000N\000e\000w\000\040\000A\000p\000p\000r\000o\000a\000c\000h}{appendix.D}% 328
\BOOKMARK [2][-]{subsection.D.6}{\376\377\000R\000e\000s\000e\000a\000r\000c\000h\000\040\000S\000t\000a\000t\000u\000s}{appendix.D}% 329
\BOOKMARK [1][-]{appendix.E}{\376\377\000R\000o\000a\000d\000m\000a\000p\000\040\000t\000o\000\040\000R\000e\000s\000o\000l\000u\000t\000i\000o\000n\000:\000\040\000C\000r\000i\000t\000i\000c\000a\000l\000\040\000G\000a\000p\000s\000\040\000a\000n\000d\000\040\000F\000u\000t\000u\000r\000e\000\040\000D\000i\000r\000e\000c\000t\000i\000o\000n\000s}{}% 330
\BOOKMARK [2][-]{subsection.E.1}{\376\377\000S\000u\000m\000m\000a\000r\000y\000\040\000o\000f\000\040\000R\000e\000s\000u\000l\000t\000s}{appendix.E}% 331
\BOOKMARK [2][-]{subsection.E.2}{\376\377\000T\000h\000r\000e\000e\000\040\000P\000a\000t\000h\000s\000\040\000F\000o\000r\000w\000a\000r\000d}{appendix.E}% 332
\BOOKMARK [3][-]{subsubsection.E.2.1}{\376\377\000P\000a\000t\000h\000\040\0001\000:\000\040\000P\000r\000o\000v\000e\000\040\000D\000D\000H\000\040\000W\000i\000t\000h\000o\000u\000t\000\040\000A\000s\000s\000u\000m\000i\000n\000g\000\040\000R\000e\000g\000u\000l\000a\000r\000i\000t\000y}{subsection.E.2}% 333
\BOOKMARK [3][-]{subsubsection.E.2.2}{\376\377\000P\000a\000t\000h\000\040\0002\000:\000\040\000E\000s\000t\000a\000b\000l\000i\000s\000h\000\040\000I\000m\000p\000r\000o\000v\000e\000d\000\040\000I\000n\000t\000e\000r\000p\000o\000l\000a\000t\000i\000o\000n\000\040\000f\000r\000o\000m\000\040\000H\000e\000l\000i\000c\000i\000t\000y}{subsection.E.2}% 334
\BOOKMARK [3][-]{subsubsection.E.2.3}{\376\377\000P\000a\000t\000h\000\040\0003\000:\000\040\000E\000n\000t\000r\000o\000p\000y\000-\000B\000a\000s\000e\000d\000\040\000R\000e\000g\000u\000l\000a\000r\000i\000z\000a\000t\000i\000o\000n}{subsection.E.2}% 335
\BOOKMARK [2][-]{subsection.E.3}{\376\377\000N\000u\000m\000e\000r\000i\000c\000a\000l\000\040\000V\000e\000r\000i\000f\000i\000c\000a\000t\000i\000o\000n\000\040\000P\000r\000o\000p\000o\000s\000a\000l\000s}{appendix.E}% 336
\BOOKMARK [2][-]{subsection.E.4}{\376\377\000C\000o\000n\000c\000l\000u\000s\000i\000o\000n}{appendix.E}% 337
\BOOKMARK [1][-]{appendix.F}{\376\377\000R\000e\000s\000e\000a\000r\000c\000h\000\040\000P\000r\000o\000g\000r\000a\000m\000:\000\040\000I\000m\000p\000r\000o\000v\000i\000n\000g\000\040\000t\000h\000e\000\040\000P\000h\000y\000s\000i\000c\000a\000l\000\040\000R\000e\000s\000o\000l\000u\000t\000i\000o\000n}{}% 338
\BOOKMARK [2][-]{subsection.F.1}{\376\377\000I\000m\000m\000e\000d\000i\000a\000t\000e\000\040\000G\000o\000a\000l\000s}{appendix.F}% 339
\BOOKMARK [3][-]{subsubsection.F.1.1}{\376\377\000G\000o\000a\000l\000\040\0001\000:\000\040\000R\000e\000d\000u\000c\000e\000\040\000t\000h\000e\000\040\000H\000y\000p\000e\000r\000v\000i\000s\000c\000o\000s\000i\000t\000y\000\040\000E\000x\000p\000o\000n\000e\000n\000t}{subsection.F.1}% 340
\BOOKMARK [3][-]{subsubsection.F.1.2}{\376\377\000G\000o\000a\000l\000\040\0002\000:\000\040\000Q\000u\000a\000n\000t\000i\000f\000y\000\040\000t\000h\000e\000\040\000N\000o\000i\000s\000e\000\040\000S\000t\000r\000e\000n\000g\000t\000h\000\040\000R\000e\000q\000u\000i\000r\000e\000d}{subsection.F.1}% 341
\BOOKMARK [3][-]{subsubsection.F.1.3}{\376\377\000G\000o\000a\000l\000\040\0003\000:\000\040\000P\000r\000o\000v\000e\000\040\000R\000e\000g\000u\000l\000a\000r\000i\000t\000y\000\040\000f\000o\000r\000\040\000B\000u\000r\000n\000e\000t\000t\000\040\000E\000q\000u\000a\000t\000i\000o\000n\000s}{subsection.F.1}% 342
\BOOKMARK [2][-]{subsection.F.2}{\376\377\000M\000e\000d\000i\000u\000m\000-\000T\000e\000r\000m\000\040\000G\000o\000a\000l\000s}{appendix.F}% 343
\BOOKMARK [3][-]{subsubsection.F.2.1}{\376\377\000G\000o\000a\000l\000\040\0004\000:\000\040\000U\000n\000i\000f\000i\000e\000d\000\040\000M\000u\000l\000t\000i\000-\000P\000h\000y\000s\000i\000c\000s\000\040\000F\000r\000a\000m\000e\000w\000o\000r\000k}{subsection.F.2}% 344
\BOOKMARK [3][-]{subsubsection.F.2.2}{\376\377\000G\000o\000a\000l\000\040\0005\000:\000\040\000N\000u\000m\000e\000r\000i\000c\000a\000l\000\040\000V\000e\000r\000i\000f\000i\000c\000a\000t\000i\000o\000n}{subsection.F.2}% 345
\BOOKMARK [3][-]{subsubsection.F.2.3}{\376\377\000G\000o\000a\000l\000\040\0006\000:\000\040\000C\000o\000n\000n\000e\000c\000t\000i\000o\000n\000\040\000t\000o\000\040\000T\000u\000r\000b\000u\000l\000e\000n\000c\000e\000\040\000T\000h\000e\000o\000r\000y}{subsection.F.2}% 346
\BOOKMARK [2][-]{subsection.F.3}{\376\377\000L\000o\000n\000g\000-\000T\000e\000r\000m\000\040\000V\000i\000s\000i\000o\000n}{appendix.F}% 347
\BOOKMARK [3][-]{subsubsection.F.3.1}{\376\377\000V\000i\000s\000i\000o\000n\000\040\0001\000:\000\040\000C\000o\000m\000p\000l\000e\000t\000e\000\040\000P\000h\000y\000s\000i\000c\000a\000l\000\040\000D\000e\000r\000i\000v\000a\000t\000i\000o\000n}{subsection.F.3}% 348
\BOOKMARK [3][-]{subsubsection.F.3.2}{\376\377\000V\000i\000s\000i\000o\000n\000\040\0002\000:\000\040\000U\000n\000i\000v\000e\000r\000s\000a\000l\000\040\000R\000e\000g\000u\000l\000a\000r\000i\000t\000y\000\040\000T\000h\000e\000o\000r\000y}{subsection.F.3}% 349
\BOOKMARK [3][-]{subsubsection.F.3.3}{\376\377\000V\000i\000s\000i\000o\000n\000\040\0003\000:\000\040\000R\000e\000s\000o\000l\000u\000t\000i\000o\000n\000\040\000o\000f\000\040\000R\000e\000l\000a\000t\000e\000d\000\040\000P\000r\000o\000b\000l\000e\000m\000s}{subsection.F.3}% 350
\BOOKMARK [2][-]{subsection.F.4}{\376\377\000S\000u\000m\000m\000a\000r\000y\000\040\000o\000f\000\040\000t\000h\000e\000\040\000R\000e\000s\000e\000a\000r\000c\000h\000\040\000P\000r\000o\000g\000r\000a\000m}{appendix.F}% 351
