\BOOKMARK [1][-]{section.1}{\376\377\000I\000n\000t\000r\000o\000d\000u\000c\000t\000i\000o\000n}{}% 1
\BOOKMARK [2][-]{subsection.1.1}{\376\377\000O\000r\000i\000g\000i\000n\000a\000l\000\040\000C\000o\000n\000t\000r\000i\000b\000u\000t\000i\000o\000n\000s\000\040\000o\000f\000\040\000T\000h\000i\000s\000\040\000P\000a\000p\000e\000r}{section.1}% 2
\BOOKMARK [2][-]{subsection.1.2}{\376\377\000S\000t\000r\000u\000c\000t\000u\000r\000e\000\040\000o\000f\000\040\000t\000h\000e\000\040\000P\000a\000p\000e\000r}{section.1}% 3
\BOOKMARK [1][-]{section.2}{\376\377\000T\000h\000e\000\040\000A\000d\000S\000/\000C\000F\000T\000\040\000C\000o\000r\000r\000e\000s\000p\000o\000n\000d\000e\000n\000c\000e\000:\000\040\000S\000t\000a\000t\000e\000m\000e\000n\000t\000\040\000a\000n\000d\000\040\000E\000v\000i\000d\000e\000n\000c\000e}{}% 4
\BOOKMARK [2][-]{subsection.2.1}{\376\377\000T\000h\000e\000\040\000B\000a\000s\000i\000c\000\040\000D\000u\000a\000l\000i\000t\000y}{section.2}% 5
\BOOKMARK [2][-]{subsection.2.2}{\376\377\000T\000h\000e\000\040\000D\000i\000c\000t\000i\000o\000n\000a\000r\000y}{section.2}% 6
\BOOKMARK [2][-]{subsection.2.3}{\376\377\000E\000v\000i\000d\000e\000n\000c\000e\000\040\000f\000o\000r\000\040\000t\000h\000e\000\040\000C\000o\000r\000r\000e\000s\000p\000o\000n\000d\000e\000n\000c\000e}{section.2}% 7
\BOOKMARK [1][-]{section.3}{\376\377\000T\000h\000e\000\040\000B\000u\000l\000k\000\040\000R\000e\000c\000o\000n\000s\000t\000r\000u\000c\000t\000i\000o\000n\000\040\000P\000r\000o\000b\000l\000e\000m}{}% 8
\BOOKMARK [2][-]{subsection.3.1}{\376\377\000S\000t\000a\000t\000e\000m\000e\000n\000t\000\040\000o\000f\000\040\000t\000h\000e\000\040\000P\000r\000o\000b\000l\000e\000m}{section.3}% 9
\BOOKMARK [2][-]{subsection.3.2}{\376\377\000H\000K\000L\000L\000\040\000B\000u\000l\000k\000\040\000R\000e\000c\000o\000n\000s\000t\000r\000u\000c\000t\000i\000o\000n}{section.3}% 10
\BOOKMARK [2][-]{subsection.3.3}{\376\377\000L\000i\000m\000i\000t\000a\000t\000i\000o\000n\000s\000\040\000o\000f\000\040\000H\000K\000L\000L}{section.3}% 11
\BOOKMARK [1][-]{section.4}{\376\377\000Q\000u\000a\000n\000t\000u\000m\000\040\000E\000r\000r\000o\000r\000\040\000C\000o\000r\000r\000e\000c\000t\000i\000o\000n\000\040\000a\000n\000d\000\040\000H\000o\000l\000o\000g\000r\000a\000p\000h\000y}{}% 12
\BOOKMARK [2][-]{subsection.4.1}{\376\377\000T\000h\000e\000\040\000E\000n\000t\000a\000n\000g\000l\000e\000m\000e\000n\000t\000\040\000W\000e\000d\000g\000e}{section.4}% 13
\BOOKMARK [2][-]{subsection.4.2}{\376\377\000H\000o\000l\000o\000g\000r\000a\000p\000h\000y\000\040\000a\000s\000\040\000Q\000u\000a\000n\000t\000u\000m\000\040\000E\000r\000r\000o\000r\000\040\000C\000o\000r\000r\000e\000c\000t\000i\000o\000n}{section.4}% 14
\BOOKMARK [1][-]{section.5}{\376\377\000S\000p\000a\000c\000e\000t\000i\000m\000e\000\040\000f\000r\000o\000m\000\040\000E\000n\000t\000a\000n\000g\000l\000e\000m\000e\000n\000t}{}% 15
\BOOKMARK [2][-]{subsection.5.1}{\376\377\000T\000h\000e\000\040\000R\000y\000u\000-\000T\000a\000k\000a\000y\000a\000n\000a\000g\000i\000\040\000F\000o\000r\000m\000u\000l\000a}{section.5}% 16
\BOOKMARK [2][-]{subsection.5.2}{\376\377\000E\000m\000e\000r\000g\000e\000n\000c\000e\000\040\000o\000f\000\040\000G\000e\000o\000m\000e\000t\000r\000y\000\040\000f\000r\000o\000m\000\040\000E\000n\000t\000a\000n\000g\000l\000e\000m\000e\000n\000t}{section.5}% 17
\BOOKMARK [2][-]{subsection.5.3}{\376\377\000D\000e\000r\000i\000v\000i\000n\000g\000\040\000E\000i\000n\000s\000t\000e\000i\000n\000'\000s\000\040\000E\000q\000u\000a\000t\000i\000o\000n\000s}{section.5}% 18
\BOOKMARK [1][-]{section.6}{\376\377\000T\000e\000n\000s\000o\000r\000\040\000N\000e\000t\000w\000o\000r\000k\000s\000\040\000a\000n\000d\000\040\000H\000o\000l\000o\000g\000r\000a\000p\000h\000y}{}% 19
\BOOKMARK [2][-]{subsection.6.1}{\376\377\000M\000E\000R\000A\000\040\000a\000n\000d\000\040\000A\000d\000S}{section.6}% 20
\BOOKMARK [2][-]{subsection.6.2}{\376\377\000H\000a\000P\000P\000Y\000\040\000C\000o\000d\000e}{section.6}% 21
\BOOKMARK [2][-]{subsection.6.3}{\376\377\000R\000a\000n\000d\000o\000m\000\040\000T\000e\000n\000s\000o\000r\000\040\000N\000e\000t\000w\000o\000r\000k\000s}{section.6}% 22
\BOOKMARK [1][-]{section.7}{\376\377\000S\000y\000n\000t\000h\000e\000s\000i\000s\000:\000\040\000B\000o\000o\000t\000s\000t\000r\000a\000p\000,\000\040\000C\000o\000m\000p\000l\000e\000x\000i\000t\000y\000,\000\040\000a\000n\000d\000\040\000R\000i\000g\000o\000r\000o\000u\000s\000\040\000H\000o\000l\000o\000g\000r\000a\000p\000h\000y}{}% 23
\BOOKMARK [2][-]{subsection.7.1}{\376\377\000B\000o\000o\000t\000s\000t\000r\000a\000p\000\040\000C\000o\000n\000s\000t\000r\000a\000i\000n\000t\000s\000\040\000o\000n\000\040\000H\000o\000l\000o\000g\000r\000a\000p\000h\000i\000c\000\040\000C\000F\000T\000s}{section.7}% 24
\BOOKMARK [2][-]{subsection.7.2}{\376\377\000C\000o\000m\000p\000l\000e\000x\000i\000t\000y\000\040\000a\000s\000\040\000t\000h\000e\000\040\000M\000i\000s\000s\000i\000n\000g\000\040\000G\000e\000o\000m\000e\000t\000r\000i\000c\000\040\000O\000b\000s\000e\000r\000v\000a\000b\000l\000e}{section.7}% 25
\BOOKMARK [2][-]{subsection.7.3}{\376\377\000K\000r\000y\000l\000o\000v\000\040\000C\000o\000m\000p\000l\000e\000x\000i\000t\000y\000\040\000a\000n\000d\000\040\000O\000p\000e\000r\000a\000t\000o\000r\000\040\000G\000r\000o\000w\000t\000h}{section.7}% 26
\BOOKMARK [2][-]{subsection.7.4}{\376\377\000P\000a\000t\000h\000\040\000I\000n\000t\000e\000g\000r\000a\000l\000\040\000C\000o\000m\000p\000l\000e\000x\000i\000t\000y\000\040\000a\000n\000d\000\040\000t\000h\000e\000\040\000B\000u\000l\000k\000\040\000A\000c\000t\000i\000o\000n}{section.7}% 27
\BOOKMARK [2][-]{subsection.7.5}{\376\377\000A\000\040\000U\000n\000i\000f\000i\000e\000d\000\040\000C\000o\000n\000j\000e\000c\000t\000u\000r\000e}{section.7}% 28
\BOOKMARK [1][-]{section.8}{\376\377\000M\000a\000t\000h\000e\000m\000a\000t\000i\000c\000a\000l\000\040\000C\000h\000a\000l\000l\000e\000n\000g\000e\000s\000\040\000f\000o\000r\000\040\000R\000i\000g\000o\000r\000o\000u\000s\000\040\000P\000r\000o\000o\000f}{}% 29
\BOOKMARK [2][-]{subsection.8.1}{\376\377\000D\000e\000f\000i\000n\000i\000n\000g\000\040\000t\000h\000e\000\040\000T\000h\000e\000o\000r\000i\000e\000s}{section.8}% 30
\BOOKMARK [2][-]{subsection.8.2}{\376\377\000T\000h\000e\000\040\000O\000p\000e\000r\000a\000t\000o\000r\000\040\000D\000i\000c\000t\000i\000o\000n\000a\000r\000y}{section.8}% 31
\BOOKMARK [2][-]{subsection.8.3}{\376\377\000E\000m\000e\000r\000g\000e\000n\000c\000e\000\040\000o\000f\000\040\000L\000o\000c\000a\000l\000i\000t\000y}{section.8}% 32
\BOOKMARK [1][-]{section.9}{\376\377\000A\000p\000p\000r\000o\000a\000c\000h\000e\000s\000\040\000t\000o\000\040\000a\000\040\000R\000i\000g\000o\000r\000o\000u\000s\000\040\000P\000r\000o\000o\000f}{}% 33
\BOOKMARK [2][-]{subsection.9.1}{\376\377\000A\000l\000g\000e\000b\000r\000a\000i\000c\000\040\000A\000p\000p\000r\000o\000a\000c\000h}{section.9}% 34
\BOOKMARK [2][-]{subsection.9.2}{\376\377\000B\000o\000o\000t\000s\000t\000r\000a\000p\000\040\000A\000p\000p\000r\000o\000a\000c\000h}{section.9}% 35
\BOOKMARK [2][-]{subsection.9.3}{\376\377\000I\000n\000f\000o\000r\000m\000a\000t\000i\000o\000n\000-\000T\000h\000e\000o\000r\000e\000t\000i\000c\000\040\000A\000p\000p\000r\000o\000a\000c\000h}{section.9}% 36
\BOOKMARK [2][-]{subsection.9.4}{\376\377\000L\000i\000m\000i\000t\000s\000\040\000a\000n\000d\000\040\000S\000p\000e\000c\000i\000a\000l\000\040\000C\000a\000s\000e\000s}{section.9}% 37
\BOOKMARK [1][-]{section.10}{\376\377\000R\000e\000c\000e\000n\000t\000\040\000P\000r\000o\000g\000r\000e\000s\000s}{}% 38
\BOOKMARK [2][-]{subsection.10.1}{\376\377\000B\000u\000l\000k\000\040\000R\000e\000c\000o\000n\000s\000t\000r\000u\000c\000t\000i\000o\000n\000\040\000W\000i\000t\000h\000o\000u\000t\000\040\000L\000o\000c\000a\000l\000i\000t\000y}{section.10}% 39
\BOOKMARK [2][-]{subsection.10.2}{\376\377\000Q\000u\000a\000n\000t\000u\000m\000\040\000G\000r\000a\000v\000i\000t\000y\000\040\000f\000r\000o\000m\000\040\000C\000F\000T}{section.10}% 40
\BOOKMARK [2][-]{subsection.10.3}{\376\377\000S\000u\000b\000r\000e\000g\000i\000o\000n\000\040\000D\000u\000a\000l\000i\000t\000y}{section.10}% 41
\BOOKMARK [2][-]{subsection.10.4}{\376\377\000D\000o\000u\000b\000l\000e\000\040\000H\000o\000l\000o\000g\000r\000a\000p\000h\000y}{section.10}% 42
\BOOKMARK [2][-]{subsection.10.5}{\376\377\000I\000s\000l\000a\000n\000d\000s\000\040\000a\000n\000d\000\040\000t\000h\000e\000\040\000P\000a\000g\000e\000\040\000C\000u\000r\000v\000e}{section.10}% 43
\BOOKMARK [2][-]{subsection.10.6}{\376\377\000R\000e\000p\000l\000i\000c\000a\000\040\000W\000o\000r\000m\000h\000o\000l\000e\000s\000\040\000a\000n\000d\000\040\000t\000h\000e\000\040\000G\000r\000a\000v\000i\000t\000a\000t\000i\000o\000n\000a\000l\000\040\000P\000a\000t\000h\000\040\000I\000n\000t\000e\000g\000r\000a\000l}{section.10}% 44
\BOOKMARK [2][-]{subsection.10.7}{\376\377\000E\000u\000c\000l\000i\000d\000e\000a\000n\000\040\000W\000o\000r\000m\000h\000o\000l\000e\000s\000\040\000a\000n\000d\000\040\000t\000h\000e\000\040\000F\000a\000c\000t\000o\000r\000i\000z\000a\000t\000i\000o\000n\000\040\000P\000r\000o\000b\000l\000e\000m}{section.10}% 45
\BOOKMARK [1][-]{section.11}{\376\377\000S\000o\000l\000v\000a\000b\000l\000e\000\040\000M\000o\000d\000e\000l\000s\000:\000\040\000A\000\040\000T\000e\000s\000t\000i\000n\000g\000\040\000G\000r\000o\000u\000n\000d\000\040\000f\000o\000r\000\040\000R\000i\000g\000o\000r}{}% 46
\BOOKMARK [2][-]{subsection.11.1}{\376\377\000J\000T\000\040\000G\000r\000a\000v\000i\000t\000y\000\040\000a\000n\000d\000\040\000t\000h\000e\000\040\000S\000Y\000K\000\040\000M\000o\000d\000e\000l}{section.11}% 47
\BOOKMARK [2][-]{subsection.11.2}{\376\377\0003\000D\000\040\000G\000r\000a\000v\000i\000t\000y\000\040\000a\000n\000d\000\040\000V\000i\000r\000a\000s\000o\000r\000o\000\040\000T\000Q\000F\000T}{section.11}% 48
\BOOKMARK [1][-]{section.12}{\376\377\000M\000o\000d\000u\000l\000a\000r\000\040\000B\000e\000r\000r\000y\000\040\000C\000o\000n\000n\000e\000c\000t\000i\000o\000n\000\040\000a\000n\000d\000\040\000H\000o\000l\000o\000g\000r\000a\000p\000h\000i\000c\000\040\000P\000a\000r\000a\000l\000l\000e\000l\000\040\000T\000r\000a\000n\000s\000p\000o\000r\000t}{}% 49
\BOOKMARK [2][-]{subsection.12.1}{\376\377\000T\000h\000e\000\040\000M\000o\000d\000u\000l\000a\000r\000\040\000B\000e\000r\000r\000y\000\040\000P\000h\000a\000s\000e}{section.12}% 50
\BOOKMARK [2][-]{subsection.12.2}{\376\377\000H\000o\000l\000o\000g\000r\000a\000p\000h\000i\000c\000\040\000I\000n\000t\000e\000r\000p\000r\000e\000t\000a\000t\000i\000o\000n\000:\000\040\000B\000u\000l\000k\000\040\000P\000a\000r\000a\000l\000l\000e\000l\000\040\000T\000r\000a\000n\000s\000p\000o\000r\000t}{section.12}% 51
\BOOKMARK [2][-]{subsection.12.3}{\376\377\000K\000i\000n\000e\000m\000a\000t\000i\000c\000\040\000S\000p\000a\000c\000e\000\040\000a\000n\000d\000\040\000D\000i\000f\000f\000e\000r\000e\000n\000t\000i\000a\000l\000\040\000E\000n\000t\000r\000o\000p\000y}{section.12}% 52
\BOOKMARK [2][-]{subsection.12.4}{\376\377\000M\000o\000d\000u\000l\000a\000r\000\040\000Z\000e\000r\000o\000\040\000M\000o\000d\000e\000s\000\040\000a\000n\000d\000\040\000A\000s\000y\000m\000p\000t\000o\000t\000i\000c\000\040\000S\000y\000m\000m\000e\000t\000r\000i\000e\000s}{section.12}% 53
\BOOKMARK [1][-]{section.13}{\376\377\000N\000o\000n\000-\000I\000s\000o\000m\000e\000t\000r\000i\000c\000\040\000C\000o\000d\000e\000s\000\040\000a\000n\000d\000\040\000S\000t\000a\000t\000e\000-\000S\000p\000e\000c\000i\000f\000i\000c\000\040\000R\000e\000c\000o\000n\000s\000t\000r\000u\000c\000t\000i\000o\000n}{}% 54
\BOOKMARK [2][-]{subsection.13.1}{\376\377\000T\000h\000e\000\040\000I\000s\000o\000m\000e\000t\000r\000y\000\040\000P\000r\000o\000b\000l\000e\000m}{section.13}% 55
\BOOKMARK [2][-]{subsection.13.2}{\376\377\000P\000y\000t\000h\000o\000n\000'\000s\000\040\000L\000u\000n\000c\000h\000\040\000a\000n\000d\000\040\000C\000o\000m\000p\000u\000t\000a\000t\000i\000o\000n\000a\000l\000\040\000C\000o\000m\000p\000l\000e\000x\000i\000t\000y}{section.13}% 56
\BOOKMARK [2][-]{subsection.13.3}{\376\377\000S\000t\000a\000t\000e\000-\000S\000p\000e\000c\000i\000f\000i\000c\000\040\000R\000e\000c\000o\000n\000s\000t\000r\000u\000c\000t\000i\000o\000n}{section.13}% 57
\BOOKMARK [2][-]{subsection.13.4}{\376\377\000T\000h\000e\000\040\000P\000e\000t\000z\000\040\000M\000a\000p\000\040\000a\000n\000d\000\040\000A\000p\000p\000r\000o\000x\000i\000m\000a\000t\000e\000\040\000R\000e\000c\000o\000v\000e\000r\000y}{section.13}% 58
\BOOKMARK [2][-]{subsection.13.5}{\376\377\000A\000\040\000R\000e\000f\000i\000n\000e\000d\000\040\000C\000o\000n\000j\000e\000c\000t\000u\000r\000e}{section.13}% 59
\BOOKMARK [1][-]{section.14}{\376\377\000R\000i\000g\000o\000r\000o\000u\000s\000\040\000B\000o\000u\000n\000d\000s\000\040\000o\000n\000\040\000H\000o\000l\000o\000g\000r\000a\000p\000h\000i\000c\000\040\000C\000o\000m\000p\000l\000e\000x\000i\000t\000y}{}% 60
\BOOKMARK [2][-]{subsection.14.1}{\376\377\000K\000r\000y\000l\000o\000v\000\040\000C\000o\000m\000p\000l\000e\000x\000i\000t\000y\000:\000\040\000A\000\040\000R\000i\000g\000o\000r\000o\000u\000s\000\040\000F\000r\000a\000m\000e\000w\000o\000r\000k}{section.14}% 61
\BOOKMARK [2][-]{subsection.14.2}{\376\377\000N\000i\000e\000l\000s\000e\000n\000\040\000C\000o\000m\000p\000l\000e\000x\000i\000t\000y\000\040\000G\000e\000o\000m\000e\000t\000r\000y}{section.14}% 62
\BOOKMARK [2][-]{subsection.14.3}{\376\377\000M\000o\000d\000u\000l\000a\000r\000\040\000S\000c\000r\000a\000m\000b\000l\000i\000n\000g\000\040\000T\000i\000m\000e\000\040\000a\000n\000d\000\040\000I\000n\000t\000e\000r\000i\000o\000r\000\040\000G\000e\000o\000m\000e\000t\000r\000y}{section.14}% 63
\BOOKMARK [2][-]{subsection.14.4}{\376\377\000C\000o\000n\000n\000e\000c\000t\000i\000n\000g\000\040\000K\000r\000y\000l\000o\000v\000\040\000a\000n\000d\000\040\000N\000i\000e\000l\000s\000e\000n\000\040\000C\000o\000m\000p\000l\000e\000x\000i\000t\000y}{section.14}% 64
\BOOKMARK [2][-]{subsection.14.5}{\376\377\000S\000w\000i\000t\000c\000h\000b\000a\000c\000k\000\040\000E\000f\000f\000e\000c\000t\000\040\000a\000n\000d\000\040\000C\000o\000m\000p\000l\000e\000x\000i\000t\000y\000\040\000G\000e\000o\000m\000e\000t\000r\000y}{section.14}% 65
\BOOKMARK [2][-]{subsection.14.6}{\376\377\000R\000i\000g\000o\000r\000o\000u\000s\000\040\000C\000V\000/\000C\000A\000\040\000f\000r\000o\000m\000\040\000F\000i\000r\000s\000t\000\040\000P\000r\000i\000n\000c\000i\000p\000l\000e\000s}{section.14}% 66
\BOOKMARK [1][-]{section.15}{\376\377\000B\000e\000y\000o\000n\000d\000\040\000A\000d\000S\000:\000\040\000C\000o\000s\000m\000o\000l\000o\000g\000i\000c\000a\000l\000\040\000H\000o\000l\000o\000g\000r\000a\000p\000h\000y\000\040\000a\000n\000d\000\040\000I\000s\000l\000a\000n\000d\000s}{}% 67
\BOOKMARK [2][-]{subsection.15.1}{\376\377\000d\000e\000\040\000S\000i\000t\000t\000e\000r\000\040\000S\000p\000a\000c\000e\000\040\000a\000n\000d\000\040\000t\000h\000e\000\040\000H\000o\000r\000i\000z\000o\000n\000\040\000E\000n\000t\000r\000o\000p\000y\000\040\000P\000r\000o\000b\000l\000e\000m}{section.15}% 68
\BOOKMARK [2][-]{subsection.15.2}{\376\377\000S\000t\000a\000t\000i\000c\000\040\000P\000a\000t\000c\000h\000\040\000H\000o\000l\000o\000g\000r\000a\000p\000h\000y}{section.15}% 69
\BOOKMARK [2][-]{subsection.15.3}{\376\377\000I\000s\000l\000a\000n\000d\000s\000\040\000i\000n\000\040\000C\000o\000s\000m\000o\000l\000o\000g\000y}{section.15}% 70
\BOOKMARK [2][-]{subsection.15.4}{\376\377\000F\000R\000W\000\040\000C\000o\000s\000m\000o\000l\000o\000g\000i\000e\000s\000\040\000a\000n\000d\000\040\000H\000o\000l\000o\000g\000r\000a\000p\000h\000i\000c\000\040\000S\000c\000r\000e\000e\000n\000s}{section.15}% 71
\BOOKMARK [2][-]{subsection.15.5}{\376\377\000T\000h\000e\000\040\000B\000i\000g\000\040\000B\000a\000n\000g\000\040\000a\000s\000\040\000a\000\040\000Q\000u\000a\000n\000t\000u\000m\000\040\000E\000x\000t\000r\000e\000m\000a\000l\000\040\000S\000u\000r\000f\000a\000c\000e}{section.15}% 72
\BOOKMARK [2][-]{subsection.15.6}{\376\377\000A\000p\000p\000r\000o\000a\000c\000h\000i\000n\000g\000\040\000t\000h\000e\000\040\000S\000i\000n\000g\000u\000l\000a\000r\000i\000t\000y\000:\000\040\000M\000o\000d\000u\000l\000a\000r\000\040\000F\000l\000o\000w\000\040\000N\000e\000a\000r\000\040\000H\000o\000r\000i\000z\000o\000n\000s}{section.15}% 73
\BOOKMARK [2][-]{subsection.15.7}{\376\377\000C\000o\000n\000n\000e\000c\000t\000i\000n\000g\000\040\000A\000d\000S\000\040\000a\000n\000d\000\040\000d\000S\000:\000\040\000T\000h\000e\000\040\000D\000o\000u\000b\000l\000e\000\040\000H\000o\000l\000o\000g\000r\000a\000p\000h\000y\000\040\000P\000i\000c\000t\000u\000r\000e}{section.15}% 74
\BOOKMARK [1][-]{section.16}{\376\377\000O\000r\000i\000g\000i\000n\000a\000l\000\040\000C\000o\000n\000t\000r\000i\000b\000u\000t\000i\000o\000n\000s\000:\000\040\000N\000e\000w\000\040\000F\000r\000a\000m\000e\000w\000o\000r\000k\000s\000\040\000f\000o\000r\000\040\000R\000i\000g\000o\000r\000o\000u\000s\000\040\000H\000o\000l\000o\000g\000r\000a\000p\000h\000y}{}% 75
\BOOKMARK [2][-]{subsection.16.1}{\376\377\000T\000h\000e\000\040\000E\000n\000t\000a\000n\000g\000l\000e\000m\000e\000n\000t\000\040\000S\000p\000e\000c\000t\000r\000a\000l\000\040\000R\000e\000c\000o\000n\000s\000t\000r\000u\000c\000t\000i\000o\000n\000\040\000T\000h\000e\000o\000r\000e\000m}{section.16}% 76
\BOOKMARK [2][-]{subsection.16.2}{\376\377\000T\000h\000e\000\040\000M\000o\000d\000u\000l\000a\000r\000\040\000I\000n\000t\000e\000r\000s\000e\000c\000t\000i\000o\000n\000\040\000F\000o\000r\000m\000u\000l\000a}{section.16}% 77
\BOOKMARK [2][-]{subsection.16.3}{\376\377\000H\000o\000l\000o\000g\000r\000a\000p\000h\000i\000c\000\040\000C\000o\000m\000p\000l\000e\000x\000i\000t\000y\000\040\000f\000r\000o\000m\000\040\000M\000o\000d\000u\000l\000a\000r\000\040\000D\000e\000p\000t\000h}{section.16}% 78
\BOOKMARK [2][-]{subsection.16.4}{\376\377\000T\000h\000e\000\040\000C\000r\000o\000s\000s\000e\000d\000\040\000P\000r\000o\000d\000u\000c\000t\000\040\000T\000h\000e\000o\000r\000e\000m\000\040\000f\000o\000r\000\040\000F\000i\000n\000i\000t\000e\000\040\000N}{section.16}% 79
\BOOKMARK [2][-]{subsection.16.5}{\376\377\000B\000o\000o\000t\000s\000t\000r\000a\000p\000\040\000B\000o\000u\000n\000d\000\040\000o\000n\000\040\000B\000u\000l\000k\000\040\000L\000o\000c\000a\000l\000i\000t\000y\000\040\000S\000c\000a\000l\000e}{section.16}% 80
\BOOKMARK [2][-]{subsection.16.6}{\376\377\000K\000r\000y\000l\000o\000v\000\040\000R\000e\000c\000o\000n\000s\000t\000r\000u\000c\000t\000i\000o\000n\000\040\000o\000f\000\040\000t\000h\000e\000\040\000B\000u\000l\000k}{section.16}% 81
\BOOKMARK [2][-]{subsection.16.7}{\376\377\000I\000s\000l\000a\000n\000d\000\040\000F\000o\000r\000m\000u\000l\000a\000\040\000f\000r\000o\000m\000\040\000M\000o\000d\000u\000l\000a\000r\000\040\000I\000n\000t\000e\000r\000s\000e\000c\000t\000i\000o\000n}{section.16}% 82
\BOOKMARK [2][-]{subsection.16.8}{\376\377\000H\000o\000l\000o\000g\000r\000a\000p\000h\000i\000c\000\040\000R\000e\000c\000o\000n\000s\000t\000r\000u\000c\000t\000i\000o\000n\000\040\000A\000l\000g\000o\000r\000i\000t\000h\000m}{section.16}% 83
\BOOKMARK [2][-]{subsection.16.9}{\376\377\000T\000h\000e\000\040\000E\000n\000t\000a\000n\000g\000l\000e\000m\000e\000n\000t\000\040\000B\000o\000o\000t\000s\000t\000r\000a\000p\000:\000\040\000A\000\040\000N\000e\000w\000\040\000A\000p\000p\000r\000o\000a\000c\000h\000\040\000t\000o\000\040\000H\000o\000l\000o\000g\000r\000a\000p\000h\000i\000c\000\040\000U\000n\000i\000q\000u\000e\000n\000e\000s\000s}{section.16}% 84
\BOOKMARK [2][-]{subsection.16.10}{\376\377\000G\000r\000a\000v\000i\000t\000a\000t\000i\000o\000n\000a\000l\000\040\000D\000r\000e\000s\000s\000i\000n\000g\000\040\000a\000n\000d\000\040\000t\000h\000e\000\040\000O\000b\000s\000e\000r\000v\000e\000r\000\040\000A\000l\000g\000e\000b\000r\000a}{section.16}% 85
\BOOKMARK [2][-]{subsection.16.11}{\376\377\000A\000\040\000N\000o\000-\000G\000o\000\040\000T\000h\000e\000o\000r\000e\000m\000\040\000f\000o\000r\000\040\000B\000u\000l\000k\000\040\000L\000o\000c\000a\000l\000i\000t\000y\000\040\000W\000i\000t\000h\000o\000u\000t\000\040\000C\000h\000a\000o\000s}{section.16}% 86
\BOOKMARK [2][-]{subsection.16.12}{\376\377\000T\000h\000e\000\040\000H\000o\000l\000o\000g\000r\000a\000p\000h\000i\000c\000\040\000T\000e\000n\000s\000o\000r\000\040\000N\000e\000t\000w\000o\000r\000k\000\040\000T\000h\000e\000o\000r\000e\000m}{section.16}% 87
\BOOKMARK [1][-]{section.17}{\376\377\000N\000e\000w\000\040\000R\000e\000s\000u\000l\000t\000s\000\040\000I\000I\000:\000\040\000A\000d\000v\000a\000n\000c\000e\000d\000\040\000S\000t\000r\000u\000c\000t\000u\000r\000e\000s\000\040\000i\000n\000\040\000H\000o\000l\000o\000g\000r\000a\000p\000h\000i\000c\000\040\000R\000e\000c\000o\000n\000s\000t\000r\000u\000c\000t\000i\000o\000n}{}% 88
\BOOKMARK [2][-]{subsection.17.1}{\376\377\000M\000o\000d\000u\000l\000a\000r\000\040\000H\000o\000l\000o\000n\000o\000m\000y\000\040\000a\000n\000d\000\040\000E\000m\000e\000r\000g\000e\000n\000t\000\040\000G\000a\000u\000g\000e\000\040\000S\000t\000r\000u\000c\000t\000u\000r\000e}{section.17}% 89
\BOOKMARK [2][-]{subsection.17.2}{\376\377\000E\000n\000t\000a\000n\000g\000l\000e\000m\000e\000n\000t\000\040\000W\000e\000d\000g\000e\000\040\000N\000e\000s\000t\000i\000n\000g\000\040\000a\000n\000d\000\040\000C\000a\000u\000s\000a\000l\000\040\000S\000t\000r\000u\000c\000t\000u\000r\000e}{section.17}% 90
\BOOKMARK [2][-]{subsection.17.3}{\376\377\000G\000r\000a\000v\000i\000t\000a\000t\000i\000o\000n\000a\000l\000\040\000S\000o\000f\000t\000\040\000H\000a\000i\000r\000\040\000a\000n\000d\000\040\000B\000o\000u\000n\000d\000a\000r\000y\000\040\000S\000y\000m\000m\000e\000t\000r\000i\000e\000s}{section.17}% 91
\BOOKMARK [2][-]{subsection.17.4}{\376\377\000Q\000u\000a\000n\000t\000u\000m\000\040\000E\000r\000r\000o\000r\000\040\000C\000o\000r\000r\000e\000c\000t\000i\000o\000n\000\040\000C\000a\000p\000a\000c\000i\000t\000y\000\040\000o\000f\000\040\000H\000o\000l\000o\000g\000r\000a\000p\000h\000i\000c\000\040\000C\000o\000d\000e\000s}{section.17}% 92
\BOOKMARK [2][-]{subsection.17.5}{\376\377\000S\000p\000e\000c\000t\000r\000a\000l\000\040\000F\000o\000r\000m\000\040\000F\000a\000c\000t\000o\000r\000\040\000a\000n\000d\000\040\000W\000o\000r\000m\000h\000o\000l\000e\000s}{section.17}% 93
\BOOKMARK [2][-]{subsection.17.6}{\376\377\000D\000e\000f\000e\000c\000t\000\040\000H\000o\000l\000o\000g\000r\000a\000p\000h\000y\000\040\000a\000n\000d\000\040\000I\000n\000f\000o\000r\000m\000a\000t\000i\000o\000n\000\040\000T\000r\000a\000n\000s\000f\000e\000r}{section.17}% 94
\BOOKMARK [2][-]{subsection.17.7}{\376\377\000R\000e\000l\000a\000t\000i\000v\000e\000\040\000M\000o\000d\000u\000l\000a\000r\000\040\000O\000p\000e\000r\000a\000t\000o\000r\000\040\000a\000n\000d\000\040\000B\000u\000l\000k\000\040\000F\000i\000e\000l\000d\000s}{section.17}% 95
\BOOKMARK [2][-]{subsection.17.8}{\376\377\000H\000a\000l\000f\000-\000S\000i\000d\000e\000d\000\040\000M\000o\000d\000u\000l\000a\000r\000\040\000I\000n\000c\000l\000u\000s\000i\000o\000n\000s\000\040\000a\000n\000d\000\040\000E\000m\000e\000r\000g\000e\000n\000t\000\040\000L\000o\000c\000a\000l\000i\000t\000y}{section.17}% 96
\BOOKMARK [2][-]{subsection.17.9}{\376\377\000M\000o\000d\000u\000l\000a\000r\000\040\000T\000e\000n\000s\000o\000r\000\040\000C\000a\000t\000e\000g\000o\000r\000y\000\040\000S\000t\000r\000u\000c\000t\000u\000r\000e}{section.17}% 97
\BOOKMARK [2][-]{subsection.17.10}{\376\377\000C\000o\000m\000p\000u\000t\000a\000t\000i\000o\000n\000a\000l\000\040\000C\000o\000m\000p\000l\000e\000x\000i\000t\000y\000\040\000B\000o\000u\000n\000d\000s\000\040\000f\000r\000o\000m\000\040\000H\000o\000l\000o\000g\000r\000a\000p\000h\000y}{section.17}% 98
\BOOKMARK [2][-]{subsection.17.11}{\376\377\000Q\000u\000a\000n\000t\000u\000m\000\040\000G\000r\000a\000v\000i\000t\000y\000\040\000A\000m\000p\000l\000i\000t\000u\000d\000e\000s\000\040\000f\000r\000o\000m\000\040\000C\000F\000T}{section.17}% 99
\BOOKMARK [1][-]{section.18}{\376\377\000T\000o\000w\000a\000r\000d\000s\000\040\000a\000\040\000C\000o\000m\000p\000l\000e\000t\000e\000\040\000P\000r\000o\000o\000f\000:\000\040\000A\000\040\000R\000e\000s\000e\000a\000r\000c\000h\000\040\000P\000r\000o\000g\000r\000a\000m}{}% 100
\BOOKMARK [2][-]{subsection.18.1}{\376\377\000P\000h\000a\000s\000e\000\040\0001\000:\000\040\000R\000i\000g\000o\000r\000o\000u\000s\000\040\000B\000o\000u\000n\000d\000a\000r\000y\000\040\000T\000h\000e\000o\000r\000y}{section.18}% 101
\BOOKMARK [2][-]{subsection.18.2}{\376\377\000P\000h\000a\000s\000e\000\040\0002\000:\000\040\000E\000m\000e\000r\000g\000e\000n\000t\000\040\000G\000e\000o\000m\000e\000t\000r\000y}{section.18}% 102
\BOOKMARK [2][-]{subsection.18.3}{\376\377\000P\000h\000a\000s\000e\000\040\0003\000:\000\040\000B\000u\000l\000k\000\040\000D\000y\000n\000a\000m\000i\000c\000s}{section.18}% 103
\BOOKMARK [2][-]{subsection.18.4}{\376\377\000P\000h\000a\000s\000e\000\040\0004\000:\000\040\000F\000u\000l\000l\000\040\000E\000q\000u\000i\000v\000a\000l\000e\000n\000c\000e}{section.18}% 104
\BOOKMARK [2][-]{subsection.18.5}{\376\377\000P\000h\000a\000s\000e\000\040\0005\000:\000\040\000S\000t\000r\000i\000n\000g\000y\000\040\000a\000n\000d\000\040\000Q\000u\000a\000n\000t\000u\000m\000\040\000C\000o\000r\000r\000e\000c\000t\000i\000o\000n\000s}{section.18}% 105
\BOOKMARK [2][-]{subsection.18.6}{\376\377\000P\000h\000a\000s\000e\000\040\0006\000:\000\040\000I\000n\000f\000o\000r\000m\000a\000t\000i\000o\000n\000-\000T\000h\000e\000o\000r\000e\000t\000i\000c\000\040\000C\000o\000m\000p\000l\000e\000t\000i\000o\000n}{section.18}% 106
\BOOKMARK [1][-]{section.19}{\376\377\000N\000e\000w\000\040\000P\000r\000o\000o\000f\000s\000:\000\040\000O\000r\000i\000g\000i\000n\000a\000l\000\040\000R\000e\000s\000u\000l\000t\000s\000\040\000A\000d\000v\000a\000n\000c\000i\000n\000g\000\040\000R\000i\000g\000o\000r\000o\000u\000s\000\040\000H\000o\000l\000o\000g\000r\000a\000p\000h\000y}{}% 107
\BOOKMARK [2][-]{subsection.19.1}{\376\377\000P\000r\000o\000o\000f\000:\000\040\000E\000i\000n\000s\000t\000e\000i\000n\000\040\000E\000q\000u\000a\000t\000i\000o\000n\000s\000\040\000f\000r\000o\000m\000\040\000E\000n\000t\000a\000n\000g\000l\000e\000m\000e\000n\000t\000\040\000C\000o\000n\000s\000i\000s\000t\000e\000n\000c\000y}{section.19}% 108
\BOOKMARK [2][-]{subsection.19.2}{\376\377\000P\000r\000o\000o\000f\000:\000\040\000M\000o\000d\000u\000l\000a\000r\000\040\000F\000l\000o\000w\000\040\000G\000e\000n\000e\000r\000a\000t\000e\000s\000\040\000B\000u\000l\000k\000\040\000I\000s\000o\000m\000e\000t\000r\000i\000e\000s}{section.19}% 109
\BOOKMARK [2][-]{subsection.19.3}{\376\377\000P\000r\000o\000o\000f\000:\000\040\000P\000a\000g\000e\000\040\000C\000u\000r\000v\000e\000\040\000f\000r\000o\000m\000\040\000M\000o\000d\000u\000l\000a\000r\000\040\000C\000o\000n\000s\000i\000s\000t\000e\000n\000c\000y}{section.19}% 110
\BOOKMARK [2][-]{subsection.19.4}{\376\377\000A\000\040\000N\000e\000w\000\040\000B\000o\000u\000n\000d\000:\000\040\000C\000o\000m\000p\000l\000e\000x\000i\000t\000y\000\040\000o\000f\000\040\000I\000n\000t\000e\000r\000i\000o\000r\000\040\000R\000e\000c\000o\000n\000s\000t\000r\000u\000c\000t\000i\000o\000n}{section.19}% 111
\BOOKMARK [1][-]{section.20}{\376\377\000F\000o\000r\000m\000a\000l\000\040\000O\000p\000e\000n\000\040\000P\000r\000o\000b\000l\000e\000m\000s\000\040\000a\000n\000d\000\040\000K\000e\000y\000\040\000C\000o\000n\000j\000e\000c\000t\000u\000r\000e\000s}{}% 112
\BOOKMARK [2][-]{subsection.20.1}{\376\377\000T\000h\000e\000\040\000M\000a\000s\000t\000e\000r\000\040\000C\000o\000n\000j\000e\000c\000t\000u\000r\000e}{section.20}% 113
\BOOKMARK [2][-]{subsection.20.2}{\376\377\000B\000u\000l\000k\000\040\000R\000e\000c\000o\000n\000s\000t\000r\000u\000c\000t\000i\000o\000n\000\040\000C\000o\000n\000j\000e\000c\000t\000u\000r\000e\000s}{section.20}% 114
\BOOKMARK [2][-]{subsection.20.3}{\376\377\000E\000n\000t\000a\000n\000g\000l\000e\000m\000e\000n\000t\000\040\000a\000n\000d\000\040\000G\000e\000o\000m\000e\000t\000r\000y}{section.20}% 115
\BOOKMARK [2][-]{subsection.20.4}{\376\377\000C\000o\000m\000p\000l\000e\000x\000i\000t\000y\000\040\000C\000o\000n\000j\000e\000c\000t\000u\000r\000e\000s}{section.20}% 116
\BOOKMARK [2][-]{subsection.20.5}{\376\377\000R\000i\000g\000o\000r\000o\000u\000s\000\040\000E\000x\000i\000s\000t\000e\000n\000c\000e